2025-05-26 09:36:40.136 [info] Extension host with pid 98599 started
2025-05-26 09:36:40.429 [info] ExtensionService#_doActivateExtension vscode.git-base, startup: false, activationEvent: '*', root cause: vscode.git
2025-05-26 09:36:40.430 [info] ExtensionService#_doActivateExtension vscode.emmet, startup: false, activationEvent: 'onLanguage'
2025-05-26 09:36:40.431 [info] ExtensionService#_doActivateExtension ms-python.python, startup: false, activationEvent: 'onLanguage:python', root cause: ms-python.debugpy
2025-05-26 09:36:40.431 [info] ExtensionService#_doActivateExtension vscode.tunnel-forwarding, startup: false, activationEvent: 'onTunnel'
2025-05-26 09:36:40.433 [info] Lock '/root/.vscode-server/data/User/workspaceStorage/69b865ee5b39d8dd4400c31e5ed23100/vscode.lock': Lock acquired.
2025-05-26 09:36:40.933 [info] ExtensionService#_doActivateExtension vscode.git, startup: false, activationEvent: '*'
2025-05-26 09:36:40.934 [info] ExtensionService#_doActivateExtension vscode.github, startup: false, activationEvent: '*'
2025-05-26 09:36:45.040 [info] ExtensionService#_doActivateExtension ms-python.debugpy, startup: false, activationEvent: 'onLanguage:python'
2025-05-26 09:36:45.040 [info] ExtensionService#_doActivateExtension ms-python.vscode-pylance, startup: false, activationEvent: 'onLanguage:python'
2025-05-26 09:36:47.252 [info] Eager extensions activated
2025-05-26 09:36:47.252 [info] ExtensionService#_doActivateExtension vscode.debug-auto-launch, startup: false, activationEvent: 'onStartupFinished'
2025-05-26 09:36:47.252 [info] ExtensionService#_doActivateExtension vscode.merge-conflict, startup: false, activationEvent: 'onStartupFinished'
2025-05-26 09:36:49.345 [warning] [Decorations] CAPPING events from decorations provider vscode.git 398
2025-05-26 09:36:51.651 [warning] [Decorations] CAPPING events from decorations provider vscode.git 398
2025-05-26 09:36:53.551 [info] ExtensionService#_doActivateExtension vscode.npm, startup: false, activationEvent: 'onTerminalQuickFixRequest:ms-vscode.npm-command'
2025-05-26 09:37:00.175 [info] ExtensionService#_doActivateExtension vscode.configuration-editing, startup: false, activationEvent: 'onLanguage:json'
2025-05-26 09:37:00.263 [info] ExtensionService#_doActivateExtension vscode.extension-editing, startup: false, activationEvent: 'onLanguage:json'
2025-05-26 09:37:00.263 [info] ExtensionService#_doActivateExtension vscode.json-language-features, startup: false, activationEvent: 'onLanguage:json'
2025-05-26 09:37:29.355 [warning] [Decorations] CAPPING events from decorations provider vscode.git 400
2025-05-26 09:37:37.087 [warning] [Decorations] CAPPING events from decorations provider vscode.git 400
2025-05-26 09:37:42.177 [warning] [Decorations] CAPPING events from decorations provider vscode.git 400
2025-05-26 09:37:52.316 [warning] [Decorations] CAPPING events from decorations provider vscode.git 400
2025-05-26 09:38:05.401 [warning] [Decorations] CAPPING events from decorations provider vscode.git 400
2025-05-26 09:41:04.680 [warning] [Decorations] CAPPING events from decorations provider vscode.git 400
2025-05-26 09:47:59.294 [warning] [Decorations] CAPPING events from decorations provider vscode.git 400
2025-05-26 09:48:04.382 [warning] [Decorations] CAPPING events from decorations provider vscode.git 400
2025-05-26 09:48:09.469 [warning] [Decorations] CAPPING events from decorations provider vscode.git 400
2025-05-26 09:48:14.557 [warning] [Decorations] CAPPING events from decorations provider vscode.git 400
2025-05-26 09:48:19.681 [warning] [Decorations] CAPPING events from decorations provider vscode.git 403
2025-05-26 09:49:25.708 [warning] [Decorations] CAPPING events from decorations provider vscode.git 403
