2025-05-24 23:14:22.316 [info] [main] 로그 수준: Info
2025-05-24 23:14:22.316 [info] [main] "git"에서 찾은 git 유효성을 검사하는 중
2025-05-24 23:14:22.316 [info] [main] "2.34.1"에서 git "git"을(를) 사용하는 중
2025-05-24 23:14:22.316 [info] [Model][doInitialScan] Initial repository scan started
2025-05-24 23:14:22.316 [info] > git rev-parse --show-toplevel [1521ms]
2025-05-24 23:14:22.316 [info] > git rev-parse --git-dir --git-common-dir [795ms]
2025-05-24 23:14:22.316 [info] [Model][openRepository] Opened repository (path): /root
2025-05-24 23:14:22.316 [info] [Model][openRepository] Opened repository (real path): /root
2025-05-24 23:14:22.316 [info] > git config --get commit.template [213ms]
2025-05-24 23:14:22.701 [info] > git for-each-ref --format=%(refname)%00%(upstream:short)%00%(objectname)%00%(upstream:track)%00%(upstream:remotename)%00%(upstream:remoteref) refs/heads/main refs/remotes/main [199ms]
2025-05-24 23:14:23.206 [info] > git check-ignore -v -z --stdin [500ms]
2025-05-24 23:14:23.314 [info] > git for-each-ref --sort -committerdate --format %(refname)%00%(objectname)%00%(*objectname) [8ms]
2025-05-24 23:14:23.712 [info] > git rev-parse --show-toplevel [309ms]
2025-05-24 23:14:23.810 [info] > git rev-parse --show-toplevel [5ms]
2025-05-24 23:14:23.907 [info] > git rev-parse --show-toplevel [94ms]
2025-05-24 23:14:23.914 [info] > git rev-parse --show-toplevel [1ms]
2025-05-24 23:14:26.311 [info] > git status -z -uall [3010ms]
2025-05-24 23:14:26.412 [info] > git rev-parse --show-toplevel [2410ms]
2025-05-24 23:14:26.719 [info] > git for-each-ref --format=%(refname)%00%(upstream:short)%00%(objectname)%00%(upstream:track)%00%(upstream:remotename)%00%(upstream:remoteref) refs/heads/main refs/remotes/main [310ms]
2025-05-24 23:14:26.730 [info] > git config --get --local branch.main.vscode-merge-base [3ms]
2025-05-24 23:14:26.730 [warning] [Git][config] git config failed: Failed to execute git
2025-05-24 23:14:26.811 [info] > git rev-parse --show-toplevel [101ms]
2025-05-24 23:14:26.811 [info] > git config --get commit.template [185ms]
2025-05-24 23:14:26.819 [info] > git rev-parse --show-toplevel [5ms]
2025-05-24 23:14:26.820 [info] > git reflog main --grep-reflog=branch: Created from *. [10ms]
2025-05-24 23:14:26.908 [info] > git for-each-ref --format=%(refname)%00%(upstream:short)%00%(objectname)%00%(upstream:track)%00%(upstream:remotename)%00%(upstream:remoteref) refs/heads/main refs/remotes/main [90ms]
2025-05-24 23:14:26.913 [info] > git rev-parse --show-toplevel [88ms]
2025-05-24 23:14:26.913 [info] > git symbolic-ref --short refs/remotes/origin/HEAD [91ms]
2025-05-24 23:14:26.913 [info] fatal: ref refs/remotes/origin/HEAD is not a symbolic ref
2025-05-24 23:14:26.913 [warning] [Repository][getDefaultBranch] Failed to get default branch details: Failed to execute git.
2025-05-24 23:14:27.013 [info] > git rev-parse --show-toplevel [4ms]
2025-05-24 23:14:27.015 [info] > git merge-base refs/heads/main refs/remotes/origin/main [99ms]
2025-05-24 23:14:27.113 [info] > git for-each-ref --sort -committerdate --format %(refname)%00%(objectname)%00%(*objectname) [88ms]
2025-05-24 23:14:27.114 [info] > git diff --name-status -z --diff-filter=ADMR 2a40544379317ec8017f80004746fb774a942d6f...refs/remotes/origin/main [96ms]
2025-05-24 23:14:27.115 [info] > git rev-parse --show-toplevel [3ms]
2025-05-24 23:14:27.827 [info] > git status -z -uall [805ms]
2025-05-24 23:14:27.827 [info] > git rev-parse --show-toplevel [200ms]
2025-05-24 23:14:27.918 [info] > git rev-parse --show-toplevel [2ms]
2025-05-24 23:14:27.922 [info] > git rev-parse --show-toplevel [1ms]
2025-05-24 23:14:27.927 [info] > git rev-parse --show-toplevel [2ms]
2025-05-24 23:14:28.122 [info] > git rev-parse --show-toplevel [111ms]
2025-05-24 23:14:28.130 [info] > git rev-parse --show-toplevel [2ms]
2025-05-24 23:14:28.212 [info] [Model][doInitialScan] Initial repository scan completed - repositories (1), closed repositories (0), parent repositories (0), unsafe repositories (0)
2025-05-24 23:14:28.227 [info] > git show --textconv :fetch_latti_cron.log [12ms]
2025-05-24 23:14:28.318 [info] > git hash-object -t tree /dev/null [6ms]
2025-05-24 23:14:28.318 [warning] [GitFileSystemProvider][readFile] File not found - git:/root/fetch_latti_cron.log.git?%7B%22path%22%3A%22%2Froot%2Ffetch_latti_cron.log%22%2C%22ref%22%3A%22%22%7D
2025-05-24 23:14:28.326 [info] > git ls-files --stage -- fetch_latti_cron.log [106ms]
2025-05-24 23:14:28.326 [warning] [GitFileSystemProvider][stat] File not found - git:/root/fetch_latti_cron.log.git?%7B%22path%22%3A%22%2Froot%2Ffetch_latti_cron.log%22%2C%22ref%22%3A%22%22%7D
2025-05-24 23:14:28.522 [info] > git blame --root --incremental 2a40544379317ec8017f80004746fb774a942d6f -- fetch_latti_cron.log [6ms]
2025-05-24 23:14:28.522 [info] fatal: no such path fetch_latti_cron.log in 2a40544379317ec8017f80004746fb774a942d6f
2025-05-24 23:14:45.850 [info] > git config --get commit.template [15ms]
2025-05-24 23:14:45.854 [info] > git for-each-ref --format=%(refname)%00%(upstream:short)%00%(objectname)%00%(upstream:track)%00%(upstream:remotename)%00%(upstream:remoteref) refs/heads/main refs/remotes/main [16ms]
2025-05-24 23:14:45.861 [info] > git for-each-ref --sort -committerdate --format %(refname)%00%(objectname)%00%(*objectname) [2ms]
2025-05-24 23:14:45.981 [info] > git status -z -uall [125ms]
