2025-05-29 19:30:05.475 [info] Extension host with pid 160562 started
2025-05-29 19:30:05.556 [info] Lock '/root/.vscode-server/data/User/workspaceStorage/69b865ee5b39d8dd4400c31e5ed23100/vscode.lock': Lock acquired.
2025-05-29 19:30:06.154 [info] ExtensionService#_doActivateExtension vscode.git-base, startup: false, activationEvent: '*', root cause: vscode.git
2025-05-29 19:30:06.156 [info] ExtensionService#_doActivateExtension vscode.emmet, startup: false, activationEvent: 'onLanguage'
2025-05-29 19:30:06.156 [info] ExtensionService#_doActivateExtension vscode.tunnel-forwarding, startup: false, activationEvent: 'onTunnel'
2025-05-29 19:30:06.157 [info] ExtensionService#_doActivateExtension ms-python.python, startup: false, activationEvent: 'onLanguage:python', root cause: ms-python.debugpy
2025-05-29 19:30:08.668 [info] ExtensionService#_doActivateExtension vscode.git, startup: false, activationEvent: '*'
2025-05-29 19:30:08.669 [info] ExtensionService#_doActivateExtension vscode.github, startup: false, activationEvent: '*'
2025-05-29 19:30:09.359 [info] ExtensionService#_doActivateExtension ms-python.debugpy, startup: false, activationEvent: 'onLanguage:python'
2025-05-29 19:30:09.363 [info] ExtensionService#_doActivateExtension ms-python.vscode-pylance, startup: false, activationEvent: 'onLanguage:python'
2025-05-29 19:30:13.673 [info] Eager extensions activated
2025-05-29 19:30:13.673 [info] ExtensionService#_doActivateExtension vscode.debug-auto-launch, startup: false, activationEvent: 'onStartupFinished'
2025-05-29 19:30:13.674 [info] ExtensionService#_doActivateExtension vscode.merge-conflict, startup: false, activationEvent: 'onStartupFinished'
2025-05-29 19:30:19.177 [info] ExtensionService#_doActivateExtension vscode.npm, startup: false, activationEvent: 'onTerminalQuickFixRequest:ms-vscode.npm-command'
2025-05-29 19:30:25.495 [info] ExtensionService#_doActivateExtension vscode.configuration-editing, startup: false, activationEvent: 'onLanguage:json'
2025-05-29 19:30:25.495 [info] ExtensionService#_doActivateExtension vscode.extension-editing, startup: false, activationEvent: 'onLanguage:json'
2025-05-29 19:30:25.495 [info] ExtensionService#_doActivateExtension vscode.json-language-features, startup: false, activationEvent: 'onLanguage:json'
2025-05-29 22:47:19.641 [warning] [Decorations] CAPPING events from decorations provider vscode.git 253
2025-05-29 22:47:24.737 [warning] [Decorations] CAPPING events from decorations provider vscode.git 253
2025-05-29 22:47:29.844 [warning] [Decorations] CAPPING events from decorations provider vscode.git 253
2025-05-29 22:47:34.937 [warning] [Decorations] CAPPING events from decorations provider vscode.git 253
2025-05-29 22:47:40.645 [warning] [Decorations] CAPPING events from decorations provider vscode.git 254
2025-05-29 22:47:45.840 [warning] [Decorations] CAPPING events from decorations provider vscode.git 254
2025-05-29 22:47:50.959 [warning] [Decorations] CAPPING events from decorations provider vscode.git 254
2025-05-29 22:47:57.878 [warning] [Decorations] CAPPING events from decorations provider vscode.git 255
2025-05-29 22:48:02.985 [warning] [Decorations] CAPPING events from decorations provider vscode.git 255
2025-05-29 22:48:08.071 [warning] [Decorations] CAPPING events from decorations provider vscode.git 255
2025-05-29 22:48:13.162 [warning] [Decorations] CAPPING events from decorations provider vscode.git 255
2025-05-29 22:48:18.252 [warning] [Decorations] CAPPING events from decorations provider vscode.git 255
2025-05-29 22:48:23.355 [warning] [Decorations] CAPPING events from decorations provider vscode.git 255
2025-05-29 22:49:05.144 [warning] [Decorations] CAPPING events from decorations provider vscode.git 255
2025-05-29 22:49:10.242 [warning] [Decorations] CAPPING events from decorations provider vscode.git 255
2025-05-29 22:49:15.333 [warning] [Decorations] CAPPING events from decorations provider vscode.git 255
2025-05-29 22:49:20.686 [warning] [Decorations] CAPPING events from decorations provider vscode.git 255
2025-05-29 22:49:25.781 [warning] [Decorations] CAPPING events from decorations provider vscode.git 255
2025-05-29 22:49:38.337 [warning] [Decorations] CAPPING events from decorations provider vscode.git 255
2025-05-29 22:49:43.430 [warning] [Decorations] CAPPING events from decorations provider vscode.git 256
2025-05-29 22:49:48.520 [warning] [Decorations] CAPPING events from decorations provider vscode.git 256
2025-05-29 22:49:53.612 [warning] [Decorations] CAPPING events from decorations provider vscode.git 256
2025-05-29 22:49:58.714 [warning] [Decorations] CAPPING events from decorations provider vscode.git 256
2025-05-29 22:50:03.808 [warning] [Decorations] CAPPING events from decorations provider vscode.git 256
2025-05-29 22:50:09.272 [warning] [Decorations] CAPPING events from decorations provider vscode.git 257
2025-05-29 22:50:14.376 [warning] [Decorations] CAPPING events from decorations provider vscode.git 257
2025-05-29 22:50:19.475 [warning] [Decorations] CAPPING events from decorations provider vscode.git 257
2025-05-29 22:50:24.581 [warning] [Decorations] CAPPING events from decorations provider vscode.git 257
2025-05-29 22:50:29.681 [warning] [Decorations] CAPPING events from decorations provider vscode.git 257
2025-05-29 22:50:34.775 [warning] [Decorations] CAPPING events from decorations provider vscode.git 257
2025-05-29 22:50:39.865 [warning] [Decorations] CAPPING events from decorations provider vscode.git 257
2025-05-29 22:50:44.961 [warning] [Decorations] CAPPING events from decorations provider vscode.git 257
2025-05-29 22:51:46.305 [warning] [Decorations] CAPPING events from decorations provider vscode.git 257
2025-05-29 22:51:51.405 [warning] [Decorations] CAPPING events from decorations provider vscode.git 257
2025-05-29 22:51:56.844 [warning] [Decorations] CAPPING events from decorations provider vscode.git 257
2025-05-29 22:52:01.940 [warning] [Decorations] CAPPING events from decorations provider vscode.git 257
2025-05-29 22:52:08.851 [warning] [Decorations] CAPPING events from decorations provider vscode.git 257
2025-05-29 22:52:13.949 [warning] [Decorations] CAPPING events from decorations provider vscode.git 257
2025-05-29 22:52:19.045 [warning] [Decorations] CAPPING events from decorations provider vscode.git 257
2025-05-29 22:52:24.142 [warning] [Decorations] CAPPING events from decorations provider vscode.git 257
2025-05-29 22:52:29.235 [warning] [Decorations] CAPPING events from decorations provider vscode.git 257
2025-05-29 22:53:13.571 [warning] [Decorations] CAPPING events from decorations provider vscode.git 257
2025-05-29 22:53:18.671 [warning] [Decorations] CAPPING events from decorations provider vscode.git 257
2025-05-29 22:53:23.764 [warning] [Decorations] CAPPING events from decorations provider vscode.git 257
2025-05-29 22:53:28.853 [warning] [Decorations] CAPPING events from decorations provider vscode.git 257
2025-05-29 22:53:33.944 [warning] [Decorations] CAPPING events from decorations provider vscode.git 257
2025-05-29 22:53:45.849 [warning] [Decorations] CAPPING events from decorations provider vscode.git 257
2025-05-29 22:53:50.951 [warning] [Decorations] CAPPING events from decorations provider vscode.git 257
2025-05-29 22:53:56.046 [warning] [Decorations] CAPPING events from decorations provider vscode.git 257
2025-05-29 22:55:26.645 [warning] [Decorations] CAPPING events from decorations provider vscode.git 257
2025-05-29 22:55:31.743 [warning] [Decorations] CAPPING events from decorations provider vscode.git 257
2025-05-29 22:55:36.841 [warning] [Decorations] CAPPING events from decorations provider vscode.git 257
2025-05-29 22:55:41.939 [warning] [Decorations] CAPPING events from decorations provider vscode.git 257
2025-05-29 22:56:53.898 [warning] [Decorations] CAPPING events from decorations provider vscode.git 257
2025-05-29 22:56:58.994 [warning] [Decorations] CAPPING events from decorations provider vscode.git 257
2025-05-29 22:57:04.120 [warning] [Decorations] CAPPING events from decorations provider vscode.git 257
2025-05-29 22:57:09.217 [warning] [Decorations] CAPPING events from decorations provider vscode.git 257
2025-05-29 22:57:39.328 [warning] [Decorations] CAPPING events from decorations provider vscode.git 257
2025-05-29 22:57:44.444 [warning] [Decorations] CAPPING events from decorations provider vscode.git 257
2025-05-29 22:57:49.542 [warning] [Decorations] CAPPING events from decorations provider vscode.git 257
2025-05-29 22:57:55.056 [warning] [Decorations] CAPPING events from decorations provider vscode.git 257
2025-05-29 22:58:00.148 [warning] [Decorations] CAPPING events from decorations provider vscode.git 257
2025-05-29 22:58:05.244 [warning] [Decorations] CAPPING events from decorations provider vscode.git 257
2025-05-29 22:58:29.235 [warning] [Decorations] CAPPING events from decorations provider vscode.git 257
2025-05-29 22:58:39.325 [warning] [Decorations] CAPPING events from decorations provider vscode.git 257
2025-05-29 22:58:47.086 [warning] [Decorations] CAPPING events from decorations provider vscode.git 257
2025-05-29 22:58:52.178 [warning] [Decorations] CAPPING events from decorations provider vscode.git 257
2025-05-29 22:58:57.275 [warning] [Decorations] CAPPING events from decorations provider vscode.git 257
2025-05-29 22:59:02.370 [warning] [Decorations] CAPPING events from decorations provider vscode.git 257
2025-05-29 22:59:07.462 [warning] [Decorations] CAPPING events from decorations provider vscode.git 257
2025-05-29 22:59:12.559 [warning] [Decorations] CAPPING events from decorations provider vscode.git 257
2025-05-29 22:59:17.655 [warning] [Decorations] CAPPING events from decorations provider vscode.git 257
2025-05-29 22:59:23.097 [warning] [Decorations] CAPPING events from decorations provider vscode.git 257
2025-05-29 22:59:30.712 [warning] [Decorations] CAPPING events from decorations provider vscode.git 257
2025-05-29 22:59:40.402 [warning] [Decorations] CAPPING events from decorations provider vscode.git 257
2025-05-29 22:59:45.495 [warning] [Decorations] CAPPING events from decorations provider vscode.git 257
2025-05-29 22:59:50.596 [warning] [Decorations] CAPPING events from decorations provider vscode.git 257
2025-05-29 22:59:55.690 [warning] [Decorations] CAPPING events from decorations provider vscode.git 257
2025-05-29 23:00:03.092 [warning] [Decorations] CAPPING events from decorations provider vscode.git 257
2025-05-29 23:00:08.235 [warning] [Decorations] CAPPING events from decorations provider vscode.git 257
2025-05-29 23:00:13.376 [warning] [Decorations] CAPPING events from decorations provider vscode.git 257
2025-05-29 23:00:18.477 [warning] [Decorations] CAPPING events from decorations provider vscode.git 257
2025-05-29 23:00:23.579 [warning] [Decorations] CAPPING events from decorations provider vscode.git 257
2025-05-29 23:00:28.680 [warning] [Decorations] CAPPING events from decorations provider vscode.git 257
2025-05-29 23:00:35.397 [warning] [Decorations] CAPPING events from decorations provider vscode.git 257
2025-05-29 23:00:40.488 [warning] [Decorations] CAPPING events from decorations provider vscode.git 257
2025-05-29 23:00:45.592 [warning] [Decorations] CAPPING events from decorations provider vscode.git 257
2025-05-29 23:00:50.690 [warning] [Decorations] CAPPING events from decorations provider vscode.git 257
2025-05-29 23:00:55.785 [warning] [Decorations] CAPPING events from decorations provider vscode.git 257
2025-05-29 23:01:00.883 [warning] [Decorations] CAPPING events from decorations provider vscode.git 257
2025-05-29 23:01:06.001 [warning] [Decorations] CAPPING events from decorations provider vscode.git 257
2025-05-29 23:01:11.105 [warning] [Decorations] CAPPING events from decorations provider vscode.git 257
2025-05-29 23:01:16.536 [warning] [Decorations] CAPPING events from decorations provider vscode.git 257
2025-05-29 23:01:21.641 [warning] [Decorations] CAPPING events from decorations provider vscode.git 257
2025-05-29 23:01:26.736 [warning] [Decorations] CAPPING events from decorations provider vscode.git 257
2025-05-29 23:01:31.826 [warning] [Decorations] CAPPING events from decorations provider vscode.git 257
2025-05-29 23:01:36.921 [warning] [Decorations] CAPPING events from decorations provider vscode.git 257
2025-05-29 23:01:42.014 [warning] [Decorations] CAPPING events from decorations provider vscode.git 257
2025-05-29 23:01:47.112 [warning] [Decorations] CAPPING events from decorations provider vscode.git 257
2025-05-29 23:01:52.203 [warning] [Decorations] CAPPING events from decorations provider vscode.git 257
2025-05-29 23:01:57.309 [warning] [Decorations] CAPPING events from decorations provider vscode.git 257
2025-05-29 23:02:02.546 [warning] [Decorations] CAPPING events from decorations provider vscode.git 257
2025-05-29 23:02:07.673 [warning] [Decorations] CAPPING events from decorations provider vscode.git 257
2025-05-29 23:02:12.768 [warning] [Decorations] CAPPING events from decorations provider vscode.git 257
2025-05-29 23:02:17.870 [warning] [Decorations] CAPPING events from decorations provider vscode.git 257
2025-05-29 23:02:22.970 [warning] [Decorations] CAPPING events from decorations provider vscode.git 257
2025-05-29 23:02:28.066 [warning] [Decorations] CAPPING events from decorations provider vscode.git 257
2025-05-29 23:02:33.159 [warning] [Decorations] CAPPING events from decorations provider vscode.git 257
2025-05-29 23:02:38.256 [warning] [Decorations] CAPPING events from decorations provider vscode.git 257
2025-05-29 23:02:43.353 [warning] [Decorations] CAPPING events from decorations provider vscode.git 257
2025-05-29 23:02:48.448 [warning] [Decorations] CAPPING events from decorations provider vscode.git 257
2025-05-29 23:02:53.555 [warning] [Decorations] CAPPING events from decorations provider vscode.git 257
2025-05-29 23:02:58.650 [warning] [Decorations] CAPPING events from decorations provider vscode.git 257
2025-05-29 23:03:03.746 [warning] [Decorations] CAPPING events from decorations provider vscode.git 257
2025-05-29 23:03:08.838 [warning] [Decorations] CAPPING events from decorations provider vscode.git 257
2025-05-29 23:03:13.934 [warning] [Decorations] CAPPING events from decorations provider vscode.git 257
2025-05-29 23:03:19.030 [warning] [Decorations] CAPPING events from decorations provider vscode.git 257
2025-05-29 23:03:26.734 [warning] [Decorations] CAPPING events from decorations provider vscode.git 257
2025-05-29 23:03:31.838 [warning] [Decorations] CAPPING events from decorations provider vscode.git 257
2025-05-29 23:03:36.944 [warning] [Decorations] CAPPING events from decorations provider vscode.git 257
2025-05-29 23:03:42.038 [warning] [Decorations] CAPPING events from decorations provider vscode.git 257
2025-05-29 23:03:47.131 [warning] [Decorations] CAPPING events from decorations provider vscode.git 257
2025-05-29 23:03:52.224 [warning] [Decorations] CAPPING events from decorations provider vscode.git 257
2025-05-29 23:03:57.326 [warning] [Decorations] CAPPING events from decorations provider vscode.git 257
2025-05-29 23:04:02.417 [warning] [Decorations] CAPPING events from decorations provider vscode.git 257
2025-05-29 23:04:07.741 [warning] [Decorations] CAPPING events from decorations provider vscode.git 257
2025-05-29 23:04:12.831 [warning] [Decorations] CAPPING events from decorations provider vscode.git 257
2025-05-29 23:04:17.922 [warning] [Decorations] CAPPING events from decorations provider vscode.git 257
2025-05-29 23:04:23.024 [warning] [Decorations] CAPPING events from decorations provider vscode.git 257
2025-05-29 23:04:28.121 [warning] [Decorations] CAPPING events from decorations provider vscode.git 257
2025-05-29 23:04:33.219 [warning] [Decorations] CAPPING events from decorations provider vscode.git 257
2025-05-29 23:04:38.312 [warning] [Decorations] CAPPING events from decorations provider vscode.git 257
2025-05-29 23:04:43.400 [warning] [Decorations] CAPPING events from decorations provider vscode.git 257
2025-05-29 23:07:25.172 [warning] [Decorations] CAPPING events from decorations provider vscode.git 257
2025-05-29 23:07:30.274 [warning] [Decorations] CAPPING events from decorations provider vscode.git 257
2025-05-29 23:07:35.396 [warning] [Decorations] CAPPING events from decorations provider vscode.git 257
2025-05-29 23:07:40.496 [warning] [Decorations] CAPPING events from decorations provider vscode.git 257
2025-05-29 23:07:45.592 [warning] [Decorations] CAPPING events from decorations provider vscode.git 257
2025-05-29 23:07:50.693 [warning] [Decorations] CAPPING events from decorations provider vscode.git 257
2025-05-29 23:07:55.787 [warning] [Decorations] CAPPING events from decorations provider vscode.git 257
2025-05-29 23:08:00.880 [warning] [Decorations] CAPPING events from decorations provider vscode.git 257
2025-05-29 23:08:05.983 [warning] [Decorations] CAPPING events from decorations provider vscode.git 257
2025-05-29 23:08:11.851 [warning] [Decorations] CAPPING events from decorations provider vscode.git 257
2025-05-29 23:08:16.956 [warning] [Decorations] CAPPING events from decorations provider vscode.git 258
2025-05-29 23:08:22.057 [warning] [Decorations] CAPPING events from decorations provider vscode.git 258
2025-05-29 23:08:27.155 [warning] [Decorations] CAPPING events from decorations provider vscode.git 258
2025-05-29 23:08:32.259 [warning] [Decorations] CAPPING events from decorations provider vscode.git 258
2025-05-29 23:08:37.360 [warning] [Decorations] CAPPING events from decorations provider vscode.git 258
2025-05-29 23:08:42.472 [warning] [Decorations] CAPPING events from decorations provider vscode.git 258
2025-05-29 23:08:47.569 [warning] [Decorations] CAPPING events from decorations provider vscode.git 258
2025-05-29 23:08:52.669 [warning] [Decorations] CAPPING events from decorations provider vscode.git 258
2025-05-29 23:08:57.768 [warning] [Decorations] CAPPING events from decorations provider vscode.git 258
2025-05-29 23:09:02.869 [warning] [Decorations] CAPPING events from decorations provider vscode.git 258
2025-05-29 23:09:07.963 [warning] [Decorations] CAPPING events from decorations provider vscode.git 258
2025-05-29 23:09:13.064 [warning] [Decorations] CAPPING events from decorations provider vscode.git 258
2025-05-29 23:09:18.160 [warning] [Decorations] CAPPING events from decorations provider vscode.git 258
2025-05-29 23:09:23.255 [warning] [Decorations] CAPPING events from decorations provider vscode.git 258
2025-05-29 23:09:45.696 [warning] [Decorations] CAPPING events from decorations provider vscode.git 258
2025-05-29 23:09:50.804 [warning] [Decorations] CAPPING events from decorations provider vscode.git 258
2025-05-29 23:09:55.904 [warning] [Decorations] CAPPING events from decorations provider vscode.git 258
2025-05-29 23:10:01.004 [warning] [Decorations] CAPPING events from decorations provider vscode.git 258
2025-05-29 23:10:06.107 [warning] [Decorations] CAPPING events from decorations provider vscode.git 258
2025-05-29 23:10:12.969 [warning] [Decorations] CAPPING events from decorations provider vscode.git 258
2025-05-29 23:10:18.063 [warning] [Decorations] CAPPING events from decorations provider vscode.git 258
2025-05-29 23:10:23.157 [warning] [Decorations] CAPPING events from decorations provider vscode.git 258
2025-05-29 23:10:28.247 [warning] [Decorations] CAPPING events from decorations provider vscode.git 258
2025-05-29 23:10:33.348 [warning] [Decorations] CAPPING events from decorations provider vscode.git 258
2025-05-29 23:10:38.445 [warning] [Decorations] CAPPING events from decorations provider vscode.git 258
2025-05-29 23:10:43.542 [warning] [Decorations] CAPPING events from decorations provider vscode.git 258
2025-05-29 23:10:48.639 [warning] [Decorations] CAPPING events from decorations provider vscode.git 258
2025-05-29 23:10:53.732 [warning] [Decorations] CAPPING events from decorations provider vscode.git 258
2025-05-29 23:10:58.826 [warning] [Decorations] CAPPING events from decorations provider vscode.git 258
2025-05-29 23:11:03.921 [warning] [Decorations] CAPPING events from decorations provider vscode.git 258
2025-05-29 23:11:09.064 [warning] [Decorations] CAPPING events from decorations provider vscode.git 258
2025-05-29 23:11:14.164 [warning] [Decorations] CAPPING events from decorations provider vscode.git 258
2025-05-29 23:11:19.264 [warning] [Decorations] CAPPING events from decorations provider vscode.git 258
2025-05-29 23:11:24.363 [warning] [Decorations] CAPPING events from decorations provider vscode.git 258
2025-05-29 23:13:05.887 [warning] [Decorations] CAPPING events from decorations provider vscode.git 258
2025-05-29 23:13:10.983 [warning] [Decorations] CAPPING events from decorations provider vscode.git 258
2025-05-29 23:13:16.077 [warning] [Decorations] CAPPING events from decorations provider vscode.git 258
2025-05-29 23:13:21.173 [warning] [Decorations] CAPPING events from decorations provider vscode.git 258
2025-05-29 23:13:26.266 [warning] [Decorations] CAPPING events from decorations provider vscode.git 258
2025-05-29 23:13:31.358 [warning] [Decorations] CAPPING events from decorations provider vscode.git 258
2025-05-29 23:13:36.454 [warning] [Decorations] CAPPING events from decorations provider vscode.git 258
2025-05-29 23:13:41.550 [warning] [Decorations] CAPPING events from decorations provider vscode.git 258
2025-05-29 23:13:46.639 [warning] [Decorations] CAPPING events from decorations provider vscode.git 258
2025-05-29 23:13:52.100 [warning] [Decorations] CAPPING events from decorations provider vscode.git 258
2025-05-29 23:14:00.245 [warning] [Decorations] CAPPING events from decorations provider vscode.git 258
2025-05-29 23:14:05.339 [warning] [Decorations] CAPPING events from decorations provider vscode.git 258
2025-05-29 23:14:29.626 [warning] [Decorations] CAPPING events from decorations provider vscode.git 258
2025-05-29 23:14:34.724 [warning] [Decorations] CAPPING events from decorations provider vscode.git 258
2025-05-29 23:14:39.814 [warning] [Decorations] CAPPING events from decorations provider vscode.git 258
2025-05-29 23:14:44.503 [info] Extension host terminating: received terminate message from renderer
2025-05-29 23:14:44.504 [info] Lock '/root/.vscode-server/data/User/workspaceStorage/69b865ee5b39d8dd4400c31e5ed23100/vscode.lock': Marking the lockfile as scheduled to be released in 6000 ms.
2025-05-29 23:14:44.587 [info] Extension host with pid 160562 exiting with code 0
