2025-05-28 20:18:30.317 [info] [main] 로그 수준: Info
2025-05-28 20:18:30.317 [info] [main] "git"에서 찾은 git 유효성을 검사하는 중
2025-05-28 20:18:30.317 [info] [main] "2.34.1"에서 git "git"을(를) 사용하는 중
2025-05-28 20:18:30.317 [info] [Model][doInitialScan] Initial repository scan started
2025-05-28 20:18:30.317 [info] > git rev-parse --show-toplevel [106ms]
2025-05-28 20:18:30.410 [info] > git rev-parse --git-dir --git-common-dir [386ms]
2025-05-28 20:18:30.420 [info] [Model][openRepository] Opened repository (path): /root
2025-05-28 20:18:30.421 [info] [Model][openRepository] Opened repository (real path): /root
2025-05-28 20:18:30.529 [info] > git rev-parse --show-toplevel [18ms]
2025-05-28 20:18:30.610 [info] > git config --get commit.template [101ms]
2025-05-28 20:18:30.712 [info] > git for-each-ref --format=%(refname)%00%(upstream:short)%00%(objectname)%00%(upstream:track)%00%(upstream:remotename)%00%(upstream:remoteref) refs/heads/main refs/remotes/main [94ms]
2025-05-28 20:18:30.815 [info] > git for-each-ref --sort -committerdate --format %(refname)%00%(objectname)%00%(*objectname) [4ms]
2025-05-28 20:18:30.923 [info] > git rev-parse --show-toplevel [103ms]
2025-05-28 20:18:31.013 [info] > git rev-parse --show-toplevel [2ms]
2025-05-28 20:18:31.113 [info] > git rev-parse --show-toplevel [91ms]
2025-05-28 20:18:32.114 [info] > git status -z -uall [1391ms]
2025-05-28 20:18:32.114 [info] > git check-ignore -v -z --stdin [1002ms]
2025-05-28 20:18:32.227 [info] > git rev-parse --show-toplevel [1110ms]
2025-05-28 20:18:32.626 [info] > git for-each-ref --format=%(refname)%00%(upstream:short)%00%(objectname)%00%(upstream:track)%00%(upstream:remotename)%00%(upstream:remoteref) refs/heads/main refs/remotes/main [404ms]
2025-05-28 20:18:32.719 [info] > git config --get --local branch.main.vscode-merge-base [87ms]
2025-05-28 20:18:32.719 [warning] [Git][config] git config failed: Failed to execute git
2025-05-28 20:18:32.724 [info] > git rev-parse --show-toplevel [102ms]
2025-05-28 20:18:32.725 [info] > git config --get commit.template [107ms]
2025-05-28 20:18:33.327 [info] > git rev-parse --show-toplevel [510ms]
2025-05-28 20:18:33.328 [info] > git reflog main --grep-reflog=branch: Created from *. [604ms]
2025-05-28 20:18:33.422 [info] > git for-each-ref --format=%(refname)%00%(upstream:short)%00%(objectname)%00%(upstream:track)%00%(upstream:remotename)%00%(upstream:remoteref) refs/heads/main refs/remotes/main [105ms]
2025-05-28 20:18:33.430 [info] > git rev-parse --show-toplevel [8ms]
2025-05-28 20:18:33.432 [info] > git symbolic-ref --short refs/remotes/origin/HEAD [99ms]
2025-05-28 20:18:33.432 [info] fatal: ref refs/remotes/origin/HEAD is not a symbolic ref
2025-05-28 20:18:33.432 [warning] [Repository][getDefaultBranch] Failed to get default branch details: Failed to execute git.
2025-05-28 20:18:33.630 [info] > git rev-parse --show-toplevel [99ms]
2025-05-28 20:18:33.630 [info] > git merge-base refs/heads/main refs/remotes/origin/main [106ms]
2025-05-28 20:18:33.922 [info] > git for-each-ref --sort -committerdate --format %(refname)%00%(objectname)%00%(*objectname) [191ms]
2025-05-28 20:18:33.923 [info] > git diff --name-status -z --diff-filter=ADMR 771dead1ae8a5a134036e19860e8014470e9adba...refs/remotes/origin/main [289ms]
2025-05-28 20:18:33.929 [info] > git rev-parse --show-toplevel [98ms]
2025-05-28 20:18:34.120 [info] > git rev-parse --show-toplevel [101ms]
2025-05-28 20:18:34.629 [info] > git status -z -uall [907ms]
2025-05-28 20:18:34.629 [info] > git rev-parse --show-toplevel [504ms]
2025-05-28 20:18:34.827 [info] > git rev-parse --show-toplevel [105ms]
2025-05-28 20:18:35.135 [info] > git rev-parse --show-toplevel [7ms]
2025-05-28 20:18:35.232 [info] > git rev-parse --show-toplevel [3ms]
2025-05-28 20:18:35.323 [info] > git rev-parse --show-toplevel [86ms]
2025-05-28 20:18:35.431 [info] > git rev-parse --show-toplevel [5ms]
2025-05-28 20:18:35.523 [info] > git rev-parse --show-toplevel [86ms]
2025-05-28 20:18:35.534 [info] > git rev-parse --show-toplevel [4ms]
2025-05-28 20:18:35.536 [info] [Model][doInitialScan] Initial repository scan completed - repositories (1), closed repositories (0), parent repositories (0), unsafe repositories (0)
2025-05-28 20:18:35.636 [info] > git show --textconv :shop/management/commands/fetch_and_register_minetti.py [9ms]
2025-05-28 20:18:35.728 [info] > git ls-files --stage -- shop/management/commands/fetch_and_register_minetti.py [93ms]
2025-05-28 20:18:35.736 [info] > git cat-file -s 3aee9eab395483dfe0a47a48d520c61f3714afa5 [3ms]
2025-05-28 20:18:36.438 [info] > git blame --root --incremental 771dead1ae8a5a134036e19860e8014470e9adba -- shop/management/commands/fetch_and_register_minetti.py [401ms]
2025-05-28 20:19:44.616 [info] > git config --get commit.template [5ms]
2025-05-28 20:19:44.617 [info] > git for-each-ref --format=%(refname)%00%(upstream:short)%00%(objectname)%00%(upstream:track)%00%(upstream:remotename)%00%(upstream:remoteref) refs/heads/main refs/remotes/main [3ms]
2025-05-28 20:19:44.630 [info] > git for-each-ref --sort -committerdate --format %(refname)%00%(objectname)%00%(*objectname) [2ms]
2025-05-28 20:19:44.713 [info] > git status -z -uall [90ms]
2025-05-28 20:19:46.357 [info] > git config --get commit.template [2ms]
2025-05-28 20:19:46.362 [info] > git for-each-ref --format=%(refname)%00%(upstream:short)%00%(objectname)%00%(upstream:track)%00%(upstream:remotename)%00%(upstream:remoteref) refs/heads/main refs/remotes/main [1ms]
2025-05-28 20:19:46.377 [info] > git for-each-ref --sort -committerdate --format %(refname)%00%(objectname)%00%(*objectname) [1ms]
2025-05-28 20:19:46.483 [info] > git status -z -uall [115ms]
2025-05-28 20:19:46.492 [info] > git merge-base refs/heads/main refs/remotes/origin/main [2ms]
2025-05-28 20:19:46.497 [info] > git diff --name-status -z --diff-filter=ADMR 000c8d5c069bbe9a5ae889cf28f2a371c6f4bb44...refs/remotes/origin/main [1ms]
2025-05-28 20:19:46.850 [info] > git blame --root --incremental 000c8d5c069bbe9a5ae889cf28f2a371c6f4bb44 -- shop/management/commands/fetch_and_register_minetti.py [8ms]
2025-05-28 20:19:47.628 [info] > git check-ignore -v -z --stdin [76ms]
2025-05-28 20:19:47.645 [info] > git ls-files --stage -- shop/management/commands/fetch_and_register_minetti.py [4ms]
2025-05-28 20:19:47.728 [info] > git cat-file -s 502a611062f6b7f5cad78e3dbd718dc8b126756a [2ms]
2025-05-28 20:19:47.743 [info] > git show --textconv :shop/management/commands/fetch_and_register_minetti.py [5ms]
2025-05-28 20:19:49.834 [info] > git config --get commit.template [83ms]
2025-05-28 20:19:49.835 [info] > git for-each-ref --format=%(refname)%00%(upstream:short)%00%(objectname)%00%(upstream:track)%00%(upstream:remotename)%00%(upstream:remoteref) refs/heads/main refs/remotes/main [2ms]
2025-05-28 20:19:49.846 [info] > git for-each-ref --sort -committerdate --format %(refname)%00%(objectname)%00%(*objectname) [2ms]
2025-05-28 20:19:50.735 [info] > git status -z -uall [896ms]
2025-05-28 20:19:51.661 [info] > git check-ignore -v -z --stdin [11ms]
2025-05-28 20:20:01.755 [info] > git config --get commit.template [5ms]
2025-05-28 20:20:01.755 [info] > git for-each-ref --format=%(refname)%00%(upstream:short)%00%(objectname)%00%(upstream:track)%00%(upstream:remotename)%00%(upstream:remoteref) refs/heads/main refs/remotes/main [1ms]
2025-05-28 20:20:01.774 [info] > git for-each-ref --sort -committerdate --format %(refname)%00%(objectname)%00%(*objectname) [6ms]
2025-05-28 20:20:01.881 [info] > git status -z -uall [121ms]
2025-05-28 20:20:06.896 [info] > git config --get commit.template [5ms]
2025-05-28 20:20:06.897 [info] > git for-each-ref --format=%(refname)%00%(upstream:short)%00%(objectname)%00%(upstream:track)%00%(upstream:remotename)%00%(upstream:remoteref) refs/heads/main refs/remotes/main [1ms]
2025-05-28 20:20:06.911 [info] > git for-each-ref --sort -committerdate --format %(refname)%00%(objectname)%00%(*objectname) [2ms]
2025-05-28 20:20:07.020 [info] > git status -z -uall [117ms]
2025-05-28 20:21:38.948 [info] > git config --get commit.template [5ms]
2025-05-28 20:21:38.948 [info] > git for-each-ref --format=%(refname)%00%(upstream:short)%00%(objectname)%00%(upstream:track)%00%(upstream:remotename)%00%(upstream:remoteref) refs/heads/main refs/remotes/main [1ms]
2025-05-28 20:21:38.960 [info] > git for-each-ref --sort -committerdate --format %(refname)%00%(objectname)%00%(*objectname) [3ms]
2025-05-28 20:21:39.063 [info] > git status -z -uall [111ms]
2025-05-28 20:22:58.744 [info] > git config --get commit.template [4ms]
2025-05-28 20:22:58.744 [info] > git for-each-ref --format=%(refname)%00%(upstream:short)%00%(objectname)%00%(upstream:track)%00%(upstream:remotename)%00%(upstream:remoteref) refs/heads/main refs/remotes/main [1ms]
2025-05-28 20:22:58.756 [info] > git for-each-ref --sort -committerdate --format %(refname)%00%(objectname)%00%(*objectname) [1ms]
2025-05-28 20:22:58.855 [info] > git status -z -uall [106ms]
2025-05-28 20:24:21.950 [info] > git config --get commit.template [5ms]
2025-05-28 20:24:21.951 [info] > git for-each-ref --format=%(refname)%00%(upstream:short)%00%(objectname)%00%(upstream:track)%00%(upstream:remotename)%00%(upstream:remoteref) refs/heads/main refs/remotes/main [2ms]
2025-05-28 20:24:21.962 [info] > git for-each-ref --sort -committerdate --format %(refname)%00%(objectname)%00%(*objectname) [2ms]
2025-05-28 20:24:22.061 [info] > git status -z -uall [105ms]
2025-05-28 20:24:27.076 [info] > git config --get commit.template [4ms]
2025-05-28 20:24:27.077 [info] > git for-each-ref --format=%(refname)%00%(upstream:short)%00%(objectname)%00%(upstream:track)%00%(upstream:remotename)%00%(upstream:remoteref) refs/heads/main refs/remotes/main [2ms]
2025-05-28 20:24:27.088 [info] > git for-each-ref --sort -committerdate --format %(refname)%00%(objectname)%00%(*objectname) [3ms]
2025-05-28 20:24:27.188 [info] > git status -z -uall [107ms]
2025-05-28 20:24:28.987 [info] > git show --textconv :shop/services/order/atelier.py [5ms]
2025-05-28 20:24:28.990 [info] > git ls-files --stage -- shop/services/order/atelier.py [4ms]
2025-05-28 20:24:28.997 [info] > git cat-file -s c749b7eed68e4d4779f8c0b487e7b83b4b04d048 [2ms]
2025-05-28 20:24:30.198 [info] > git blame --root --incremental 000c8d5c069bbe9a5ae889cf28f2a371c6f4bb44 -- shop/services/order/atelier.py [4ms]
2025-05-28 20:24:32.200 [info] > git config --get commit.template [5ms]
2025-05-28 20:24:32.201 [info] > git for-each-ref --format=%(refname)%00%(upstream:short)%00%(objectname)%00%(upstream:track)%00%(upstream:remotename)%00%(upstream:remoteref) refs/heads/main refs/remotes/main [2ms]
2025-05-28 20:24:32.213 [info] > git for-each-ref --sort -committerdate --format %(refname)%00%(objectname)%00%(*objectname) [4ms]
2025-05-28 20:24:32.329 [info] > git status -z -uall [124ms]
2025-05-28 20:24:56.869 [info] > git config --get commit.template [6ms]
2025-05-28 20:24:56.869 [info] > git for-each-ref --format=%(refname)%00%(upstream:short)%00%(objectname)%00%(upstream:track)%00%(upstream:remotename)%00%(upstream:remoteref) refs/heads/main refs/remotes/main [1ms]
2025-05-28 20:24:56.880 [info] > git for-each-ref --sort -committerdate --format %(refname)%00%(objectname)%00%(*objectname) [2ms]
2025-05-28 20:24:56.980 [info] > git status -z -uall [106ms]
2025-05-28 20:33:54.286 [info] > git config --get commit.template [10ms]
2025-05-28 20:33:54.287 [info] > git for-each-ref --format=%(refname)%00%(upstream:short)%00%(objectname)%00%(upstream:track)%00%(upstream:remotename)%00%(upstream:remoteref) refs/heads/main refs/remotes/main [6ms]
2025-05-28 20:33:54.298 [info] > git for-each-ref --sort -committerdate --format %(refname)%00%(objectname)%00%(*objectname) [2ms]
2025-05-28 20:33:54.298 [info] > git ls-files --stage -- shop/services/order/atelier.py [12ms]
2025-05-28 20:33:54.311 [info] > git cat-file -s c749b7eed68e4d4779f8c0b487e7b83b4b04d048 [2ms]
2025-05-28 20:33:54.327 [info] > git show --textconv :shop/services/order/atelier.py [6ms]
2025-05-28 20:33:54.406 [info] > git status -z -uall [115ms]
2025-05-28 20:33:54.416 [info] > git merge-base refs/heads/main refs/remotes/origin/main [2ms]
2025-05-28 20:33:54.422 [info] > git diff --name-status -z --diff-filter=ADMR 000c8d5c069bbe9a5ae889cf28f2a371c6f4bb44...refs/remotes/origin/main [2ms]
2025-05-28 20:33:58.436 [info] > git config --get commit.template [6ms]
2025-05-28 20:33:58.437 [info] > git for-each-ref --format=%(refname)%00%(upstream:short)%00%(objectname)%00%(upstream:track)%00%(upstream:remotename)%00%(upstream:remoteref) refs/heads/main refs/remotes/main [2ms]
2025-05-28 20:33:58.448 [info] > git for-each-ref --sort -committerdate --format %(refname)%00%(objectname)%00%(*objectname) [1ms]
2025-05-28 20:33:58.514 [info] > git status -z -uall [73ms]
2025-05-28 20:33:58.532 [info] > git blame --root --incremental 90eb94be14aad94ba1abfa3515886d6fbad76364 -- shop/services/order/atelier.py [9ms]
2025-05-28 20:33:58.533 [info] > git merge-base refs/heads/main refs/remotes/origin/main [6ms]
2025-05-28 20:33:58.538 [info] > git diff --name-status -z --diff-filter=ADMR 90eb94be14aad94ba1abfa3515886d6fbad76364...refs/remotes/origin/main [1ms]
2025-05-28 20:33:59.541 [info] > git config --get commit.template [5ms]
2025-05-28 20:33:59.542 [info] > git for-each-ref --format=%(refname)%00%(upstream:short)%00%(objectname)%00%(upstream:track)%00%(upstream:remotename)%00%(upstream:remoteref) refs/heads/main refs/remotes/main [2ms]
2025-05-28 20:33:59.553 [info] > git for-each-ref --sort -committerdate --format %(refname)%00%(objectname)%00%(*objectname) [3ms]
2025-05-28 20:33:59.619 [info] > git status -z -uall [72ms]
2025-05-28 20:33:59.658 [info] > git ls-files --stage -- shop/services/order/atelier.py [4ms]
2025-05-28 20:33:59.663 [info] > git cat-file -s a5e1fc5f259180f313a083be8eaee3a60a74bfc8 [1ms]
2025-05-28 20:33:59.687 [info] > git show --textconv :shop/services/order/atelier.py [5ms]
2025-05-28 20:34:07.312 [info] > git ls-files --stage -- shop/services/order/it_r_01.py [4ms]
2025-05-28 20:34:07.317 [info] > git show --textconv :shop/services/order/it_r_01.py [13ms]
2025-05-28 20:34:07.317 [info] > git cat-file -s c445b46c08916e8608fdec5c3f684dc63268bbda [1ms]
2025-05-28 20:34:07.341 [info] > git blame --root --incremental 90eb94be14aad94ba1abfa3515886d6fbad76364 -- shop/services/order/it_r_01.py [6ms]
2025-05-28 20:34:08.196 [info] > git config --get commit.template [2ms]
2025-05-28 20:34:08.202 [info] > git for-each-ref --format=%(refname)%00%(upstream:short)%00%(objectname)%00%(upstream:track)%00%(upstream:remotename)%00%(upstream:remoteref) refs/heads/main refs/remotes/main [1ms]
2025-05-28 20:34:08.214 [info] > git for-each-ref --sort -committerdate --format %(refname)%00%(objectname)%00%(*objectname) [1ms]
2025-05-28 20:34:08.246 [info] > git show --textconv :shop/services/order/atelier.py [5ms]
2025-05-28 20:34:08.250 [info] > git ls-files --stage -- shop/services/order/atelier.py [5ms]
2025-05-28 20:34:08.255 [info] > git cat-file -s a5e1fc5f259180f313a083be8eaee3a60a74bfc8 [1ms]
2025-05-28 20:34:08.284 [info] > git status -z -uall [77ms]
2025-05-28 20:34:10.726 [info] > git show --textconv :shop/services/order/it_r_01.py [8ms]
2025-05-28 20:34:10.727 [info] > git ls-files --stage -- shop/services/order/it_r_01.py [2ms]
2025-05-28 20:34:10.733 [info] > git cat-file -s c445b46c08916e8608fdec5c3f684dc63268bbda [1ms]
2025-05-28 20:34:11.593 [info] > git show --textconv :shop/services/order/atelier.py [5ms]
2025-05-28 20:34:11.597 [info] > git ls-files --stage -- shop/services/order/atelier.py [4ms]
2025-05-28 20:34:11.602 [info] > git cat-file -s a5e1fc5f259180f313a083be8eaee3a60a74bfc8 [1ms]
2025-05-28 20:34:17.187 [info] > git config --get commit.template [5ms]
2025-05-28 20:34:17.188 [info] > git for-each-ref --format=%(refname)%00%(upstream:short)%00%(objectname)%00%(upstream:track)%00%(upstream:remotename)%00%(upstream:remoteref) refs/heads/main refs/remotes/main [2ms]
2025-05-28 20:34:17.204 [info] > git for-each-ref --sort -committerdate --format %(refname)%00%(objectname)%00%(*objectname) [1ms]
2025-05-28 20:34:17.276 [info] > git status -z -uall [80ms]
2025-05-28 20:36:08.805 [info] > git config --get commit.template [5ms]
2025-05-28 20:36:08.807 [info] > git for-each-ref --format=%(refname)%00%(upstream:short)%00%(objectname)%00%(upstream:track)%00%(upstream:remotename)%00%(upstream:remoteref) refs/heads/main refs/remotes/main [1ms]
2025-05-28 20:36:08.820 [info] > git for-each-ref --sort -committerdate --format %(refname)%00%(objectname)%00%(*objectname) [1ms]
2025-05-28 20:36:08.892 [info] > git status -z -uall [79ms]
2025-05-28 20:36:49.252 [info] > git config --get commit.template [5ms]
2025-05-28 20:36:49.254 [info] > git for-each-ref --format=%(refname)%00%(upstream:short)%00%(objectname)%00%(upstream:track)%00%(upstream:remotename)%00%(upstream:remoteref) refs/heads/main refs/remotes/main [3ms]
2025-05-28 20:36:49.267 [info] > git for-each-ref --sort -committerdate --format %(refname)%00%(objectname)%00%(*objectname) [3ms]
2025-05-28 20:36:49.331 [info] > git status -z -uall [72ms]
2025-05-28 21:18:45.530 [info] > git check-ignore -v -z --stdin [5ms]
2025-05-28 21:18:46.319 [info] > git check-ignore -v -z --stdin [9ms]
2025-05-28 21:18:49.992 [info] > git show --textconv :export/MINETTI/MINETTI_goods.json [5ms]
2025-05-28 21:18:49.997 [info] > git ls-files --stage -- export/MINETTI/MINETTI_goods.json [6ms]
2025-05-28 21:18:50.002 [info] > git hash-object -t tree /dev/null [6ms]
2025-05-28 21:18:50.003 [warning] [GitFileSystemProvider][readFile] File not found - git:/root/export/MINETTI/MINETTI_goods.json.git?%7B%22path%22%3A%22%2Froot%2Fexport%2FMINETTI%2FMINETTI_goods.json%22%2C%22ref%22%3A%22%22%7D
2025-05-28 21:18:50.004 [info] > git hash-object -t tree /dev/null [3ms]
2025-05-28 21:18:50.004 [warning] [GitFileSystemProvider][stat] File not found - git:/root/export/MINETTI/MINETTI_goods.json.git?%7B%22path%22%3A%22%2Froot%2Fexport%2FMINETTI%2FMINETTI_goods.json%22%2C%22ref%22%3A%22%22%7D
2025-05-28 21:18:50.018 [info] > git blame --root --incremental 90eb94be14aad94ba1abfa3515886d6fbad76364 -- export/MINETTI/MINETTI_goods.json [1ms]
2025-05-28 21:18:50.018 [info] fatal: no such path export/MINETTI/MINETTI_goods.json in 90eb94be14aad94ba1abfa3515886d6fbad76364
2025-05-28 21:18:50.873 [info] > git config --get commit.template [5ms]
2025-05-28 21:18:50.874 [info] > git for-each-ref --format=%(refname)%00%(upstream:short)%00%(objectname)%00%(upstream:track)%00%(upstream:remotename)%00%(upstream:remoteref) refs/heads/main refs/remotes/main [1ms]
2025-05-28 21:18:50.885 [info] > git for-each-ref --sort -committerdate --format %(refname)%00%(objectname)%00%(*objectname) [2ms]
2025-05-28 21:18:50.950 [info] > git status -z -uall [70ms]
2025-05-28 21:18:58.789 [info] > git show --textconv :export/MINETTI/MINETTI_details.json [5ms]
2025-05-28 21:18:58.789 [warning] [GitFileSystemProvider][readFile] File not found - git:/root/export/MINETTI/MINETTI_details.json.git?%7B%22path%22%3A%22%2Froot%2Fexport%2FMINETTI%2FMINETTI_details.json%22%2C%22ref%22%3A%22%22%7D
2025-05-28 21:18:58.792 [info] > git ls-files --stage -- export/MINETTI/MINETTI_details.json [4ms]
2025-05-28 21:18:58.793 [warning] [GitFileSystemProvider][stat] File not found - git:/root/export/MINETTI/MINETTI_details.json.git?%7B%22path%22%3A%22%2Froot%2Fexport%2FMINETTI%2FMINETTI_details.json%22%2C%22ref%22%3A%22%22%7D
2025-05-28 21:19:02.619 [info] > git blame --root --incremental 90eb94be14aad94ba1abfa3515886d6fbad76364 -- export/MINETTI/MINETTI_details.json [1ms]
2025-05-28 21:19:02.620 [info] fatal: no such path export/MINETTI/MINETTI_details.json in 90eb94be14aad94ba1abfa3515886d6fbad76364
2025-05-28 21:30:00.303 [info] > git config --get commit.template [5ms]
2025-05-28 21:30:00.304 [info] > git for-each-ref --format=%(refname)%00%(upstream:short)%00%(objectname)%00%(upstream:track)%00%(upstream:remotename)%00%(upstream:remoteref) refs/heads/main refs/remotes/main [2ms]
2025-05-28 21:30:00.315 [info] > git for-each-ref --sort -committerdate --format %(refname)%00%(objectname)%00%(*objectname) [2ms]
2025-05-28 21:30:00.413 [info] > git status -z -uall [104ms]
2025-05-28 21:30:00.428 [info] > git blame --root --incremental 8350507f07504cafa2f10a45b61f77ec61ce5099 -- export/MINETTI/MINETTI_details.json [6ms]
2025-05-28 21:30:00.428 [info] fatal: no such path export/MINETTI/MINETTI_details.json in 8350507f07504cafa2f10a45b61f77ec61ce5099
2025-05-28 21:30:00.429 [info] > git merge-base refs/heads/main refs/remotes/origin/main [3ms]
2025-05-28 21:30:00.435 [info] > git diff --name-status -z --diff-filter=ADMR 8350507f07504cafa2f10a45b61f77ec61ce5099...refs/remotes/origin/main [2ms]
2025-05-28 21:30:05.438 [info] > git config --get commit.template [4ms]
2025-05-28 21:30:05.438 [info] > git for-each-ref --format=%(refname)%00%(upstream:short)%00%(objectname)%00%(upstream:track)%00%(upstream:remotename)%00%(upstream:remoteref) refs/heads/main refs/remotes/main [1ms]
2025-05-28 21:30:05.448 [info] > git for-each-ref --sort -committerdate --format %(refname)%00%(objectname)%00%(*objectname) [1ms]
2025-05-28 21:30:05.551 [info] > git status -z -uall [108ms]
2025-05-28 21:30:06.872 [info] > git config --get commit.template [4ms]
2025-05-28 21:30:06.873 [info] > git for-each-ref --format=%(refname)%00%(upstream:short)%00%(objectname)%00%(upstream:track)%00%(upstream:remotename)%00%(upstream:remoteref) refs/heads/main refs/remotes/main [1ms]
2025-05-28 21:30:06.882 [info] > git for-each-ref --sort -committerdate --format %(refname)%00%(objectname)%00%(*objectname) [1ms]
2025-05-28 21:30:06.951 [info] > git status -z -uall [74ms]
2025-05-28 21:30:10.023 [info] > git show --textconv :shop/services/order_service.py [6ms]
2025-05-28 21:30:10.043 [info] > git ls-files --stage -- shop/services/order_service.py [21ms]
2025-05-28 21:30:10.054 [info] > git cat-file -s 6575c9b37371a7df2630836abf5e96e87b478c94 [2ms]
2025-05-28 21:30:10.071 [info] > git blame --root --incremental 8350507f07504cafa2f10a45b61f77ec61ce5099 -- shop/services/order_service.py [5ms]
2025-05-28 21:30:10.563 [info] > git config --get commit.template [1ms]
2025-05-28 21:30:10.568 [info] > git for-each-ref --format=%(refname)%00%(upstream:short)%00%(objectname)%00%(upstream:track)%00%(upstream:remotename)%00%(upstream:remoteref) refs/heads/main refs/remotes/main [2ms]
2025-05-28 21:30:10.578 [info] > git for-each-ref --sort -committerdate --format %(refname)%00%(objectname)%00%(*objectname) [1ms]
2025-05-28 21:30:10.759 [info] > git show --textconv :export/MINETTI/MINETTI_details.json [5ms]
2025-05-28 21:30:10.760 [warning] [GitFileSystemProvider][readFile] File not found - git:/root/export/MINETTI/MINETTI_details.json.git?%7B%22path%22%3A%22%2Froot%2Fexport%2FMINETTI%2FMINETTI_details.json%22%2C%22ref%22%3A%22%22%7D
2025-05-28 21:30:10.762 [info] > git ls-files --stage -- export/MINETTI/MINETTI_details.json [4ms]
2025-05-28 21:30:10.763 [warning] [GitFileSystemProvider][stat] File not found - git:/root/export/MINETTI/MINETTI_details.json.git?%7B%22path%22%3A%22%2Froot%2Fexport%2FMINETTI%2FMINETTI_details.json%22%2C%22ref%22%3A%22%22%7D
2025-05-28 21:30:10.768 [info] > git status -z -uall [196ms]
2025-05-28 21:30:11.245 [info] > git show --textconv :shop/api/atelier/minetti/convert_minetti_products.py [62ms]
2025-05-28 21:30:11.252 [info] > git ls-files --stage -- shop/api/atelier/minetti/convert_minetti_products.py [11ms]
2025-05-28 21:30:11.259 [info] > git cat-file -s 89c2a13f89838f43f67cb778e569b6a53338b9ca [1ms]
2025-05-28 21:30:11.342 [info] > git blame --root --incremental 8350507f07504cafa2f10a45b61f77ec61ce5099 -- shop/api/atelier/minetti/convert_minetti_products.py [67ms]
2025-05-28 21:30:11.641 [info] > git check-ignore -v -z --stdin [83ms]
2025-05-28 21:30:12.658 [info] > git show --textconv :export/MINETTI/MINETTI_details.json [5ms]
2025-05-28 21:30:12.659 [warning] [GitFileSystemProvider][readFile] File not found - git:/root/export/MINETTI/MINETTI_details.json.git?%7B%22path%22%3A%22%2Froot%2Fexport%2FMINETTI%2FMINETTI_details.json%22%2C%22ref%22%3A%22%22%7D
2025-05-28 21:30:12.661 [info] > git ls-files --stage -- export/MINETTI/MINETTI_details.json [4ms]
2025-05-28 21:30:12.662 [warning] [GitFileSystemProvider][stat] File not found - git:/root/export/MINETTI/MINETTI_details.json.git?%7B%22path%22%3A%22%2Froot%2Fexport%2FMINETTI%2FMINETTI_details.json%22%2C%22ref%22%3A%22%22%7D
2025-05-28 21:30:14.828 [info] > git show --textconv :shop/management/commands/fetch_and_register_minetti.py [4ms]
2025-05-28 21:30:14.831 [info] > git ls-files --stage -- shop/management/commands/fetch_and_register_minetti.py [4ms]
2025-05-28 21:30:14.837 [info] > git cat-file -s 502a611062f6b7f5cad78e3dbd718dc8b126756a [2ms]
2025-05-28 21:30:14.856 [info] > git blame --root --incremental 8350507f07504cafa2f10a45b61f77ec61ce5099 -- shop/management/commands/fetch_and_register_minetti.py [4ms]
2025-05-28 21:30:16.654 [info] > git config --get commit.template [6ms]
2025-05-28 21:30:16.655 [info] > git for-each-ref --format=%(refname)%00%(upstream:short)%00%(objectname)%00%(upstream:track)%00%(upstream:remotename)%00%(upstream:remoteref) refs/heads/main refs/remotes/main [2ms]
2025-05-28 21:30:16.673 [info] > git for-each-ref --sort -committerdate --format %(refname)%00%(objectname)%00%(*objectname) [0ms]
2025-05-28 21:30:16.737 [info] > git status -z -uall [78ms]
2025-05-28 21:30:16.892 [info] > git show --textconv :export/MINETTI/MINETTI_details.json [4ms]
2025-05-28 21:30:16.893 [warning] [GitFileSystemProvider][readFile] File not found - git:/root/export/MINETTI/MINETTI_details.json.git?%7B%22path%22%3A%22%2Froot%2Fexport%2FMINETTI%2FMINETTI_details.json%22%2C%22ref%22%3A%22%22%7D
2025-05-28 21:30:16.896 [info] > git ls-files --stage -- export/MINETTI/MINETTI_details.json [4ms]
2025-05-28 21:30:16.896 [warning] [GitFileSystemProvider][stat] File not found - git:/root/export/MINETTI/MINETTI_details.json.git?%7B%22path%22%3A%22%2Froot%2Fexport%2FMINETTI%2FMINETTI_details.json%22%2C%22ref%22%3A%22%22%7D
2025-05-28 21:30:21.312 [info] > git show --textconv :mallapi/urls.py [6ms]
2025-05-28 21:30:21.316 [info] > git ls-files --stage -- mallapi/urls.py [3ms]
2025-05-28 21:30:21.320 [info] > git cat-file -s 9bc16c13e9f86c44e22c966325df64f7ea1285ba [1ms]
2025-05-28 21:30:21.336 [info] > git blame --root --incremental 8350507f07504cafa2f10a45b61f77ec61ce5099 -- mallapi/urls.py [4ms]
2025-05-28 21:30:21.980 [info] > git show --textconv :shop/urls.py [5ms]
2025-05-28 21:30:21.984 [info] > git ls-files --stage -- shop/urls.py [4ms]
2025-05-28 21:30:21.990 [info] > git cat-file -s 9613504d2815e99cb9f519b4bd27a83bc5a851f7 [2ms]
2025-05-28 21:30:22.033 [info] > git blame --root --incremental 8350507f07504cafa2f10a45b61f77ec61ce5099 -- shop/urls.py [4ms]
2025-05-28 21:30:22.317 [info] > git check-ignore -v -z --stdin [8ms]
2025-05-28 21:30:27.150 [info] > git config --get commit.template [2ms]
2025-05-28 21:30:27.171 [info] > git for-each-ref --format=%(refname)%00%(upstream:short)%00%(objectname)%00%(upstream:track)%00%(upstream:remotename)%00%(upstream:remoteref) refs/heads/main refs/remotes/main [0ms]
2025-05-28 21:30:27.197 [info] > git for-each-ref --sort -committerdate --format %(refname)%00%(objectname)%00%(*objectname) [4ms]
2025-05-28 21:30:27.287 [info] > git status -z -uall [110ms]
2025-05-28 21:30:28.384 [info] > git config --get commit.template [4ms]
2025-05-28 21:30:28.385 [info] > git for-each-ref --format=%(refname)%00%(upstream:short)%00%(objectname)%00%(upstream:track)%00%(upstream:remotename)%00%(upstream:remoteref) refs/heads/main refs/remotes/main [1ms]
2025-05-28 21:30:28.395 [info] > git for-each-ref --sort -committerdate --format %(refname)%00%(objectname)%00%(*objectname) [0ms]
2025-05-28 21:30:28.461 [info] > git status -z -uall [72ms]
2025-05-28 21:30:31.305 [info] > git show --textconv :shop/services/order/atelier.py [5ms]
2025-05-28 21:30:31.308 [info] > git ls-files --stage -- shop/services/order/atelier.py [4ms]
2025-05-28 21:30:31.313 [info] > git cat-file -s 79b717552ff17a8c03618d0d8ef70630de56c41e [1ms]
2025-05-28 21:30:31.350 [info] > git blame --root --incremental 8350507f07504cafa2f10a45b61f77ec61ce5099 -- shop/services/order/atelier.py [4ms]
