2025-05-28 18:23:32.198 [info] [main] 로그 수준: Info
2025-05-28 18:23:32.198 [info] [main] "git"에서 찾은 git 유효성을 검사하는 중
2025-05-28 18:23:32.198 [info] [main] "2.34.1"에서 git "git"을(를) 사용하는 중
2025-05-28 18:23:32.198 [info] [Model][doInitialScan] Initial repository scan started
2025-05-28 18:23:32.198 [info] > git rev-parse --show-toplevel [7ms]
2025-05-28 18:23:32.381 [info] > git rev-parse --git-dir --git-common-dir [493ms]
2025-05-28 18:23:32.393 [info] [Model][openRepository] Opened repository (path): /root
2025-05-28 18:23:32.393 [info] [Model][openRepository] Opened repository (real path): /root
2025-05-28 18:23:32.492 [info] > git rev-parse --show-toplevel [7ms]
2025-05-28 18:23:32.493 [info] > git config --get commit.template [10ms]
2025-05-28 18:23:32.694 [info] > git for-each-ref --format=%(refname)%00%(upstream:short)%00%(objectname)%00%(upstream:track)%00%(upstream:remotename)%00%(upstream:remoteref) refs/heads/main refs/remotes/main [9ms]
2025-05-28 18:23:32.893 [info] > git for-each-ref --sort -committerdate --format %(refname)%00%(objectname)%00%(*objectname) [9ms]
2025-05-28 18:23:32.986 [info] > git rev-parse --show-toplevel [88ms]
2025-05-28 18:23:33.193 [info] > git check-ignore -v -z --stdin [194ms]
2025-05-28 18:23:33.194 [info] > git rev-parse --show-toplevel [205ms]
2025-05-28 18:23:33.287 [info] > git rev-parse --show-toplevel [91ms]
2025-05-28 18:23:33.388 [info] > git rev-parse --show-toplevel [92ms]
2025-05-28 18:23:34.693 [info] > git status -z -uall [1903ms]
2025-05-28 18:23:34.800 [info] > git rev-parse --show-toplevel [1406ms]
2025-05-28 18:23:34.999 [info] > git for-each-ref --format=%(refname)%00%(upstream:short)%00%(objectname)%00%(upstream:track)%00%(upstream:remotename)%00%(upstream:remoteref) refs/heads/main refs/remotes/main [201ms]
2025-05-28 18:23:35.093 [info] > git rev-parse --show-toplevel [99ms]
2025-05-28 18:23:35.094 [info] > git config --get commit.template [103ms]
2025-05-28 18:23:35.098 [info] > git config --get --local branch.main.vscode-merge-base [11ms]
2025-05-28 18:23:35.098 [warning] [Git][config] git config failed: Failed to execute git
2025-05-28 18:23:35.889 [info] > git reflog main --grep-reflog=branch: Created from *. [697ms]
2025-05-28 18:23:35.892 [info] > git rev-parse --show-toplevel [795ms]
2025-05-28 18:23:35.988 [info] > git symbolic-ref --short refs/remotes/origin/HEAD [97ms]
2025-05-28 18:23:35.988 [info] fatal: ref refs/remotes/origin/HEAD is not a symbolic ref
2025-05-28 18:23:35.988 [warning] [Repository][getDefaultBranch] Failed to get default branch details: Failed to execute git.
2025-05-28 18:23:35.994 [info] > git for-each-ref --format=%(refname)%00%(upstream:short)%00%(objectname)%00%(upstream:track)%00%(upstream:remotename)%00%(upstream:remoteref) refs/heads/main refs/remotes/main [800ms]
2025-05-28 18:23:35.996 [info] > git merge-base refs/heads/main refs/remotes/origin/main [2ms]
2025-05-28 18:23:36.001 [info] > git rev-parse --show-toplevel [99ms]
2025-05-28 18:23:36.105 [info] > git rev-parse --show-toplevel [101ms]
2025-05-28 18:23:36.188 [info] > git diff --name-status -z --diff-filter=ADMR f9241ce4097521ebd4337364638b37d96b99d2c2...refs/remotes/origin/main [188ms]
2025-05-28 18:23:36.300 [info] > git for-each-ref --sort -committerdate --format %(refname)%00%(objectname)%00%(*objectname) [100ms]
2025-05-28 18:23:36.302 [info] > git rev-parse --show-toplevel [9ms]
2025-05-28 18:23:36.397 [info] > git rev-parse --show-toplevel [92ms]
2025-05-28 18:23:36.491 [info] > git rev-parse --show-toplevel [90ms]
2025-05-28 18:23:36.593 [info] > git rev-parse --show-toplevel [2ms]
2025-05-28 18:23:37.093 [info] > git status -z -uall [902ms]
2025-05-28 18:23:37.103 [info] > git rev-parse --show-toplevel [507ms]
2025-05-28 18:23:37.309 [info] > git rev-parse --show-toplevel [116ms]
2025-05-28 18:23:37.410 [info] > git rev-parse --show-toplevel [2ms]
2025-05-28 18:23:37.505 [info] > git rev-parse --show-toplevel [1ms]
2025-05-28 18:23:37.507 [info] [Model][doInitialScan] Initial repository scan completed - repositories (1), closed repositories (0), parent repositories (0), unsafe repositories (0)
2025-05-28 18:23:37.698 [info] > git show --textconv :shop/admin.py [187ms]
2025-05-28 18:23:37.705 [info] > git ls-files --stage -- shop/admin.py [95ms]
2025-05-28 18:23:37.710 [info] > git cat-file -s c7eba2fdfbac83591c0fa2eae2e6d4f1a0af5cb2 [1ms]
2025-05-28 18:23:38.112 [info] > git blame --root --incremental f9241ce4097521ebd4337364638b37d96b99d2c2 -- shop/admin.py [105ms]
2025-05-28 18:27:44.676 [info] > git config --get commit.template [10ms]
2025-05-28 18:27:44.682 [info] > git for-each-ref --format=%(refname)%00%(upstream:short)%00%(objectname)%00%(upstream:track)%00%(upstream:remotename)%00%(upstream:remoteref) refs/heads/main refs/remotes/main [13ms]
2025-05-28 18:27:44.691 [info] > git for-each-ref --sort -committerdate --format %(refname)%00%(objectname)%00%(*objectname) [1ms]
2025-05-28 18:27:44.927 [info] > git status -z -uall [241ms]
2025-05-28 18:27:50.235 [info] > git config --get commit.template [3ms]
2025-05-28 18:27:50.235 [info] > git for-each-ref --format=%(refname)%00%(upstream:short)%00%(objectname)%00%(upstream:track)%00%(upstream:remotename)%00%(upstream:remoteref) refs/heads/main refs/remotes/main [1ms]
2025-05-28 18:27:50.244 [info] > git for-each-ref --sort -committerdate --format %(refname)%00%(objectname)%00%(*objectname) [2ms]
2025-05-28 18:27:50.318 [info] > git status -z -uall [79ms]
2025-05-28 18:28:05.449 [info] > git config --get commit.template [3ms]
2025-05-28 18:28:05.450 [info] > git for-each-ref --format=%(refname)%00%(upstream:short)%00%(objectname)%00%(upstream:track)%00%(upstream:remotename)%00%(upstream:remoteref) refs/heads/main refs/remotes/main [1ms]
2025-05-28 18:28:05.457 [info] > git for-each-ref --sort -committerdate --format %(refname)%00%(objectname)%00%(*objectname) [1ms]
2025-05-28 18:28:05.526 [info] > git status -z -uall [73ms]
2025-05-28 18:28:10.813 [info] > git config --get commit.template [3ms]
2025-05-28 18:28:10.814 [info] > git for-each-ref --format=%(refname)%00%(upstream:short)%00%(objectname)%00%(upstream:track)%00%(upstream:remotename)%00%(upstream:remoteref) refs/heads/main refs/remotes/main [2ms]
2025-05-28 18:28:10.822 [info] > git for-each-ref --sort -committerdate --format %(refname)%00%(objectname)%00%(*objectname) [1ms]
2025-05-28 18:28:10.891 [info] > git status -z -uall [73ms]
2025-05-28 18:28:19.581 [info] > git config --get commit.template [3ms]
2025-05-28 18:28:19.585 [info] > git for-each-ref --format=%(refname)%00%(upstream:short)%00%(objectname)%00%(upstream:track)%00%(upstream:remotename)%00%(upstream:remoteref) refs/heads/main refs/remotes/main [2ms]
2025-05-28 18:28:19.592 [info] > git for-each-ref --sort -committerdate --format %(refname)%00%(objectname)%00%(*objectname) [2ms]
2025-05-28 18:28:19.665 [info] > git status -z -uall [77ms]
2025-05-28 18:28:20.184 [info] > git check-ignore -v -z --stdin [7ms]
2025-05-28 18:28:21.709 [info] > git check-ignore -v -z --stdin [6ms]
2025-05-28 18:28:24.673 [info] > git config --get commit.template [2ms]
2025-05-28 18:28:24.677 [info] > git for-each-ref --format=%(refname)%00%(upstream:short)%00%(objectname)%00%(upstream:track)%00%(upstream:remotename)%00%(upstream:remoteref) refs/heads/main refs/remotes/main [1ms]
2025-05-28 18:28:24.684 [info] > git for-each-ref --sort -committerdate --format %(refname)%00%(objectname)%00%(*objectname) [1ms]
2025-05-28 18:28:24.750 [info] > git status -z -uall [70ms]
2025-05-28 18:29:33.899 [info] > git config --get commit.template [4ms]
2025-05-28 18:29:33.900 [info] > git for-each-ref --format=%(refname)%00%(upstream:short)%00%(objectname)%00%(upstream:track)%00%(upstream:remotename)%00%(upstream:remoteref) refs/heads/main refs/remotes/main [2ms]
2025-05-28 18:29:33.915 [info] > git for-each-ref --sort -committerdate --format %(refname)%00%(objectname)%00%(*objectname) [7ms]
2025-05-28 18:29:33.980 [info] > git status -z -uall [77ms]
2025-05-28 18:35:01.704 [info] > git config --get commit.template [4ms]
2025-05-28 18:35:01.705 [info] > git for-each-ref --format=%(refname)%00%(upstream:short)%00%(objectname)%00%(upstream:track)%00%(upstream:remotename)%00%(upstream:remoteref) refs/heads/main refs/remotes/main [2ms]
2025-05-28 18:35:01.712 [info] > git for-each-ref --sort -committerdate --format %(refname)%00%(objectname)%00%(*objectname) [1ms]
2025-05-28 18:35:01.821 [info] > git status -z -uall [113ms]
2025-05-28 18:35:11.696 [info] > git config --get commit.template [1ms]
2025-05-28 18:35:11.700 [info] > git for-each-ref --format=%(refname)%00%(upstream:short)%00%(objectname)%00%(upstream:track)%00%(upstream:remotename)%00%(upstream:remoteref) refs/heads/main refs/remotes/main [1ms]
2025-05-28 18:35:11.711 [info] > git for-each-ref --sort -committerdate --format %(refname)%00%(objectname)%00%(*objectname) [1ms]
2025-05-28 18:35:11.777 [info] > git status -z -uall [74ms]
2025-05-28 18:35:37.796 [info] > git config --get commit.template [2ms]
2025-05-28 18:35:37.800 [info] > git for-each-ref --format=%(refname)%00%(upstream:short)%00%(objectname)%00%(upstream:track)%00%(upstream:remotename)%00%(upstream:remoteref) refs/heads/main refs/remotes/main [2ms]
2025-05-28 18:35:37.808 [info] > git for-each-ref --sort -committerdate --format %(refname)%00%(objectname)%00%(*objectname) [2ms]
2025-05-28 18:35:37.875 [info] > git status -z -uall [72ms]
2025-05-28 18:35:38.230 [info] > git show --textconv :shop/services/product/conversion_service.py [7ms]
2025-05-28 18:35:38.231 [info] > git ls-files --stage -- shop/services/product/conversion_service.py [5ms]
2025-05-28 18:35:38.236 [info] > git cat-file -s 4e1906a24c65c6f76eb45b47889584eb9a842e67 [3ms]
2025-05-28 18:35:42.884 [info] > git config --get commit.template [3ms]
2025-05-28 18:35:42.885 [info] > git for-each-ref --format=%(refname)%00%(upstream:short)%00%(objectname)%00%(upstream:track)%00%(upstream:remotename)%00%(upstream:remoteref) refs/heads/main refs/remotes/main [2ms]
2025-05-28 18:35:42.892 [info] > git for-each-ref --sort -committerdate --format %(refname)%00%(objectname)%00%(*objectname) [1ms]
2025-05-28 18:35:42.965 [info] > git status -z -uall [77ms]
2025-05-28 18:35:47.973 [info] > git config --get commit.template [1ms]
2025-05-28 18:35:47.977 [info] > git for-each-ref --format=%(refname)%00%(upstream:short)%00%(objectname)%00%(upstream:track)%00%(upstream:remotename)%00%(upstream:remoteref) refs/heads/main refs/remotes/main [1ms]
2025-05-28 18:35:47.984 [info] > git for-each-ref --sort -committerdate --format %(refname)%00%(objectname)%00%(*objectname) [1ms]
2025-05-28 18:35:48.054 [info] > git status -z -uall [74ms]
2025-05-28 18:35:49.444 [info] > git check-ignore -v -z --stdin [6ms]
2025-05-28 18:35:53.062 [info] > git config --get commit.template [1ms]
2025-05-28 18:35:53.066 [info] > git for-each-ref --format=%(refname)%00%(upstream:short)%00%(objectname)%00%(upstream:track)%00%(upstream:remotename)%00%(upstream:remoteref) refs/heads/main refs/remotes/main [1ms]
2025-05-28 18:35:53.073 [info] > git for-each-ref --sort -committerdate --format %(refname)%00%(objectname)%00%(*objectname) [2ms]
2025-05-28 18:35:53.143 [info] > git status -z -uall [75ms]
2025-05-28 18:35:54.380 [info] > git check-ignore -v -z --stdin [6ms]
2025-05-28 18:35:58.154 [info] > git config --get commit.template [4ms]
2025-05-28 18:35:58.155 [info] > git for-each-ref --format=%(refname)%00%(upstream:short)%00%(objectname)%00%(upstream:track)%00%(upstream:remotename)%00%(upstream:remoteref) refs/heads/main refs/remotes/main [2ms]
2025-05-28 18:35:58.164 [info] > git for-each-ref --sort -committerdate --format %(refname)%00%(objectname)%00%(*objectname) [3ms]
2025-05-28 18:35:58.235 [info] > git status -z -uall [77ms]
2025-05-28 18:36:03.246 [info] > git config --get commit.template [2ms]
2025-05-28 18:36:03.250 [info] > git for-each-ref --format=%(refname)%00%(upstream:short)%00%(objectname)%00%(upstream:track)%00%(upstream:remotename)%00%(upstream:remoteref) refs/heads/main refs/remotes/main [1ms]
2025-05-28 18:36:03.259 [info] > git for-each-ref --sort -committerdate --format %(refname)%00%(objectname)%00%(*objectname) [1ms]
2025-05-28 18:36:03.330 [info] > git status -z -uall [74ms]
2025-05-28 18:36:03.569 [info] > git check-ignore -v -z --stdin [6ms]
2025-05-28 18:36:05.696 [info] > git check-ignore -v -z --stdin [9ms]
2025-05-28 18:36:07.905 [info] > git check-ignore -v -z --stdin [5ms]
2025-05-28 18:36:08.338 [info] > git config --get commit.template [3ms]
2025-05-28 18:36:08.339 [info] > git for-each-ref --format=%(refname)%00%(upstream:short)%00%(objectname)%00%(upstream:track)%00%(upstream:remotename)%00%(upstream:remoteref) refs/heads/main refs/remotes/main [1ms]
2025-05-28 18:36:08.346 [info] > git for-each-ref --sort -committerdate --format %(refname)%00%(objectname)%00%(*objectname) [2ms]
2025-05-28 18:36:08.418 [info] > git status -z -uall [76ms]
2025-05-28 18:36:09.081 [info] > git check-ignore -v -z --stdin [6ms]
2025-05-28 18:36:12.097 [info] > git show --textconv :shop/management/commands/fetch_and_register_minetti.py [6ms]
2025-05-28 18:36:12.103 [info] > git ls-files --stage -- shop/management/commands/fetch_and_register_minetti.py [9ms]
2025-05-28 18:36:12.108 [info] > git cat-file -s 3aee9eab395483dfe0a47a48d520c61f3714afa5 [2ms]
2025-05-28 18:36:13.487 [info] > git config --get commit.template [9ms]
2025-05-28 18:36:13.487 [info] > git for-each-ref --format=%(refname)%00%(upstream:short)%00%(objectname)%00%(upstream:track)%00%(upstream:remotename)%00%(upstream:remoteref) refs/heads/main refs/remotes/main [1ms]
2025-05-28 18:36:13.583 [info] > git for-each-ref --sort -committerdate --format %(refname)%00%(objectname)%00%(*objectname) [5ms]
2025-05-28 18:36:13.892 [info] > git status -z -uall [398ms]
2025-05-28 18:36:28.801 [info] > git config --get commit.template [1ms]
2025-05-28 18:36:28.807 [info] > git for-each-ref --format=%(refname)%00%(upstream:short)%00%(objectname)%00%(upstream:track)%00%(upstream:remotename)%00%(upstream:remoteref) refs/heads/main refs/remotes/main [2ms]
2025-05-28 18:36:28.815 [info] > git for-each-ref --sort -committerdate --format %(refname)%00%(objectname)%00%(*objectname) [2ms]
2025-05-28 18:36:28.882 [info] > git status -z -uall [72ms]
2025-05-28 18:36:29.366 [info] > git check-ignore -v -z --stdin [5ms]
2025-05-28 18:36:36.392 [info] > git config --get commit.template [1ms]
2025-05-28 18:36:36.403 [info] > git for-each-ref --format=%(refname)%00%(upstream:short)%00%(objectname)%00%(upstream:track)%00%(upstream:remotename)%00%(upstream:remoteref) refs/heads/main refs/remotes/main [2ms]
2025-05-28 18:36:36.411 [info] > git for-each-ref --sort -committerdate --format %(refname)%00%(objectname)%00%(*objectname) [2ms]
2025-05-28 18:36:36.478 [info] > git status -z -uall [72ms]
2025-05-28 18:36:41.497 [info] > git config --get commit.template [9ms]
2025-05-28 18:36:41.498 [info] > git for-each-ref --format=%(refname)%00%(upstream:short)%00%(objectname)%00%(upstream:track)%00%(upstream:remotename)%00%(upstream:remoteref) refs/heads/main refs/remotes/main [2ms]
2025-05-28 18:36:41.515 [info] > git for-each-ref --sort -committerdate --format %(refname)%00%(objectname)%00%(*objectname) [5ms]
2025-05-28 18:36:41.588 [info] > git status -z -uall [87ms]
2025-05-28 18:37:06.659 [info] > git config --get commit.template [3ms]
2025-05-28 18:37:06.660 [info] > git for-each-ref --format=%(refname)%00%(upstream:short)%00%(objectname)%00%(upstream:track)%00%(upstream:remotename)%00%(upstream:remoteref) refs/heads/main refs/remotes/main [2ms]
2025-05-28 18:37:06.667 [info] > git for-each-ref --sort -committerdate --format %(refname)%00%(objectname)%00%(*objectname) [2ms]
2025-05-28 18:37:06.736 [info] > git status -z -uall [73ms]
2025-05-28 18:37:09.242 [info] > git check-ignore -v -z --stdin [7ms]
2025-05-28 18:37:15.180 [info] > git config --get commit.template [1ms]
2025-05-28 18:37:15.185 [info] > git for-each-ref --format=%(refname)%00%(upstream:short)%00%(objectname)%00%(upstream:track)%00%(upstream:remotename)%00%(upstream:remoteref) refs/heads/main refs/remotes/main [2ms]
2025-05-28 18:37:15.194 [info] > git for-each-ref --sort -committerdate --format %(refname)%00%(objectname)%00%(*objectname) [3ms]
2025-05-28 18:37:15.265 [info] > git status -z -uall [77ms]
2025-05-28 18:37:20.275 [info] > git config --get commit.template [4ms]
2025-05-28 18:37:20.276 [info] > git for-each-ref --format=%(refname)%00%(upstream:short)%00%(objectname)%00%(upstream:track)%00%(upstream:remotename)%00%(upstream:remoteref) refs/heads/main refs/remotes/main [2ms]
2025-05-28 18:37:20.284 [info] > git for-each-ref --sort -committerdate --format %(refname)%00%(objectname)%00%(*objectname) [1ms]
2025-05-28 18:37:20.357 [info] > git status -z -uall [78ms]
2025-05-28 18:37:24.325 [info] > git blame --root --incremental f9241ce4097521ebd4337364638b37d96b99d2c2 -- shop/management/commands/fetch_and_register_minetti.py [28ms]
2025-05-28 18:37:25.367 [info] > git config --get commit.template [3ms]
2025-05-28 18:37:25.368 [info] > git for-each-ref --format=%(refname)%00%(upstream:short)%00%(objectname)%00%(upstream:track)%00%(upstream:remotename)%00%(upstream:remoteref) refs/heads/main refs/remotes/main [1ms]
2025-05-28 18:37:25.375 [info] > git for-each-ref --sort -committerdate --format %(refname)%00%(objectname)%00%(*objectname) [2ms]
2025-05-28 18:37:25.449 [info] > git status -z -uall [78ms]
2025-05-28 18:37:30.458 [info] > git config --get commit.template [3ms]
2025-05-28 18:37:30.460 [info] > git for-each-ref --format=%(refname)%00%(upstream:short)%00%(objectname)%00%(upstream:track)%00%(upstream:remotename)%00%(upstream:remoteref) refs/heads/main refs/remotes/main [1ms]
2025-05-28 18:37:30.467 [info] > git for-each-ref --sort -committerdate --format %(refname)%00%(objectname)%00%(*objectname) [1ms]
2025-05-28 18:37:30.539 [info] > git status -z -uall [76ms]
2025-05-28 18:37:32.377 [info] > git ls-files --stage -- shop/api/atelier/__init__.py [4ms]
2025-05-28 18:37:32.384 [info] > git show --textconv :shop/api/atelier/__init__.py [14ms]
2025-05-28 18:37:32.384 [info] > git cat-file -s e69de29bb2d1d6434b8b29ae775ad8c2e48c5391 [4ms]
2025-05-28 18:37:33.266 [info] > git check-ignore -v -z --stdin [6ms]
2025-05-28 18:37:34.837 [info] > git ls-files --stage -- shop/api/atelier/minetti/fetch_prices.py [5ms]
2025-05-28 18:37:34.843 [info] > git cat-file -s 15a8c62fede2c1a4dcf4946893d7d8940f1419da [3ms]
2025-05-28 18:37:34.844 [info] > git show --textconv :shop/api/atelier/minetti/fetch_prices.py [15ms]
2025-05-28 18:37:35.550 [info] > git config --get commit.template [4ms]
2025-05-28 18:37:35.551 [info] > git for-each-ref --format=%(refname)%00%(upstream:short)%00%(objectname)%00%(upstream:track)%00%(upstream:remotename)%00%(upstream:remoteref) refs/heads/main refs/remotes/main [2ms]
2025-05-28 18:37:35.558 [info] > git for-each-ref --sort -committerdate --format %(refname)%00%(objectname)%00%(*objectname) [1ms]
2025-05-28 18:37:35.637 [info] > git status -z -uall [83ms]
2025-05-28 18:37:35.661 [info] > git ls-files --stage -- shop/api/atelier/minetti/fetch_goods_list.py [4ms]
2025-05-28 18:37:35.667 [info] > git cat-file -s d8793e1f84c2b5c28fdc9aa6c7b0a0d0bdfd9c86 [4ms]
2025-05-28 18:37:35.667 [info] > git show --textconv :shop/api/atelier/minetti/fetch_goods_list.py [13ms]
2025-05-28 18:37:40.648 [info] > git config --get commit.template [3ms]
2025-05-28 18:37:40.649 [info] > git for-each-ref --format=%(refname)%00%(upstream:short)%00%(objectname)%00%(upstream:track)%00%(upstream:remotename)%00%(upstream:remoteref) refs/heads/main refs/remotes/main [2ms]
2025-05-28 18:37:40.656 [info] > git for-each-ref --sort -committerdate --format %(refname)%00%(objectname)%00%(*objectname) [2ms]
2025-05-28 18:37:40.725 [info] > git status -z -uall [73ms]
2025-05-28 18:37:41.137 [info] > git blame --root --incremental f9241ce4097521ebd4337364638b37d96b99d2c2 -- shop/api/atelier/minetti/fetch_goods_list.py [2ms]
2025-05-28 18:37:45.734 [info] > git config --get commit.template [3ms]
2025-05-28 18:37:45.735 [info] > git for-each-ref --format=%(refname)%00%(upstream:short)%00%(objectname)%00%(upstream:track)%00%(upstream:remotename)%00%(upstream:remoteref) refs/heads/main refs/remotes/main [2ms]
2025-05-28 18:37:45.741 [info] > git for-each-ref --sort -committerdate --format %(refname)%00%(objectname)%00%(*objectname) [2ms]
2025-05-28 18:37:45.811 [info] > git status -z -uall [74ms]
2025-05-28 18:37:50.823 [info] > git config --get commit.template [4ms]
2025-05-28 18:37:50.824 [info] > git for-each-ref --format=%(refname)%00%(upstream:short)%00%(objectname)%00%(upstream:track)%00%(upstream:remotename)%00%(upstream:remoteref) refs/heads/main refs/remotes/main [2ms]
2025-05-28 18:37:50.831 [info] > git for-each-ref --sort -committerdate --format %(refname)%00%(objectname)%00%(*objectname) [2ms]
2025-05-28 18:37:50.902 [info] > git status -z -uall [75ms]
2025-05-28 18:37:55.913 [info] > git config --get commit.template [4ms]
2025-05-28 18:37:55.914 [info] > git for-each-ref --format=%(refname)%00%(upstream:short)%00%(objectname)%00%(upstream:track)%00%(upstream:remotename)%00%(upstream:remoteref) refs/heads/main refs/remotes/main [2ms]
2025-05-28 18:37:55.920 [info] > git for-each-ref --sort -committerdate --format %(refname)%00%(objectname)%00%(*objectname) [1ms]
2025-05-28 18:37:55.992 [info] > git status -z -uall [75ms]
2025-05-28 18:38:01.001 [info] > git config --get commit.template [3ms]
2025-05-28 18:38:01.002 [info] > git for-each-ref --format=%(refname)%00%(upstream:short)%00%(objectname)%00%(upstream:track)%00%(upstream:remotename)%00%(upstream:remoteref) refs/heads/main refs/remotes/main [1ms]
2025-05-28 18:38:01.010 [info] > git for-each-ref --sort -committerdate --format %(refname)%00%(objectname)%00%(*objectname) [3ms]
2025-05-28 18:38:01.080 [info] > git status -z -uall [75ms]
2025-05-28 18:38:06.093 [info] > git config --get commit.template [6ms]
2025-05-28 18:38:06.093 [info] > git for-each-ref --format=%(refname)%00%(upstream:short)%00%(objectname)%00%(upstream:track)%00%(upstream:remotename)%00%(upstream:remoteref) refs/heads/main refs/remotes/main [1ms]
2025-05-28 18:38:06.102 [info] > git for-each-ref --sort -committerdate --format %(refname)%00%(objectname)%00%(*objectname) [0ms]
2025-05-28 18:38:06.177 [info] > git status -z -uall [81ms]
2025-05-28 18:38:11.184 [info] > git config --get commit.template [1ms]
2025-05-28 18:38:11.188 [info] > git for-each-ref --format=%(refname)%00%(upstream:short)%00%(objectname)%00%(upstream:track)%00%(upstream:remotename)%00%(upstream:remoteref) refs/heads/main refs/remotes/main [1ms]
2025-05-28 18:38:11.195 [info] > git for-each-ref --sort -committerdate --format %(refname)%00%(objectname)%00%(*objectname) [2ms]
2025-05-28 18:38:11.265 [info] > git status -z -uall [74ms]
2025-05-28 18:38:16.273 [info] > git config --get commit.template [2ms]
2025-05-28 18:38:16.278 [info] > git for-each-ref --format=%(refname)%00%(upstream:short)%00%(objectname)%00%(upstream:track)%00%(upstream:remotename)%00%(upstream:remoteref) refs/heads/main refs/remotes/main [1ms]
2025-05-28 18:38:16.299 [info] > git for-each-ref --sort -committerdate --format %(refname)%00%(objectname)%00%(*objectname) [15ms]
2025-05-28 18:38:16.357 [info] > git status -z -uall [77ms]
2025-05-28 18:38:50.323 [info] > git config --get commit.template [3ms]
2025-05-28 18:38:50.324 [info] > git for-each-ref --format=%(refname)%00%(upstream:short)%00%(objectname)%00%(upstream:track)%00%(upstream:remotename)%00%(upstream:remoteref) refs/heads/main refs/remotes/main [1ms]
2025-05-28 18:38:50.332 [info] > git for-each-ref --sort -committerdate --format %(refname)%00%(objectname)%00%(*objectname) [2ms]
2025-05-28 18:38:50.404 [info] > git status -z -uall [77ms]
2025-05-28 18:38:55.413 [info] > git config --get commit.template [2ms]
2025-05-28 18:38:55.417 [info] > git for-each-ref --format=%(refname)%00%(upstream:short)%00%(objectname)%00%(upstream:track)%00%(upstream:remotename)%00%(upstream:remoteref) refs/heads/main refs/remotes/main [2ms]
2025-05-28 18:38:55.424 [info] > git for-each-ref --sort -committerdate --format %(refname)%00%(objectname)%00%(*objectname) [1ms]
2025-05-28 18:38:55.493 [info] > git status -z -uall [74ms]
2025-05-28 18:39:00.503 [info] > git config --get commit.template [2ms]
2025-05-28 18:39:00.510 [info] > git for-each-ref --format=%(refname)%00%(upstream:short)%00%(objectname)%00%(upstream:track)%00%(upstream:remotename)%00%(upstream:remoteref) refs/heads/main refs/remotes/main [1ms]
2025-05-28 18:39:00.519 [info] > git for-each-ref --sort -committerdate --format %(refname)%00%(objectname)%00%(*objectname) [1ms]
2025-05-28 18:39:00.586 [info] > git status -z -uall [72ms]
2025-05-28 18:39:05.596 [info] > git config --get commit.template [4ms]
2025-05-28 18:39:05.597 [info] > git for-each-ref --format=%(refname)%00%(upstream:short)%00%(objectname)%00%(upstream:track)%00%(upstream:remotename)%00%(upstream:remoteref) refs/heads/main refs/remotes/main [2ms]
2025-05-28 18:39:05.604 [info] > git for-each-ref --sort -committerdate --format %(refname)%00%(objectname)%00%(*objectname) [1ms]
2025-05-28 18:39:05.676 [info] > git status -z -uall [76ms]
2025-05-28 18:39:10.686 [info] > git config --get commit.template [2ms]
2025-05-28 18:39:10.690 [info] > git for-each-ref --format=%(refname)%00%(upstream:short)%00%(objectname)%00%(upstream:track)%00%(upstream:remotename)%00%(upstream:remoteref) refs/heads/main refs/remotes/main [2ms]
2025-05-28 18:39:10.698 [info] > git for-each-ref --sort -committerdate --format %(refname)%00%(objectname)%00%(*objectname) [1ms]
2025-05-28 18:39:10.765 [info] > git status -z -uall [72ms]
2025-05-28 18:39:15.775 [info] > git config --get commit.template [3ms]
2025-05-28 18:39:15.776 [info] > git for-each-ref --format=%(refname)%00%(upstream:short)%00%(objectname)%00%(upstream:track)%00%(upstream:remotename)%00%(upstream:remoteref) refs/heads/main refs/remotes/main [2ms]
2025-05-28 18:39:15.783 [info] > git for-each-ref --sort -committerdate --format %(refname)%00%(objectname)%00%(*objectname) [2ms]
2025-05-28 18:39:15.854 [info] > git status -z -uall [76ms]
2025-05-28 18:39:21.961 [info] > git config --get commit.template [2ms]
2025-05-28 18:39:21.961 [info] > git for-each-ref --format=%(refname)%00%(upstream:short)%00%(objectname)%00%(upstream:track)%00%(upstream:remotename)%00%(upstream:remoteref) refs/heads/main refs/remotes/main [1ms]
2025-05-28 18:39:21.971 [info] > git for-each-ref --sort -committerdate --format %(refname)%00%(objectname)%00%(*objectname) [4ms]
2025-05-28 18:39:22.073 [info] > git status -z -uall [109ms]
2025-05-28 18:39:27.083 [info] > git config --get commit.template [4ms]
2025-05-28 18:39:27.083 [info] > git for-each-ref --format=%(refname)%00%(upstream:short)%00%(objectname)%00%(upstream:track)%00%(upstream:remotename)%00%(upstream:remoteref) refs/heads/main refs/remotes/main [1ms]
2025-05-28 18:39:27.090 [info] > git for-each-ref --sort -committerdate --format %(refname)%00%(objectname)%00%(*objectname) [1ms]
2025-05-28 18:39:27.163 [info] > git status -z -uall [76ms]
2025-05-28 18:39:32.175 [info] > git config --get commit.template [5ms]
2025-05-28 18:39:32.175 [info] > git for-each-ref --format=%(refname)%00%(upstream:short)%00%(objectname)%00%(upstream:track)%00%(upstream:remotename)%00%(upstream:remoteref) refs/heads/main refs/remotes/main [1ms]
2025-05-28 18:39:32.196 [info] > git for-each-ref --sort -committerdate --format %(refname)%00%(objectname)%00%(*objectname) [14ms]
2025-05-28 18:39:32.257 [info] > git status -z -uall [78ms]
2025-05-28 18:39:37.269 [info] > git config --get commit.template [5ms]
2025-05-28 18:39:37.270 [info] > git for-each-ref --format=%(refname)%00%(upstream:short)%00%(objectname)%00%(upstream:track)%00%(upstream:remotename)%00%(upstream:remoteref) refs/heads/main refs/remotes/main [3ms]
2025-05-28 18:39:37.278 [info] > git for-each-ref --sort -committerdate --format %(refname)%00%(objectname)%00%(*objectname) [2ms]
2025-05-28 18:39:37.344 [info] > git status -z -uall [71ms]
2025-05-28 18:39:42.352 [info] > git config --get commit.template [2ms]
2025-05-28 18:39:42.356 [info] > git for-each-ref --format=%(refname)%00%(upstream:short)%00%(objectname)%00%(upstream:track)%00%(upstream:remotename)%00%(upstream:remoteref) refs/heads/main refs/remotes/main [2ms]
2025-05-28 18:39:42.363 [info] > git for-each-ref --sort -committerdate --format %(refname)%00%(objectname)%00%(*objectname) [1ms]
2025-05-28 18:39:42.429 [info] > git status -z -uall [70ms]
2025-05-28 18:39:47.440 [info] > git config --get commit.template [4ms]
2025-05-28 18:39:47.441 [info] > git for-each-ref --format=%(refname)%00%(upstream:short)%00%(objectname)%00%(upstream:track)%00%(upstream:remotename)%00%(upstream:remoteref) refs/heads/main refs/remotes/main [1ms]
2025-05-28 18:39:47.450 [info] > git for-each-ref --sort -committerdate --format %(refname)%00%(objectname)%00%(*objectname) [0ms]
2025-05-28 18:39:47.519 [info] > git status -z -uall [74ms]
2025-05-28 18:39:52.526 [info] > git config --get commit.template [1ms]
2025-05-28 18:39:52.530 [info] > git for-each-ref --format=%(refname)%00%(upstream:short)%00%(objectname)%00%(upstream:track)%00%(upstream:remotename)%00%(upstream:remoteref) refs/heads/main refs/remotes/main [2ms]
2025-05-28 18:39:52.537 [info] > git for-each-ref --sort -committerdate --format %(refname)%00%(objectname)%00%(*objectname) [2ms]
2025-05-28 18:39:52.607 [info] > git status -z -uall [74ms]
2025-05-28 18:39:57.615 [info] > git config --get commit.template [3ms]
2025-05-28 18:39:57.616 [info] > git for-each-ref --format=%(refname)%00%(upstream:short)%00%(objectname)%00%(upstream:track)%00%(upstream:remotename)%00%(upstream:remoteref) refs/heads/main refs/remotes/main [1ms]
2025-05-28 18:39:57.623 [info] > git for-each-ref --sort -committerdate --format %(refname)%00%(objectname)%00%(*objectname) [2ms]
2025-05-28 18:39:57.692 [info] > git status -z -uall [73ms]
2025-05-28 18:40:02.700 [info] > git config --get commit.template [1ms]
2025-05-28 18:40:02.704 [info] > git for-each-ref --format=%(refname)%00%(upstream:short)%00%(objectname)%00%(upstream:track)%00%(upstream:remotename)%00%(upstream:remoteref) refs/heads/main refs/remotes/main [2ms]
2025-05-28 18:40:02.714 [info] > git for-each-ref --sort -committerdate --format %(refname)%00%(objectname)%00%(*objectname) [1ms]
2025-05-28 18:40:02.792 [info] > git status -z -uall [85ms]
2025-05-28 18:40:07.798 [info] > git config --get commit.template [1ms]
2025-05-28 18:40:07.802 [info] > git for-each-ref --format=%(refname)%00%(upstream:short)%00%(objectname)%00%(upstream:track)%00%(upstream:remotename)%00%(upstream:remoteref) refs/heads/main refs/remotes/main [1ms]
2025-05-28 18:40:07.809 [info] > git for-each-ref --sort -committerdate --format %(refname)%00%(objectname)%00%(*objectname) [2ms]
2025-05-28 18:40:07.877 [info] > git status -z -uall [73ms]
2025-05-28 18:40:12.885 [info] > git config --get commit.template [3ms]
2025-05-28 18:40:12.887 [info] > git for-each-ref --format=%(refname)%00%(upstream:short)%00%(objectname)%00%(upstream:track)%00%(upstream:remotename)%00%(upstream:remoteref) refs/heads/main refs/remotes/main [2ms]
2025-05-28 18:40:12.894 [info] > git for-each-ref --sort -committerdate --format %(refname)%00%(objectname)%00%(*objectname) [2ms]
2025-05-28 18:40:12.965 [info] > git status -z -uall [76ms]
2025-05-28 18:40:17.974 [info] > git config --get commit.template [1ms]
2025-05-28 18:40:17.978 [info] > git for-each-ref --format=%(refname)%00%(upstream:short)%00%(objectname)%00%(upstream:track)%00%(upstream:remotename)%00%(upstream:remoteref) refs/heads/main refs/remotes/main [1ms]
2025-05-28 18:40:17.985 [info] > git for-each-ref --sort -committerdate --format %(refname)%00%(objectname)%00%(*objectname) [1ms]
2025-05-28 18:40:18.055 [info] > git status -z -uall [74ms]
2025-05-28 18:42:55.726 [info] > git config --get commit.template [3ms]
2025-05-28 18:42:55.727 [info] > git for-each-ref --format=%(refname)%00%(upstream:short)%00%(objectname)%00%(upstream:track)%00%(upstream:remotename)%00%(upstream:remoteref) refs/heads/main refs/remotes/main [1ms]
2025-05-28 18:42:55.735 [info] > git for-each-ref --sort -committerdate --format %(refname)%00%(objectname)%00%(*objectname) [1ms]
2025-05-28 18:42:55.810 [info] > git status -z -uall [78ms]
2025-05-28 18:43:00.819 [info] > git config --get commit.template [3ms]
2025-05-28 18:43:00.820 [info] > git for-each-ref --format=%(refname)%00%(upstream:short)%00%(objectname)%00%(upstream:track)%00%(upstream:remotename)%00%(upstream:remoteref) refs/heads/main refs/remotes/main [2ms]
2025-05-28 18:43:00.827 [info] > git for-each-ref --sort -committerdate --format %(refname)%00%(objectname)%00%(*objectname) [2ms]
2025-05-28 18:43:00.896 [info] > git status -z -uall [73ms]
2025-05-28 18:44:29.711 [info] > git config --get commit.template [4ms]
2025-05-28 18:44:29.712 [info] > git for-each-ref --format=%(refname)%00%(upstream:short)%00%(objectname)%00%(upstream:track)%00%(upstream:remotename)%00%(upstream:remoteref) refs/heads/main refs/remotes/main [2ms]
2025-05-28 18:44:29.719 [info] > git for-each-ref --sort -committerdate --format %(refname)%00%(objectname)%00%(*objectname) [1ms]
2025-05-28 18:44:29.799 [info] > git status -z -uall [84ms]
2025-05-28 18:44:55.509 [info] > git config --get commit.template [1ms]
2025-05-28 18:44:55.513 [info] > git for-each-ref --format=%(refname)%00%(upstream:short)%00%(objectname)%00%(upstream:track)%00%(upstream:remotename)%00%(upstream:remoteref) refs/heads/main refs/remotes/main [2ms]
2025-05-28 18:44:55.523 [info] > git for-each-ref --sort -committerdate --format %(refname)%00%(objectname)%00%(*objectname) [3ms]
2025-05-28 18:44:55.594 [info] > git status -z -uall [77ms]
2025-05-28 18:45:00.606 [info] > git config --get commit.template [4ms]
2025-05-28 18:45:00.607 [info] > git for-each-ref --format=%(refname)%00%(upstream:short)%00%(objectname)%00%(upstream:track)%00%(upstream:remotename)%00%(upstream:remoteref) refs/heads/main refs/remotes/main [2ms]
2025-05-28 18:45:00.615 [info] > git for-each-ref --sort -committerdate --format %(refname)%00%(objectname)%00%(*objectname) [1ms]
2025-05-28 18:45:00.685 [info] > git status -z -uall [75ms]
2025-05-28 18:45:05.694 [info] > git config --get commit.template [2ms]
2025-05-28 18:45:05.694 [info] > git for-each-ref --format=%(refname)%00%(upstream:short)%00%(objectname)%00%(upstream:track)%00%(upstream:remotename)%00%(upstream:remoteref) refs/heads/main refs/remotes/main [1ms]
2025-05-28 18:45:05.703 [info] > git for-each-ref --sort -committerdate --format %(refname)%00%(objectname)%00%(*objectname) [2ms]
2025-05-28 18:45:05.771 [info] > git status -z -uall [74ms]
2025-05-28 18:45:10.780 [info] > git config --get commit.template [2ms]
2025-05-28 18:45:10.784 [info] > git for-each-ref --format=%(refname)%00%(upstream:short)%00%(objectname)%00%(upstream:track)%00%(upstream:remotename)%00%(upstream:remoteref) refs/heads/main refs/remotes/main [2ms]
2025-05-28 18:45:10.790 [info] > git for-each-ref --sort -committerdate --format %(refname)%00%(objectname)%00%(*objectname) [1ms]
2025-05-28 18:45:10.861 [info] > git status -z -uall [75ms]
2025-05-28 18:45:48.325 [info] > git config --get commit.template [4ms]
2025-05-28 18:45:48.326 [info] > git for-each-ref --format=%(refname)%00%(upstream:short)%00%(objectname)%00%(upstream:track)%00%(upstream:remotename)%00%(upstream:remoteref) refs/heads/main refs/remotes/main [2ms]
2025-05-28 18:45:48.334 [info] > git for-each-ref --sort -committerdate --format %(refname)%00%(objectname)%00%(*objectname) [2ms]
2025-05-28 18:45:48.406 [info] > git status -z -uall [78ms]
2025-05-28 18:45:48.784 [info] > git show --textconv :shop/management/commands/fetch_and_register_bini.py [36ms]
2025-05-28 18:45:48.784 [info] > git ls-files --stage -- shop/management/commands/fetch_and_register_bini.py [33ms]
2025-05-28 18:45:48.789 [info] > git cat-file -s 20d257244830878bbf86ee9dfd06a233132b5b57 [1ms]
2025-05-28 18:45:53.415 [info] > git config --get commit.template [2ms]
2025-05-28 18:45:53.416 [info] > git for-each-ref --format=%(refname)%00%(upstream:short)%00%(objectname)%00%(upstream:track)%00%(upstream:remotename)%00%(upstream:remoteref) refs/heads/main refs/remotes/main [2ms]
2025-05-28 18:45:53.435 [info] > git for-each-ref --sort -committerdate --format %(refname)%00%(objectname)%00%(*objectname) [13ms]
2025-05-28 18:45:53.493 [info] > git status -z -uall [74ms]
2025-05-28 18:45:54.081 [info] > git check-ignore -v -z --stdin [5ms]
2025-05-28 18:45:55.597 [info] > git check-ignore -v -z --stdin [8ms]
2025-05-28 18:45:58.502 [info] > git config --get commit.template [2ms]
2025-05-28 18:45:58.506 [info] > git for-each-ref --format=%(refname)%00%(upstream:short)%00%(objectname)%00%(upstream:track)%00%(upstream:remotename)%00%(upstream:remoteref) refs/heads/main refs/remotes/main [2ms]
2025-05-28 18:45:58.513 [info] > git for-each-ref --sort -committerdate --format %(refname)%00%(objectname)%00%(*objectname) [2ms]
2025-05-28 18:45:58.580 [info] > git status -z -uall [71ms]
2025-05-28 18:46:30.571 [info] > git blame --root --incremental f9241ce4097521ebd4337364638b37d96b99d2c2 -- shop/management/commands/fetch_and_register_bini.py [4ms]
2025-05-28 18:46:30.574 [info] > git config --get commit.template [4ms]
2025-05-28 18:46:30.578 [info] > git for-each-ref --format=%(refname)%00%(upstream:short)%00%(objectname)%00%(upstream:track)%00%(upstream:remotename)%00%(upstream:remoteref) refs/heads/main refs/remotes/main [2ms]
2025-05-28 18:46:30.587 [info] > git for-each-ref --sort -committerdate --format %(refname)%00%(objectname)%00%(*objectname) [2ms]
2025-05-28 18:46:30.661 [info] > git status -z -uall [79ms]
2025-05-28 18:46:35.672 [info] > git config --get commit.template [4ms]
2025-05-28 18:46:35.672 [info] > git for-each-ref --format=%(refname)%00%(upstream:short)%00%(objectname)%00%(upstream:track)%00%(upstream:remotename)%00%(upstream:remoteref) refs/heads/main refs/remotes/main [2ms]
2025-05-28 18:46:35.680 [info] > git for-each-ref --sort -committerdate --format %(refname)%00%(objectname)%00%(*objectname) [1ms]
2025-05-28 18:46:35.752 [info] > git status -z -uall [76ms]
2025-05-28 18:46:40.768 [info] > git config --get commit.template [1ms]
2025-05-28 18:46:40.772 [info] > git for-each-ref --format=%(refname)%00%(upstream:short)%00%(objectname)%00%(upstream:track)%00%(upstream:remotename)%00%(upstream:remoteref) refs/heads/main refs/remotes/main [1ms]
2025-05-28 18:46:40.813 [info] > git for-each-ref --sort -committerdate --format %(refname)%00%(objectname)%00%(*objectname) [13ms]
2025-05-28 18:46:40.876 [info] > git status -z -uall [101ms]
2025-05-28 18:46:45.889 [info] > git config --get commit.template [5ms]
2025-05-28 18:46:45.889 [info] > git for-each-ref --format=%(refname)%00%(upstream:short)%00%(objectname)%00%(upstream:track)%00%(upstream:remotename)%00%(upstream:remoteref) refs/heads/main refs/remotes/main [2ms]
2025-05-28 18:46:45.898 [info] > git for-each-ref --sort -committerdate --format %(refname)%00%(objectname)%00%(*objectname) [2ms]
2025-05-28 18:46:45.965 [info] > git status -z -uall [73ms]
2025-05-28 18:46:50.978 [info] > git config --get commit.template [3ms]
2025-05-28 18:46:50.979 [info] > git for-each-ref --format=%(refname)%00%(upstream:short)%00%(objectname)%00%(upstream:track)%00%(upstream:remotename)%00%(upstream:remoteref) refs/heads/main refs/remotes/main [1ms]
2025-05-28 18:46:50.986 [info] > git for-each-ref --sort -committerdate --format %(refname)%00%(objectname)%00%(*objectname) [2ms]
2025-05-28 18:46:51.053 [info] > git status -z -uall [71ms]
2025-05-28 18:46:57.118 [info] > git config --get commit.template [2ms]
2025-05-28 18:46:57.122 [info] > git for-each-ref --format=%(refname)%00%(upstream:short)%00%(objectname)%00%(upstream:track)%00%(upstream:remotename)%00%(upstream:remoteref) refs/heads/main refs/remotes/main [2ms]
2025-05-28 18:46:57.131 [info] > git for-each-ref --sort -committerdate --format %(refname)%00%(objectname)%00%(*objectname) [1ms]
2025-05-28 18:46:57.202 [info] > git status -z -uall [77ms]
2025-05-28 18:47:30.885 [info] > git config --get commit.template [1ms]
2025-05-28 18:47:30.889 [info] > git for-each-ref --format=%(refname)%00%(upstream:short)%00%(objectname)%00%(upstream:track)%00%(upstream:remotename)%00%(upstream:remoteref) refs/heads/main refs/remotes/main [1ms]
2025-05-28 18:47:30.897 [info] > git for-each-ref --sort -committerdate --format %(refname)%00%(objectname)%00%(*objectname) [1ms]
2025-05-28 18:47:30.967 [info] > git status -z -uall [75ms]
2025-05-28 18:47:35.986 [info] > git config --get commit.template [4ms]
2025-05-28 18:47:35.987 [info] > git for-each-ref --format=%(refname)%00%(upstream:short)%00%(objectname)%00%(upstream:track)%00%(upstream:remotename)%00%(upstream:remoteref) refs/heads/main refs/remotes/main [1ms]
2025-05-28 18:47:35.996 [info] > git for-each-ref --sort -committerdate --format %(refname)%00%(objectname)%00%(*objectname) [1ms]
2025-05-28 18:47:36.067 [info] > git status -z -uall [75ms]
2025-05-28 18:47:41.076 [info] > git config --get commit.template [3ms]
2025-05-28 18:47:41.077 [info] > git for-each-ref --format=%(refname)%00%(upstream:short)%00%(objectname)%00%(upstream:track)%00%(upstream:remotename)%00%(upstream:remoteref) refs/heads/main refs/remotes/main [1ms]
2025-05-28 18:47:41.085 [info] > git for-each-ref --sort -committerdate --format %(refname)%00%(objectname)%00%(*objectname) [2ms]
2025-05-28 18:47:41.159 [info] > git status -z -uall [79ms]
2025-05-28 18:47:46.169 [info] > git config --get commit.template [4ms]
2025-05-28 18:47:46.169 [info] > git for-each-ref --format=%(refname)%00%(upstream:short)%00%(objectname)%00%(upstream:track)%00%(upstream:remotename)%00%(upstream:remoteref) refs/heads/main refs/remotes/main [1ms]
2025-05-28 18:47:46.177 [info] > git for-each-ref --sort -committerdate --format %(refname)%00%(objectname)%00%(*objectname) [2ms]
2025-05-28 18:47:46.245 [info] > git status -z -uall [72ms]
2025-05-28 18:47:51.259 [info] > git for-each-ref --format=%(refname)%00%(upstream:short)%00%(objectname)%00%(upstream:track)%00%(upstream:remotename)%00%(upstream:remoteref) refs/heads/main refs/remotes/main [1ms]
2025-05-28 18:47:51.260 [info] > git config --get commit.template [5ms]
2025-05-28 18:47:51.267 [info] > git for-each-ref --sort -committerdate --format %(refname)%00%(objectname)%00%(*objectname) [2ms]
2025-05-28 18:47:51.341 [info] > git status -z -uall [78ms]
2025-05-28 18:47:52.332 [info] > git check-ignore -v -z --stdin [11ms]
2025-05-28 18:47:55.675 [info] > git show --textconv :shop/api/atelier/bini/convert_bini_products.py [11ms]
2025-05-28 18:47:55.678 [info] > git ls-files --stage -- shop/api/atelier/bini/convert_bini_products.py [7ms]
2025-05-28 18:47:55.683 [info] > git cat-file -s 0367311aaf2b50afd024fb39c3d1a3f931116eb0 [2ms]
2025-05-28 18:47:56.350 [info] > git config --get commit.template [3ms]
2025-05-28 18:47:56.351 [info] > git for-each-ref --format=%(refname)%00%(upstream:short)%00%(objectname)%00%(upstream:track)%00%(upstream:remotename)%00%(upstream:remoteref) refs/heads/main refs/remotes/main [2ms]
2025-05-28 18:47:56.359 [info] > git for-each-ref --sort -committerdate --format %(refname)%00%(objectname)%00%(*objectname) [2ms]
2025-05-28 18:47:56.637 [info] > git status -z -uall [282ms]
2025-05-28 18:48:01.645 [info] > git config --get commit.template [3ms]
2025-05-28 18:48:01.649 [info] > git for-each-ref --format=%(refname)%00%(upstream:short)%00%(objectname)%00%(upstream:track)%00%(upstream:remotename)%00%(upstream:remoteref) refs/heads/main refs/remotes/main [2ms]
2025-05-28 18:48:01.655 [info] > git for-each-ref --sort -committerdate --format %(refname)%00%(objectname)%00%(*objectname) [1ms]
2025-05-28 18:48:01.754 [info] > git status -z -uall [102ms]
2025-05-28 18:48:06.762 [info] > git config --get commit.template [3ms]
2025-05-28 18:48:06.763 [info] > git for-each-ref --format=%(refname)%00%(upstream:short)%00%(objectname)%00%(upstream:track)%00%(upstream:remotename)%00%(upstream:remoteref) refs/heads/main refs/remotes/main [1ms]
2025-05-28 18:48:06.770 [info] > git for-each-ref --sort -committerdate --format %(refname)%00%(objectname)%00%(*objectname) [1ms]
2025-05-28 18:48:06.836 [info] > git status -z -uall [70ms]
2025-05-28 18:48:11.846 [info] > git config --get commit.template [3ms]
2025-05-28 18:48:11.847 [info] > git for-each-ref --format=%(refname)%00%(upstream:short)%00%(objectname)%00%(upstream:track)%00%(upstream:remotename)%00%(upstream:remoteref) refs/heads/main refs/remotes/main [1ms]
2025-05-28 18:48:11.858 [info] > git for-each-ref --sort -committerdate --format %(refname)%00%(objectname)%00%(*objectname) [2ms]
2025-05-28 18:48:11.932 [info] > git status -z -uall [79ms]
2025-05-28 18:48:16.941 [info] > git config --get commit.template [3ms]
2025-05-28 18:48:16.942 [info] > git for-each-ref --format=%(refname)%00%(upstream:short)%00%(objectname)%00%(upstream:track)%00%(upstream:remotename)%00%(upstream:remoteref) refs/heads/main refs/remotes/main [2ms]
2025-05-28 18:48:16.949 [info] > git for-each-ref --sort -committerdate --format %(refname)%00%(objectname)%00%(*objectname) [1ms]
2025-05-28 18:48:17.019 [info] > git status -z -uall [74ms]
2025-05-28 18:48:18.313 [info] > git blame --root --incremental f9241ce4097521ebd4337364638b37d96b99d2c2 -- shop/api/atelier/bini/convert_bini_products.py [3ms]
2025-05-28 18:48:22.028 [info] > git config --get commit.template [3ms]
2025-05-28 18:48:22.029 [info] > git for-each-ref --format=%(refname)%00%(upstream:short)%00%(objectname)%00%(upstream:track)%00%(upstream:remotename)%00%(upstream:remoteref) refs/heads/main refs/remotes/main [2ms]
2025-05-28 18:48:22.036 [info] > git for-each-ref --sort -committerdate --format %(refname)%00%(objectname)%00%(*objectname) [2ms]
2025-05-28 18:48:22.107 [info] > git status -z -uall [76ms]
2025-05-28 18:48:27.117 [info] > git config --get commit.template [4ms]
2025-05-28 18:48:27.118 [info] > git for-each-ref --format=%(refname)%00%(upstream:short)%00%(objectname)%00%(upstream:track)%00%(upstream:remotename)%00%(upstream:remoteref) refs/heads/main refs/remotes/main [1ms]
2025-05-28 18:48:27.124 [info] > git for-each-ref --sort -committerdate --format %(refname)%00%(objectname)%00%(*objectname) [1ms]
2025-05-28 18:48:27.195 [info] > git status -z -uall [75ms]
2025-05-28 18:48:32.211 [info] > git config --get commit.template [3ms]
2025-05-28 18:48:32.213 [info] > git for-each-ref --format=%(refname)%00%(upstream:short)%00%(objectname)%00%(upstream:track)%00%(upstream:remotename)%00%(upstream:remoteref) refs/heads/main refs/remotes/main [2ms]
2025-05-28 18:48:32.220 [info] > git for-each-ref --sort -committerdate --format %(refname)%00%(objectname)%00%(*objectname) [2ms]
2025-05-28 18:48:32.406 [info] > git status -z -uall [190ms]
2025-05-28 18:48:37.414 [info] > git config --get commit.template [3ms]
2025-05-28 18:48:37.419 [info] > git for-each-ref --format=%(refname)%00%(upstream:short)%00%(objectname)%00%(upstream:track)%00%(upstream:remotename)%00%(upstream:remoteref) refs/heads/main refs/remotes/main [1ms]
2025-05-28 18:48:37.426 [info] > git for-each-ref --sort -committerdate --format %(refname)%00%(objectname)%00%(*objectname) [2ms]
2025-05-28 18:48:37.492 [info] > git status -z -uall [71ms]
2025-05-28 18:48:42.501 [info] > git config --get commit.template [3ms]
2025-05-28 18:48:42.502 [info] > git for-each-ref --format=%(refname)%00%(upstream:short)%00%(objectname)%00%(upstream:track)%00%(upstream:remotename)%00%(upstream:remoteref) refs/heads/main refs/remotes/main [2ms]
2025-05-28 18:48:42.509 [info] > git for-each-ref --sort -committerdate --format %(refname)%00%(objectname)%00%(*objectname) [2ms]
2025-05-28 18:48:42.582 [info] > git status -z -uall [77ms]
2025-05-28 18:48:47.590 [info] > git config --get commit.template [2ms]
2025-05-28 18:48:47.594 [info] > git for-each-ref --format=%(refname)%00%(upstream:short)%00%(objectname)%00%(upstream:track)%00%(upstream:remotename)%00%(upstream:remoteref) refs/heads/main refs/remotes/main [2ms]
2025-05-28 18:48:47.602 [info] > git for-each-ref --sort -committerdate --format %(refname)%00%(objectname)%00%(*objectname) [1ms]
2025-05-28 18:48:47.674 [info] > git status -z -uall [77ms]
2025-05-28 18:48:52.684 [info] > git config --get commit.template [4ms]
2025-05-28 18:48:52.685 [info] > git for-each-ref --format=%(refname)%00%(upstream:short)%00%(objectname)%00%(upstream:track)%00%(upstream:remotename)%00%(upstream:remoteref) refs/heads/main refs/remotes/main [2ms]
2025-05-28 18:48:52.692 [info] > git for-each-ref --sort -committerdate --format %(refname)%00%(objectname)%00%(*objectname) [1ms]
2025-05-28 18:48:52.761 [info] > git status -z -uall [73ms]
2025-05-28 18:48:57.771 [info] > git config --get commit.template [3ms]
2025-05-28 18:48:57.772 [info] > git for-each-ref --format=%(refname)%00%(upstream:short)%00%(objectname)%00%(upstream:track)%00%(upstream:remotename)%00%(upstream:remoteref) refs/heads/main refs/remotes/main [1ms]
2025-05-28 18:48:57.779 [info] > git for-each-ref --sort -committerdate --format %(refname)%00%(objectname)%00%(*objectname) [2ms]
2025-05-28 18:48:57.844 [info] > git status -z -uall [69ms]
2025-05-28 18:49:02.853 [info] > git config --get commit.template [3ms]
2025-05-28 18:49:02.854 [info] > git for-each-ref --format=%(refname)%00%(upstream:short)%00%(objectname)%00%(upstream:track)%00%(upstream:remotename)%00%(upstream:remoteref) refs/heads/main refs/remotes/main [2ms]
2025-05-28 18:49:02.863 [info] > git for-each-ref --sort -committerdate --format %(refname)%00%(objectname)%00%(*objectname) [2ms]
2025-05-28 18:49:02.937 [info] > git status -z -uall [80ms]
2025-05-28 18:49:07.945 [info] > git config --get commit.template [3ms]
2025-05-28 18:49:07.946 [info] > git for-each-ref --format=%(refname)%00%(upstream:short)%00%(objectname)%00%(upstream:track)%00%(upstream:remotename)%00%(upstream:remoteref) refs/heads/main refs/remotes/main [2ms]
2025-05-28 18:49:07.961 [info] > git for-each-ref --sort -committerdate --format %(refname)%00%(objectname)%00%(*objectname) [9ms]
2025-05-28 18:49:08.023 [info] > git status -z -uall [74ms]
2025-05-28 18:49:09.455 [info] > git show --textconv :shop/api/atelier/minetti/convert_minetti_products.py [5ms]
2025-05-28 18:49:09.456 [info] > git ls-files --stage -- shop/api/atelier/minetti/convert_minetti_products.py [4ms]
2025-05-28 18:49:09.460 [info] > git cat-file -s d56a2558301dada4a19cdda4683483dc6a0883cf [1ms]
2025-05-28 18:49:13.036 [info] > git config --get commit.template [6ms]
2025-05-28 18:49:13.038 [info] > git for-each-ref --format=%(refname)%00%(upstream:short)%00%(objectname)%00%(upstream:track)%00%(upstream:remotename)%00%(upstream:remoteref) refs/heads/main refs/remotes/main [2ms]
2025-05-28 18:49:13.045 [info] > git for-each-ref --sort -committerdate --format %(refname)%00%(objectname)%00%(*objectname) [2ms]
2025-05-28 18:49:13.119 [info] > git status -z -uall [78ms]
2025-05-28 18:49:15.337 [info] > git blame --root --incremental f9241ce4097521ebd4337364638b37d96b99d2c2 -- shop/api/atelier/minetti/convert_minetti_products.py [2ms]
2025-05-28 18:49:18.128 [info] > git config --get commit.template [2ms]
2025-05-28 18:49:18.131 [info] > git for-each-ref --format=%(refname)%00%(upstream:short)%00%(objectname)%00%(upstream:track)%00%(upstream:remotename)%00%(upstream:remoteref) refs/heads/main refs/remotes/main [1ms]
2025-05-28 18:49:18.138 [info] > git for-each-ref --sort -committerdate --format %(refname)%00%(objectname)%00%(*objectname) [1ms]
2025-05-28 18:49:18.205 [info] > git status -z -uall [71ms]
2025-05-28 18:49:19.146 [info] > git check-ignore -v -z --stdin [5ms]
2025-05-28 18:49:23.213 [info] > git config --get commit.template [2ms]
2025-05-28 18:49:23.218 [info] > git for-each-ref --format=%(refname)%00%(upstream:short)%00%(objectname)%00%(upstream:track)%00%(upstream:remotename)%00%(upstream:remoteref) refs/heads/main refs/remotes/main [3ms]
2025-05-28 18:49:23.227 [info] > git for-each-ref --sort -committerdate --format %(refname)%00%(objectname)%00%(*objectname) [1ms]
2025-05-28 18:49:23.301 [info] > git status -z -uall [80ms]
2025-05-28 18:49:28.311 [info] > git config --get commit.template [4ms]
2025-05-28 18:49:28.312 [info] > git for-each-ref --format=%(refname)%00%(upstream:short)%00%(objectname)%00%(upstream:track)%00%(upstream:remotename)%00%(upstream:remoteref) refs/heads/main refs/remotes/main [1ms]
2025-05-28 18:49:28.320 [info] > git for-each-ref --sort -committerdate --format %(refname)%00%(objectname)%00%(*objectname) [1ms]
2025-05-28 18:49:28.392 [info] > git status -z -uall [76ms]
2025-05-28 18:49:33.411 [info] > git config --get commit.template [2ms]
2025-05-28 18:49:33.416 [info] > git for-each-ref --format=%(refname)%00%(upstream:short)%00%(objectname)%00%(upstream:track)%00%(upstream:remotename)%00%(upstream:remoteref) refs/heads/main refs/remotes/main [2ms]
2025-05-28 18:49:33.427 [info] > git for-each-ref --sort -committerdate --format %(refname)%00%(objectname)%00%(*objectname) [1ms]
2025-05-28 18:49:33.501 [info] > git status -z -uall [82ms]
2025-05-28 18:49:38.508 [info] > git config --get commit.template [3ms]
2025-05-28 18:49:38.509 [info] > git for-each-ref --format=%(refname)%00%(upstream:short)%00%(objectname)%00%(upstream:track)%00%(upstream:remotename)%00%(upstream:remoteref) refs/heads/main refs/remotes/main [1ms]
2025-05-28 18:49:38.517 [info] > git for-each-ref --sort -committerdate --format %(refname)%00%(objectname)%00%(*objectname) [2ms]
2025-05-28 18:49:38.586 [info] > git status -z -uall [74ms]
2025-05-28 18:49:46.828 [info] > git for-each-ref --format=%(refname)%00%(upstream:short)%00%(objectname)%00%(upstream:track)%00%(upstream:remotename)%00%(upstream:remoteref) refs/heads/main refs/remotes/main [1ms]
2025-05-28 18:49:46.828 [info] > git config --get commit.template [6ms]
2025-05-28 18:49:46.840 [info] > git for-each-ref --sort -committerdate --format %(refname)%00%(objectname)%00%(*objectname) [3ms]
2025-05-28 18:49:46.928 [info] > git status -z -uall [95ms]
2025-05-28 18:49:51.938 [info] > git config --get commit.template [3ms]
2025-05-28 18:49:51.939 [info] > git for-each-ref --format=%(refname)%00%(upstream:short)%00%(objectname)%00%(upstream:track)%00%(upstream:remotename)%00%(upstream:remoteref) refs/heads/main refs/remotes/main [2ms]
2025-05-28 18:49:51.952 [info] > git for-each-ref --sort -committerdate --format %(refname)%00%(objectname)%00%(*objectname) [1ms]
2025-05-28 18:49:52.028 [info] > git status -z -uall [84ms]
2025-05-28 18:49:57.037 [info] > git config --get commit.template [3ms]
2025-05-28 18:49:57.038 [info] > git for-each-ref --format=%(refname)%00%(upstream:short)%00%(objectname)%00%(upstream:track)%00%(upstream:remotename)%00%(upstream:remoteref) refs/heads/main refs/remotes/main [2ms]
2025-05-28 18:49:57.044 [info] > git for-each-ref --sort -committerdate --format %(refname)%00%(objectname)%00%(*objectname) [1ms]
2025-05-28 18:49:57.110 [info] > git status -z -uall [70ms]
2025-05-28 18:50:02.118 [info] > git config --get commit.template [1ms]
2025-05-28 18:50:02.122 [info] > git for-each-ref --format=%(refname)%00%(upstream:short)%00%(objectname)%00%(upstream:track)%00%(upstream:remotename)%00%(upstream:remoteref) refs/heads/main refs/remotes/main [1ms]
2025-05-28 18:50:02.154 [info] > git for-each-ref --sort -committerdate --format %(refname)%00%(objectname)%00%(*objectname) [0ms]
2025-05-28 18:50:02.224 [info] > git status -z -uall [83ms]
2025-05-28 18:50:02.827 [info] > git ls-files --stage -- shop/api/atelier/bini/fetch_goods_list.py [4ms]
2025-05-28 18:50:02.834 [info] > git cat-file -s b00750852fa6ca52efdcc23b9b52045569837784 [4ms]
2025-05-28 18:50:02.836 [info] > git show --textconv :shop/api/atelier/bini/fetch_goods_list.py [16ms]
2025-05-28 18:50:07.235 [info] > git config --get commit.template [3ms]
2025-05-28 18:50:07.236 [info] > git for-each-ref --format=%(refname)%00%(upstream:short)%00%(objectname)%00%(upstream:track)%00%(upstream:remotename)%00%(upstream:remoteref) refs/heads/main refs/remotes/main [2ms]
2025-05-28 18:50:07.242 [info] > git for-each-ref --sort -committerdate --format %(refname)%00%(objectname)%00%(*objectname) [1ms]
2025-05-28 18:50:07.313 [info] > git status -z -uall [75ms]
2025-05-28 18:50:07.673 [info] > git ls-files --stage -- shop/api/atelier/bini/fetch_details.py [4ms]
2025-05-28 18:50:07.676 [info] > git show --textconv :shop/api/atelier/bini/fetch_details.py [10ms]
2025-05-28 18:50:07.677 [info] > git cat-file -s ee1b1bd2a3e618d9a38a4e30356d23d396bb7717 [1ms]
2025-05-28 18:50:08.065 [info] > git ls-files --stage -- shop/api/atelier/bini/fetch_brand_category.py [5ms]
2025-05-28 18:50:08.068 [info] > git show --textconv :shop/api/atelier/bini/fetch_brand_category.py [10ms]
2025-05-28 18:50:08.069 [info] > git cat-file -s 2dab6873977296af56fda0a42276b27788db5cd1 [1ms]
2025-05-28 18:50:12.322 [info] > git config --get commit.template [3ms]
2025-05-28 18:50:12.323 [info] > git for-each-ref --format=%(refname)%00%(upstream:short)%00%(objectname)%00%(upstream:track)%00%(upstream:remotename)%00%(upstream:remoteref) refs/heads/main refs/remotes/main [2ms]
2025-05-28 18:50:12.331 [info] > git for-each-ref --sort -committerdate --format %(refname)%00%(objectname)%00%(*objectname) [2ms]
2025-05-28 18:50:12.400 [info] > git status -z -uall [73ms]
2025-05-28 18:57:26.936 [info] > git config --get commit.template [4ms]
2025-05-28 18:57:26.939 [info] > git for-each-ref --format=%(refname)%00%(upstream:short)%00%(objectname)%00%(upstream:track)%00%(upstream:remotename)%00%(upstream:remoteref) refs/heads/main refs/remotes/main [4ms]
2025-05-28 18:57:26.948 [info] > git for-each-ref --sort -committerdate --format %(refname)%00%(objectname)%00%(*objectname) [1ms]
2025-05-28 18:57:27.017 [info] > git status -z -uall [75ms]
2025-05-28 18:58:46.442 [info] > git config --get commit.template [3ms]
2025-05-28 18:58:46.443 [info] > git for-each-ref --format=%(refname)%00%(upstream:short)%00%(objectname)%00%(upstream:track)%00%(upstream:remotename)%00%(upstream:remoteref) refs/heads/main refs/remotes/main [1ms]
2025-05-28 18:58:46.451 [info] > git for-each-ref --sort -committerdate --format %(refname)%00%(objectname)%00%(*objectname) [2ms]
2025-05-28 18:58:46.467 [info] > git ls-files --stage -- shop/api/atelier/bini/fetch_brand_category.py [5ms]
2025-05-28 18:58:46.471 [info] > git cat-file -s 2dab6873977296af56fda0a42276b27788db5cd1 [2ms]
2025-05-28 18:58:46.503 [info] > git show --textconv :shop/api/atelier/bini/fetch_brand_category.py [5ms]
2025-05-28 18:58:46.534 [info] > git status -z -uall [88ms]
2025-05-28 18:58:46.544 [info] > git merge-base refs/heads/main refs/remotes/origin/main [2ms]
2025-05-28 18:58:46.549 [info] > git diff --name-status -z --diff-filter=ADMR f9241ce4097521ebd4337364638b37d96b99d2c2...refs/remotes/origin/main [1ms]
2025-05-28 18:58:47.815 [info] > git blame --root --incremental f9241ce4097521ebd4337364638b37d96b99d2c2 -- shop/api/atelier/bini/fetch_brand_category.py [3ms]
2025-05-28 18:59:12.669 [info] > git config --get commit.template [3ms]
2025-05-28 18:59:12.670 [info] > git for-each-ref --format=%(refname)%00%(upstream:short)%00%(objectname)%00%(upstream:track)%00%(upstream:remotename)%00%(upstream:remoteref) refs/heads/main refs/remotes/main [1ms]
2025-05-28 18:59:12.678 [info] > git for-each-ref --sort -committerdate --format %(refname)%00%(objectname)%00%(*objectname) [2ms]
2025-05-28 18:59:12.743 [info] > git status -z -uall [70ms]
2025-05-28 18:59:17.755 [info] > git config --get commit.template [4ms]
2025-05-28 18:59:17.756 [info] > git for-each-ref --format=%(refname)%00%(upstream:short)%00%(objectname)%00%(upstream:track)%00%(upstream:remotename)%00%(upstream:remoteref) refs/heads/main refs/remotes/main [2ms]
2025-05-28 18:59:17.764 [info] > git for-each-ref --sort -committerdate --format %(refname)%00%(objectname)%00%(*objectname) [3ms]
2025-05-28 18:59:17.832 [info] > git status -z -uall [73ms]
2025-05-28 18:59:18.753 [info] > git config --get commit.template [2ms]
2025-05-28 18:59:18.757 [info] > git for-each-ref --format=%(refname)%00%(upstream:short)%00%(objectname)%00%(upstream:track)%00%(upstream:remotename)%00%(upstream:remoteref) refs/heads/main refs/remotes/main [1ms]
2025-05-28 18:59:18.767 [info] > git for-each-ref --sort -committerdate --format %(refname)%00%(objectname)%00%(*objectname) [2ms]
2025-05-28 18:59:18.833 [info] > git status -z -uall [72ms]
2025-05-28 18:59:18.841 [info] > git blame --root --incremental 771dead1ae8a5a134036e19860e8014470e9adba -- shop/api/atelier/bini/fetch_brand_category.py [3ms]
2025-05-28 18:59:18.842 [info] > git merge-base refs/heads/main refs/remotes/origin/main [2ms]
2025-05-28 18:59:18.848 [info] > git diff --name-status -z --diff-filter=ADMR 771dead1ae8a5a134036e19860e8014470e9adba...refs/remotes/origin/main [3ms]
2025-05-28 18:59:19.889 [info] > git check-ignore -v -z --stdin [12ms]
2025-05-28 18:59:20.188 [info] > git ls-files --stage -- shop/api/atelier/bini/fetch_brand_category.py [5ms]
2025-05-28 18:59:20.268 [info] > git cat-file -s 2dab6873977296af56fda0a42276b27788db5cd1 [1ms]
2025-05-28 18:59:20.284 [info] > git show --textconv :shop/api/atelier/bini/fetch_brand_category.py [4ms]
2025-05-28 18:59:22.982 [info] > git for-each-ref --format=%(refname)%00%(upstream:short)%00%(objectname)%00%(upstream:track)%00%(upstream:remotename)%00%(upstream:remoteref) refs/heads/main refs/remotes/main [1ms]
2025-05-28 18:59:22.983 [info] > git config --get commit.template [99ms]
2025-05-28 18:59:23.082 [info] > git for-each-ref --sort -committerdate --format %(refname)%00%(objectname)%00%(*objectname) [89ms]
2025-05-28 18:59:23.678 [info] > git status -z -uall [688ms]
2025-05-28 18:59:28.132 [info] > git check-ignore -v -z --stdin [6ms]
2025-05-28 18:59:28.692 [info] > git config --get commit.template [3ms]
2025-05-28 18:59:28.692 [info] > git for-each-ref --format=%(refname)%00%(upstream:short)%00%(objectname)%00%(upstream:track)%00%(upstream:remotename)%00%(upstream:remoteref) refs/heads/main refs/remotes/main [1ms]
2025-05-28 18:59:28.699 [info] > git for-each-ref --sort -committerdate --format %(refname)%00%(objectname)%00%(*objectname) [2ms]
2025-05-28 18:59:28.776 [info] > git status -z -uall [81ms]
2025-05-28 18:59:30.768 [info] > git show --textconv :shop/api/atelier/bini/fetch_details.py [5ms]
2025-05-28 18:59:30.774 [info] > git ls-files --stage -- shop/api/atelier/bini/fetch_details.py [8ms]
2025-05-28 18:59:30.783 [info] > git cat-file -s ee1b1bd2a3e618d9a38a4e30356d23d396bb7717 [1ms]
2025-05-28 18:59:31.404 [info] > git show --textconv :shop/api/atelier/bini/fetch_brand_category.py [5ms]
2025-05-28 18:59:31.406 [info] > git ls-files --stage -- shop/api/atelier/bini/fetch_brand_category.py [4ms]
2025-05-28 18:59:31.410 [info] > git cat-file -s 2dab6873977296af56fda0a42276b27788db5cd1 [2ms]
2025-05-28 18:59:33.786 [info] > git config --get commit.template [3ms]
2025-05-28 18:59:33.787 [info] > git for-each-ref --format=%(refname)%00%(upstream:short)%00%(objectname)%00%(upstream:track)%00%(upstream:remotename)%00%(upstream:remoteref) refs/heads/main refs/remotes/main [1ms]
2025-05-28 18:59:33.795 [info] > git for-each-ref --sort -committerdate --format %(refname)%00%(objectname)%00%(*objectname) [2ms]
2025-05-28 18:59:33.866 [info] > git status -z -uall [76ms]
2025-05-28 18:59:35.378 [info] > git show --textconv :shop/api/atelier/bini/convert_bini_products.py [5ms]
2025-05-28 18:59:35.380 [info] > git ls-files --stage -- shop/api/atelier/bini/convert_bini_products.py [3ms]
2025-05-28 18:59:35.383 [info] > git cat-file -s c20c0799527207f09dafdd63a046178b6e11a21e [1ms]
2025-05-28 18:59:35.421 [info] > git blame --root --incremental 771dead1ae8a5a134036e19860e8014470e9adba -- shop/api/atelier/bini/convert_bini_products.py [3ms]
2025-05-28 19:00:06.569 [info] > git config --get commit.template [3ms]
2025-05-28 19:00:06.570 [info] > git for-each-ref --format=%(refname)%00%(upstream:short)%00%(objectname)%00%(upstream:track)%00%(upstream:remotename)%00%(upstream:remoteref) refs/heads/main refs/remotes/main [2ms]
2025-05-28 19:00:06.576 [info] > git for-each-ref --sort -committerdate --format %(refname)%00%(objectname)%00%(*objectname) [1ms]
2025-05-28 19:00:06.644 [info] > git status -z -uall [72ms]
2025-05-28 19:05:05.107 [info] > git show --textconv :shop/api/atelier/bini/fetch_brand_category.py [5ms]
2025-05-28 19:05:05.108 [info] > git ls-files --stage -- shop/api/atelier/bini/fetch_brand_category.py [3ms]
2025-05-28 19:05:05.112 [info] > git cat-file -s 2dab6873977296af56fda0a42276b27788db5cd1 [1ms]
2025-05-28 19:05:05.789 [info] > git show --textconv :shop/api/atelier/minetti/convert_minetti_products.py [4ms]
2025-05-28 19:05:05.792 [info] > git ls-files --stage -- shop/api/atelier/minetti/convert_minetti_products.py [5ms]
2025-05-28 19:05:05.795 [info] > git cat-file -s 89c2a13f89838f43f67cb778e569b6a53338b9ca [1ms]
2025-05-28 19:05:05.841 [info] > git blame --root --incremental 771dead1ae8a5a134036e19860e8014470e9adba -- shop/api/atelier/minetti/convert_minetti_products.py [3ms]
2025-05-28 19:05:06.012 [info] > git config --get commit.template [3ms]
2025-05-28 19:05:06.013 [info] > git for-each-ref --format=%(refname)%00%(upstream:short)%00%(objectname)%00%(upstream:track)%00%(upstream:remotename)%00%(upstream:remoteref) refs/heads/main refs/remotes/main [1ms]
2025-05-28 19:05:06.020 [info] > git for-each-ref --sort -committerdate --format %(refname)%00%(objectname)%00%(*objectname) [2ms]
2025-05-28 19:05:06.088 [info] > git status -z -uall [72ms]
2025-05-28 19:05:15.073 [info] > git show --textconv :shop/management/commands/fetch_and_register_minetti.py [20ms]
2025-05-28 19:05:15.073 [info] > git ls-files --stage -- shop/management/commands/fetch_and_register_minetti.py [5ms]
2025-05-28 19:05:15.087 [info] > git cat-file -s 3aee9eab395483dfe0a47a48d520c61f3714afa5 [11ms]
2025-05-28 19:05:15.105 [info] > git blame --root --incremental 771dead1ae8a5a134036e19860e8014470e9adba -- shop/management/commands/fetch_and_register_minetti.py [2ms]
2025-05-28 19:07:27.022 [info] > git show --textconv :export/MINETTI/MINETTI_goods.json [5ms]
2025-05-28 19:07:27.027 [info] > git ls-files --stage -- export/MINETTI/MINETTI_goods.json [8ms]
2025-05-28 19:07:27.030 [info] > git hash-object -t tree /dev/null [5ms]
2025-05-28 19:07:27.031 [warning] [GitFileSystemProvider][readFile] File not found - git:/root/export/MINETTI/MINETTI_goods.json.git?%7B%22path%22%3A%22%2Froot%2Fexport%2FMINETTI%2FMINETTI_goods.json%22%2C%22ref%22%3A%22%22%7D
2025-05-28 19:07:27.032 [info] > git hash-object -t tree /dev/null [2ms]
2025-05-28 19:07:27.032 [warning] [GitFileSystemProvider][stat] File not found - git:/root/export/MINETTI/MINETTI_goods.json.git?%7B%22path%22%3A%22%2Froot%2Fexport%2FMINETTI%2FMINETTI_goods.json%22%2C%22ref%22%3A%22%22%7D
2025-05-28 19:07:27.468 [info] > git blame --root --incremental 771dead1ae8a5a134036e19860e8014470e9adba -- export/MINETTI/MINETTI_goods.json [1ms]
2025-05-28 19:07:27.469 [info] fatal: no such path export/MINETTI/MINETTI_goods.json in 771dead1ae8a5a134036e19860e8014470e9adba
2025-05-28 19:07:27.908 [info] > git config --get commit.template [0ms]
2025-05-28 19:07:27.915 [info] > git for-each-ref --format=%(refname)%00%(upstream:short)%00%(objectname)%00%(upstream:track)%00%(upstream:remotename)%00%(upstream:remoteref) refs/heads/main refs/remotes/main [0ms]
2025-05-28 19:07:27.936 [info] > git for-each-ref --sort -committerdate --format %(refname)%00%(objectname)%00%(*objectname) [1ms]
2025-05-28 19:07:28.045 [info] > git status -z -uall [121ms]
2025-05-28 19:07:54.903 [info] > git show --textconv :shop/api/atelier/minetti/fetch_goods_list.py [6ms]
2025-05-28 19:07:54.918 [info] > git ls-files --stage -- shop/api/atelier/minetti/fetch_goods_list.py [18ms]
2025-05-28 19:07:54.923 [info] > git cat-file -s ce4a8f2194ee87a9899e59074ec1217150901ba7 [2ms]
2025-05-28 19:07:54.949 [info] > git blame --root --incremental 771dead1ae8a5a134036e19860e8014470e9adba -- shop/api/atelier/minetti/fetch_goods_list.py [4ms]
2025-05-28 19:09:25.597 [info] > git show --textconv :export/MINETTI/MINETTI_goods.json [9ms]
2025-05-28 19:09:25.597 [warning] [GitFileSystemProvider][readFile] File not found - git:/root/export/MINETTI/MINETTI_goods.json.git?%7B%22path%22%3A%22%2Froot%2Fexport%2FMINETTI%2FMINETTI_goods.json%22%2C%22ref%22%3A%22%22%7D
2025-05-28 19:09:25.598 [info] > git ls-files --stage -- export/MINETTI/MINETTI_goods.json [8ms]
2025-05-28 19:09:25.598 [warning] [GitFileSystemProvider][stat] File not found - git:/root/export/MINETTI/MINETTI_goods.json.git?%7B%22path%22%3A%22%2Froot%2Fexport%2FMINETTI%2FMINETTI_goods.json%22%2C%22ref%22%3A%22%22%7D
2025-05-28 19:09:26.479 [info] > git config --get commit.template [3ms]
2025-05-28 19:09:26.480 [info] > git for-each-ref --format=%(refname)%00%(upstream:short)%00%(objectname)%00%(upstream:track)%00%(upstream:remotename)%00%(upstream:remoteref) refs/heads/main refs/remotes/main [2ms]
2025-05-28 19:09:26.487 [info] > git for-each-ref --sort -committerdate --format %(refname)%00%(objectname)%00%(*objectname) [2ms]
2025-05-28 19:09:26.553 [info] > git status -z -uall [70ms]
2025-05-28 19:09:29.948 [info] > git show --textconv :shop/api/atelier/minetti/convert_minetti_products.py [4ms]
2025-05-28 19:09:29.950 [info] > git ls-files --stage -- shop/api/atelier/minetti/convert_minetti_products.py [4ms]
2025-05-28 19:09:29.954 [info] > git cat-file -s 89c2a13f89838f43f67cb778e569b6a53338b9ca [1ms]
2025-05-28 19:09:38.072 [info] > git show --textconv :shop/api/atelier/minetti/fetch_goods_list.py [5ms]
2025-05-28 19:09:38.074 [info] > git ls-files --stage -- shop/api/atelier/minetti/fetch_goods_list.py [5ms]
2025-05-28 19:09:38.078 [info] > git cat-file -s ce4a8f2194ee87a9899e59074ec1217150901ba7 [1ms]
2025-05-28 19:11:32.319 [info] > git config --get commit.template [1ms]
2025-05-28 19:11:32.323 [info] > git for-each-ref --format=%(refname)%00%(upstream:short)%00%(objectname)%00%(upstream:track)%00%(upstream:remotename)%00%(upstream:remoteref) refs/heads/main refs/remotes/main [2ms]
2025-05-28 19:11:32.330 [info] > git for-each-ref --sort -committerdate --format %(refname)%00%(objectname)%00%(*objectname) [1ms]
2025-05-28 19:11:32.402 [info] > git status -z -uall [76ms]
2025-05-28 19:11:32.752 [info] > git show --textconv :shop/api/atelier/minetti/fetch_goods_list_test.py [5ms]
2025-05-28 19:11:32.754 [info] > git ls-files --stage -- shop/api/atelier/minetti/fetch_goods_list_test.py [4ms]
2025-05-28 19:11:32.757 [info] > git cat-file -s ab0d9a8d83fca9e3b6db4517d602297ef90e3c4e [1ms]
2025-05-28 19:11:33.288 [info] > git blame --root --incremental 771dead1ae8a5a134036e19860e8014470e9adba -- shop/api/atelier/minetti/fetch_goods_list_test.py [3ms]
2025-05-28 19:12:58.246 [info] > git config --get commit.template [3ms]
2025-05-28 19:12:58.247 [info] > git for-each-ref --format=%(refname)%00%(upstream:short)%00%(objectname)%00%(upstream:track)%00%(upstream:remotename)%00%(upstream:remoteref) refs/heads/main refs/remotes/main [2ms]
2025-05-28 19:12:58.254 [info] > git for-each-ref --sort -committerdate --format %(refname)%00%(objectname)%00%(*objectname) [0ms]
2025-05-28 19:12:58.322 [info] > git status -z -uall [72ms]
2025-05-28 19:13:06.061 [info] > git config --get commit.template [3ms]
2025-05-28 19:13:06.062 [info] > git for-each-ref --format=%(refname)%00%(upstream:short)%00%(objectname)%00%(upstream:track)%00%(upstream:remotename)%00%(upstream:remoteref) refs/heads/main refs/remotes/main [2ms]
2025-05-28 19:13:06.069 [info] > git for-each-ref --sort -committerdate --format %(refname)%00%(objectname)%00%(*objectname) [2ms]
2025-05-28 19:13:06.142 [info] > git status -z -uall [77ms]
2025-05-28 19:13:51.587 [info] > git check-ignore -v -z --stdin [11ms]
2025-05-28 19:13:58.611 [info] > git check-ignore -v -z --stdin [5ms]
2025-05-28 19:14:08.378 [info] > git ls-files --stage -- export/MINETTI/MINETTI_goods.json [6ms]
2025-05-28 19:14:08.379 [warning] [GitFileSystemProvider][stat] File not found - git:/root/export/MINETTI/MINETTI_goods.json.git?%7B%22path%22%3A%22%2Froot%2Fexport%2FMINETTI%2FMINETTI_goods.json%22%2C%22ref%22%3A%22%22%7D
2025-05-28 19:14:08.379 [info] > git show --textconv :export/MINETTI/MINETTI_goods.json [10ms]
2025-05-28 19:14:08.380 [warning] [GitFileSystemProvider][readFile] File not found - git:/root/export/MINETTI/MINETTI_goods.json.git?%7B%22path%22%3A%22%2Froot%2Fexport%2FMINETTI%2FMINETTI_goods.json%22%2C%22ref%22%3A%22%22%7D
2025-05-28 19:14:09.276 [info] > git config --get commit.template [3ms]
2025-05-28 19:14:09.281 [info] > git for-each-ref --format=%(refname)%00%(upstream:short)%00%(objectname)%00%(upstream:track)%00%(upstream:remotename)%00%(upstream:remoteref) refs/heads/main refs/remotes/main [6ms]
2025-05-28 19:14:09.289 [info] > git for-each-ref --sort -committerdate --format %(refname)%00%(objectname)%00%(*objectname) [1ms]
2025-05-28 19:14:09.406 [info] > git status -z -uall [121ms]
2025-05-28 19:14:20.672 [info] > git check-ignore -v -z --stdin [4ms]
2025-05-28 19:14:48.036 [info] > git show --textconv :shop/api/atelier/minetti/fetch_goods_list_test.py [5ms]
2025-05-28 19:14:48.038 [info] > git ls-files --stage -- shop/api/atelier/minetti/fetch_goods_list_test.py [4ms]
2025-05-28 19:14:48.042 [info] > git cat-file -s ab0d9a8d83fca9e3b6db4517d602297ef90e3c4e [2ms]
2025-05-28 19:14:48.935 [info] > git config --get commit.template [3ms]
2025-05-28 19:14:48.936 [info] > git for-each-ref --format=%(refname)%00%(upstream:short)%00%(objectname)%00%(upstream:track)%00%(upstream:remotename)%00%(upstream:remoteref) refs/heads/main refs/remotes/main [1ms]
2025-05-28 19:14:48.943 [info] > git for-each-ref --sort -committerdate --format %(refname)%00%(objectname)%00%(*objectname) [1ms]
2025-05-28 19:14:49.018 [info] > git status -z -uall [79ms]
2025-05-28 19:15:04.657 [info] > git check-ignore -v -z --stdin [9ms]
2025-05-28 19:15:06.455 [info] > git check-ignore -v -z --stdin [107ms]
2025-05-28 19:15:19.977 [info] > git show --textconv :export/MINETTI/MINETTI_goods_test.json [6ms]
2025-05-28 19:15:19.979 [warning] [GitFileSystemProvider][readFile] File not found - git:/root/export/MINETTI/MINETTI_goods_test.json.git?%7B%22path%22%3A%22%2Froot%2Fexport%2FMINETTI%2FMINETTI_goods_test.json%22%2C%22ref%22%3A%22%22%7D
2025-05-28 19:15:19.979 [info] > git ls-files --stage -- export/MINETTI/MINETTI_goods_test.json [4ms]
2025-05-28 19:15:19.980 [warning] [GitFileSystemProvider][stat] File not found - git:/root/export/MINETTI/MINETTI_goods_test.json.git?%7B%22path%22%3A%22%2Froot%2Fexport%2FMINETTI%2FMINETTI_goods_test.json%22%2C%22ref%22%3A%22%22%7D
2025-05-28 19:15:20.861 [info] > git config --get commit.template [6ms]
2025-05-28 19:15:20.861 [info] > git for-each-ref --format=%(refname)%00%(upstream:short)%00%(objectname)%00%(upstream:track)%00%(upstream:remotename)%00%(upstream:remoteref) refs/heads/main refs/remotes/main [1ms]
2025-05-28 19:15:20.873 [info] > git for-each-ref --sort -committerdate --format %(refname)%00%(objectname)%00%(*objectname) [1ms]
2025-05-28 19:15:20.972 [info] > git status -z -uall [105ms]
2025-05-28 19:15:28.911 [info] > git blame --root --incremental 771dead1ae8a5a134036e19860e8014470e9adba -- export/MINETTI/MINETTI_goods_test.json [2ms]
2025-05-28 19:15:28.911 [info] fatal: no such path export/MINETTI/MINETTI_goods_test.json in 771dead1ae8a5a134036e19860e8014470e9adba
2025-05-28 19:16:29.886 [info] > git ls-files --stage -- shop/api/atelier/minetti/fetch_goods_list.py [4ms]
2025-05-28 19:16:29.890 [info] > git show --textconv :shop/api/atelier/minetti/fetch_goods_list.py [12ms]
2025-05-28 19:16:29.891 [info] > git cat-file -s ce4a8f2194ee87a9899e59074ec1217150901ba7 [2ms]
2025-05-28 19:16:30.775 [info] > git config --get commit.template [4ms]
2025-05-28 19:16:30.776 [info] > git for-each-ref --format=%(refname)%00%(upstream:short)%00%(objectname)%00%(upstream:track)%00%(upstream:remotename)%00%(upstream:remoteref) refs/heads/main refs/remotes/main [2ms]
2025-05-28 19:16:30.787 [info] > git for-each-ref --sort -committerdate --format %(refname)%00%(objectname)%00%(*objectname) [3ms]
2025-05-28 19:16:30.854 [info] > git status -z -uall [74ms]
2025-05-28 19:20:29.702 [info] > git config --get commit.template [2ms]
2025-05-28 19:20:29.707 [info] > git for-each-ref --format=%(refname)%00%(upstream:short)%00%(objectname)%00%(upstream:track)%00%(upstream:remotename)%00%(upstream:remoteref) refs/heads/main refs/remotes/main [2ms]
2025-05-28 19:20:29.718 [info] > git for-each-ref --sort -committerdate --format %(refname)%00%(objectname)%00%(*objectname) [3ms]
2025-05-28 19:20:29.785 [info] > git status -z -uall [74ms]
2025-05-28 19:20:45.708 [info] > git config --get commit.template [4ms]
2025-05-28 19:20:45.709 [info] > git for-each-ref --format=%(refname)%00%(upstream:short)%00%(objectname)%00%(upstream:track)%00%(upstream:remotename)%00%(upstream:remoteref) refs/heads/main refs/remotes/main [2ms]
2025-05-28 19:20:45.717 [info] > git for-each-ref --sort -committerdate --format %(refname)%00%(objectname)%00%(*objectname) [1ms]
2025-05-28 19:20:45.789 [info] > git status -z -uall [77ms]
2025-05-28 19:21:00.693 [info] > git show --textconv :export/MINETTI/MINETTI_goods.json [6ms]
2025-05-28 19:21:00.694 [warning] [GitFileSystemProvider][readFile] File not found - git:/root/export/MINETTI/MINETTI_goods.json.git?%7B%22path%22%3A%22%2Froot%2Fexport%2FMINETTI%2FMINETTI_goods.json%22%2C%22ref%22%3A%22%22%7D
2025-05-28 19:21:00.696 [info] > git ls-files --stage -- export/MINETTI/MINETTI_goods.json [5ms]
2025-05-28 19:21:00.697 [warning] [GitFileSystemProvider][stat] File not found - git:/root/export/MINETTI/MINETTI_goods.json.git?%7B%22path%22%3A%22%2Froot%2Fexport%2FMINETTI%2FMINETTI_goods.json%22%2C%22ref%22%3A%22%22%7D
2025-05-28 19:21:01.575 [info] > git config --get commit.template [4ms]
2025-05-28 19:21:01.576 [info] > git for-each-ref --format=%(refname)%00%(upstream:short)%00%(objectname)%00%(upstream:track)%00%(upstream:remotename)%00%(upstream:remoteref) refs/heads/main refs/remotes/main [1ms]
2025-05-28 19:21:01.590 [info] > git for-each-ref --sort -committerdate --format %(refname)%00%(objectname)%00%(*objectname) [2ms]
2025-05-28 19:21:01.660 [info] > git status -z -uall [78ms]
2025-05-28 19:21:32.983 [info] > git show --textconv :shop/api/atelier/minetti/fetch_goods_list.py [7ms]
2025-05-28 19:21:32.986 [info] > git ls-files --stage -- shop/api/atelier/minetti/fetch_goods_list.py [7ms]
2025-05-28 19:21:32.992 [info] > git cat-file -s ce4a8f2194ee87a9899e59074ec1217150901ba7 [3ms]
2025-05-28 19:21:33.891 [info] > git config --get commit.template [3ms]
2025-05-28 19:21:33.895 [info] > git for-each-ref --format=%(refname)%00%(upstream:short)%00%(objectname)%00%(upstream:track)%00%(upstream:remotename)%00%(upstream:remoteref) refs/heads/main refs/remotes/main [1ms]
2025-05-28 19:21:33.904 [info] > git for-each-ref --sort -committerdate --format %(refname)%00%(objectname)%00%(*objectname) [2ms]
2025-05-28 19:21:33.975 [info] > git status -z -uall [76ms]
2025-05-28 19:21:43.851 [info] > git ls-files --stage -- shop/api/atelier/bini/convert_bini_products.py [5ms]
2025-05-28 19:21:43.856 [info] > git show --textconv :shop/api/atelier/bini/convert_bini_products.py [14ms]
2025-05-28 19:21:43.857 [info] > git cat-file -s c20c0799527207f09dafdd63a046178b6e11a21e [2ms]
2025-05-28 19:21:53.379 [info] > git ls-files --stage -- shop/management/commands/fetch_and_register_minetti.py [3ms]
2025-05-28 19:21:53.385 [info] > git cat-file -s 3aee9eab395483dfe0a47a48d520c61f3714afa5 [2ms]
2025-05-28 19:21:53.385 [info] > git show --textconv :shop/management/commands/fetch_and_register_minetti.py [14ms]
2025-05-28 19:22:07.730 [info] > git config --get commit.template [5ms]
2025-05-28 19:22:07.731 [info] > git for-each-ref --format=%(refname)%00%(upstream:short)%00%(objectname)%00%(upstream:track)%00%(upstream:remotename)%00%(upstream:remoteref) refs/heads/main refs/remotes/main [3ms]
2025-05-28 19:22:07.739 [info] > git for-each-ref --sort -committerdate --format %(refname)%00%(objectname)%00%(*objectname) [1ms]
2025-05-28 19:22:07.808 [info] > git status -z -uall [73ms]
2025-05-28 19:22:12.819 [info] > git config --get commit.template [4ms]
2025-05-28 19:22:12.820 [info] > git for-each-ref --format=%(refname)%00%(upstream:short)%00%(objectname)%00%(upstream:track)%00%(upstream:remotename)%00%(upstream:remoteref) refs/heads/main refs/remotes/main [2ms]
2025-05-28 19:22:12.828 [info] > git for-each-ref --sort -committerdate --format %(refname)%00%(objectname)%00%(*objectname) [1ms]
2025-05-28 19:22:12.892 [info] > git status -z -uall [69ms]
2025-05-28 19:23:21.709 [info] > git check-ignore -v -z --stdin [6ms]
2025-05-28 19:23:41.668 [info] > git for-each-ref --format=%(refname)%00%(upstream:short)%00%(objectname)%00%(upstream:track)%00%(upstream:remotename)%00%(upstream:remoteref) refs/heads/main refs/remotes/main [1ms]
2025-05-28 19:23:41.668 [info] > git config --get commit.template [6ms]
2025-05-28 19:23:41.677 [info] > git for-each-ref --sort -committerdate --format %(refname)%00%(objectname)%00%(*objectname) [2ms]
2025-05-28 19:23:41.743 [info] > git status -z -uall [71ms]
2025-05-28 19:26:41.934 [info] > git config --get commit.template [1ms]
2025-05-28 19:26:41.938 [info] > git for-each-ref --format=%(refname)%00%(upstream:short)%00%(objectname)%00%(upstream:track)%00%(upstream:remotename)%00%(upstream:remoteref) refs/heads/main refs/remotes/main [1ms]
2025-05-28 19:26:41.948 [info] > git for-each-ref --sort -committerdate --format %(refname)%00%(objectname)%00%(*objectname) [2ms]
2025-05-28 19:26:42.022 [info] > git status -z -uall [80ms]
2025-05-28 19:27:44.443 [info] > git show --textconv :shop/services/order_service.py [8ms]
2025-05-28 19:27:44.443 [info] > git ls-files --stage -- shop/services/order_service.py [5ms]
2025-05-28 19:27:44.448 [info] > git cat-file -s c013db67480494ce1ca2cf123421ed0acf42544b [2ms]
2025-05-28 19:27:44.503 [info] > git blame --root --incremental 771dead1ae8a5a134036e19860e8014470e9adba -- shop/services/order_service.py [36ms]
2025-05-28 19:27:45.325 [info] > git config --get commit.template [5ms]
2025-05-28 19:27:45.326 [info] > git for-each-ref --format=%(refname)%00%(upstream:short)%00%(objectname)%00%(upstream:track)%00%(upstream:remotename)%00%(upstream:remoteref) refs/heads/main refs/remotes/main [2ms]
2025-05-28 19:27:45.335 [info] > git for-each-ref --sort -committerdate --format %(refname)%00%(objectname)%00%(*objectname) [1ms]
2025-05-28 19:27:45.403 [info] > git status -z -uall [73ms]
2025-05-28 19:51:54.850 [info] > git ls-files --stage -- shop/api/atelier/minetti/convert_minetti_products.py [5ms]
2025-05-28 19:51:54.854 [info] > git show --textconv :shop/api/atelier/minetti/convert_minetti_products.py [14ms]
2025-05-28 19:51:54.855 [info] > git cat-file -s 89c2a13f89838f43f67cb778e569b6a53338b9ca [2ms]
2025-05-28 19:51:55.747 [info] > git config --get commit.template [5ms]
2025-05-28 19:51:55.748 [info] > git for-each-ref --format=%(refname)%00%(upstream:short)%00%(objectname)%00%(upstream:track)%00%(upstream:remotename)%00%(upstream:remoteref) refs/heads/main refs/remotes/main [2ms]
2025-05-28 19:51:55.758 [info] > git for-each-ref --sort -committerdate --format %(refname)%00%(objectname)%00%(*objectname) [1ms]
2025-05-28 19:51:55.829 [info] > git status -z -uall [77ms]
2025-05-28 19:52:27.956 [info] > git show --textconv :shop/management/commands/fetch_and_register_minetti.py [5ms]
2025-05-28 19:52:27.960 [info] > git ls-files --stage -- shop/management/commands/fetch_and_register_minetti.py [4ms]
2025-05-28 19:52:27.964 [info] > git cat-file -s 3aee9eab395483dfe0a47a48d520c61f3714afa5 [1ms]
2025-05-28 19:52:28.843 [info] > git config --get commit.template [4ms]
2025-05-28 19:52:28.845 [info] > git for-each-ref --format=%(refname)%00%(upstream:short)%00%(objectname)%00%(upstream:track)%00%(upstream:remotename)%00%(upstream:remoteref) refs/heads/main refs/remotes/main [2ms]
2025-05-28 19:52:28.855 [info] > git for-each-ref --sort -committerdate --format %(refname)%00%(objectname)%00%(*objectname) [1ms]
2025-05-28 19:52:28.922 [info] > git status -z -uall [72ms]
2025-05-28 20:17:17.864 [info] > git config --get commit.template [4ms]
2025-05-28 20:17:17.869 [info] > git for-each-ref --format=%(refname)%00%(upstream:short)%00%(objectname)%00%(upstream:track)%00%(upstream:remotename)%00%(upstream:remoteref) refs/heads/main refs/remotes/main [5ms]
2025-05-28 20:17:17.878 [info] > git ls-files --stage -- shop/management/commands/fetch_and_register_minetti.py [9ms]
2025-05-28 20:17:17.884 [info] > git for-each-ref --sort -committerdate --format %(refname)%00%(objectname)%00%(*objectname) [6ms]
2025-05-28 20:17:17.885 [info] > git cat-file -s 3aee9eab395483dfe0a47a48d520c61f3714afa5 [1ms]
2025-05-28 20:17:17.900 [info] > git show --textconv :shop/management/commands/fetch_and_register_minetti.py [5ms]
2025-05-28 20:17:17.949 [info] > git status -z -uall [75ms]
2025-05-28 20:17:17.960 [info] > git merge-base refs/heads/main refs/remotes/origin/main [1ms]
2025-05-28 20:17:17.966 [info] > git diff --name-status -z --diff-filter=ADMR 771dead1ae8a5a134036e19860e8014470e9adba...refs/remotes/origin/main [2ms]
2025-05-28 20:17:22.969 [info] > git config --get commit.template [5ms]
2025-05-28 20:17:22.971 [info] > git for-each-ref --format=%(refname)%00%(upstream:short)%00%(objectname)%00%(upstream:track)%00%(upstream:remotename)%00%(upstream:remoteref) refs/heads/main refs/remotes/main [2ms]
2025-05-28 20:17:22.980 [info] > git for-each-ref --sort -committerdate --format %(refname)%00%(objectname)%00%(*objectname) [1ms]
2025-05-28 20:17:23.046 [info] > git status -z -uall [71ms]
2025-05-28 20:17:36.969 [info] > git config --get commit.template [3ms]
2025-05-28 20:17:36.970 [info] > git for-each-ref --format=%(refname)%00%(upstream:short)%00%(objectname)%00%(upstream:track)%00%(upstream:remotename)%00%(upstream:remoteref) refs/heads/main refs/remotes/main [1ms]
2025-05-28 20:17:36.980 [info] > git for-each-ref --sort -committerdate --format %(refname)%00%(objectname)%00%(*objectname) [1ms]
2025-05-28 20:17:37.048 [info] > git status -z -uall [74ms]
2025-05-28 20:17:37.106 [info] > git ls-files --stage -- shop/management/commands/fetch_and_register_minetti.py [4ms]
2025-05-28 20:17:37.111 [info] > git cat-file -s 3aee9eab395483dfe0a47a48d520c61f3714afa5 [2ms]
2025-05-28 20:17:37.170 [info] > git show --textconv :shop/management/commands/fetch_and_register_minetti.py [5ms]
