2025-06-02 10:31:42.641 [info] Extension host with pid 227641 started
2025-06-02 10:31:43.040 [info] ExtensionService#_doActivateExtension vscode.git-base, startup: false, activationEvent: '*', root cause: vscode.git
2025-06-02 10:31:43.042 [info] ExtensionService#_doActivateExtension vscode.emmet, startup: false, activationEvent: 'onLanguage'
2025-06-02 10:31:43.042 [info] ExtensionService#_doActivateExtension vscode.tunnel-forwarding, startup: false, activationEvent: 'onTunnel'
2025-06-02 10:31:43.136 [info] Lock '/root/.vscode-server/data/User/workspaceStorage/69b865ee5b39d8dd4400c31e5ed23100/vscode.lock': Lock acquired.
2025-06-02 10:31:43.328 [info] ExtensionService#_doActivateExtension vscode.git, startup: false, activationEvent: '*'
2025-06-02 10:31:43.329 [info] ExtensionService#_doActivateExtension vscode.github, startup: false, activationEvent: '*'
2025-06-02 10:31:45.133 [info] ExtensionService#_doActivateExtension ms-python.python, startup: true, activationEvent: 'workspaceContains:requirements.txt'
2025-06-02 10:31:48.443 [info] Eager extensions activated
2025-06-02 10:31:48.445 [info] ExtensionService#_doActivateExtension vscode.debug-auto-launch, startup: false, activationEvent: 'onStartupFinished'
2025-06-02 10:31:48.445 [info] ExtensionService#_doActivateExtension vscode.merge-conflict, startup: false, activationEvent: 'onStartupFinished'
2025-06-02 10:31:50.356 [info] ExtensionService#_doActivateExtension ms-python.vscode-pylance, startup: false, activationEvent: 'api', root cause: ms-python.python
2025-06-02 10:31:53.760 [warning] [Decorations] CAPPING events from decorations provider vscode.git 442
2025-06-02 10:31:55.868 [warning] [Decorations] CAPPING events from decorations provider vscode.git 443
2025-06-02 10:31:58.068 [info] ExtensionService#_doActivateExtension vscode.npm, startup: false, activationEvent: 'onTerminalQuickFixRequest:ms-vscode.npm-command'
2025-06-02 10:32:05.181 [info] ExtensionService#_doActivateExtension vscode.configuration-editing, startup: false, activationEvent: 'onLanguage:json'
2025-06-02 10:32:05.181 [info] ExtensionService#_doActivateExtension vscode.extension-editing, startup: false, activationEvent: 'onLanguage:json'
2025-06-02 10:32:05.181 [info] ExtensionService#_doActivateExtension vscode.json-language-features, startup: false, activationEvent: 'onLanguage:json'
2025-06-02 10:32:43.899 [warning] [Decorations] CAPPING events from decorations provider vscode.git 444
2025-06-02 10:32:49.083 [warning] [Decorations] CAPPING events from decorations provider vscode.git 444
