2025-06-02 18:00:56.770 [info] [main] 로그 수준: Info
2025-06-02 18:00:56.770 [info] [main] "git"에서 찾은 git 유효성을 검사하는 중
2025-06-02 18:00:56.770 [info] [main] "2.34.1"에서 git "git"을(를) 사용하는 중
2025-06-02 18:00:56.770 [info] [Model][doInitialScan] Initial repository scan started
2025-06-02 18:00:56.770 [info] > git rev-parse --show-toplevel [100ms]
2025-06-02 18:00:56.770 [info] > git rev-parse --git-dir --git-common-dir [3ms]
2025-06-02 18:00:56.770 [info] [Model][openRepository] Opened repository (path): /root
2025-06-02 18:00:56.770 [info] [Model][openRepository] Opened repository (real path): /root
2025-06-02 18:00:58.490 [info] > git config --get commit.template [1713ms]
2025-06-02 18:00:59.583 [info] > git for-each-ref --format=%(refname)%00%(upstream:short)%00%(objectname)%00%(upstream:track)%00%(upstream:remotename)%00%(upstream:remoteref) refs/heads/main refs/remotes/main [1010ms]
2025-06-02 18:01:03.308 [info] > git check-ignore -v -z --stdin [3721ms]
2025-06-02 18:01:03.902 [info] > git status -z -uall [504ms]
2025-06-02 18:01:03.903 [info] > git for-each-ref --sort -committerdate --format %(refname)%00%(objectname)%00%(*objectname) [501ms]
2025-06-02 18:01:04.503 [info] > git for-each-ref --format=%(refname)%00%(upstream:short)%00%(objectname)%00%(upstream:track)%00%(upstream:remotename)%00%(upstream:remoteref) refs/heads/main refs/remotes/main [396ms]
2025-06-02 18:01:04.510 [info] > git rev-parse --show-toplevel [702ms]
2025-06-02 18:01:04.605 [info] > git config --get commit.template [303ms]
2025-06-02 18:01:05.091 [info] > git rev-parse --show-toplevel [487ms]
2025-06-02 18:01:05.103 [info] > git config --get --local branch.main.vscode-merge-base [593ms]
2025-06-02 18:01:05.103 [warning] [Git][config] git config failed: Failed to execute git
2025-06-02 18:01:05.208 [info] > git rev-parse --show-toplevel [11ms]
2025-06-02 18:01:05.209 [info] > git for-each-ref --format=%(refname)%00%(upstream:short)%00%(objectname)%00%(upstream:track)%00%(upstream:remotename)%00%(upstream:remoteref) refs/heads/main refs/remotes/main [15ms]
2025-06-02 18:01:05.209 [info] > git reflog main --grep-reflog=branch: Created from *. [101ms]
2025-06-02 18:01:05.414 [info] > git rev-parse --show-toplevel [107ms]
2025-06-02 18:01:05.414 [info] > git symbolic-ref --short refs/remotes/origin/HEAD [202ms]
2025-06-02 18:01:05.414 [info] fatal: ref refs/remotes/origin/HEAD is not a symbolic ref
2025-06-02 18:01:05.414 [warning] [Repository][getDefaultBranch] Failed to get default branch details: Failed to execute git.
2025-06-02 18:01:05.596 [info] > git rev-parse --show-toplevel [88ms]
2025-06-02 18:01:05.596 [info] > git merge-base refs/heads/main refs/remotes/origin/main [102ms]
2025-06-02 18:01:05.813 [info] > git diff --name-status -z --diff-filter=ADMR 83a79b3bdc41becf57e86b78650e2b84a68c7684...refs/remotes/origin/main [121ms]
2025-06-02 18:01:05.814 [info] > git for-each-ref --sort -committerdate --format %(refname)%00%(objectname)%00%(*objectname) [219ms]
2025-06-02 18:01:05.892 [info] > git rev-parse --show-toplevel [86ms]
2025-06-02 18:01:05.903 [info] > git rev-parse --show-toplevel [4ms]
2025-06-02 18:01:05.913 [info] > git rev-parse --show-toplevel [2ms]
2025-06-02 18:01:06.294 [info] > git status -z -uall [782ms]
2025-06-02 18:01:06.294 [info] > git rev-parse --show-toplevel [378ms]
2025-06-02 18:01:06.305 [info] > git rev-parse --show-toplevel [2ms]
2025-06-02 18:01:06.312 [info] > git rev-parse --show-toplevel [3ms]
2025-06-02 18:01:06.497 [info] > git rev-parse --show-toplevel [99ms]
2025-06-02 18:01:06.507 [info] > git rev-parse --show-toplevel [6ms]
2025-06-02 18:01:06.512 [info] > git rev-parse --show-toplevel [2ms]
2025-06-02 18:01:06.596 [info] > git rev-parse --show-toplevel [2ms]
2025-06-02 18:01:06.601 [info] > git rev-parse --show-toplevel [2ms]
2025-06-02 18:01:06.606 [info] > git rev-parse --show-toplevel [2ms]
2025-06-02 18:01:06.610 [info] > git rev-parse --show-toplevel [1ms]
2025-06-02 18:01:06.612 [info] [Model][doInitialScan] Initial repository scan completed - repositories (1), closed repositories (0), parent repositories (0), unsafe repositories (0)
2025-06-02 18:01:06.704 [info] > git show --textconv :shop/api/baseblu/basebiu.py [10ms]
2025-06-02 18:01:06.707 [info] > git ls-files --stage -- shop/api/baseblu/basebiu.py [7ms]
2025-06-02 18:01:06.713 [info] > git cat-file -s 610a0d68720368090bf4b8e18c0993c466ecb04b [3ms]
2025-06-02 18:01:07.708 [info] > git blame --root --incremental 83a79b3bdc41becf57e86b78650e2b84a68c7684 -- shop/api/baseblu/basebiu.py [88ms]
2025-06-02 18:01:33.171 [info] > git check-ignore -v -z --stdin [304ms]
2025-06-02 18:01:34.071 [info] > git check-ignore -v -z --stdin [99ms]
2025-06-02 18:01:37.280 [info] > git check-ignore -v -z --stdin [205ms]
2025-06-02 18:01:39.681 [info] > git check-ignore -v -z --stdin [95ms]
2025-06-02 18:01:40.874 [info] > git check-ignore -v -z --stdin [298ms]
2025-06-02 18:14:33.317 [info] > git config --get commit.template [5ms]
2025-06-02 18:14:33.327 [info] > git for-each-ref --format=%(refname)%00%(upstream:short)%00%(objectname)%00%(upstream:track)%00%(upstream:remotename)%00%(upstream:remoteref) refs/heads/main refs/remotes/main [11ms]
2025-06-02 18:14:33.339 [info] > git for-each-ref --sort -committerdate --format %(refname)%00%(objectname)%00%(*objectname) [2ms]
2025-06-02 18:14:33.925 [info] > git status -z -uall [593ms]
2025-06-02 18:14:39.035 [info] > git config --get commit.template [5ms]
2025-06-02 18:14:39.047 [info] > git for-each-ref --format=%(refname)%00%(upstream:short)%00%(objectname)%00%(upstream:track)%00%(upstream:remotename)%00%(upstream:remoteref) refs/heads/main refs/remotes/main [5ms]
2025-06-02 18:14:39.112 [info] > git for-each-ref --sort -committerdate --format %(refname)%00%(objectname)%00%(*objectname) [3ms]
2025-06-02 18:14:39.309 [info] > git status -z -uall [258ms]
2025-06-02 18:14:44.323 [info] > git config --get commit.template [1ms]
2025-06-02 18:14:44.328 [info] > git for-each-ref --format=%(refname)%00%(upstream:short)%00%(objectname)%00%(upstream:track)%00%(upstream:remotename)%00%(upstream:remoteref) refs/heads/main refs/remotes/main [2ms]
2025-06-02 18:14:44.336 [info] > git for-each-ref --sort -committerdate --format %(refname)%00%(objectname)%00%(*objectname) [2ms]
2025-06-02 18:14:44.538 [info] > git status -z -uall [207ms]
2025-06-02 18:14:49.550 [info] > git config --get commit.template [3ms]
2025-06-02 18:14:49.551 [info] > git for-each-ref --format=%(refname)%00%(upstream:short)%00%(objectname)%00%(upstream:track)%00%(upstream:remotename)%00%(upstream:remoteref) refs/heads/main refs/remotes/main [1ms]
2025-06-02 18:14:49.559 [info] > git for-each-ref --sort -committerdate --format %(refname)%00%(objectname)%00%(*objectname) [1ms]
2025-06-02 18:14:49.752 [info] > git status -z -uall [198ms]
2025-06-02 18:14:52.471 [info] > git show --textconv :shop/management/commands/fetch_and_register_all.py [27ms]
2025-06-02 18:14:52.475 [info] > git ls-files --stage -- shop/management/commands/fetch_and_register_all.py [18ms]
2025-06-02 18:14:52.541 [info] > git cat-file -s e2460833492209e8ae345080356b07274c24e004 [5ms]
2025-06-02 18:14:53.154 [info] > git blame --root --incremental 83a79b3bdc41becf57e86b78650e2b84a68c7684 -- shop/management/commands/fetch_and_register_all.py [592ms]
2025-06-02 18:14:54.764 [info] > git config --get commit.template [4ms]
2025-06-02 18:14:54.765 [info] > git for-each-ref --format=%(refname)%00%(upstream:short)%00%(objectname)%00%(upstream:track)%00%(upstream:remotename)%00%(upstream:remoteref) refs/heads/main refs/remotes/main [2ms]
2025-06-02 18:14:54.773 [info] > git for-each-ref --sort -committerdate --format %(refname)%00%(objectname)%00%(*objectname) [1ms]
2025-06-02 18:14:54.969 [info] > git status -z -uall [201ms]
2025-06-02 18:14:55.757 [info] > git ls-files --stage -- requirements.txt [10ms]
2025-06-02 18:14:55.767 [info] > git cat-file -s 849311465ffd06365cac05815be3e6d95c33282e [3ms]
2025-06-02 18:14:55.768 [info] > git show --textconv :requirements.txt [29ms]
2025-06-02 18:15:03.878 [info] > git config --get commit.template [2ms]
2025-06-02 18:15:03.884 [info] > git for-each-ref --format=%(refname)%00%(upstream:short)%00%(objectname)%00%(upstream:track)%00%(upstream:remotename)%00%(upstream:remoteref) refs/heads/main refs/remotes/main [2ms]
2025-06-02 18:15:03.900 [info] > git for-each-ref --sort -committerdate --format %(refname)%00%(objectname)%00%(*objectname) [2ms]
2025-06-02 18:15:04.101 [info] > git status -z -uall [211ms]
2025-06-02 18:15:09.113 [info] > git config --get commit.template [4ms]
2025-06-02 18:15:09.114 [info] > git for-each-ref --format=%(refname)%00%(upstream:short)%00%(objectname)%00%(upstream:track)%00%(upstream:remotename)%00%(upstream:remoteref) refs/heads/main refs/remotes/main [2ms]
2025-06-02 18:15:09.182 [info] > git for-each-ref --sort -committerdate --format %(refname)%00%(objectname)%00%(*objectname) [4ms]
2025-06-02 18:15:09.392 [info] > git status -z -uall [275ms]
2025-06-02 18:15:14.488 [info] > git config --get commit.template [77ms]
2025-06-02 18:15:14.496 [info] > git for-each-ref --format=%(refname)%00%(upstream:short)%00%(objectname)%00%(upstream:track)%00%(upstream:remotename)%00%(upstream:remoteref) refs/heads/main refs/remotes/main [2ms]
2025-06-02 18:15:14.603 [info] > git for-each-ref --sort -committerdate --format %(refname)%00%(objectname)%00%(*objectname) [88ms]
2025-06-02 18:15:15.089 [info] > git status -z -uall [577ms]
2025-06-02 18:15:52.893 [info] > git config --get commit.template [4ms]
2025-06-02 18:15:52.894 [info] > git for-each-ref --format=%(refname)%00%(upstream:short)%00%(objectname)%00%(upstream:track)%00%(upstream:remotename)%00%(upstream:remoteref) refs/heads/main refs/remotes/main [2ms]
2025-06-02 18:15:52.907 [info] > git for-each-ref --sort -committerdate --format %(refname)%00%(objectname)%00%(*objectname) [2ms]
2025-06-02 18:15:53.102 [info] > git status -z -uall [200ms]
2025-06-02 18:15:53.302 [info] > git show --textconv :fetch_latti_cron.log [6ms]
2025-06-02 18:15:53.377 [info] > git ls-files --stage -- fetch_latti_cron.log [77ms]
2025-06-02 18:15:53.382 [info] > git cat-file -s 89e0b0aa5560023813094074b60e7003be4156c3 [2ms]
2025-06-02 18:15:53.695 [info] > git blame --root --incremental 83a79b3bdc41becf57e86b78650e2b84a68c7684 -- fetch_latti_cron.log [219ms]
2025-06-02 18:15:58.117 [info] > git config --get commit.template [3ms]
2025-06-02 18:15:58.120 [info] > git for-each-ref --format=%(refname)%00%(upstream:short)%00%(objectname)%00%(upstream:track)%00%(upstream:remotename)%00%(upstream:remoteref) refs/heads/main refs/remotes/main [4ms]
2025-06-02 18:15:58.191 [info] > git for-each-ref --sort -committerdate --format %(refname)%00%(objectname)%00%(*objectname) [5ms]
2025-06-02 18:15:58.388 [info] > git status -z -uall [265ms]
2025-06-02 18:16:03.400 [info] > git config --get commit.template [4ms]
2025-06-02 18:16:03.401 [info] > git for-each-ref --format=%(refname)%00%(upstream:short)%00%(objectname)%00%(upstream:track)%00%(upstream:remotename)%00%(upstream:remoteref) refs/heads/main refs/remotes/main [1ms]
2025-06-02 18:16:03.411 [info] > git for-each-ref --sort -committerdate --format %(refname)%00%(objectname)%00%(*objectname) [3ms]
2025-06-02 18:16:03.613 [info] > git status -z -uall [209ms]
2025-06-02 18:16:18.632 [info] > git config --get commit.template [2ms]
2025-06-02 18:16:18.636 [info] > git for-each-ref --format=%(refname)%00%(upstream:short)%00%(objectname)%00%(upstream:track)%00%(upstream:remotename)%00%(upstream:remoteref) refs/heads/main refs/remotes/main [1ms]
2025-06-02 18:16:18.652 [info] > git for-each-ref --sort -committerdate --format %(refname)%00%(objectname)%00%(*objectname) [3ms]
2025-06-02 18:16:18.860 [info] > git status -z -uall [215ms]
2025-06-02 18:16:23.873 [info] > git config --get commit.template [2ms]
2025-06-02 18:16:23.878 [info] > git for-each-ref --format=%(refname)%00%(upstream:short)%00%(objectname)%00%(upstream:track)%00%(upstream:remotename)%00%(upstream:remoteref) refs/heads/main refs/remotes/main [1ms]
2025-06-02 18:16:23.974 [info] > git for-each-ref --sort -committerdate --format %(refname)%00%(objectname)%00%(*objectname) [15ms]
2025-06-02 18:16:24.152 [info] > git status -z -uall [208ms]
2025-06-02 18:16:29.164 [info] > git config --get commit.template [4ms]
2025-06-02 18:16:29.165 [info] > git for-each-ref --format=%(refname)%00%(upstream:short)%00%(objectname)%00%(upstream:track)%00%(upstream:remotename)%00%(upstream:remoteref) refs/heads/main refs/remotes/main [2ms]
2025-06-02 18:16:29.173 [info] > git for-each-ref --sort -committerdate --format %(refname)%00%(objectname)%00%(*objectname) [1ms]
2025-06-02 18:16:29.367 [info] > git status -z -uall [199ms]
2025-06-02 18:17:12.255 [info] > git config --get commit.template [1ms]
2025-06-02 18:17:12.260 [info] > git for-each-ref --format=%(refname)%00%(upstream:short)%00%(objectname)%00%(upstream:track)%00%(upstream:remotename)%00%(upstream:remoteref) refs/heads/main refs/remotes/main [2ms]
2025-06-02 18:17:12.269 [info] > git for-each-ref --sort -committerdate --format %(refname)%00%(objectname)%00%(*objectname) [2ms]
2025-06-02 18:17:12.462 [info] > git status -z -uall [198ms]
2025-06-02 18:17:17.471 [info] > git config --get commit.template [1ms]
2025-06-02 18:17:17.475 [info] > git for-each-ref --format=%(refname)%00%(upstream:short)%00%(objectname)%00%(upstream:track)%00%(upstream:remotename)%00%(upstream:remoteref) refs/heads/main refs/remotes/main [2ms]
2025-06-02 18:17:17.483 [info] > git for-each-ref --sort -committerdate --format %(refname)%00%(objectname)%00%(*objectname) [1ms]
2025-06-02 18:17:17.679 [info] > git status -z -uall [201ms]
2025-06-02 18:17:22.690 [info] > git config --get commit.template [5ms]
2025-06-02 18:17:22.690 [info] > git for-each-ref --format=%(refname)%00%(upstream:short)%00%(objectname)%00%(upstream:track)%00%(upstream:remotename)%00%(upstream:remoteref) refs/heads/main refs/remotes/main [1ms]
2025-06-02 18:17:22.717 [info] > git for-each-ref --sort -committerdate --format %(refname)%00%(objectname)%00%(*objectname) [13ms]
2025-06-02 18:17:22.898 [info] > git status -z -uall [202ms]
2025-06-02 18:17:27.911 [info] > git config --get commit.template [1ms]
2025-06-02 18:17:27.915 [info] > git for-each-ref --format=%(refname)%00%(upstream:short)%00%(objectname)%00%(upstream:track)%00%(upstream:remotename)%00%(upstream:remoteref) refs/heads/main refs/remotes/main [1ms]
2025-06-02 18:17:27.924 [info] > git for-each-ref --sort -committerdate --format %(refname)%00%(objectname)%00%(*objectname) [2ms]
2025-06-02 18:17:28.110 [info] > git status -z -uall [191ms]
2025-06-02 18:17:33.120 [info] > git config --get commit.template [4ms]
2025-06-02 18:17:33.121 [info] > git for-each-ref --format=%(refname)%00%(upstream:short)%00%(objectname)%00%(upstream:track)%00%(upstream:remotename)%00%(upstream:remoteref) refs/heads/main refs/remotes/main [2ms]
2025-06-02 18:17:33.130 [info] > git for-each-ref --sort -committerdate --format %(refname)%00%(objectname)%00%(*objectname) [1ms]
2025-06-02 18:17:33.330 [info] > git status -z -uall [206ms]
2025-06-02 18:17:38.342 [info] > git config --get commit.template [4ms]
2025-06-02 18:17:38.343 [info] > git for-each-ref --format=%(refname)%00%(upstream:short)%00%(objectname)%00%(upstream:track)%00%(upstream:remotename)%00%(upstream:remoteref) refs/heads/main refs/remotes/main [2ms]
2025-06-02 18:17:38.353 [info] > git for-each-ref --sort -committerdate --format %(refname)%00%(objectname)%00%(*objectname) [2ms]
2025-06-02 18:17:38.543 [info] > git status -z -uall [196ms]
2025-06-02 18:17:43.554 [info] > git config --get commit.template [5ms]
2025-06-02 18:17:43.555 [info] > git for-each-ref --format=%(refname)%00%(upstream:short)%00%(objectname)%00%(upstream:track)%00%(upstream:remotename)%00%(upstream:remoteref) refs/heads/main refs/remotes/main [1ms]
2025-06-02 18:17:43.626 [info] > git for-each-ref --sort -committerdate --format %(refname)%00%(objectname)%00%(*objectname) [61ms]
2025-06-02 18:17:43.821 [info] > git status -z -uall [260ms]
2025-06-02 18:17:48.840 [info] > git config --get commit.template [4ms]
2025-06-02 18:17:48.843 [info] > git for-each-ref --format=%(refname)%00%(upstream:short)%00%(objectname)%00%(upstream:track)%00%(upstream:remotename)%00%(upstream:remoteref) refs/heads/main refs/remotes/main [2ms]
2025-06-02 18:17:48.852 [info] > git for-each-ref --sort -committerdate --format %(refname)%00%(objectname)%00%(*objectname) [1ms]
2025-06-02 18:17:49.038 [info] > git check-ignore -v -z --stdin [69ms]
2025-06-02 18:17:49.050 [info] > git status -z -uall [203ms]
2025-06-02 18:17:54.064 [info] > git config --get commit.template [1ms]
2025-06-02 18:17:54.068 [info] > git for-each-ref --format=%(refname)%00%(upstream:short)%00%(objectname)%00%(upstream:track)%00%(upstream:remotename)%00%(upstream:remoteref) refs/heads/main refs/remotes/main [1ms]
2025-06-02 18:17:54.079 [info] > git for-each-ref --sort -committerdate --format %(refname)%00%(objectname)%00%(*objectname) [2ms]
2025-06-02 18:17:54.271 [info] > git status -z -uall [199ms]
2025-06-02 18:17:56.761 [info] > git show --textconv :export/BASEBLU/categories.json [6ms]
2025-06-02 18:17:56.769 [info] > git hash-object -t tree /dev/null [5ms]
2025-06-02 18:17:56.773 [warning] [GitFileSystemProvider][readFile] File not found - git:/root/export/BASEBLU/categories.json.git?%7B%22path%22%3A%22%2Froot%2Fexport%2FBASEBLU%2Fcategories.json%22%2C%22ref%22%3A%22%22%7D
2025-06-02 18:17:56.776 [info] > git ls-files --stage -- export/BASEBLU/categories.json [16ms]
2025-06-02 18:17:56.776 [warning] [GitFileSystemProvider][stat] File not found - git:/root/export/BASEBLU/categories.json.git?%7B%22path%22%3A%22%2Froot%2Fexport%2FBASEBLU%2Fcategories.json%22%2C%22ref%22%3A%22%22%7D
2025-06-02 18:17:56.860 [info] > git blame --root --incremental 83a79b3bdc41becf57e86b78650e2b84a68c7684 -- export/BASEBLU/categories.json [4ms]
2025-06-02 18:17:56.860 [info] fatal: no such path export/BASEBLU/categories.json in 83a79b3bdc41becf57e86b78650e2b84a68c7684
2025-06-02 18:17:59.280 [info] > git config --get commit.template [0ms]
2025-06-02 18:17:59.284 [info] > git for-each-ref --format=%(refname)%00%(upstream:short)%00%(objectname)%00%(upstream:track)%00%(upstream:remotename)%00%(upstream:remoteref) refs/heads/main refs/remotes/main [2ms]
2025-06-02 18:17:59.370 [info] > git for-each-ref --sort -committerdate --format %(refname)%00%(objectname)%00%(*objectname) [79ms]
2025-06-02 18:17:59.567 [info] > git status -z -uall [279ms]
2025-06-02 18:18:04.595 [info] > git config --get commit.template [1ms]
2025-06-02 18:18:04.610 [info] > git for-each-ref --format=%(refname)%00%(upstream:short)%00%(objectname)%00%(upstream:track)%00%(upstream:remotename)%00%(upstream:remoteref) refs/heads/main refs/remotes/main [2ms]
2025-06-02 18:18:04.681 [info] > git for-each-ref --sort -committerdate --format %(refname)%00%(objectname)%00%(*objectname) [2ms]
2025-06-02 18:18:04.877 [info] > git status -z -uall [202ms]
2025-06-02 18:38:19.198 [info] > git config --get commit.template [4ms]
2025-06-02 18:38:19.200 [info] > git for-each-ref --format=%(refname)%00%(upstream:short)%00%(objectname)%00%(upstream:track)%00%(upstream:remotename)%00%(upstream:remoteref) refs/heads/main refs/remotes/main [4ms]
2025-06-02 18:38:19.213 [info] > git for-each-ref --sort -committerdate --format %(refname)%00%(objectname)%00%(*objectname) [5ms]
2025-06-02 18:38:19.326 [info] > git status -z -uall [120ms]
2025-06-02 18:38:19.339 [info] > git blame --root --incremental 035b7ebad569085429235839871c8b32bc0b2cef -- export/BASEBLU/categories.json [6ms]
2025-06-02 18:38:19.339 [info] fatal: no such path export/BASEBLU/categories.json in 035b7ebad569085429235839871c8b32bc0b2cef
2025-06-02 18:38:19.339 [info] > git merge-base refs/heads/main refs/remotes/origin/main [3ms]
2025-06-02 18:38:19.344 [info] > git diff --name-status -z --diff-filter=ADMR 035b7ebad569085429235839871c8b32bc0b2cef...refs/remotes/origin/main [2ms]
2025-06-02 18:38:28.371 [info] > git config --get commit.template [4ms]
2025-06-02 18:38:28.373 [info] > git for-each-ref --format=%(refname)%00%(upstream:short)%00%(objectname)%00%(upstream:track)%00%(upstream:remotename)%00%(upstream:remoteref) refs/heads/main refs/remotes/main [3ms]
2025-06-02 18:38:28.385 [info] > git for-each-ref --sort -committerdate --format %(refname)%00%(objectname)%00%(*objectname) [2ms]
2025-06-02 18:38:28.459 [info] > git status -z -uall [79ms]
2025-06-02 18:38:29.548 [info] > git config --get commit.template [4ms]
2025-06-02 18:38:29.549 [info] > git for-each-ref --format=%(refname)%00%(upstream:short)%00%(objectname)%00%(upstream:track)%00%(upstream:remotename)%00%(upstream:remoteref) refs/heads/main refs/remotes/main [2ms]
2025-06-02 18:38:29.572 [info] > git for-each-ref --sort -committerdate --format %(refname)%00%(objectname)%00%(*objectname) [2ms]
2025-06-02 18:38:29.638 [info] > git status -z -uall [78ms]
2025-06-02 18:38:32.878 [info] > git show --textconv :shop/api/baseblu/basebiu.py [6ms]
2025-06-02 18:38:32.880 [info] > git ls-files --stage -- shop/api/baseblu/basebiu.py [5ms]
2025-06-02 18:38:32.885 [info] > git cat-file -s e2d25add41b660fe5c2874de77399ec1794686d4 [2ms]
2025-06-02 18:38:32.926 [info] > git blame --root --incremental 035b7ebad569085429235839871c8b32bc0b2cef -- shop/api/baseblu/basebiu.py [19ms]
2025-06-02 18:38:33.532 [info] > git config --get commit.template [1ms]
2025-06-02 18:38:33.536 [info] > git for-each-ref --format=%(refname)%00%(upstream:short)%00%(objectname)%00%(upstream:track)%00%(upstream:remotename)%00%(upstream:remoteref) refs/heads/main refs/remotes/main [2ms]
2025-06-02 18:38:33.546 [info] > git for-each-ref --sort -committerdate --format %(refname)%00%(objectname)%00%(*objectname) [3ms]
2025-06-02 18:38:33.843 [info] > git status -z -uall [303ms]
2025-06-02 18:38:50.500 [info] > git config --get commit.template [3ms]
2025-06-02 18:38:50.501 [info] > git for-each-ref --format=%(refname)%00%(upstream:short)%00%(objectname)%00%(upstream:track)%00%(upstream:remotename)%00%(upstream:remoteref) refs/heads/main refs/remotes/main [1ms]
2025-06-02 18:38:50.509 [info] > git for-each-ref --sort -committerdate --format %(refname)%00%(objectname)%00%(*objectname) [1ms]
2025-06-02 18:38:50.578 [info] > git status -z -uall [73ms]
2025-06-02 18:38:57.193 [info] > git config --get commit.template [3ms]
2025-06-02 18:38:57.194 [info] > git for-each-ref --format=%(refname)%00%(upstream:short)%00%(objectname)%00%(upstream:track)%00%(upstream:remotename)%00%(upstream:remoteref) refs/heads/main refs/remotes/main [1ms]
2025-06-02 18:38:57.202 [info] > git for-each-ref --sort -committerdate --format %(refname)%00%(objectname)%00%(*objectname) [2ms]
2025-06-02 18:38:57.277 [info] > git status -z -uall [80ms]
2025-06-02 18:39:48.741 [info] > git show --textconv :shop/management/commands/fetch_and_register_baseblu.py [7ms]
2025-06-02 18:39:48.745 [info] > git ls-files --stage -- shop/management/commands/fetch_and_register_baseblu.py [5ms]
2025-06-02 18:39:48.749 [info] > git cat-file -s 7eceab3c8da58582aa33d071a01415c6c73d4ddf [1ms]
2025-06-02 18:39:49.195 [info] > git blame --root --incremental 035b7ebad569085429235839871c8b32bc0b2cef -- shop/management/commands/fetch_and_register_baseblu.py [3ms]
2025-06-02 18:39:49.619 [info] > git config --get commit.template [4ms]
2025-06-02 18:39:49.620 [info] > git for-each-ref --format=%(refname)%00%(upstream:short)%00%(objectname)%00%(upstream:track)%00%(upstream:remotename)%00%(upstream:remoteref) refs/heads/main refs/remotes/main [2ms]
2025-06-02 18:39:49.629 [info] > git for-each-ref --sort -committerdate --format %(refname)%00%(objectname)%00%(*objectname) [2ms]
2025-06-02 18:39:49.699 [info] > git status -z -uall [75ms]
2025-06-02 18:40:08.045 [info] > git show --textconv :shop/management/commands/fetch_and_register_bini.py [6ms]
2025-06-02 18:40:08.047 [info] > git ls-files --stage -- shop/management/commands/fetch_and_register_bini.py [4ms]
2025-06-02 18:40:08.050 [info] > git cat-file -s 97f35f4c062e3e4c3a9b0cad489d280bde9f4f46 [1ms]
2025-06-02 18:40:08.080 [info] > git blame --root --incremental 035b7ebad569085429235839871c8b32bc0b2cef -- shop/management/commands/fetch_and_register_bini.py [17ms]
2025-06-02 18:40:20.677 [info] > git show --textconv :shop/management/commands/fetch_and_register_baseblu.py [5ms]
2025-06-02 18:40:20.680 [info] > git ls-files --stage -- shop/management/commands/fetch_and_register_baseblu.py [4ms]
2025-06-02 18:40:20.684 [info] > git cat-file -s 7eceab3c8da58582aa33d071a01415c6c73d4ddf [1ms]
2025-06-02 18:40:21.568 [info] > git config --get commit.template [3ms]
2025-06-02 18:40:21.570 [info] > git for-each-ref --format=%(refname)%00%(upstream:short)%00%(objectname)%00%(upstream:track)%00%(upstream:remotename)%00%(upstream:remoteref) refs/heads/main refs/remotes/main [3ms]
2025-06-02 18:40:21.579 [info] > git for-each-ref --sort -committerdate --format %(refname)%00%(objectname)%00%(*objectname) [1ms]
2025-06-02 18:40:21.649 [info] > git status -z -uall [74ms]
2025-06-02 18:40:29.181 [info] > git config --get commit.template [3ms]
2025-06-02 18:40:29.182 [info] > git for-each-ref --format=%(refname)%00%(upstream:short)%00%(objectname)%00%(upstream:track)%00%(upstream:remotename)%00%(upstream:remoteref) refs/heads/main refs/remotes/main [1ms]
2025-06-02 18:40:29.189 [info] > git for-each-ref --sort -committerdate --format %(refname)%00%(objectname)%00%(*objectname) [1ms]
2025-06-02 18:40:29.259 [info] > git status -z -uall [74ms]
2025-06-02 18:40:34.268 [info] > git config --get commit.template [4ms]
2025-06-02 18:40:34.269 [info] > git for-each-ref --format=%(refname)%00%(upstream:short)%00%(objectname)%00%(upstream:track)%00%(upstream:remotename)%00%(upstream:remoteref) refs/heads/main refs/remotes/main [2ms]
2025-06-02 18:40:34.276 [info] > git for-each-ref --sort -committerdate --format %(refname)%00%(objectname)%00%(*objectname) [1ms]
2025-06-02 18:40:34.348 [info] > git status -z -uall [76ms]
2025-06-02 18:40:46.979 [info] > git show --textconv :shop/api/baseblu/basebiu.py [7ms]
2025-06-02 18:40:46.981 [info] > git ls-files --stage -- shop/api/baseblu/basebiu.py [4ms]
2025-06-02 18:40:46.985 [info] > git cat-file -s e2d25add41b660fe5c2874de77399ec1794686d4 [1ms]
2025-06-02 18:42:47.244 [info] > git config --get commit.template [87ms]
2025-06-02 18:42:47.452 [info] > git for-each-ref --format=%(refname)%00%(upstream:short)%00%(objectname)%00%(upstream:track)%00%(upstream:remotename)%00%(upstream:remoteref) refs/heads/main refs/remotes/main [109ms]
2025-06-02 18:42:48.047 [info] > git for-each-ref --sort -committerdate --format %(refname)%00%(objectname)%00%(*objectname) [193ms]
2025-06-02 18:42:48.559 [info] > git status -z -uall [809ms]
2025-06-02 18:44:33.697 [info] > git config --get commit.template [4ms]
2025-06-02 18:44:33.705 [info] > git for-each-ref --format=%(refname)%00%(upstream:short)%00%(objectname)%00%(upstream:track)%00%(upstream:remotename)%00%(upstream:remoteref) refs/heads/main refs/remotes/main [8ms]
2025-06-02 18:44:33.810 [info] > git for-each-ref --sort -committerdate --format %(refname)%00%(objectname)%00%(*objectname) [2ms]
2025-06-02 18:44:34.108 [info] > git status -z -uall [381ms]
2025-06-02 18:44:52.543 [info] > git config --get commit.template [5ms]
2025-06-02 18:44:52.544 [info] > git for-each-ref --format=%(refname)%00%(upstream:short)%00%(objectname)%00%(upstream:track)%00%(upstream:remotename)%00%(upstream:remoteref) refs/heads/main refs/remotes/main [2ms]
2025-06-02 18:44:52.556 [info] > git for-each-ref --sort -committerdate --format %(refname)%00%(objectname)%00%(*objectname) [2ms]
2025-06-02 18:44:52.761 [info] > git status -z -uall [209ms]
2025-06-02 18:45:39.559 [info] > git config --get commit.template [1ms]
2025-06-02 18:45:39.563 [info] > git for-each-ref --format=%(refname)%00%(upstream:short)%00%(objectname)%00%(upstream:track)%00%(upstream:remotename)%00%(upstream:remoteref) refs/heads/main refs/remotes/main [1ms]
2025-06-02 18:45:39.576 [info] > git for-each-ref --sort -committerdate --format %(refname)%00%(objectname)%00%(*objectname) [2ms]
2025-06-02 18:45:39.767 [info] > git status -z -uall [196ms]
2025-06-02 18:46:42.899 [info] > git config --get commit.template [4ms]
2025-06-02 18:46:42.900 [info] > git for-each-ref --format=%(refname)%00%(upstream:short)%00%(objectname)%00%(upstream:track)%00%(upstream:remotename)%00%(upstream:remoteref) refs/heads/main refs/remotes/main [2ms]
2025-06-02 18:46:42.910 [info] > git for-each-ref --sort -committerdate --format %(refname)%00%(objectname)%00%(*objectname) [2ms]
2025-06-02 18:46:42.986 [info] > git status -z -uall [83ms]
2025-06-02 18:46:47.996 [info] > git config --get commit.template [4ms]
2025-06-02 18:46:47.997 [info] > git for-each-ref --format=%(refname)%00%(upstream:short)%00%(objectname)%00%(upstream:track)%00%(upstream:remotename)%00%(upstream:remoteref) refs/heads/main refs/remotes/main [2ms]
2025-06-02 18:46:48.004 [info] > git for-each-ref --sort -committerdate --format %(refname)%00%(objectname)%00%(*objectname) [2ms]
2025-06-02 18:46:48.077 [info] > git status -z -uall [77ms]
2025-06-02 19:01:38.827 [info] > git config --get commit.template [11ms]
2025-06-02 19:01:38.829 [info] > git for-each-ref --format=%(refname)%00%(upstream:short)%00%(objectname)%00%(upstream:track)%00%(upstream:remotename)%00%(upstream:remoteref) refs/heads/main refs/remotes/main [10ms]
2025-06-02 19:01:38.837 [info] > git for-each-ref --sort -committerdate --format %(refname)%00%(objectname)%00%(*objectname) [2ms]
2025-06-02 19:01:39.018 [info] > git status -z -uall [186ms]
