2025-05-24 01:18:14.038 [info] 실험 'pythonRecommendTensorboardExt'이(가) 활성 상태입니다.
2025-05-24 01:18:14.038 [info] 실험 'pythonSurveyNotificationcf'이(가) 활성 상태입니다.
2025-05-24 01:18:14.038 [info] 실험 'pythonTerminalEnvVarActivation'이(가) 활성 상태입니다.
2025-05-24 01:18:14.038 [info] Native locator: Refresh started
2025-05-24 01:18:14.038 [info] Native locator: Refresh started
2025-05-24 01:18:14.038 [info] > pyenv which python
2025-05-24 01:18:14.038 [info] cwd: .
2025-05-24 01:18:16.846 [info] Native locator: Refresh finished in 7512 ms
2025-05-24 01:18:16.852 [info] Python 인터프리터 경로: ./venv/bin/python
2025-05-24 01:18:17.862 [info] > . ./venv/bin/activate && echo 'e8b39361-0157-4923-80e1-22d70d46dee6' && python ./.vscode-server/extensions/ms-python.python-2025.6.1-linux-x64/python_files/printEnvVariables.py
2025-05-24 01:18:17.862 [info] shell: bash
2025-05-24 01:18:18.061 [info] > /usr/bin/python2 ./.vscode-server/extensions/ms-python.python-2025.6.1-linux-x64/python_files/printEnvVariables.py
2025-05-24 01:18:18.061 [info] shell: bash
2025-05-24 01:18:18.248 [info] Setting environment variable VIRTUAL_ENV in collection to /root/venv {"applyAtShellIntegration":true,"applyAtProcessCreation":true}
2025-05-24 01:18:18.248 [info] Setting environment variable VIRTUAL_ENV_PROMPT in collection to (venv)  {"applyAtShellIntegration":true,"applyAtProcessCreation":true}
2025-05-24 01:18:18.248 [info] Prepending environment variable PS1 in collection with (venv)  {"applyAtShellIntegration":true,"applyAtProcessCreation":false}
2025-05-24 01:18:18.248 [info] Prepending environment variable PATH in collection with /root/.vscode-server/extensions/ms-python.python-2025.6.1-linux-x64/python_files/deactivate/bash:/root/venv/bin: {"applyAtShellIntegration":true,"applyAtProcessCreation":true}
2025-05-24 01:18:18.249 [info] Send text to terminal: /usr/bin/python2 /root/.vscode-server/extensions/ms-python.python-2025.6.1-linux-x64/python_files/printEnvVariablesToFile.py /root/.vscode-server/extensions/ms-python.python-2025.6.1-linux-x64/python_files/deactivate/bash/envVars.txt
2025-05-24 01:18:25.982 [info] Pylance 언어 서버를 시작하는 중입니다.
2025-05-24 01:18:48.249 [error] Failed to initialize deactivate script /bin/bash [Error: "/root/.vscode-server/extensions/ms-python.python-2025.6.1-linux-x64/python_files/deactivate/bash/envVars.txt" file not created
	at Timeout.<anonymous> (/root/.vscode-server/extensions/ms-python.python-2025.6.1-linux-x64/out/client/extension.js:2:310824)
	at listOnTimeout (node:internal/timers:581:17)
	at process.processTimers (node:internal/timers:519:7)]
2025-05-24 01:20:33.722 [info] Discover tests for workspace name: root - uri: /root/shop/management/commands/fetch_and_register_latti.py
2025-05-24 01:23:22.754 [info] Discover tests for workspace name: root - uri: /root/shop/services/product/latti.py
2025-05-24 01:23:29.045 [info] Discover tests for workspace name: root - uri: /root/shop/services/product/latti.py
2025-05-24 01:23:29.805 [info] Discover tests for workspace name: root - uri: /root/shop/services/product/latti.py
2025-05-24 01:27:25.847 [info] Discover tests for workspace name: root - uri: /root/shop/services/price_calculator.py
2025-05-24 01:27:27.851 [info] Discover tests for workspace name: root - uri: /root/shop/services/price_calculator.py
2025-05-24 01:27:35.568 [info] Discover tests for workspace name: root - uri: /root/shop/services/price_calculator.py
2025-05-24 01:27:43.486 [info] Discover tests for workspace name: root - uri: /root/shop/services/price_calculator.py
2025-05-24 01:27:46.496 [info] Discover tests for workspace name: root - uri: /root/shop/services/price_calculator.py
2025-05-24 01:27:48.096 [info] Discover tests for workspace name: root - uri: /root/shop/services/price_calculator.py
2025-05-24 01:27:56.021 [info] Discover tests for workspace name: root - uri: /root/shop/services/price_calculator.py
2025-05-24 01:30:54.831 [info] Discover tests for workspace name: root - uri: /root/shop/admin.py
2025-05-24 01:31:06.659 [info] Discover tests for workspace name: root - uri: /root/shop/admin.py
2025-05-24 01:31:11.997 [info] Discover tests for workspace name: root - uri: /root/shop/admin.py
2025-05-24 01:31:41.404 [info] Discover tests for workspace name: root - uri: /root/shop/admin.py
2025-05-24 01:39:43.980 [info] Discover tests for workspace name: root - uri: /root/shop/admin.py
2025-05-24 01:39:55.743 [info] Discover tests for workspace name: root - uri: /root/shop/admin.py
2025-05-24 01:41:47.189 [info] Discover tests for workspace name: root - uri: /root/mallapi/settings.py
2025-05-24 01:41:53.234 [info] Discover tests for workspace name: root - uri: /root/mallapi/settings.py
2025-05-24 01:41:57.932 [info] Discover tests for workspace name: root - uri: /root/mallapi/settings.py
2025-05-24 01:42:02.050 [info] Discover tests for workspace name: root - uri: /root/mallapi/settings.py
2025-05-24 01:42:12.092 [info] Discover tests for workspace name: root - uri: /root/mallapi/settings.py
2025-05-24 01:48:32.843 [info] Discover tests for workspace name: root - uri: /root/shop/services/price_calculator.py
2025-05-24 01:48:34.547 [info] Discover tests for workspace name: root - uri: /root/shop/services/price_calculator.py
2025-05-24 01:48:36.063 [info] Discover tests for workspace name: root - uri: /root/shop/services/price_calculator.py
2025-05-24 01:48:41.761 [info] Discover tests for workspace name: root - uri: /root/shop/services/price_calculator.py
2025-05-24 01:48:44.066 [info] Discover tests for workspace name: root - uri: /root/shop/services/price_calculator.py
2025-05-24 01:48:47.474 [info] Discover tests for workspace name: root - uri: /root/shop/services/price_calculator.py
2025-05-24 01:48:49.395 [info] Discover tests for workspace name: root - uri: /root/shop/services/price_calculator.py
2025-05-24 01:48:53.384 [info] Discover tests for workspace name: root - uri: /root/shop/services/price_calculator.py
2025-05-24 01:48:57.592 [info] Discover tests for workspace name: root - uri: /root/shop/services/price_calculator.py
2025-05-24 01:48:59.323 [info] Discover tests for workspace name: root - uri: /root/shop/services/price_calculator.py
2025-05-24 01:49:01.807 [info] Discover tests for workspace name: root - uri: /root/shop/services/price_calculator.py
2025-05-24 01:49:04.263 [info] Discover tests for workspace name: root - uri: /root/shop/services/price_calculator.py
2025-05-24 01:49:09.271 [info] Discover tests for workspace name: root - uri: /root/shop/services/price_calculator.py
2025-05-24 01:49:11.626 [info] Discover tests for workspace name: root - uri: /root/shop/services/price_calculator.py
2025-05-24 01:49:18.280 [info] Discover tests for workspace name: root - uri: /root/shop/services/price_calculator.py
