2025-05-29 19:30:17.891 [info] (Client) Pylance async client (2025.5.1) started with python extension (2025.6.1)
2025-05-29 19:30:25.501 [info] [Info  - 7:30:25 PM] (160905) Server root directory: file:///root/.vscode-server/extensions/ms-python.vscode-pylance-2025.5.1/dist
2025-05-29 19:30:25.502 [info] [Info  - 7:30:25 PM] (160905) Pylance language server 2025.5.1 (pyright version 1.1.400, commit b962ffc2) starting
2025-05-29 19:30:25.510 [info] [Info  - 7:30:25 PM] (160905) Starting service instance "root" for workspace "/root"
2025-05-29 19:30:27.201 [info] [Info  - 7:30:27 PM] (160905) Setting environmentName for service "root": "3.10.12 (venv venv)"
2025-05-29 19:30:27.201 [info] [Info  - 7:30:27 PM] (160905) Setting pythonPath for service "root": "/root/venv/bin/python"
2025-05-29 19:30:27.201 [info] [Info  - 7:30:27 PM] (160905) No include entries specified; assuming /root
2025-05-29 19:30:27.202 [info] [Info  - 7:30:27 PM] (160905) Auto-excluding **/node_modules
2025-05-29 19:30:27.203 [info] [Info  - 7:30:27 PM] (160905) Auto-excluding **/__pycache__
2025-05-29 19:30:27.203 [info] [Info  - 7:30:27 PM] (160905) Auto-excluding **/.*
2025-05-29 19:30:27.398 [info] [Info  - 7:30:27 PM] (160905) Assuming Python version 3.10.12.final.0
2025-05-29 19:30:28.712 [info] [Info  - 7:30:28 PM] (160905) Auto-excluding /root/venv
2025-05-29 19:30:29.004 [info] [Info  - 7:30:29 PM] (160905) Found 135 source files
2025-05-29 19:30:29.309 [info] [Info  - 7:30:29 PM] (160905) Setting environmentName for service "root": "3.10.12 (venv venv)"
2025-05-29 19:30:29.309 [info] [Info  - 7:30:29 PM] (160905) Setting pythonPath for service "root": "/root/venv/bin/python"
2025-05-29 19:30:29.309 [info] [Info  - 7:30:29 PM] (160905) No include entries specified; assuming /root
2025-05-29 19:30:29.309 [info] [Info  - 7:30:29 PM] (160905) Auto-excluding **/node_modules
2025-05-29 19:30:29.309 [info] [Info  - 7:30:29 PM] (160905) Auto-excluding **/__pycache__
2025-05-29 19:30:29.310 [info] [Info  - 7:30:29 PM] (160905) Auto-excluding **/.*
2025-05-29 19:30:29.510 [info] [Info  - 7:30:29 PM] (160905) Assuming Python version 3.10.12.final.0
2025-05-29 19:30:30.209 [info] [Info  - 7:30:30 PM] (160905) Auto-excluding /root/venv
2025-05-29 19:30:30.310 [info] [Info  - 7:30:30 PM] (160905) Found 135 source files
2025-05-29 19:30:35.020 [info] [Info  - 7:30:35 PM] (160905) BG: Priority queue background worker(2) root directory: file:///root/.vscode-server/extensions/ms-python.vscode-pylance-2025.5.1/dist
2025-05-29 19:30:35.022 [info] [Info  - 7:30:35 PM] (160905) BG: Priority queue background worker(2) started
2025-05-29 19:30:37.717 [info] [Info  - 7:30:37 PM] (160905) BG: Indexer background runner(3) root directory: file:///root/.vscode-server/extensions/ms-python.vscode-pylance-2025.5.1/dist (index)
2025-05-29 19:30:37.718 [info] [Info  - 7:30:37 PM] (160905) BG: Indexing(3) started
2025-05-29 19:30:43.042 [info] [Info  - 7:30:43 PM] (160905) BG: [IDX(3)] Long operation: scan packages file:///root (4616ms)
2025-05-29 19:30:43.042 [info] [Info  - 7:30:43 PM] (160905) BG: scanned(3) 48 files over 1 exec env
2025-05-29 19:30:45.431 [info] [Info  - 7:30:45 PM] (160905) BG: indexed(3) 48 files over 1 exec env
2025-05-29 19:30:45.646 [info] [Info  - 7:30:45 PM] (160905) BG: Indexing finished(3).
