2025-05-30 20:38:43.430 [info] [main] 로그 수준: Info
2025-05-30 20:38:43.430 [info] [main] "git"에서 찾은 git 유효성을 검사하는 중
2025-05-30 20:38:43.430 [info] [main] "2.34.1"에서 git "git"을(를) 사용하는 중
2025-05-30 20:38:43.430 [info] [Model][doInitialScan] Initial repository scan started
2025-05-30 20:38:43.430 [info] > git rev-parse --show-toplevel [95ms]
2025-05-30 20:38:43.430 [info] > git rev-parse --git-dir --git-common-dir [290ms]
2025-05-30 20:38:43.430 [info] [Model][openRepository] Opened repository (path): /root
2025-05-30 20:38:43.430 [info] [Model][openRepository] Opened repository (real path): /root
2025-05-30 20:38:43.432 [info] > git config --get commit.template [6ms]
2025-05-30 20:38:43.532 [info] > git for-each-ref --format=%(refname)%00%(upstream:short)%00%(objectname)%00%(upstream:track)%00%(upstream:remotename)%00%(upstream:remoteref) refs/heads/main refs/remotes/main [13ms]
2025-05-30 20:38:44.420 [info] > git for-each-ref --sort -committerdate --format %(refname)%00%(objectname)%00%(*objectname) [483ms]
2025-05-30 20:38:44.933 [info] > git rev-parse --show-toplevel [11ms]
2025-05-30 20:38:47.546 [info] > git status -z -uall [3627ms]
2025-05-30 20:38:47.737 [info] > git rev-parse --show-toplevel [2714ms]
2025-05-30 20:38:48.234 [info] > git for-each-ref --format=%(refname)%00%(upstream:short)%00%(objectname)%00%(upstream:track)%00%(upstream:remotename)%00%(upstream:remoteref) refs/heads/main refs/remotes/main [500ms]
2025-05-30 20:38:48.244 [info] > git config --get --local branch.main.vscode-merge-base [6ms]
2025-05-30 20:38:48.244 [warning] [Git][config] git config failed: Failed to execute git
2025-05-30 20:38:48.329 [info] > git rev-parse --show-toplevel [101ms]
2025-05-30 20:38:48.329 [info] > git config --get commit.template [186ms]
2025-05-30 20:38:48.346 [info] > git reflog main --grep-reflog=branch: Created from *. [18ms]
2025-05-30 20:38:48.432 [info] > git for-each-ref --format=%(refname)%00%(upstream:short)%00%(objectname)%00%(upstream:track)%00%(upstream:remotename)%00%(upstream:remoteref) refs/heads/main refs/remotes/main [88ms]
2025-05-30 20:38:48.432 [info] > git rev-parse --show-toplevel [98ms]
2025-05-30 20:38:48.434 [info] > git symbolic-ref --short refs/remotes/origin/HEAD [4ms]
2025-05-30 20:38:48.434 [info] fatal: ref refs/remotes/origin/HEAD is not a symbolic ref
2025-05-30 20:38:48.434 [warning] [Repository][getDefaultBranch] Failed to get default branch details: Failed to execute git.
2025-05-30 20:38:48.445 [info] > git check-ignore -v -z --stdin [203ms]
2025-05-30 20:38:48.448 [info] > git rev-parse --show-toplevel [3ms]
2025-05-30 20:38:48.448 [info] > git merge-base refs/heads/main refs/remotes/origin/main [9ms]
2025-05-30 20:38:48.637 [info] > git rev-parse --show-toplevel [6ms]
2025-05-30 20:38:48.638 [info] > git for-each-ref --sort -committerdate --format %(refname)%00%(objectname)%00%(*objectname) [99ms]
2025-05-30 20:38:48.638 [info] > git diff --name-status -z --diff-filter=ADMR 5707d73799d3c633f7c49dc7809baaee3902210b...refs/remotes/origin/main [108ms]
2025-05-30 20:38:48.646 [info] > git rev-parse --show-toplevel [1ms]
2025-05-30 20:38:49.446 [info] > git status -z -uall [912ms]
2025-05-30 20:38:49.447 [info] > git rev-parse --show-toplevel [716ms]
2025-05-30 20:38:49.631 [info] > git rev-parse --show-toplevel [96ms]
2025-05-30 20:38:50.050 [info] > git rev-parse --show-toplevel [317ms]
2025-05-30 20:38:50.148 [info] > git rev-parse --show-toplevel [4ms]
2025-05-30 20:38:50.337 [info] > git rev-parse --show-toplevel [103ms]
2025-05-30 20:38:50.343 [info] > git rev-parse --show-toplevel [2ms]
2025-05-30 20:38:50.432 [info] > git rev-parse --show-toplevel [84ms]
2025-05-30 20:38:50.441 [info] > git rev-parse --show-toplevel [5ms]
2025-05-30 20:38:50.446 [info] > git rev-parse --show-toplevel [2ms]
2025-05-30 20:38:50.450 [info] > git rev-parse --show-toplevel [0ms]
2025-05-30 20:38:50.536 [info] > git rev-parse --show-toplevel [1ms]
2025-05-30 20:38:50.538 [info] [Model][doInitialScan] Initial repository scan completed - repositories (1), closed repositories (0), parent repositories (0), unsafe repositories (0)
2025-05-30 20:38:54.159 [info] > git show --textconv :명령어_전체정리.txt [6ms]
2025-05-30 20:38:54.243 [info] > git ls-files --stage -- 명령어_전체정리.txt [85ms]
2025-05-30 20:38:54.249 [info] > git cat-file -s fe70fc6fc827cd0df0700cf66e494b880dae332b [1ms]
2025-05-30 20:38:56.048 [info] > git blame --root --incremental 5707d73799d3c633f7c49dc7809baaee3902210b -- 명령어_전체정리.txt [2ms]
2025-05-30 20:39:27.444 [info] > git config --get commit.template [2ms]
2025-05-30 20:39:27.450 [info] > git for-each-ref --format=%(refname)%00%(upstream:short)%00%(objectname)%00%(upstream:track)%00%(upstream:remotename)%00%(upstream:remoteref) refs/heads/main refs/remotes/main [2ms]
2025-05-30 20:39:27.459 [info] > git for-each-ref --sort -committerdate --format %(refname)%00%(objectname)%00%(*objectname) [1ms]
2025-05-30 20:39:27.606 [info] > git status -z -uall [152ms]
2025-05-30 20:39:32.634 [info] > git config --get commit.template [5ms]
2025-05-30 20:39:32.635 [info] > git for-each-ref --format=%(refname)%00%(upstream:short)%00%(objectname)%00%(upstream:track)%00%(upstream:remotename)%00%(upstream:remoteref) refs/heads/main refs/remotes/main [2ms]
2025-05-30 20:39:32.645 [info] > git for-each-ref --sort -committerdate --format %(refname)%00%(objectname)%00%(*objectname) [2ms]
2025-05-30 20:39:32.792 [info] > git status -z -uall [152ms]
2025-05-30 20:39:37.814 [info] > git config --get commit.template [5ms]
2025-05-30 20:39:37.815 [info] > git for-each-ref --format=%(refname)%00%(upstream:short)%00%(objectname)%00%(upstream:track)%00%(upstream:remotename)%00%(upstream:remoteref) refs/heads/main refs/remotes/main [2ms]
2025-05-30 20:39:37.824 [info] > git for-each-ref --sort -committerdate --format %(refname)%00%(objectname)%00%(*objectname) [2ms]
2025-05-30 20:39:37.965 [info] > git status -z -uall [146ms]
2025-05-30 20:39:41.551 [info] > git check-ignore -v -z --stdin [10ms]
2025-05-30 20:39:42.987 [info] > git config --get commit.template [6ms]
2025-05-30 20:39:42.988 [info] > git for-each-ref --format=%(refname)%00%(upstream:short)%00%(objectname)%00%(upstream:track)%00%(upstream:remotename)%00%(upstream:remoteref) refs/heads/main refs/remotes/main [2ms]
2025-05-30 20:39:43.003 [info] > git for-each-ref --sort -committerdate --format %(refname)%00%(objectname)%00%(*objectname) [5ms]
2025-05-30 20:39:43.143 [info] > git status -z -uall [150ms]
2025-05-30 20:39:43.966 [info] > git check-ignore -v -z --stdin [8ms]
2025-05-30 20:39:48.163 [info] > git config --get commit.template [1ms]
2025-05-30 20:39:48.168 [info] > git for-each-ref --format=%(refname)%00%(upstream:short)%00%(objectname)%00%(upstream:track)%00%(upstream:remotename)%00%(upstream:remoteref) refs/heads/main refs/remotes/main [1ms]
2025-05-30 20:39:48.177 [info] > git for-each-ref --sort -committerdate --format %(refname)%00%(objectname)%00%(*objectname) [2ms]
2025-05-30 20:39:48.321 [info] > git status -z -uall [149ms]
2025-05-30 20:39:49.721 [info] > git check-ignore -v -z --stdin [5ms]
2025-05-30 20:39:50.785 [info] > git check-ignore -v -z --stdin [7ms]
2025-05-30 20:39:53.340 [info] > git config --get commit.template [0ms]
2025-05-30 20:39:53.346 [info] > git for-each-ref --format=%(refname)%00%(upstream:short)%00%(objectname)%00%(upstream:track)%00%(upstream:remotename)%00%(upstream:remoteref) refs/heads/main refs/remotes/main [2ms]
2025-05-30 20:39:53.355 [info] > git for-each-ref --sort -committerdate --format %(refname)%00%(objectname)%00%(*objectname) [1ms]
2025-05-30 20:39:53.496 [info] > git status -z -uall [146ms]
2025-05-30 20:39:58.521 [info] > git config --get commit.template [5ms]
2025-05-30 20:39:58.522 [info] > git for-each-ref --format=%(refname)%00%(upstream:short)%00%(objectname)%00%(upstream:track)%00%(upstream:remotename)%00%(upstream:remoteref) refs/heads/main refs/remotes/main [1ms]
2025-05-30 20:39:58.531 [info] > git for-each-ref --sort -committerdate --format %(refname)%00%(objectname)%00%(*objectname) [2ms]
2025-05-30 20:39:58.696 [info] > git status -z -uall [170ms]
2025-05-30 20:40:03.729 [info] > git config --get commit.template [8ms]
2025-05-30 20:40:03.730 [info] > git for-each-ref --format=%(refname)%00%(upstream:short)%00%(objectname)%00%(upstream:track)%00%(upstream:remotename)%00%(upstream:remoteref) refs/heads/main refs/remotes/main [2ms]
2025-05-30 20:40:03.746 [info] > git for-each-ref --sort -committerdate --format %(refname)%00%(objectname)%00%(*objectname) [9ms]
2025-05-30 20:40:03.903 [info] > git status -z -uall [169ms]
2025-05-30 20:40:12.197 [info] > git config --get commit.template [5ms]
2025-05-30 20:40:12.198 [info] > git for-each-ref --format=%(refname)%00%(upstream:short)%00%(objectname)%00%(upstream:track)%00%(upstream:remotename)%00%(upstream:remoteref) refs/heads/main refs/remotes/main [2ms]
2025-05-30 20:40:12.209 [info] > git for-each-ref --sort -committerdate --format %(refname)%00%(objectname)%00%(*objectname) [2ms]
2025-05-30 20:40:12.357 [info] > git status -z -uall [154ms]
2025-05-30 20:40:12.927 [info] > git ls-files --stage -- shop/management/commands/fetch_and_register_baseblu.py [6ms]
2025-05-30 20:40:12.939 [info] > git cat-file -s 7eceab3c8da58582aa33d071a01415c6c73d4ddf [3ms]
2025-05-30 20:40:13.023 [info] > git show --textconv :shop/management/commands/fetch_and_register_baseblu.py [178ms]
2025-05-30 20:41:34.039 [info] > git config --get commit.template [5ms]
2025-05-30 20:41:34.043 [info] > git for-each-ref --format=%(refname)%00%(upstream:short)%00%(objectname)%00%(upstream:track)%00%(upstream:remotename)%00%(upstream:remoteref) refs/heads/main refs/remotes/main [5ms]
2025-05-30 20:41:34.056 [info] > git for-each-ref --sort -committerdate --format %(refname)%00%(objectname)%00%(*objectname) [4ms]
2025-05-30 20:41:34.229 [info] > git status -z -uall [181ms]
2025-05-30 20:41:37.135 [info] > git show --textconv :shop/management/commands/fetch_and_register_all.py [6ms]
2025-05-30 20:41:37.140 [info] > git ls-files --stage -- shop/management/commands/fetch_and_register_all.py [5ms]
2025-05-30 20:41:37.147 [info] > git hash-object -t tree /dev/null [1ms]
2025-05-30 20:41:37.147 [warning] [GitFileSystemProvider][stat] File not found - git:/root/shop/management/commands/fetch_and_register_all.py.git?%7B%22path%22%3A%22%2Froot%2Fshop%2Fmanagement%2Fcommands%2Ffetch_and_register_all.py%22%2C%22ref%22%3A%22%22%7D
2025-05-30 20:41:37.149 [info] > git hash-object -t tree /dev/null [10ms]
2025-05-30 20:41:37.149 [warning] [GitFileSystemProvider][readFile] File not found - git:/root/shop/management/commands/fetch_and_register_all.py.git?%7B%22path%22%3A%22%2Froot%2Fshop%2Fmanagement%2Fcommands%2Ffetch_and_register_all.py%22%2C%22ref%22%3A%22%22%7D
2025-05-30 20:41:37.412 [info] > git check-ignore -v -z --stdin [8ms]
2025-05-30 20:41:39.728 [info] > git config --get commit.template [5ms]
2025-05-30 20:41:39.729 [info] > git for-each-ref --format=%(refname)%00%(upstream:short)%00%(objectname)%00%(upstream:track)%00%(upstream:remotename)%00%(upstream:remoteref) refs/heads/main refs/remotes/main [2ms]
2025-05-30 20:41:39.818 [info] > git for-each-ref --sort -committerdate --format %(refname)%00%(objectname)%00%(*objectname) [79ms]
2025-05-30 20:41:40.325 [info] > git blame --root --incremental 5707d73799d3c633f7c49dc7809baaee3902210b -- shop/management/commands/fetch_and_register_all.py [4ms]
2025-05-30 20:41:40.325 [info] fatal: no such path shop/management/commands/fetch_and_register_all.py in 5707d73799d3c633f7c49dc7809baaee3902210b
2025-05-30 20:41:41.217 [info] > git status -z -uall [1483ms]
2025-05-30 20:41:46.250 [info] > git config --get commit.template [11ms]
2025-05-30 20:41:46.250 [info] > git for-each-ref --format=%(refname)%00%(upstream:short)%00%(objectname)%00%(upstream:track)%00%(upstream:remotename)%00%(upstream:remoteref) refs/heads/main refs/remotes/main [1ms]
2025-05-30 20:41:46.259 [info] > git for-each-ref --sort -committerdate --format %(refname)%00%(objectname)%00%(*objectname) [1ms]
2025-05-30 20:41:46.406 [info] > git status -z -uall [152ms]
2025-05-30 20:41:53.113 [info] > git config --get commit.template [1ms]
2025-05-30 20:41:53.118 [info] > git for-each-ref --format=%(refname)%00%(upstream:short)%00%(objectname)%00%(upstream:track)%00%(upstream:remotename)%00%(upstream:remoteref) refs/heads/main refs/remotes/main [2ms]
2025-05-30 20:41:53.127 [info] > git for-each-ref --sort -committerdate --format %(refname)%00%(objectname)%00%(*objectname) [2ms]
2025-05-30 20:41:53.269 [info] > git status -z -uall [147ms]
2025-05-30 20:41:58.285 [info] > git config --get commit.template [4ms]
2025-05-30 20:41:58.286 [info] > git for-each-ref --format=%(refname)%00%(upstream:short)%00%(objectname)%00%(upstream:track)%00%(upstream:remotename)%00%(upstream:remoteref) refs/heads/main refs/remotes/main [2ms]
2025-05-30 20:41:58.295 [info] > git for-each-ref --sort -committerdate --format %(refname)%00%(objectname)%00%(*objectname) [2ms]
2025-05-30 20:41:58.435 [info] > git status -z -uall [145ms]
2025-05-30 20:44:16.179 [info] > git config --get commit.template [15ms]
2025-05-30 20:44:16.191 [info] > git for-each-ref --format=%(refname)%00%(upstream:short)%00%(objectname)%00%(upstream:track)%00%(upstream:remotename)%00%(upstream:remoteref) refs/heads/main refs/remotes/main [22ms]
2025-05-30 20:44:16.261 [info] > git for-each-ref --sort -committerdate --format %(refname)%00%(objectname)%00%(*objectname) [3ms]
2025-05-30 20:44:17.162 [info] > git status -z -uall [966ms]
2025-05-30 20:44:22.270 [info] > git config --get commit.template [1ms]
2025-05-30 20:44:22.277 [info] > git for-each-ref --format=%(refname)%00%(upstream:short)%00%(objectname)%00%(upstream:track)%00%(upstream:remotename)%00%(upstream:remoteref) refs/heads/main refs/remotes/main [3ms]
2025-05-30 20:44:22.287 [info] > git for-each-ref --sort -committerdate --format %(refname)%00%(objectname)%00%(*objectname) [1ms]
2025-05-30 20:44:22.686 [info] > git status -z -uall [405ms]
2025-05-30 20:51:46.530 [info] > git config --get commit.template [3ms]
2025-05-30 20:51:46.531 [info] > git for-each-ref --format=%(refname)%00%(upstream:short)%00%(objectname)%00%(upstream:track)%00%(upstream:remotename)%00%(upstream:remoteref) refs/heads/main refs/remotes/main [1ms]
2025-05-30 20:51:46.543 [info] > git for-each-ref --sort -committerdate --format %(refname)%00%(objectname)%00%(*objectname) [2ms]
2025-05-30 20:51:46.685 [info] > git status -z -uall [150ms]
2025-05-30 20:51:51.702 [info] > git config --get commit.template [1ms]
2025-05-30 20:51:51.707 [info] > git for-each-ref --format=%(refname)%00%(upstream:short)%00%(objectname)%00%(upstream:track)%00%(upstream:remotename)%00%(upstream:remoteref) refs/heads/main refs/remotes/main [2ms]
2025-05-30 20:51:51.716 [info] > git for-each-ref --sort -committerdate --format %(refname)%00%(objectname)%00%(*objectname) [1ms]
2025-05-30 20:51:51.853 [info] > git status -z -uall [142ms]
2025-05-30 21:21:50.497 [info] > git config --get commit.template [16ms]
2025-05-30 21:21:50.501 [info] > git for-each-ref --format=%(refname)%00%(upstream:short)%00%(objectname)%00%(upstream:track)%00%(upstream:remotename)%00%(upstream:remoteref) refs/heads/main refs/remotes/main [11ms]
2025-05-30 21:21:50.510 [info] > git for-each-ref --sort -committerdate --format %(refname)%00%(objectname)%00%(*objectname) [1ms]
2025-05-30 21:21:51.017 [info] > git status -z -uall [511ms]
2025-05-30 21:21:56.094 [info] > git config --get commit.template [3ms]
2025-05-30 21:21:56.094 [info] > git for-each-ref --format=%(refname)%00%(upstream:short)%00%(objectname)%00%(upstream:track)%00%(upstream:remotename)%00%(upstream:remoteref) refs/heads/main refs/remotes/main [1ms]
2025-05-30 21:21:56.121 [info] > git for-each-ref --sort -committerdate --format %(refname)%00%(objectname)%00%(*objectname) [1ms]
2025-05-30 21:21:56.263 [info] > git status -z -uall [162ms]
2025-05-30 21:22:01.285 [info] > git config --get commit.template [1ms]
2025-05-30 21:22:01.290 [info] > git for-each-ref --format=%(refname)%00%(upstream:short)%00%(objectname)%00%(upstream:track)%00%(upstream:remotename)%00%(upstream:remoteref) refs/heads/main refs/remotes/main [2ms]
2025-05-30 21:22:01.298 [info] > git for-each-ref --sort -committerdate --format %(refname)%00%(objectname)%00%(*objectname) [1ms]
2025-05-30 21:22:01.435 [info] > git status -z -uall [141ms]
2025-05-30 21:22:01.982 [info] > git check-ignore -v -z --stdin [10ms]
2025-05-30 21:22:06.453 [info] > git config --get commit.template [3ms]
2025-05-30 21:22:06.454 [info] > git for-each-ref --format=%(refname)%00%(upstream:short)%00%(objectname)%00%(upstream:track)%00%(upstream:remotename)%00%(upstream:remoteref) refs/heads/main refs/remotes/main [1ms]
2025-05-30 21:22:06.465 [info] > git for-each-ref --sort -committerdate --format %(refname)%00%(objectname)%00%(*objectname) [4ms]
2025-05-30 21:22:06.615 [info] > git status -z -uall [158ms]
2025-05-30 21:22:08.211 [info] > git check-ignore -v -z --stdin [10ms]
2025-05-30 21:22:10.247 [info] > git show --textconv :shop/api/baseblu/basebiu.py [8ms]
2025-05-30 21:22:10.250 [info] > git ls-files --stage -- shop/api/baseblu/basebiu.py [7ms]
2025-05-30 21:22:10.256 [info] > git cat-file -s 0db456cfd8309ff1817de14c587c1d60fc2279c8 [1ms]
2025-05-30 21:22:10.547 [info] > git blame --root --incremental 5707d73799d3c633f7c49dc7809baaee3902210b -- shop/api/baseblu/basebiu.py [20ms]
2025-05-30 21:22:11.818 [info] > git config --get commit.template [102ms]
2025-05-30 21:22:11.819 [info] > git for-each-ref --format=%(refname)%00%(upstream:short)%00%(objectname)%00%(upstream:track)%00%(upstream:remotename)%00%(upstream:remoteref) refs/heads/main refs/remotes/main [2ms]
2025-05-30 21:22:11.922 [info] > git for-each-ref --sort -committerdate --format %(refname)%00%(objectname)%00%(*objectname) [2ms]
2025-05-30 21:22:13.021 [info] > git status -z -uall [1189ms]
2025-05-30 21:22:14.388 [info] > git ls-files --stage -- shop/management/commands/fetch_and_register_baseblu.py [2ms]
2025-05-30 21:22:14.392 [info] > git show --textconv :shop/management/commands/fetch_and_register_baseblu.py [13ms]
2025-05-30 21:22:14.393 [info] > git cat-file -s 7eceab3c8da58582aa33d071a01415c6c73d4ddf [2ms]
2025-05-30 21:22:18.042 [info] > git config --get commit.template [5ms]
2025-05-30 21:22:18.043 [info] > git for-each-ref --format=%(refname)%00%(upstream:short)%00%(objectname)%00%(upstream:track)%00%(upstream:remotename)%00%(upstream:remoteref) refs/heads/main refs/remotes/main [1ms]
2025-05-30 21:22:18.054 [info] > git for-each-ref --sort -committerdate --format %(refname)%00%(objectname)%00%(*objectname) [1ms]
2025-05-30 21:22:18.203 [info] > git status -z -uall [155ms]
2025-05-30 21:22:18.888 [info] > git ls-files --stage -- shop/management/commands/fetch_and_register_latti.py [4ms]
2025-05-30 21:22:18.892 [info] > git show --textconv :shop/management/commands/fetch_and_register_latti.py [11ms]
2025-05-30 21:22:18.893 [info] > git cat-file -s a808b7b1591c3f099a33103d0acbf477e63f06df [2ms]
2025-05-30 21:22:18.977 [info] > git blame --root --incremental 5707d73799d3c633f7c49dc7809baaee3902210b -- shop/management/commands/fetch_and_register_latti.py [45ms]
2025-05-30 21:22:23.221 [info] > git config --get commit.template [4ms]
2025-05-30 21:22:23.222 [info] > git for-each-ref --format=%(refname)%00%(upstream:short)%00%(objectname)%00%(upstream:track)%00%(upstream:remotename)%00%(upstream:remoteref) refs/heads/main refs/remotes/main [1ms]
2025-05-30 21:22:23.230 [info] > git for-each-ref --sort -committerdate --format %(refname)%00%(objectname)%00%(*objectname) [2ms]
2025-05-30 21:22:23.370 [info] > git status -z -uall [144ms]
2025-05-30 21:22:28.390 [info] > git config --get commit.template [7ms]
2025-05-30 21:22:28.391 [info] > git for-each-ref --format=%(refname)%00%(upstream:short)%00%(objectname)%00%(upstream:track)%00%(upstream:remotename)%00%(upstream:remoteref) refs/heads/main refs/remotes/main [2ms]
2025-05-30 21:22:28.402 [info] > git for-each-ref --sort -committerdate --format %(refname)%00%(objectname)%00%(*objectname) [2ms]
2025-05-30 21:22:28.562 [info] > git status -z -uall [165ms]
2025-05-30 21:22:28.623 [info] > git show --textconv :shop/management/commands/fetch_and_register_baseblu.py [5ms]
2025-05-30 21:22:28.625 [info] > git ls-files --stage -- shop/management/commands/fetch_and_register_baseblu.py [4ms]
2025-05-30 21:22:28.629 [info] > git cat-file -s 7eceab3c8da58582aa33d071a01415c6c73d4ddf [1ms]
2025-05-30 21:22:30.639 [info] > git blame --root --incremental 5707d73799d3c633f7c49dc7809baaee3902210b -- shop/management/commands/fetch_and_register_baseblu.py [2ms]
2025-05-30 21:22:33.581 [info] > git config --get commit.template [1ms]
2025-05-30 21:22:33.586 [info] > git for-each-ref --format=%(refname)%00%(upstream:short)%00%(objectname)%00%(upstream:track)%00%(upstream:remotename)%00%(upstream:remoteref) refs/heads/main refs/remotes/main [1ms]
2025-05-30 21:22:33.600 [info] > git for-each-ref --sort -committerdate --format %(refname)%00%(objectname)%00%(*objectname) [6ms]
2025-05-30 21:22:33.739 [info] > git status -z -uall [149ms]
2025-05-30 21:22:38.786 [info] > git config --get commit.template [17ms]
2025-05-30 21:22:38.790 [info] > git for-each-ref --format=%(refname)%00%(upstream:short)%00%(objectname)%00%(upstream:track)%00%(upstream:remotename)%00%(upstream:remoteref) refs/heads/main refs/remotes/main [5ms]
2025-05-30 21:22:38.799 [info] > git for-each-ref --sort -committerdate --format %(refname)%00%(objectname)%00%(*objectname) [2ms]
2025-05-30 21:22:38.958 [info] > git status -z -uall [164ms]
2025-05-30 21:22:40.320 [info] > git show --textconv :shop/api/baseblu/basebiu.py [6ms]
2025-05-30 21:22:40.321 [info] > git ls-files --stage -- shop/api/baseblu/basebiu.py [4ms]
2025-05-30 21:22:40.325 [info] > git cat-file -s 0db456cfd8309ff1817de14c587c1d60fc2279c8 [1ms]
2025-05-30 21:22:43.982 [info] > git config --get commit.template [10ms]
2025-05-30 21:22:43.984 [info] > git for-each-ref --format=%(refname)%00%(upstream:short)%00%(objectname)%00%(upstream:track)%00%(upstream:remotename)%00%(upstream:remoteref) refs/heads/main refs/remotes/main [3ms]
2025-05-30 21:22:43.991 [info] > git for-each-ref --sort -committerdate --format %(refname)%00%(objectname)%00%(*objectname) [1ms]
2025-05-30 21:22:44.139 [info] > git status -z -uall [152ms]
2025-05-30 21:22:44.787 [info] > git check-ignore -v -z --stdin [9ms]
2025-05-30 21:22:45.596 [info] > git show --textconv :shop/api/latti/latti.py [5ms]
2025-05-30 21:22:45.598 [info] > git ls-files --stage -- shop/api/latti/latti.py [4ms]
2025-05-30 21:22:45.603 [info] > git cat-file -s e6b9a58eee6eadfbeb3b882d3bbf24fb5a948523 [1ms]
2025-05-30 21:22:49.084 [info] > git blame --root --incremental 5707d73799d3c633f7c49dc7809baaee3902210b -- shop/api/latti/latti.py [21ms]
2025-05-30 21:22:49.154 [info] > git config --get commit.template [3ms]
2025-05-30 21:22:49.155 [info] > git for-each-ref --format=%(refname)%00%(upstream:short)%00%(objectname)%00%(upstream:track)%00%(upstream:remotename)%00%(upstream:remoteref) refs/heads/main refs/remotes/main [1ms]
2025-05-30 21:22:49.164 [info] > git for-each-ref --sort -committerdate --format %(refname)%00%(objectname)%00%(*objectname) [2ms]
2025-05-30 21:22:49.316 [info] > git status -z -uall [158ms]
2025-05-30 21:22:54.333 [info] > git config --get commit.template [4ms]
2025-05-30 21:22:54.334 [info] > git for-each-ref --format=%(refname)%00%(upstream:short)%00%(objectname)%00%(upstream:track)%00%(upstream:remotename)%00%(upstream:remoteref) refs/heads/main refs/remotes/main [2ms]
2025-05-30 21:22:54.359 [info] > git for-each-ref --sort -committerdate --format %(refname)%00%(objectname)%00%(*objectname) [5ms]
2025-05-30 21:22:54.501 [info] > git status -z -uall [164ms]
2025-05-30 21:22:59.520 [info] > git config --get commit.template [4ms]
2025-05-30 21:22:59.520 [info] > git for-each-ref --format=%(refname)%00%(upstream:short)%00%(objectname)%00%(upstream:track)%00%(upstream:remotename)%00%(upstream:remoteref) refs/heads/main refs/remotes/main [1ms]
2025-05-30 21:22:59.528 [info] > git for-each-ref --sort -committerdate --format %(refname)%00%(objectname)%00%(*objectname) [1ms]
2025-05-30 21:22:59.674 [info] > git status -z -uall [150ms]
2025-05-30 21:23:04.693 [info] > git config --get commit.template [4ms]
2025-05-30 21:23:04.694 [info] > git for-each-ref --format=%(refname)%00%(upstream:short)%00%(objectname)%00%(upstream:track)%00%(upstream:remotename)%00%(upstream:remoteref) refs/heads/main refs/remotes/main [1ms]
2025-05-30 21:23:04.702 [info] > git for-each-ref --sort -committerdate --format %(refname)%00%(objectname)%00%(*objectname) [1ms]
2025-05-30 21:23:04.845 [info] > git status -z -uall [147ms]
2025-05-30 21:23:09.024 [info] > git show --textconv :shop/management/commands/fetch_and_register_latti.py [5ms]
2025-05-30 21:23:09.027 [info] > git ls-files --stage -- shop/management/commands/fetch_and_register_latti.py [4ms]
2025-05-30 21:23:09.031 [info] > git cat-file -s a808b7b1591c3f099a33103d0acbf477e63f06df [1ms]
2025-05-30 21:23:09.865 [info] > git config --get commit.template [3ms]
2025-05-30 21:23:09.865 [info] > git for-each-ref --format=%(refname)%00%(upstream:short)%00%(objectname)%00%(upstream:track)%00%(upstream:remotename)%00%(upstream:remoteref) refs/heads/main refs/remotes/main [1ms]
2025-05-30 21:23:09.877 [info] > git for-each-ref --sort -committerdate --format %(refname)%00%(objectname)%00%(*objectname) [1ms]
2025-05-30 21:23:10.020 [info] > git status -z -uall [150ms]
2025-05-30 21:23:15.555 [info] > git config --get commit.template [1ms]
2025-05-30 21:23:15.560 [info] > git for-each-ref --format=%(refname)%00%(upstream:short)%00%(objectname)%00%(upstream:track)%00%(upstream:remotename)%00%(upstream:remoteref) refs/heads/main refs/remotes/main [2ms]
2025-05-30 21:23:15.572 [info] > git for-each-ref --sort -committerdate --format %(refname)%00%(objectname)%00%(*objectname) [3ms]
2025-05-30 21:23:15.715 [info] > git status -z -uall [151ms]
2025-05-30 21:23:20.734 [info] > git config --get commit.template [3ms]
2025-05-30 21:23:20.735 [info] > git for-each-ref --format=%(refname)%00%(upstream:short)%00%(objectname)%00%(upstream:track)%00%(upstream:remotename)%00%(upstream:remoteref) refs/heads/main refs/remotes/main [1ms]
2025-05-30 21:23:20.758 [info] > git for-each-ref --sort -committerdate --format %(refname)%00%(objectname)%00%(*objectname) [16ms]
2025-05-30 21:23:20.890 [info] > git status -z -uall [151ms]
2025-05-30 21:23:25.260 [info] > git show --textconv :shop/api/pipeline_runner.py [5ms]
2025-05-30 21:23:25.262 [info] > git ls-files --stage -- shop/api/pipeline_runner.py [4ms]
2025-05-30 21:23:25.268 [info] > git cat-file -s d25e9598c2937529f07b8a460b216a11a6715d06 [2ms]
2025-05-30 21:23:25.910 [info] > git config --get commit.template [4ms]
2025-05-30 21:23:25.911 [info] > git for-each-ref --format=%(refname)%00%(upstream:short)%00%(objectname)%00%(upstream:track)%00%(upstream:remotename)%00%(upstream:remoteref) refs/heads/main refs/remotes/main [1ms]
2025-05-30 21:23:25.937 [info] > git for-each-ref --sort -committerdate --format %(refname)%00%(objectname)%00%(*objectname) [14ms]
2025-05-30 21:23:26.100 [info] > git status -z -uall [185ms]
2025-05-30 21:23:28.918 [info] > git blame --root --incremental 5707d73799d3c633f7c49dc7809baaee3902210b -- shop/api/pipeline_runner.py [14ms]
2025-05-30 21:23:31.117 [info] > git config --get commit.template [4ms]
2025-05-30 21:23:31.117 [info] > git for-each-ref --format=%(refname)%00%(upstream:short)%00%(objectname)%00%(upstream:track)%00%(upstream:remotename)%00%(upstream:remoteref) refs/heads/main refs/remotes/main [1ms]
2025-05-30 21:23:31.125 [info] > git for-each-ref --sort -committerdate --format %(refname)%00%(objectname)%00%(*objectname) [2ms]
2025-05-30 21:23:31.275 [info] > git status -z -uall [154ms]
2025-05-30 21:23:36.293 [info] > git config --get commit.template [3ms]
2025-05-30 21:23:36.294 [info] > git for-each-ref --format=%(refname)%00%(upstream:short)%00%(objectname)%00%(upstream:track)%00%(upstream:remotename)%00%(upstream:remoteref) refs/heads/main refs/remotes/main [1ms]
2025-05-30 21:23:36.302 [info] > git for-each-ref --sort -committerdate --format %(refname)%00%(objectname)%00%(*objectname) [2ms]
2025-05-30 21:23:36.442 [info] > git status -z -uall [144ms]
2025-05-30 21:23:41.460 [info] > git config --get commit.template [4ms]
2025-05-30 21:23:41.461 [info] > git for-each-ref --format=%(refname)%00%(upstream:short)%00%(objectname)%00%(upstream:track)%00%(upstream:remotename)%00%(upstream:remoteref) refs/heads/main refs/remotes/main [2ms]
2025-05-30 21:23:41.469 [info] > git for-each-ref --sort -committerdate --format %(refname)%00%(objectname)%00%(*objectname) [2ms]
2025-05-30 21:23:41.619 [info] > git status -z -uall [155ms]
2025-05-30 21:23:46.635 [info] > git config --get commit.template [2ms]
2025-05-30 21:23:46.640 [info] > git for-each-ref --format=%(refname)%00%(upstream:short)%00%(objectname)%00%(upstream:track)%00%(upstream:remotename)%00%(upstream:remoteref) refs/heads/main refs/remotes/main [2ms]
2025-05-30 21:23:46.648 [info] > git for-each-ref --sort -committerdate --format %(refname)%00%(objectname)%00%(*objectname) [1ms]
2025-05-30 21:23:46.797 [info] > git status -z -uall [153ms]
2025-05-30 21:23:51.815 [info] > git config --get commit.template [4ms]
2025-05-30 21:23:51.816 [info] > git for-each-ref --format=%(refname)%00%(upstream:short)%00%(objectname)%00%(upstream:track)%00%(upstream:remotename)%00%(upstream:remoteref) refs/heads/main refs/remotes/main [2ms]
2025-05-30 21:23:51.824 [info] > git for-each-ref --sort -committerdate --format %(refname)%00%(objectname)%00%(*objectname) [2ms]
2025-05-30 21:23:51.967 [info] > git status -z -uall [148ms]
2025-05-30 21:23:56.988 [info] > git config --get commit.template [4ms]
2025-05-30 21:23:56.989 [info] > git for-each-ref --format=%(refname)%00%(upstream:short)%00%(objectname)%00%(upstream:track)%00%(upstream:remotename)%00%(upstream:remoteref) refs/heads/main refs/remotes/main [1ms]
2025-05-30 21:23:56.997 [info] > git for-each-ref --sort -committerdate --format %(refname)%00%(objectname)%00%(*objectname) [2ms]
2025-05-30 21:23:57.137 [info] > git status -z -uall [145ms]
2025-05-30 21:24:02.156 [info] > git config --get commit.template [5ms]
2025-05-30 21:24:02.157 [info] > git for-each-ref --format=%(refname)%00%(upstream:short)%00%(objectname)%00%(upstream:track)%00%(upstream:remotename)%00%(upstream:remoteref) refs/heads/main refs/remotes/main [2ms]
2025-05-30 21:24:02.164 [info] > git for-each-ref --sort -committerdate --format %(refname)%00%(objectname)%00%(*objectname) [1ms]
2025-05-30 21:24:02.310 [info] > git status -z -uall [150ms]
2025-05-30 21:24:06.722 [info] > git show --textconv :.wget-hsts [6ms]
2025-05-30 21:24:06.725 [info] > git ls-files --stage -- .wget-hsts [5ms]
2025-05-30 21:24:06.731 [info] > git cat-file -s 8be05ef8bdbc9f1d020aaef454d07b86b9691005 [2ms]
2025-05-30 21:24:07.075 [info] > git ls-files --stage -- 명령어_전체정리.txt [6ms]
2025-05-30 21:24:07.081 [info] > git show --textconv :명령어_전체정리.txt [15ms]
2025-05-30 21:24:07.082 [info] > git cat-file -s fe70fc6fc827cd0df0700cf66e494b880dae332b [2ms]
2025-05-30 21:24:07.327 [info] > git config --get commit.template [2ms]
2025-05-30 21:24:07.333 [info] > git for-each-ref --format=%(refname)%00%(upstream:short)%00%(objectname)%00%(upstream:track)%00%(upstream:remotename)%00%(upstream:remoteref) refs/heads/main refs/remotes/main [2ms]
2025-05-30 21:24:07.341 [info] > git for-each-ref --sort -committerdate --format %(refname)%00%(objectname)%00%(*objectname) [1ms]
2025-05-30 21:24:07.486 [info] > git status -z -uall [149ms]
2025-05-30 21:24:12.509 [info] > git config --get commit.template [6ms]
2025-05-30 21:24:12.510 [info] > git for-each-ref --format=%(refname)%00%(upstream:short)%00%(objectname)%00%(upstream:track)%00%(upstream:remotename)%00%(upstream:remoteref) refs/heads/main refs/remotes/main [2ms]
2025-05-30 21:24:12.521 [info] > git for-each-ref --sort -committerdate --format %(refname)%00%(objectname)%00%(*objectname) [2ms]
2025-05-30 21:24:12.663 [info] > git status -z -uall [148ms]
2025-05-30 21:24:17.680 [info] > git config --get commit.template [3ms]
2025-05-30 21:24:17.681 [info] > git for-each-ref --format=%(refname)%00%(upstream:short)%00%(objectname)%00%(upstream:track)%00%(upstream:remotename)%00%(upstream:remoteref) refs/heads/main refs/remotes/main [1ms]
2025-05-30 21:24:17.692 [info] > git for-each-ref --sort -committerdate --format %(refname)%00%(objectname)%00%(*objectname) [1ms]
2025-05-30 21:24:17.934 [info] > git status -z -uall [250ms]
2025-05-30 21:24:22.949 [info] > git config --get commit.template [2ms]
2025-05-30 21:24:22.953 [info] > git for-each-ref --format=%(refname)%00%(upstream:short)%00%(objectname)%00%(upstream:track)%00%(upstream:remotename)%00%(upstream:remoteref) refs/heads/main refs/remotes/main [1ms]
2025-05-30 21:24:22.962 [info] > git for-each-ref --sort -committerdate --format %(refname)%00%(objectname)%00%(*objectname) [2ms]
2025-05-30 21:24:23.107 [info] > git status -z -uall [151ms]
2025-05-30 21:24:28.126 [info] > git config --get commit.template [3ms]
2025-05-30 21:24:28.127 [info] > git for-each-ref --format=%(refname)%00%(upstream:short)%00%(objectname)%00%(upstream:track)%00%(upstream:remotename)%00%(upstream:remoteref) refs/heads/main refs/remotes/main [1ms]
2025-05-30 21:24:28.138 [info] > git for-each-ref --sort -committerdate --format %(refname)%00%(objectname)%00%(*objectname) [4ms]
2025-05-30 21:24:28.277 [info] > git status -z -uall [146ms]
2025-05-30 21:24:45.527 [info] > git config --get commit.template [4ms]
2025-05-30 21:24:45.529 [info] > git for-each-ref --format=%(refname)%00%(upstream:short)%00%(objectname)%00%(upstream:track)%00%(upstream:remotename)%00%(upstream:remoteref) refs/heads/main refs/remotes/main [2ms]
2025-05-30 21:24:45.539 [info] > git for-each-ref --sort -committerdate --format %(refname)%00%(objectname)%00%(*objectname) [2ms]
2025-05-30 21:24:45.681 [info] > git status -z -uall [148ms]
2025-05-30 21:24:51.954 [info] > git config --get commit.template [3ms]
2025-05-30 21:24:51.954 [info] > git for-each-ref --format=%(refname)%00%(upstream:short)%00%(objectname)%00%(upstream:track)%00%(upstream:remotename)%00%(upstream:remoteref) refs/heads/main refs/remotes/main [1ms]
2025-05-30 21:24:51.966 [info] > git for-each-ref --sort -committerdate --format %(refname)%00%(objectname)%00%(*objectname) [2ms]
2025-05-30 21:24:52.110 [info] > git status -z -uall [149ms]
2025-05-30 21:25:31.703 [info] > git for-each-ref --format=%(refname)%00%(upstream:short)%00%(objectname)%00%(upstream:track)%00%(upstream:remotename)%00%(upstream:remoteref) refs/heads/main refs/remotes/main [3ms]
2025-05-30 21:25:31.703 [info] > git config --get commit.template [7ms]
2025-05-30 21:25:31.712 [info] > git for-each-ref --sort -committerdate --format %(refname)%00%(objectname)%00%(*objectname) [1ms]
2025-05-30 21:25:31.857 [info] > git status -z -uall [150ms]
2025-05-30 21:25:36.877 [info] > git config --get commit.template [3ms]
2025-05-30 21:25:36.879 [info] > git for-each-ref --format=%(refname)%00%(upstream:short)%00%(objectname)%00%(upstream:track)%00%(upstream:remotename)%00%(upstream:remoteref) refs/heads/main refs/remotes/main [2ms]
2025-05-30 21:25:36.886 [info] > git for-each-ref --sort -committerdate --format %(refname)%00%(objectname)%00%(*objectname) [1ms]
2025-05-30 21:25:37.034 [info] > git status -z -uall [152ms]
2025-05-30 21:25:42.050 [info] > git config --get commit.template [2ms]
2025-05-30 21:25:42.055 [info] > git for-each-ref --format=%(refname)%00%(upstream:short)%00%(objectname)%00%(upstream:track)%00%(upstream:remotename)%00%(upstream:remoteref) refs/heads/main refs/remotes/main [2ms]
2025-05-30 21:25:42.065 [info] > git for-each-ref --sort -committerdate --format %(refname)%00%(objectname)%00%(*objectname) [4ms]
2025-05-30 21:25:42.209 [info] > git status -z -uall [151ms]
2025-05-30 21:25:47.231 [info] > git config --get commit.template [4ms]
2025-05-30 21:25:47.232 [info] > git for-each-ref --format=%(refname)%00%(upstream:short)%00%(objectname)%00%(upstream:track)%00%(upstream:remotename)%00%(upstream:remoteref) refs/heads/main refs/remotes/main [2ms]
2025-05-30 21:25:47.242 [info] > git for-each-ref --sort -committerdate --format %(refname)%00%(objectname)%00%(*objectname) [1ms]
2025-05-30 21:25:47.378 [info] > git status -z -uall [143ms]
2025-05-30 21:25:52.393 [info] > git config --get commit.template [3ms]
2025-05-30 21:25:52.394 [info] > git for-each-ref --format=%(refname)%00%(upstream:short)%00%(objectname)%00%(upstream:track)%00%(upstream:remotename)%00%(upstream:remoteref) refs/heads/main refs/remotes/main [1ms]
2025-05-30 21:25:52.401 [info] > git for-each-ref --sort -committerdate --format %(refname)%00%(objectname)%00%(*objectname) [1ms]
2025-05-30 21:25:52.541 [info] > git status -z -uall [144ms]
2025-05-30 21:25:57.560 [info] > git config --get commit.template [4ms]
2025-05-30 21:25:57.561 [info] > git for-each-ref --format=%(refname)%00%(upstream:short)%00%(objectname)%00%(upstream:track)%00%(upstream:remotename)%00%(upstream:remoteref) refs/heads/main refs/remotes/main [1ms]
2025-05-30 21:25:57.574 [info] > git for-each-ref --sort -committerdate --format %(refname)%00%(objectname)%00%(*objectname) [2ms]
2025-05-30 21:25:57.722 [info] > git status -z -uall [154ms]
2025-05-30 21:26:02.740 [info] > git config --get commit.template [4ms]
2025-05-30 21:26:02.741 [info] > git for-each-ref --format=%(refname)%00%(upstream:short)%00%(objectname)%00%(upstream:track)%00%(upstream:remotename)%00%(upstream:remoteref) refs/heads/main refs/remotes/main [2ms]
2025-05-30 21:26:02.749 [info] > git for-each-ref --sort -committerdate --format %(refname)%00%(objectname)%00%(*objectname) [1ms]
2025-05-30 21:26:02.890 [info] > git status -z -uall [145ms]
2025-05-30 21:26:07.910 [info] > git config --get commit.template [5ms]
2025-05-30 21:26:07.911 [info] > git for-each-ref --format=%(refname)%00%(upstream:short)%00%(objectname)%00%(upstream:track)%00%(upstream:remotename)%00%(upstream:remoteref) refs/heads/main refs/remotes/main [2ms]
2025-05-30 21:26:07.922 [info] > git for-each-ref --sort -committerdate --format %(refname)%00%(objectname)%00%(*objectname) [1ms]
2025-05-30 21:26:08.063 [info] > git status -z -uall [149ms]
2025-05-30 21:26:13.081 [info] > git config --get commit.template [4ms]
2025-05-30 21:26:13.082 [info] > git for-each-ref --format=%(refname)%00%(upstream:short)%00%(objectname)%00%(upstream:track)%00%(upstream:remotename)%00%(upstream:remoteref) refs/heads/main refs/remotes/main [2ms]
2025-05-30 21:26:13.090 [info] > git for-each-ref --sort -committerdate --format %(refname)%00%(objectname)%00%(*objectname) [2ms]
2025-05-30 21:26:13.231 [info] > git status -z -uall [146ms]
2025-05-30 21:26:18.255 [info] > git config --get commit.template [5ms]
2025-05-30 21:26:18.255 [info] > git for-each-ref --format=%(refname)%00%(upstream:short)%00%(objectname)%00%(upstream:track)%00%(upstream:remotename)%00%(upstream:remoteref) refs/heads/main refs/remotes/main [1ms]
2025-05-30 21:26:18.264 [info] > git for-each-ref --sort -committerdate --format %(refname)%00%(objectname)%00%(*objectname) [2ms]
2025-05-30 21:26:18.409 [info] > git status -z -uall [150ms]
2025-05-30 21:26:23.480 [info] > git config --get commit.template [5ms]
2025-05-30 21:26:23.480 [info] > git for-each-ref --format=%(refname)%00%(upstream:short)%00%(objectname)%00%(upstream:track)%00%(upstream:remotename)%00%(upstream:remoteref) refs/heads/main refs/remotes/main [2ms]
2025-05-30 21:26:23.493 [info] > git for-each-ref --sort -committerdate --format %(refname)%00%(objectname)%00%(*objectname) [3ms]
2025-05-30 21:26:23.640 [info] > git status -z -uall [154ms]
2025-05-30 21:26:28.657 [info] > git config --get commit.template [2ms]
2025-05-30 21:26:28.663 [info] > git for-each-ref --format=%(refname)%00%(upstream:short)%00%(objectname)%00%(upstream:track)%00%(upstream:remotename)%00%(upstream:remoteref) refs/heads/main refs/remotes/main [2ms]
2025-05-30 21:26:28.672 [info] > git for-each-ref --sort -committerdate --format %(refname)%00%(objectname)%00%(*objectname) [2ms]
2025-05-30 21:26:28.811 [info] > git status -z -uall [144ms]
2025-05-30 21:26:33.828 [info] > git config --get commit.template [4ms]
2025-05-30 21:26:33.828 [info] > git for-each-ref --format=%(refname)%00%(upstream:short)%00%(objectname)%00%(upstream:track)%00%(upstream:remotename)%00%(upstream:remoteref) refs/heads/main refs/remotes/main [1ms]
2025-05-30 21:26:33.836 [info] > git for-each-ref --sort -committerdate --format %(refname)%00%(objectname)%00%(*objectname) [2ms]
2025-05-30 21:26:33.978 [info] > git status -z -uall [145ms]
2025-05-30 21:26:38.996 [info] > git config --get commit.template [3ms]
2025-05-30 21:26:38.997 [info] > git for-each-ref --format=%(refname)%00%(upstream:short)%00%(objectname)%00%(upstream:track)%00%(upstream:remotename)%00%(upstream:remoteref) refs/heads/main refs/remotes/main [1ms]
2025-05-30 21:26:39.005 [info] > git for-each-ref --sort -committerdate --format %(refname)%00%(objectname)%00%(*objectname) [1ms]
2025-05-30 21:26:39.148 [info] > git status -z -uall [147ms]
2025-05-30 21:26:44.164 [info] > git config --get commit.template [4ms]
2025-05-30 21:26:44.165 [info] > git for-each-ref --format=%(refname)%00%(upstream:short)%00%(objectname)%00%(upstream:track)%00%(upstream:remotename)%00%(upstream:remoteref) refs/heads/main refs/remotes/main [1ms]
2025-05-30 21:26:44.180 [info] > git for-each-ref --sort -committerdate --format %(refname)%00%(objectname)%00%(*objectname) [1ms]
2025-05-30 21:26:44.321 [info] > git status -z -uall [152ms]
