2025-06-02 18:01:04.599 [info] 실험 'pythonRecommendTensorboardExt'이(가) 활성 상태입니다.
2025-06-02 18:01:04.600 [info] 실험 'pythonTerminalEnvVarActivation'이(가) 활성 상태입니다.
2025-06-02 18:01:04.600 [info] Native locator: Refresh started
2025-06-02 18:01:04.600 [info] Native locator: Refresh started
2025-06-02 18:01:04.600 [info] > pyenv which python
2025-06-02 18:01:04.600 [info] cwd: .
2025-06-02 18:01:06.795 [info] Native locator: Refresh finished in 8420 ms
2025-06-02 18:01:06.808 [info] Python 인터프리터 경로: ./venv/bin/python
2025-06-02 18:01:08.100 [info] > . ./venv/bin/activate && echo 'e8b39361-0157-4923-80e1-22d70d46dee6' && python ./.vscode-server/extensions/ms-python.python-2025.6.1-linux-x64/python_files/printEnvVariables.py
2025-06-02 18:01:08.100 [info] shell: bash
2025-06-02 18:01:08.212 [info] > /usr/bin/python2 ./.vscode-server/extensions/ms-python.python-2025.6.1-linux-x64/python_files/printEnvVariables.py
2025-06-02 18:01:08.212 [info] shell: bash
2025-06-02 18:01:08.502 [info] Setting environment variable VIRTUAL_ENV in collection to /root/venv {"applyAtShellIntegration":true,"applyAtProcessCreation":true}
2025-06-02 18:01:08.502 [info] Setting environment variable VIRTUAL_ENV_PROMPT in collection to (venv)  {"applyAtShellIntegration":true,"applyAtProcessCreation":true}
2025-06-02 18:01:08.502 [info] Prepending environment variable PS1 in collection with (venv)  {"applyAtShellIntegration":true,"applyAtProcessCreation":false}
2025-06-02 18:01:08.502 [info] Prepending environment variable PATH in collection with /root/.vscode-server/extensions/ms-python.python-2025.6.1-linux-x64/python_files/deactivate/bash:/root/venv/bin: {"applyAtShellIntegration":true,"applyAtProcessCreation":true}
2025-06-02 18:01:08.503 [info] Send text to terminal: /usr/bin/python2 /root/.vscode-server/extensions/ms-python.python-2025.6.1-linux-x64/python_files/printEnvVariablesToFile.py /root/.vscode-server/extensions/ms-python.python-2025.6.1-linux-x64/python_files/deactivate/bash/envVars.txt
2025-06-02 18:01:16.615 [info] Pylance 언어 서버를 시작하는 중입니다.
2025-06-02 18:01:38.582 [error] Failed to initialize deactivate script /bin/bash [Error: "/root/.vscode-server/extensions/ms-python.python-2025.6.1-linux-x64/python_files/deactivate/bash/envVars.txt" file not created
	at Timeout.<anonymous> (/root/.vscode-server/extensions/ms-python.python-2025.6.1-linux-x64/out/client/extension.js:2:310824)
	at listOnTimeout (node:internal/timers:581:17)
	at process.processTimers (node:internal/timers:519:7)]
2025-06-02 18:14:55.461 [info] Running installed packages checker:  {
  id: '/root/venv/bin/python',
  sysPrefix: '/root/venv',
  envType: 'Venv',
  envName: 'venv',
  envPath: '/root/venv/bin/python',
  path: '/root/venv/bin/python',
  architecture: 3,
  sysVersion: '',
  version: {
    raw: '3.10.12',
    major: 3,
    minor: 10,
    patch: 12,
    build: [],
    prerelease: []
  },
  displayName: "Python 3.10.12 ('venv')",
  detailedDisplayName: "Python 3.10.12 ('venv')",
  type: 'Virtual'
} /root/.vscode-server/extensions/ms-python.python-2025.6.1-linux-x64/python_files/installed_check.py /root/requirements.txt
2025-06-02 18:14:55.462 [info] > ./venv/bin/python ./.vscode-server/extensions/ms-python.python-2025.6.1-linux-x64/python_files/installed_check.py ./requirements.txt
2025-06-02 18:43:06.287 [info] Discover tests for workspace name: root - uri: /root/shop/api/baseblu/basebiu.py
2025-06-02 18:44:51.327 [info] Discover tests for workspace name: root - uri: /root/shop/api/baseblu/basebiu.py
2025-06-02 18:45:38.339 [info] Discover tests for workspace name: root - uri: /root/shop/api/baseblu/basebiu.py
2025-06-02 19:01:37.176 [info] Discover tests for workspace name: root - uri: /root/shop/api/baseblu/basebiu.py
2025-06-02 19:01:37.679 [info] Discover tests for workspace name: root - uri: /root/shop/api/baseblu/basebiu.py
2025-06-02 19:01:39.951 [info] Discover tests for workspace name: root - uri: /root/shop/api/baseblu/basebiu.py
