2025-05-28 20:18:21.505 [info] Extension host with pid 142934 started
2025-05-28 20:18:21.897 [info] ExtensionService#_doActivateExtension vscode.git-base, startup: false, activationEvent: '*', root cause: vscode.git
2025-05-28 20:18:21.899 [info] ExtensionService#_doActivateExtension vscode.emmet, startup: false, activationEvent: 'onLanguage'
2025-05-28 20:18:21.899 [info] ExtensionService#_doActivateExtension ms-python.python, startup: false, activationEvent: 'onLanguage:python', root cause: ms-python.debugpy
2025-05-28 20:18:21.900 [info] ExtensionService#_doActivateExtension vscode.tunnel-forwarding, startup: false, activationEvent: 'onTunnel'
2025-05-28 20:18:21.901 [info] Lock '/root/.vscode-server/data/User/workspaceStorage/69b865ee5b39d8dd4400c31e5ed23100/vscode.lock': Lock acquired.
2025-05-28 20:18:22.406 [info] ExtensionService#_doActivateExtension vscode.git, startup: false, activationEvent: '*'
2025-05-28 20:18:22.490 [info] ExtensionService#_doActivateExtension vscode.github, startup: false, activationEvent: '*'
2025-05-28 20:18:26.723 [info] ExtensionService#_doActivateExtension ms-python.debugpy, startup: false, activationEvent: 'onLanguage:python'
2025-05-28 20:18:26.723 [info] ExtensionService#_doActivateExtension ms-python.vscode-pylance, startup: false, activationEvent: 'onLanguage:python'
2025-05-28 20:18:29.808 [info] Eager extensions activated
2025-05-28 20:18:29.809 [info] ExtensionService#_doActivateExtension vscode.debug-auto-launch, startup: false, activationEvent: 'onStartupFinished'
2025-05-28 20:18:29.809 [info] ExtensionService#_doActivateExtension vscode.merge-conflict, startup: false, activationEvent: 'onStartupFinished'
2025-05-28 20:18:36.437 [info] ExtensionService#_doActivateExtension vscode.npm, startup: false, activationEvent: 'onTerminalQuickFixRequest:ms-vscode.npm-command'
2025-05-28 20:18:43.245 [info] ExtensionService#_doActivateExtension vscode.configuration-editing, startup: false, activationEvent: 'onLanguage:json'
2025-05-28 20:18:43.245 [info] ExtensionService#_doActivateExtension vscode.extension-editing, startup: false, activationEvent: 'onLanguage:json'
2025-05-28 20:18:43.246 [info] ExtensionService#_doActivateExtension vscode.json-language-features, startup: false, activationEvent: 'onLanguage:json'
2025-05-28 20:19:46.952 [info] Lock '/root/.vscode-server/data/User/workspaceStorage/69b865ee5b39d8dd4400c31e5ed23100/vscode.lock': The lock was lost unexpectedly.
2025-05-28 21:30:38.517 [info] Extension host terminating: received terminate message from renderer
2025-05-28 21:30:38.518 [info] Lock '/root/.vscode-server/data/User/workspaceStorage/69b865ee5b39d8dd4400c31e5ed23100/vscode.lock': Marking the lockfile as scheduled to be released in 6000 ms.
2025-05-28 21:30:38.562 [info] Extension host with pid 142934 exiting with code 0
