2025-05-24 23:16:56.816 [info] Extension host with pid 38955 started
2025-05-24 23:16:57.115 [info] ExtensionService#_doActivateExtension vscode.git-base, startup: false, activationEvent: '*', root cause: vscode.git
2025-05-24 23:16:57.116 [info] ExtensionService#_doActivateExtension vscode.emmet, startup: false, activationEvent: 'onLanguage'
2025-05-24 23:16:57.116 [info] ExtensionService#_doActivateExtension vscode.tunnel-forwarding, startup: false, activationEvent: 'onTunnel'
2025-05-24 23:16:57.119 [info] Lock '/root/.vscode-server/data/User/workspaceStorage/69b865ee5b39d8dd4400c31e5ed23100/vscode.lock': Lock acquired.
2025-05-24 23:16:57.806 [info] ExtensionService#_doActivateExtension vscode.git, startup: false, activationEvent: '*'
2025-05-24 23:16:57.807 [info] ExtensionService#_doActivateExtension vscode.github, startup: false, activationEvent: '*'
2025-05-24 23:16:59.019 [info] ExtensionService#_doActivateExtension ms-python.python, startup: true, activationEvent: 'workspaceContains:requirements.txt'
2025-05-24 23:17:01.023 [info] Eager extensions activated
2025-05-24 23:17:01.023 [info] ExtensionService#_doActivateExtension vscode.debug-auto-launch, startup: false, activationEvent: 'onStartupFinished'
2025-05-24 23:17:01.024 [info] ExtensionService#_doActivateExtension vscode.merge-conflict, startup: false, activationEvent: 'onStartupFinished'
2025-05-24 23:17:05.043 [info] ExtensionService#_doActivateExtension ms-python.vscode-pylance, startup: false, activationEvent: 'api', root cause: ms-python.python
2025-05-24 23:17:08.736 [info] ExtensionService#_doActivateExtension vscode.npm, startup: false, activationEvent: 'onTerminalQuickFixRequest:ms-vscode.npm-command'
2025-05-24 23:17:14.764 [info] ExtensionService#_doActivateExtension vscode.configuration-editing, startup: false, activationEvent: 'onLanguage:json'
2025-05-24 23:17:14.851 [info] ExtensionService#_doActivateExtension vscode.extension-editing, startup: false, activationEvent: 'onLanguage:json'
2025-05-24 23:17:14.949 [info] ExtensionService#_doActivateExtension vscode.json-language-features, startup: false, activationEvent: 'onLanguage:json'
2025-05-24 23:24:49.978 [info] ExtensionService#_doActivateExtension ms-python.debugpy, startup: false, activationEvent: 'onLanguage:python'
2025-05-24 23:35:39.455 [info] ExtensionService#_doActivateExtension vscode.html-language-features, startup: false, activationEvent: 'onLanguage:html'
2025-05-25 03:14:20.082 [warning] [Decorations] CAPPING events from decorations provider vscode.git 349
2025-05-25 03:14:26.891 [warning] [Decorations] CAPPING events from decorations provider vscode.git 349
2025-05-25 03:14:31.988 [warning] [Decorations] CAPPING events from decorations provider vscode.git 349
2025-05-25 03:14:34.208 [info] ExtensionService#_doActivateExtension vscode.typescript-language-features, startup: false, activationEvent: 'onLanguage:javascript'
2025-05-25 03:14:38.380 [warning] [Decorations] CAPPING events from decorations provider vscode.git 350
2025-05-25 03:14:43.513 [warning] [Decorations] CAPPING events from decorations provider vscode.git 351
2025-05-25 03:14:48.624 [warning] [Decorations] CAPPING events from decorations provider vscode.git 351
2025-05-25 03:14:53.740 [warning] [Decorations] CAPPING events from decorations provider vscode.git 351
2025-05-25 03:14:58.852 [warning] [Decorations] CAPPING events from decorations provider vscode.git 351
2025-05-25 03:15:03.961 [warning] [Decorations] CAPPING events from decorations provider vscode.git 351
2025-05-25 03:16:46.852 [warning] [Decorations] CAPPING events from decorations provider vscode.git 351
2025-05-25 03:16:46.901 [info] Extension host terminating: received terminate message from renderer
2025-05-25 03:16:46.902 [info] Lock '/root/.vscode-server/data/User/workspaceStorage/69b865ee5b39d8dd4400c31e5ed23100/vscode.lock': Marking the lockfile as scheduled to be released in 6000 ms.
2025-05-25 03:16:47.188 [info] Extension host with pid 38955 exiting with code 0
