2025-05-26 09:36:48.255 [info] [main] 로그 수준: Info
2025-05-26 09:36:48.255 [info] [main] "git"에서 찾은 git 유효성을 검사하는 중
2025-05-26 09:36:48.255 [info] [main] "2.34.1"에서 git "git"을(를) 사용하는 중
2025-05-26 09:36:48.255 [info] [Model][doInitialScan] Initial repository scan started
2025-05-26 09:36:48.255 [info] > git rev-parse --show-toplevel [97ms]
2025-05-26 09:36:48.255 [info] > git rev-parse --git-dir --git-common-dir [396ms]
2025-05-26 09:36:48.255 [info] [Model][openRepository] Opened repository (path): /root
2025-05-26 09:36:48.255 [info] [Model][openRepository] Opened repository (real path): /root
2025-05-26 09:36:48.446 [info] > git rev-parse --show-toplevel [103ms]
2025-05-26 09:36:48.447 [info] > git config --get commit.template [106ms]
2025-05-26 09:36:48.541 [info] > git for-each-ref --format=%(refname)%00%(upstream:short)%00%(objectname)%00%(upstream:track)%00%(upstream:remotename)%00%(upstream:remoteref) refs/heads/main refs/remotes/main [82ms]
2025-05-26 09:36:48.650 [info] > git for-each-ref --sort -committerdate --format %(refname)%00%(objectname)%00%(*objectname) [9ms]
2025-05-26 09:36:48.843 [info] > git rev-parse --show-toplevel [89ms]
2025-05-26 09:36:48.944 [info] > git rev-parse --show-toplevel [92ms]
2025-05-26 09:36:49.043 [info] > git rev-parse --show-toplevel [2ms]
2025-05-26 09:36:49.055 [info] > git rev-parse --show-toplevel [5ms]
2025-05-26 09:36:49.248 [info] > git status -z -uall [692ms]
2025-05-26 09:36:49.248 [info] > git check-ignore -v -z --stdin [295ms]
2025-05-26 09:36:49.455 [info] > git rev-parse --show-toplevel [300ms]
2025-05-26 09:36:50.145 [info] > git for-each-ref --format=%(refname)%00%(upstream:short)%00%(objectname)%00%(upstream:track)%00%(upstream:remotename)%00%(upstream:remoteref) refs/heads/main refs/remotes/main [693ms]
2025-05-26 09:36:50.459 [info] > git config --get --local branch.main.vscode-merge-base [310ms]
2025-05-26 09:36:50.460 [warning] [Git][config] git config failed: Failed to execute git
2025-05-26 09:36:50.544 [info] > git rev-parse --show-toplevel [487ms]
2025-05-26 09:36:50.544 [info] > git config --get commit.template [490ms]
2025-05-26 09:36:50.553 [info] > git reflog main --grep-reflog=branch: Created from *. [10ms]
2025-05-26 09:36:50.557 [info] > git for-each-ref --format=%(refname)%00%(upstream:short)%00%(objectname)%00%(upstream:track)%00%(upstream:remotename)%00%(upstream:remoteref) refs/heads/main refs/remotes/main [4ms]
2025-05-26 09:36:50.558 [info] > git rev-parse --show-toplevel [9ms]
2025-05-26 09:36:50.558 [info] > git symbolic-ref --short refs/remotes/origin/HEAD [2ms]
2025-05-26 09:36:50.558 [info] fatal: ref refs/remotes/origin/HEAD is not a symbolic ref
2025-05-26 09:36:50.558 [warning] [Repository][getDefaultBranch] Failed to get default branch details: Failed to execute git.
2025-05-26 09:36:50.648 [info] > git rev-parse --show-toplevel [2ms]
2025-05-26 09:36:50.649 [info] > git merge-base refs/heads/main refs/remotes/origin/main [87ms]
2025-05-26 09:36:50.748 [info] > git rev-parse --show-toplevel [86ms]
2025-05-26 09:36:50.748 [info] > git for-each-ref --sort -committerdate --format %(refname)%00%(objectname)%00%(*objectname) [90ms]
2025-05-26 09:36:50.749 [info] > git diff --name-status -z --diff-filter=ADMR 2a40544379317ec8017f80004746fb774a942d6f...refs/remotes/origin/main [97ms]
2025-05-26 09:36:50.844 [info] > git rev-parse --show-toplevel [81ms]
2025-05-26 09:36:50.852 [info] > git rev-parse --show-toplevel [2ms]
2025-05-26 09:36:50.857 [info] > git rev-parse --show-toplevel [1ms]
2025-05-26 09:36:50.861 [info] > git rev-parse --show-toplevel [1ms]
2025-05-26 09:36:50.950 [info] > git rev-parse --show-toplevel [6ms]
2025-05-26 09:36:50.956 [info] > git rev-parse --show-toplevel [0ms]
2025-05-26 09:36:50.960 [info] > git rev-parse --show-toplevel [1ms]
2025-05-26 09:36:51.557 [info] > git status -z -uall [902ms]
2025-05-26 09:36:51.557 [info] > git rev-parse --show-toplevel [594ms]
2025-05-26 09:36:51.559 [info] [Model][doInitialScan] Initial repository scan completed - repositories (1), closed repositories (0), parent repositories (0), unsafe repositories (0)
2025-05-26 09:36:51.660 [info] > git show --textconv :mallapi/settings.py [98ms]
2025-05-26 09:36:51.662 [info] > git ls-files --stage -- mallapi/settings.py [16ms]
2025-05-26 09:36:52.253 [info] > git cat-file -s c50c7967d5597b380be044d42ec59865495eb172 [504ms]
2025-05-26 09:36:52.459 [info] > git blame --root --incremental 2a40544379317ec8017f80004746fb774a942d6f -- mallapi/settings.py [3ms]
2025-05-26 09:37:29.241 [info] > git config --get commit.template [7ms]
2025-05-26 09:37:29.246 [info] > git for-each-ref --format=%(refname)%00%(upstream:short)%00%(objectname)%00%(upstream:track)%00%(upstream:remotename)%00%(upstream:remoteref) refs/heads/main refs/remotes/main [8ms]
2025-05-26 09:37:29.263 [info] > git for-each-ref --sort -committerdate --format %(refname)%00%(objectname)%00%(*objectname) [9ms]
2025-05-26 09:37:29.351 [info] > git status -z -uall [100ms]
2025-05-26 09:37:37.002 [info] > git config --get commit.template [3ms]
2025-05-26 09:37:37.003 [info] > git for-each-ref --format=%(refname)%00%(upstream:short)%00%(objectname)%00%(upstream:track)%00%(upstream:remotename)%00%(upstream:remoteref) refs/heads/main refs/remotes/main [2ms]
2025-05-26 09:37:37.011 [info] > git for-each-ref --sort -committerdate --format %(refname)%00%(objectname)%00%(*objectname) [1ms]
2025-05-26 09:37:37.082 [info] > git status -z -uall [75ms]
2025-05-26 09:37:42.098 [info] > git config --get commit.template [4ms]
2025-05-26 09:37:42.099 [info] > git for-each-ref --format=%(refname)%00%(upstream:short)%00%(objectname)%00%(upstream:track)%00%(upstream:remotename)%00%(upstream:remoteref) refs/heads/main refs/remotes/main [1ms]
2025-05-26 09:37:42.107 [info] > git for-each-ref --sort -committerdate --format %(refname)%00%(objectname)%00%(*objectname) [2ms]
2025-05-26 09:37:42.172 [info] > git status -z -uall [70ms]
2025-05-26 09:37:52.233 [info] > git config --get commit.template [2ms]
2025-05-26 09:37:52.237 [info] > git for-each-ref --format=%(refname)%00%(upstream:short)%00%(objectname)%00%(upstream:track)%00%(upstream:remotename)%00%(upstream:remoteref) refs/heads/main refs/remotes/main [1ms]
2025-05-26 09:37:52.247 [info] > git for-each-ref --sort -committerdate --format %(refname)%00%(objectname)%00%(*objectname) [2ms]
2025-05-26 09:37:52.312 [info] > git status -z -uall [71ms]
2025-05-26 09:37:52.835 [info] > git check-ignore -v -z --stdin [9ms]
2025-05-26 09:37:53.453 [info] > git show --textconv :.github/workflows/deploy.yml [5ms]
2025-05-26 09:37:53.457 [info] > git ls-files --stage -- .github/workflows/deploy.yml [5ms]
2025-05-26 09:37:53.462 [info] > git cat-file -s d2f175745ad8bdb5a16fdfda6f66e108f11d9995 [1ms]
2025-05-26 09:38:05.314 [info] > git blame --root --incremental 2a40544379317ec8017f80004746fb774a942d6f -- .github/workflows/deploy.yml [11ms]
2025-05-26 09:38:05.316 [info] > git config --get commit.template [5ms]
2025-05-26 09:38:05.316 [info] > git for-each-ref --format=%(refname)%00%(upstream:short)%00%(objectname)%00%(upstream:track)%00%(upstream:remotename)%00%(upstream:remoteref) refs/heads/main refs/remotes/main [3ms]
2025-05-26 09:38:05.324 [info] > git for-each-ref --sort -committerdate --format %(refname)%00%(objectname)%00%(*objectname) [1ms]
2025-05-26 09:38:05.392 [info] > git status -z -uall [73ms]
2025-05-26 09:41:04.587 [info] > git config --get commit.template [4ms]
2025-05-26 09:41:04.587 [info] > git for-each-ref --format=%(refname)%00%(upstream:short)%00%(objectname)%00%(upstream:track)%00%(upstream:remotename)%00%(upstream:remoteref) refs/heads/main refs/remotes/main [1ms]
2025-05-26 09:41:04.595 [info] > git for-each-ref --sort -committerdate --format %(refname)%00%(objectname)%00%(*objectname) [1ms]
2025-05-26 09:41:04.673 [info] > git status -z -uall [82ms]
2025-05-26 09:47:59.206 [info] > git config --get commit.template [2ms]
2025-05-26 09:47:59.211 [info] > git for-each-ref --format=%(refname)%00%(upstream:short)%00%(objectname)%00%(upstream:track)%00%(upstream:remotename)%00%(upstream:remoteref) refs/heads/main refs/remotes/main [1ms]
2025-05-26 09:47:59.219 [info] > git for-each-ref --sort -committerdate --format %(refname)%00%(objectname)%00%(*objectname) [2ms]
2025-05-26 09:47:59.286 [info] > git status -z -uall [72ms]
2025-05-26 09:48:02.602 [info] > git check-ignore -v -z --stdin [9ms]
2025-05-26 09:48:04.283 [info] > git check-ignore -v -z --stdin [11ms]
2025-05-26 09:48:04.305 [info] > git config --get commit.template [3ms]
2025-05-26 09:48:04.306 [info] > git for-each-ref --format=%(refname)%00%(upstream:short)%00%(objectname)%00%(upstream:track)%00%(upstream:remotename)%00%(upstream:remoteref) refs/heads/main refs/remotes/main [1ms]
2025-05-26 09:48:04.314 [info] > git for-each-ref --sort -committerdate --format %(refname)%00%(objectname)%00%(*objectname) [2ms]
2025-05-26 09:48:04.377 [info] > git status -z -uall [68ms]
2025-05-26 09:48:05.340 [info] > git check-ignore -v -z --stdin [5ms]
2025-05-26 09:48:06.537 [info] > git check-ignore -v -z --stdin [5ms]
2025-05-26 09:48:07.304 [info] > git check-ignore -v -z --stdin [4ms]
2025-05-26 09:48:08.376 [info] > git ls-files --stage -- shop/services/order/it_r_01.py [4ms]
2025-05-26 09:48:08.379 [info] > git show --textconv :shop/services/order/it_r_01.py [11ms]
2025-05-26 09:48:08.380 [info] > git cat-file -s 8c668b45a13df6326205db9a968c2b751c27cbfc [1ms]
2025-05-26 09:48:09.392 [info] > git config --get commit.template [4ms]
2025-05-26 09:48:09.393 [info] > git for-each-ref --format=%(refname)%00%(upstream:short)%00%(objectname)%00%(upstream:track)%00%(upstream:remotename)%00%(upstream:remoteref) refs/heads/main refs/remotes/main [2ms]
2025-05-26 09:48:09.401 [info] > git for-each-ref --sort -committerdate --format %(refname)%00%(objectname)%00%(*objectname) [2ms]
2025-05-26 09:48:09.465 [info] > git status -z -uall [69ms]
2025-05-26 09:48:10.025 [info] > git blame --root --incremental 2a40544379317ec8017f80004746fb774a942d6f -- shop/services/order/it_r_01.py [8ms]
2025-05-26 09:48:14.476 [info] > git config --get commit.template [1ms]
2025-05-26 09:48:14.481 [info] > git for-each-ref --format=%(refname)%00%(upstream:short)%00%(objectname)%00%(upstream:track)%00%(upstream:remotename)%00%(upstream:remoteref) refs/heads/main refs/remotes/main [1ms]
2025-05-26 09:48:14.490 [info] > git for-each-ref --sort -committerdate --format %(refname)%00%(objectname)%00%(*objectname) [3ms]
2025-05-26 09:48:14.554 [info] > git status -z -uall [70ms]
2025-05-26 09:48:19.570 [info] > git config --get commit.template [4ms]
2025-05-26 09:48:19.576 [info] > git for-each-ref --format=%(refname)%00%(upstream:short)%00%(objectname)%00%(upstream:track)%00%(upstream:remotename)%00%(upstream:remoteref) refs/heads/main refs/remotes/main [7ms]
2025-05-26 09:48:19.603 [info] > git for-each-ref --sort -committerdate --format %(refname)%00%(objectname)%00%(*objectname) [2ms]
2025-05-26 09:48:19.676 [info] > git status -z -uall [80ms]
2025-05-26 09:49:25.596 [info] > git config --get commit.template [4ms]
2025-05-26 09:49:25.597 [info] > git for-each-ref --format=%(refname)%00%(upstream:short)%00%(objectname)%00%(upstream:track)%00%(upstream:remotename)%00%(upstream:remoteref) refs/heads/main refs/remotes/main [1ms]
2025-05-26 09:49:25.607 [info] > git for-each-ref --sort -committerdate --format %(refname)%00%(objectname)%00%(*objectname) [2ms]
2025-05-26 09:49:25.696 [info] > git status -z -uall [95ms]
