2025-05-30 20:36:53.421 [info] Extension host with pid 195892 started
2025-05-30 20:36:53.715 [info] ExtensionService#_doActivateExtension vscode.emmet, startup: false, activationEvent: 'onLanguage'
2025-05-30 20:36:53.716 [info] ExtensionService#_doActivateExtension vscode.git-base, startup: false, activationEvent: '*', root cause: vscode.git
2025-05-30 20:36:53.814 [info] Lock '/root/.vscode-server/data/User/workspaceStorage/c953ff9fb6888b8402fd3a16b2440efa/vscode.lock': Lock acquired.
2025-05-30 20:36:54.610 [info] ExtensionService#_doActivateExtension vscode.git, startup: false, activationEvent: '*'
2025-05-30 20:36:54.610 [info] ExtensionService#_doActivateExtension vscode.github, startup: false, activationEvent: '*'
2025-05-30 20:36:56.218 [info] Eager extensions activated
2025-05-30 20:36:56.218 [info] ExtensionService#_doActivateExtension vscode.debug-auto-launch, startup: false, activationEvent: 'onStartupFinished'
2025-05-30 20:36:56.219 [info] ExtensionService#_doActivateExtension vscode.merge-conflict, startup: false, activationEvent: 'onStartupFinished'
2025-05-30 20:36:58.023 [warning] [Decorations] CAPPING events from decorations provider vscode.git 364
2025-05-30 20:36:59.425 [warning] [Decorations] CAPPING events from decorations provider vscode.git 364
2025-05-30 20:37:11.492 [warning] [Decorations] CAPPING events from decorations provider vscode.git 364
2025-05-30 20:37:16.673 [warning] [Decorations] CAPPING events from decorations provider vscode.git 364
2025-05-30 20:37:21.867 [warning] [Decorations] CAPPING events from decorations provider vscode.git 364
2025-05-30 20:37:27.042 [warning] [Decorations] CAPPING events from decorations provider vscode.git 364
2025-05-30 20:37:32.212 [warning] [Decorations] CAPPING events from decorations provider vscode.git 364
2025-05-30 20:37:37.384 [warning] [Decorations] CAPPING events from decorations provider vscode.git 364
2025-05-30 20:37:42.563 [warning] [Decorations] CAPPING events from decorations provider vscode.git 364
2025-05-30 20:37:47.762 [warning] [Decorations] CAPPING events from decorations provider vscode.git 364
2025-05-30 20:37:52.947 [warning] [Decorations] CAPPING events from decorations provider vscode.git 364
2025-05-30 20:38:17.665 [warning] [Decorations] CAPPING events from decorations provider vscode.git 364
2025-05-30 20:38:22.841 [warning] [Decorations] CAPPING events from decorations provider vscode.git 364
2025-05-30 20:38:28.022 [warning] [Decorations] CAPPING events from decorations provider vscode.git 364
2025-05-30 20:38:30.099 [info] Extension host terminating: received terminate message from renderer
2025-05-30 20:38:30.099 [info] Lock '/root/.vscode-server/data/User/workspaceStorage/c953ff9fb6888b8402fd3a16b2440efa/vscode.lock': Marking the lockfile as scheduled to be released in 6000 ms.
2025-05-30 20:38:30.121 [info] Extension host with pid 195892 exiting with code 0
