2025-05-29 09:59:28.015 [info] 실험 'pythonRecommendTensorboardExt'이(가) 활성 상태입니다.
2025-05-29 09:59:28.015 [info] 실험 'pythonTerminalEnvVarActivation'이(가) 활성 상태입니다.
2025-05-29 09:59:28.015 [info] Native locator: Refresh started
2025-05-29 09:59:28.015 [info] Native locator: Refresh started
2025-05-29 09:59:28.108 [info] > pyenv which python
2025-05-29 09:59:28.108 [info] cwd: .
2025-05-29 09:59:29.518 [info] Native locator: Refresh finished in 5922 ms
2025-05-29 09:59:29.621 [info] Python 인터프리터 경로: ./venv/bin/python
2025-05-29 09:59:33.314 [info] > . ./venv/bin/activate && echo 'e8b39361-0157-4923-80e1-22d70d46dee6' && python ./.vscode-server/extensions/ms-python.python-2025.6.1-linux-x64/python_files/printEnvVariables.py
2025-05-29 09:59:33.314 [info] shell: bash
2025-05-29 09:59:33.622 [info] > /bin/python2 ./.vscode-server/extensions/ms-python.python-2025.6.1-linux-x64/python_files/printEnvVariables.py
2025-05-29 09:59:33.622 [info] shell: bash
2025-05-29 09:59:33.921 [info] Setting environment variable VIRTUAL_ENV in collection to /root/venv {"applyAtShellIntegration":true,"applyAtProcessCreation":true}
2025-05-29 09:59:33.921 [info] Setting environment variable VIRTUAL_ENV_PROMPT in collection to (venv)  {"applyAtShellIntegration":true,"applyAtProcessCreation":true}
2025-05-29 09:59:33.921 [info] Prepending environment variable PS1 in collection with (venv)  {"applyAtShellIntegration":true,"applyAtProcessCreation":false}
2025-05-29 09:59:33.921 [info] Prepending environment variable PATH in collection with /root/.vscode-server/extensions/ms-python.python-2025.6.1-linux-x64/python_files/deactivate/bash:/root/venv/bin: {"applyAtShellIntegration":true,"applyAtProcessCreation":true}
2025-05-29 09:59:33.922 [info] Send text to terminal: /bin/python2 /root/.vscode-server/extensions/ms-python.python-2025.6.1-linux-x64/python_files/printEnvVariablesToFile.py /root/.vscode-server/extensions/ms-python.python-2025.6.1-linux-x64/python_files/deactivate/bash/envVars.txt
2025-05-29 09:59:40.434 [info] Pylance 언어 서버를 시작하는 중입니다.
2025-05-29 10:00:03.927 [error] Failed to initialize deactivate script /bin/bash [Error: "/root/.vscode-server/extensions/ms-python.python-2025.6.1-linux-x64/python_files/deactivate/bash/envVars.txt" file not created
	at Timeout.<anonymous> (/root/.vscode-server/extensions/ms-python.python-2025.6.1-linux-x64/out/client/extension.js:2:310824)
	at listOnTimeout (node:internal/timers:581:17)
	at process.processTimers (node:internal/timers:519:7)]
2025-05-29 18:30:46.616 [info] Discover tests for workspace name: root - uri: /root/shop/management/commands/fetch_and_register_latti.py
