2025-05-30 20:36:05.822 [info] [main] 로그 수준: Info
2025-05-30 20:36:05.823 [info] [main] "git"에서 찾은 git 유효성을 검사하는 중
2025-05-30 20:36:05.823 [info] [main] "2.34.1"에서 git "git"을(를) 사용하는 중
2025-05-30 20:36:05.823 [info] [Model][doInitialScan] Initial repository scan started
2025-05-30 20:36:05.823 [info] > git rev-parse --show-toplevel [1408ms]
2025-05-30 20:36:05.823 [info] > git rev-parse --git-dir --git-common-dir [1089ms]
2025-05-30 20:36:05.823 [info] [Model][openRepository] Opened repository (path): /root
2025-05-30 20:36:05.823 [info] [Model][openRepository] Opened repository (real path): /root
2025-05-30 20:36:05.823 [info] > git config --get commit.template [7ms]
2025-05-30 20:36:05.919 [info] > git for-each-ref --format=%(refname)%00%(upstream:short)%00%(objectname)%00%(upstream:track)%00%(upstream:remotename)%00%(upstream:remoteref) refs/heads/main refs/remotes/main [10ms]
2025-05-30 20:36:06.515 [info] > git for-each-ref --sort -committerdate --format %(refname)%00%(objectname)%00%(*objectname) [95ms]
2025-05-30 20:36:06.911 [info] > git rev-parse --show-toplevel [301ms]
2025-05-30 20:36:06.923 [info] > git rev-parse --show-toplevel [6ms]
2025-05-30 20:36:07.015 [info] > git rev-parse --show-toplevel [2ms]
2025-05-30 20:36:07.119 [info] > git rev-parse --show-toplevel [96ms]
2025-05-30 20:36:07.316 [info] > git rev-parse --show-toplevel [1ms]
2025-05-30 20:36:07.415 [info] > git rev-parse --show-toplevel [96ms]
2025-05-30 20:36:07.425 [info] > git status -z -uall [1105ms]
2025-05-30 20:36:08.127 [info] > git for-each-ref --format=%(refname)%00%(upstream:short)%00%(objectname)%00%(upstream:track)%00%(upstream:remotename)%00%(upstream:remoteref) refs/heads/main refs/remotes/main [411ms]
2025-05-30 20:36:08.213 [info] > git rev-parse --show-toplevel [792ms]
2025-05-30 20:36:08.218 [info] > git config --get --local branch.main.vscode-merge-base [5ms]
2025-05-30 20:36:08.218 [warning] [Git][config] git config failed: Failed to execute git
2025-05-30 20:36:08.222 [info] > git config --get commit.template [103ms]
2025-05-30 20:36:08.223 [info] > git rev-parse --show-toplevel [7ms]
2025-05-30 20:36:08.313 [info] > git for-each-ref --format=%(refname)%00%(upstream:short)%00%(objectname)%00%(upstream:track)%00%(upstream:remotename)%00%(upstream:remoteref) refs/heads/main refs/remotes/main [86ms]
2025-05-30 20:36:08.314 [info] > git reflog main --grep-reflog=branch: Created from *. [93ms]
2025-05-30 20:36:08.318 [info] > git rev-parse --show-toplevel [6ms]
2025-05-30 20:36:08.319 [info] > git symbolic-ref --short refs/remotes/origin/HEAD [2ms]
2025-05-30 20:36:08.319 [info] fatal: ref refs/remotes/origin/HEAD is not a symbolic ref
2025-05-30 20:36:08.319 [warning] [Repository][getDefaultBranch] Failed to get default branch details: Failed to execute git.
2025-05-30 20:36:08.413 [info] > git merge-base refs/heads/main refs/remotes/origin/main [91ms]
2025-05-30 20:36:08.427 [info] > git for-each-ref --sort -committerdate --format %(refname)%00%(objectname)%00%(*objectname) [15ms]
2025-05-30 20:36:08.428 [info] > git rev-parse --show-toplevel [103ms]
2025-05-30 20:36:08.429 [info] > git diff --name-status -z --diff-filter=ADMR 5707d73799d3c633f7c49dc7809baaee3902210b...refs/remotes/origin/main [3ms]
2025-05-30 20:36:08.518 [info] > git rev-parse --show-toplevel [2ms]
2025-05-30 20:36:08.524 [info] > git rev-parse --show-toplevel [3ms]
2025-05-30 20:36:08.528 [info] > git rev-parse --show-toplevel [1ms]
2025-05-30 20:36:08.614 [info] > git rev-parse --show-toplevel [84ms]
2025-05-30 20:36:08.619 [info] > git rev-parse --show-toplevel [2ms]
2025-05-30 20:36:08.627 [info] > git rev-parse --show-toplevel [5ms]
2025-05-30 20:36:11.039 [info] > git status -z -uall [2711ms]
2025-05-30 20:36:11.131 [info] > git rev-parse --show-toplevel [98ms]
2025-05-30 20:36:11.140 [info] > git rev-parse --show-toplevel [4ms]
2025-05-30 20:36:11.221 [info] [Model][doInitialScan] Initial repository scan completed - repositories (1), closed repositories (0), parent repositories (0), unsafe repositories (0)
2025-05-30 20:36:43.844 [info] > git config --get commit.template [5ms]
2025-05-30 20:36:43.844 [info] > git for-each-ref --format=%(refname)%00%(upstream:short)%00%(objectname)%00%(upstream:track)%00%(upstream:remotename)%00%(upstream:remoteref) refs/heads/main refs/remotes/main [2ms]
2025-05-30 20:36:43.855 [info] > git for-each-ref --sort -committerdate --format %(refname)%00%(objectname)%00%(*objectname) [1ms]
2025-05-30 20:36:44.005 [info] > git status -z -uall [157ms]
