2025-05-24 23:17:08.537 [info] (Client) Pylance async client (2025.5.1) started with python extension (2025.6.1)
2025-05-24 23:17:15.955 [info] [Info  - 11:17:15 PM] (39360) Server root directory: file:///root/.vscode-server/extensions/ms-python.vscode-pylance-2025.5.1/dist
2025-05-24 23:17:15.957 [info] [Info  - 11:17:15 PM] (39360) Pylance language server 2025.5.1 (pyright version 1.1.400, commit b962ffc2) starting
2025-05-24 23:17:16.059 [info] [Info  - 11:17:16 PM] (39360) Starting service instance "root" for workspace "/root"
2025-05-24 23:17:16.654 [info] [Info  - 11:17:16 PM] (39360) Setting environmentName for service "root": "3.10.12 (venv venv)"
2025-05-24 23:17:16.655 [info] [Info  - 11:17:16 PM] (39360) Setting pythonPath for service "root": "/root/venv/bin/python"
2025-05-24 23:17:16.656 [info] [Info  - 11:17:16 PM] (39360) No include entries specified; assuming /root
2025-05-24 23:17:16.656 [info] [Info  - 11:17:16 PM] (39360) Auto-excluding **/node_modules
2025-05-24 23:17:16.656 [info] [Info  - 11:17:16 PM] (39360) Auto-excluding **/__pycache__
2025-05-24 23:17:16.657 [info] [Info  - 11:17:16 PM] (39360) Auto-excluding **/.*
2025-05-24 23:17:16.763 [info] [Info  - 11:17:16 PM] (39360) Assuming Python version 3.10.12.final.0
2025-05-24 23:17:17.469 [info] [Info  - 11:17:17 PM] (39360) Auto-excluding /root/venv
2025-05-24 23:17:17.665 [info] [Info  - 11:17:17 PM] (39360) Found 106 source files
2025-05-24 23:17:17.864 [info] [Info  - 11:17:17 PM] (39360) Setting environmentName for service "root": "3.10.12 (venv venv)"
2025-05-24 23:17:17.865 [info] [Info  - 11:17:17 PM] (39360) Setting pythonPath for service "root": "/root/venv/bin/python"
2025-05-24 23:17:17.865 [info] [Info  - 11:17:17 PM] (39360) No include entries specified; assuming /root
2025-05-24 23:17:17.865 [info] [Info  - 11:17:17 PM] (39360) Auto-excluding **/node_modules
2025-05-24 23:17:17.865 [info] [Info  - 11:17:17 PM] (39360) Auto-excluding **/__pycache__
2025-05-24 23:17:17.865 [info] [Info  - 11:17:17 PM] (39360) Auto-excluding **/.*
2025-05-24 23:17:18.063 [info] [Info  - 11:17:18 PM] (39360) Assuming Python version 3.10.12.final.0
2025-05-24 23:17:18.772 [info] [Info  - 11:17:18 PM] (39360) Auto-excluding /root/venv
2025-05-24 23:17:18.972 [info] [Info  - 11:17:18 PM] (39360) Found 106 source files
2025-05-24 23:17:21.264 [info] [Info  - 11:17:21 PM] (39360) BG: Priority queue background worker(2) root directory: file:///root/.vscode-server/extensions/ms-python.vscode-pylance-2025.5.1/dist
2025-05-24 23:17:21.265 [info] [Info  - 11:17:21 PM] (39360) BG: Priority queue background worker(2) started
2025-05-24 23:24:53.002 [info] [Info  - 11:24:53 PM] (39360) BG: Indexer background runner(3) root directory: file:///root/.vscode-server/extensions/ms-python.vscode-pylance-2025.5.1/dist (index)
2025-05-24 23:24:53.002 [info] [Info  - 11:24:53 PM] (39360) BG: Indexing(3) started
2025-05-24 23:24:58.815 [info] [Info  - 11:24:58 PM] (39360) BG: [IDX(3)] Long operation: scan packages file:///root (4710ms)
2025-05-24 23:24:58.815 [info] [Info  - 11:24:58 PM] (39360) BG: scanned(3) 45 files over 1 exec env
2025-05-24 23:25:01.524 [info] [Info  - 11:25:01 PM] (39360) BG: indexed(3) 45 files over 1 exec env
2025-05-24 23:25:01.612 [info] [Info  - 11:25:01 PM] (39360) BG: Indexing finished(3).
2025-05-25 02:40:24.383 [info] [Info  - 2:40:24 AM] (39360) Auto-excluding /root/venv
2025-05-25 02:40:24.503 [info] [Info  - 2:40:24 AM] (39360) Found 106 source files
2025-05-25 02:40:29.411 [info] [Info  - 2:40:29 AM] (39360) BG: [BG(1)] Long operation: checking: file:///root/shop/admin.py (2012ms)
2025-05-25 02:40:29.411 [info] [Info  - 2:40:29 AM] (39360) BG: [BG(1)] Long operation: analyzing: file:///root/shop/admin.py (2016ms)
2025-05-25 02:40:35.313 [info] [Info  - 2:40:35 AM] (39360) BG: Indexer background runner(4) root directory: file:///root/.vscode-server/extensions/ms-python.vscode-pylance-2025.5.1/dist (refresh)
2025-05-25 02:40:35.313 [info] [Info  - 2:40:35 AM] (39360) BG: Indexing(4) started
2025-05-25 02:40:39.626 [info] [Info  - 2:40:39 AM] (39360) BG: [IDX(4)] Long operation: scan packages file:///root (3611ms)
2025-05-25 02:40:39.626 [info] [Info  - 2:40:39 AM] (39360) BG: scanned(4) 46 files over 1 exec env
2025-05-25 02:40:42.225 [info] [Info  - 2:40:42 AM] (39360) BG: indexed(4) 46 files over 1 exec env
2025-05-25 02:40:42.426 [info] [Info  - 2:40:42 AM] (39360) BG: Indexing finished(4).
