2025-05-24 23:17:02.537 [info] 실험 'pythonRecommendTensorboardExt'이(가) 활성 상태입니다.
2025-05-24 23:17:02.537 [info] 실험 'pythonSurveyNotificationcf'이(가) 활성 상태입니다.
2025-05-24 23:17:02.537 [info] 실험 'pythonTerminalEnvVarActivation'이(가) 활성 상태입니다.
2025-05-24 23:17:02.537 [info] Native locator: Refresh started
2025-05-24 23:17:02.537 [info] Native locator: Refresh started
2025-05-24 23:17:02.537 [info] > pyenv which python
2025-05-24 23:17:02.537 [info] cwd: .
2025-05-24 23:17:05.037 [info] Native locator: Refresh finished in 4608 ms
2025-05-24 23:17:05.042 [info] Python 인터프리터 경로: ./venv/bin/python
2025-05-24 23:17:07.749 [info] > . ./venv/bin/activate && echo 'e8b39361-0157-4923-80e1-22d70d46dee6' && python ./.vscode-server/extensions/ms-python.python-2025.6.1-linux-x64/python_files/printEnvVariables.py
2025-05-24 23:17:07.749 [info] shell: bash
2025-05-24 23:17:07.851 [info] > /usr/bin/python2 ./.vscode-server/extensions/ms-python.python-2025.6.1-linux-x64/python_files/printEnvVariables.py
2025-05-24 23:17:07.852 [info] shell: bash
2025-05-24 23:17:07.947 [info] Setting environment variable VIRTUAL_ENV in collection to /root/venv {"applyAtShellIntegration":true,"applyAtProcessCreation":true}
2025-05-24 23:17:07.947 [info] Setting environment variable VIRTUAL_ENV_PROMPT in collection to (venv)  {"applyAtShellIntegration":true,"applyAtProcessCreation":true}
2025-05-24 23:17:07.947 [info] Prepending environment variable PS1 in collection with (venv)  {"applyAtShellIntegration":true,"applyAtProcessCreation":false}
2025-05-24 23:17:07.947 [info] Prepending environment variable PATH in collection with /root/.vscode-server/extensions/ms-python.python-2025.6.1-linux-x64/python_files/deactivate/bash:/root/venv/bin: {"applyAtShellIntegration":true,"applyAtProcessCreation":true}
2025-05-24 23:17:07.949 [info] Send text to terminal: /usr/bin/python2 /root/.vscode-server/extensions/ms-python.python-2025.6.1-linux-x64/python_files/printEnvVariablesToFile.py /root/.vscode-server/extensions/ms-python.python-2025.6.1-linux-x64/python_files/deactivate/bash/envVars.txt
2025-05-24 23:17:16.159 [info] Pylance 언어 서버를 시작하는 중입니다.
2025-05-24 23:17:37.949 [error] Failed to initialize deactivate script /bin/bash [Error: "/root/.vscode-server/extensions/ms-python.python-2025.6.1-linux-x64/python_files/deactivate/bash/envVars.txt" file not created
	at Timeout.<anonymous> (/root/.vscode-server/extensions/ms-python.python-2025.6.1-linux-x64/out/client/extension.js:2:310824)
	at listOnTimeout (node:internal/timers:581:17)
	at process.processTimers (node:internal/timers:519:7)]
2025-05-24 23:27:27.393 [info] Discover tests for workspace name: root - uri: /root/shop/services/product/conversion_service.py
2025-05-24 23:27:29.544 [info] Discover tests for workspace name: root - uri: /root/shop/services/product/conversion_service.py
2025-05-24 23:27:32.624 [info] Discover tests for workspace name: root - uri: /root/shop/services/product/conversion_service.py
2025-05-24 23:28:09.180 [info] Discover tests for workspace name: root - uri: /root/shop/services/product/conversion_service.py
2025-05-24 23:28:10.935 [info] Discover tests for workspace name: root - uri: /root/shop/services/product/conversion_service.py
2025-05-24 23:28:19.996 [info] Discover tests for workspace name: root - uri: /root/shop/services/product/conversion_service.py
2025-05-24 23:28:52.609 [info] Discover tests for workspace name: root - uri: /root/shop/services/product/conversion_service.py
2025-05-24 23:28:55.332 [info] Discover tests for workspace name: root - uri: /root/shop/services/product/conversion_service.py
2025-05-24 23:30:05.071 [info] Discover tests for workspace name: root - uri: /root/shop/services/product/conversion_service.py
2025-05-24 23:38:39.313 [info] Running installed packages checker:  {
  id: '/root/venv/bin/python',
  sysPrefix: '/root/venv',
  envType: 'Venv',
  envName: 'venv',
  envPath: '/root/venv/bin/python',
  path: '/root/venv/bin/python',
  architecture: 3,
  sysVersion: '',
  version: {
    raw: '3.10.12',
    major: 3,
    minor: 10,
    patch: 12,
    build: [],
    prerelease: []
  },
  displayName: "Python 3.10.12 ('venv')",
  detailedDisplayName: "Python 3.10.12 ('venv')",
  type: 'Virtual'
} /root/.vscode-server/extensions/ms-python.python-2025.6.1-linux-x64/python_files/installed_check.py /root/requirements.txt
2025-05-24 23:38:39.314 [info] > ./venv/bin/python ./.vscode-server/extensions/ms-python.python-2025.6.1-linux-x64/python_files/installed_check.py ./requirements.txt
2025-05-24 23:51:54.436 [info] Discover tests for workspace name: root - uri: /root/shop/services/product/conversion_service.py
2025-05-24 23:51:54.836 [info] Discover tests for workspace name: root - uri: /root/shop/services/product/conversion_service.py
2025-05-24 23:52:01.649 [info] Discover tests for workspace name: root - uri: /root/shop/services/product/conversion_service.py
2025-05-25 00:24:51.024 [info] Discover tests for workspace name: root - uri: /root/shop/admin.py
2025-05-25 00:24:52.927 [info] Discover tests for workspace name: root - uri: /root/shop/admin.py
2025-05-25 00:24:55.835 [info] Discover tests for workspace name: root - uri: /root/shop/admin.py
2025-05-25 00:25:09.399 [info] Discover tests for workspace name: root - uri: /root/shop/admin.py
2025-05-25 00:25:12.367 [info] Discover tests for workspace name: root - uri: /root/shop/admin.py
2025-05-25 00:25:26.158 [info] Discover tests for workspace name: root - uri: /root/shop/admin.py
2025-05-25 00:25:56.783 [info] Discover tests for workspace name: root - uri: /root/shop/admin.py
2025-05-25 00:26:16.367 [info] Discover tests for workspace name: root - uri: /root/shop/admin.py
2025-05-25 00:26:20.271 [info] Discover tests for workspace name: root - uri: /root/shop/admin.py
2025-05-25 00:26:21.075 [info] Discover tests for workspace name: root - uri: /root/shop/admin.py
2025-05-25 00:26:32.334 [info] Discover tests for workspace name: root - uri: /root/shop/admin.py
2025-05-25 00:26:33.792 [info] Discover tests for workspace name: root - uri: /root/shop/admin.py
2025-05-25 00:34:37.799 [info] Discover tests for workspace name: root - uri: /root/shop/admin.py
2025-05-25 00:34:41.809 [info] Discover tests for workspace name: root - uri: /root/shop/admin.py
2025-05-25 00:34:43.723 [info] Discover tests for workspace name: root - uri: /root/shop/admin.py
2025-05-25 00:34:44.514 [info] Discover tests for workspace name: root - uri: /root/shop/admin.py
2025-05-25 00:35:12.915 [info] Discover tests for workspace name: root - uri: /root/shop/admin.py
2025-05-25 00:35:54.855 [info] Discover tests for workspace name: root - uri: /root/shop/admin.py
2025-05-25 00:35:56.759 [info] Discover tests for workspace name: root - uri: /root/shop/admin.py
2025-05-25 00:49:16.364 [info] Discover tests for workspace name: root - uri: /root/shop/services/product/conversion_service.py
2025-05-25 00:49:43.518 [info] Discover tests for workspace name: root - uri: /root/shop/services/product/conversion_service.py
2025-05-25 00:49:45.522 [info] Discover tests for workspace name: root - uri: /root/shop/services/product/conversion_service.py
2025-05-25 00:49:57.622 [info] Discover tests for workspace name: root - uri: /root/shop/services/product/conversion_service.py
2025-05-25 00:52:26.147 [info] Discover tests for workspace name: root - uri: /root/shop/admin.py
2025-05-25 00:52:28.618 [info] Discover tests for workspace name: root - uri: /root/shop/admin.py
2025-05-25 00:55:54.549 [info] Discover tests for workspace name: root - uri: /root/shop/services/product/conversion_service.py
2025-05-25 00:55:56.453 [info] Discover tests for workspace name: root - uri: /root/shop/services/product/conversion_service.py
2025-05-25 00:56:00.962 [info] Discover tests for workspace name: root - uri: /root/shop/services/product/conversion_service.py
2025-05-25 00:56:01.478 [info] Discover tests for workspace name: root - uri: /root/shop/services/product/conversion_service.py
2025-05-25 00:56:44.619 [info] Discover tests for workspace name: root - uri: /root/shop/services/product/conversion_service.py
2025-05-25 00:56:45.059 [info] Discover tests for workspace name: root - uri: /root/shop/services/product/conversion_service.py
2025-05-25 01:05:10.239 [info] Discover tests for workspace name: root - uri: /root/shop/utils/markup_util.py
2025-05-25 01:05:11.541 [info] Discover tests for workspace name: root - uri: /root/shop/utils/markup_util.py
2025-05-25 01:05:13.144 [info] Discover tests for workspace name: root - uri: /root/shop/utils/markup_util.py
2025-05-25 01:05:24.121 [info] Discover tests for workspace name: root - uri: /root/shop/utils/markup_util.py
2025-05-25 01:05:25.856 [info] Discover tests for workspace name: root - uri: /root/shop/utils/markup_util.py
2025-05-25 01:05:27.249 [info] Discover tests for workspace name: root - uri: /root/shop/utils/markup_util.py
2025-05-25 01:05:29.376 [info] Discover tests for workspace name: root - uri: /root/shop/utils/markup_util.py
2025-05-25 01:05:57.383 [info] Discover tests for workspace name: root - uri: /root/shop/utils/markup_util.py
2025-05-25 01:06:02.007 [info] Discover tests for workspace name: root - uri: /root/shop/utils/markup_util.py
2025-05-25 01:06:03.884 [info] Discover tests for workspace name: root - uri: /root/shop/utils/markup_util.py
2025-05-25 01:06:06.150 [info] Discover tests for workspace name: root - uri: /root/shop/utils/markup_util.py
2025-05-25 01:06:10.559 [info] Discover tests for workspace name: root - uri: /root/shop/utils/markup_util.py
2025-05-25 01:06:13.869 [info] Discover tests for workspace name: root - uri: /root/shop/utils/markup_util.py
2025-05-25 01:07:04.415 [info] Discover tests for workspace name: root - uri: /root/shop/services/product/conversion_service.py
2025-05-25 01:07:10.577 [info] Discover tests for workspace name: root - uri: /root/shop/services/product/conversion_service.py
2025-05-25 01:07:13.182 [info] Discover tests for workspace name: root - uri: /root/shop/services/product/conversion_service.py
2025-05-25 01:07:28.713 [info] Discover tests for workspace name: root - uri: /root/shop/services/product/conversion_service.py
2025-05-25 01:07:32.169 [info] Discover tests for workspace name: root - uri: /root/shop/services/product/conversion_service.py
2025-05-25 01:07:40.235 [info] Discover tests for workspace name: root - uri: /root/shop/services/product/conversion_service.py
2025-05-25 01:07:44.723 [info] Discover tests for workspace name: root - uri: /root/shop/services/product/conversion_service.py
2025-05-25 01:13:19.609 [info] Discover tests for workspace name: root - uri: /root/shop/services/product/conversion_service.py
2025-05-25 01:13:22.916 [info] Discover tests for workspace name: root - uri: /root/shop/services/product/conversion_service.py
2025-05-25 01:13:23.918 [info] Discover tests for workspace name: root - uri: /root/shop/services/product/conversion_service.py
2025-05-25 01:14:21.633 [info] Discover tests for workspace name: root - uri: /root/shop/services/product/conversion_service.py
2025-05-25 01:14:23.037 [info] Discover tests for workspace name: root - uri: /root/shop/services/product/conversion_service.py
2025-05-25 01:14:29.032 [info] Discover tests for workspace name: root - uri: /root/shop/services/product/conversion_service.py
2025-05-25 01:14:30.475 [info] Discover tests for workspace name: root - uri: /root/shop/services/product/conversion_service.py
2025-05-25 01:14:31.798 [info] Discover tests for workspace name: root - uri: /root/shop/services/product/conversion_service.py
2025-05-25 01:14:34.241 [info] Discover tests for workspace name: root - uri: /root/shop/services/product/conversion_service.py
2025-05-25 01:19:18.933 [info] Discover tests for workspace name: root - uri: /root/shop/services/product/conversion_service.py
2025-05-25 01:19:23.342 [info] Discover tests for workspace name: root - uri: /root/shop/services/product/conversion_service.py
2025-05-25 01:20:35.097 [info] Discover tests for workspace name: root - uri: /root/shop/utils/markup_util.py
2025-05-25 01:20:38.514 [info] Discover tests for workspace name: root - uri: /root/shop/utils/markup_util.py
2025-05-25 01:20:42.814 [info] Discover tests for workspace name: root - uri: /root/shop/utils/markup_util.py
2025-05-25 01:20:45.522 [info] Discover tests for workspace name: root - uri: /root/shop/utils/markup_util.py
2025-05-25 01:20:48.026 [info] Discover tests for workspace name: root - uri: /root/shop/utils/markup_util.py
2025-05-25 01:20:50.933 [info] Discover tests for workspace name: root - uri: /root/shop/utils/markup_util.py
2025-05-25 01:20:55.544 [info] Discover tests for workspace name: root - uri: /root/shop/utils/markup_util.py
2025-05-25 01:20:58.350 [info] Discover tests for workspace name: root - uri: /root/shop/utils/markup_util.py
2025-05-25 01:21:00.556 [info] Discover tests for workspace name: root - uri: /root/shop/utils/markup_util.py
2025-05-25 01:22:53.625 [info] Discover tests for workspace name: root - uri: /root/shop/utils/markup_util.py
2025-05-25 01:22:56.531 [info] Discover tests for workspace name: root - uri: /root/shop/utils/markup_util.py
2025-05-25 01:22:58.145 [info] Discover tests for workspace name: root - uri: /root/shop/utils/markup_util.py
2025-05-25 01:23:00.942 [info] Discover tests for workspace name: root - uri: /root/shop/utils/markup_util.py
2025-05-25 01:23:02.144 [info] Discover tests for workspace name: root - uri: /root/shop/utils/markup_util.py
2025-05-25 01:23:03.948 [info] Discover tests for workspace name: root - uri: /root/shop/utils/markup_util.py
2025-05-25 01:23:05.752 [info] Discover tests for workspace name: root - uri: /root/shop/utils/markup_util.py
2025-05-25 01:23:07.356 [info] Discover tests for workspace name: root - uri: /root/shop/utils/markup_util.py
2025-05-25 01:23:10.262 [info] Discover tests for workspace name: root - uri: /root/shop/utils/markup_util.py
2025-05-25 01:24:02.889 [info] Discover tests for workspace name: root - uri: /root/shop/utils/markup_util.py
2025-05-25 01:24:11.512 [info] Discover tests for workspace name: root - uri: /root/shop/utils/markup_util.py
2025-05-25 01:24:18.329 [info] Discover tests for workspace name: root - uri: /root/shop/utils/markup_util.py
2025-05-25 01:24:20.635 [info] Discover tests for workspace name: root - uri: /root/shop/utils/markup_util.py
2025-05-25 01:26:22.196 [info] Discover tests for workspace name: root - uri: /root/shop/admin.py
2025-05-25 01:26:23.966 [info] Discover tests for workspace name: root - uri: /root/shop/admin.py
2025-05-25 01:26:26.304 [info] Discover tests for workspace name: root - uri: /root/shop/admin.py
2025-05-25 01:26:28.504 [info] Discover tests for workspace name: root - uri: /root/shop/admin.py
2025-05-25 01:26:31.764 [info] Discover tests for workspace name: root - uri: /root/shop/admin.py
2025-05-25 01:26:33.889 [info] Discover tests for workspace name: root - uri: /root/shop/admin.py
2025-05-25 01:26:41.906 [info] Discover tests for workspace name: root - uri: /root/shop/admin.py
2025-05-25 01:27:40.567 [info] Discover tests for workspace name: root - uri: /root/shop/admin.py
2025-05-25 01:31:33.631 [info] Discover tests for workspace name: root - uri: /root/shop/utils/markup_util.py
2025-05-25 01:31:37.239 [info] Discover tests for workspace name: root - uri: /root/shop/utils/markup_util.py
2025-05-25 01:35:10.824 [info] Discover tests for workspace name: root - uri: /root/shop/admin.py
2025-05-25 01:35:13.091 [info] Discover tests for workspace name: root - uri: /root/shop/admin.py
2025-05-25 01:35:13.880 [info] Discover tests for workspace name: root - uri: /root/shop/admin.py
2025-05-25 01:35:16.089 [info] Discover tests for workspace name: root - uri: /root/shop/admin.py
2025-05-25 01:47:59.531 [info] Discover tests for workspace name: root - uri: /root/shop/services/product/conversion_service.py
2025-05-25 01:48:00.944 [info] Discover tests for workspace name: root - uri: /root/shop/services/product/conversion_service.py
2025-05-25 01:48:11.655 [info] Discover tests for workspace name: root - uri: /root/shop/services/product/conversion_service.py
2025-05-25 01:48:13.646 [info] Discover tests for workspace name: root - uri: /root/shop/services/product/conversion_service.py
2025-05-25 01:57:05.353 [info] Discover tests for workspace name: root - uri: /root/shop/utils/markup_util.py
2025-05-25 02:16:50.675 [info] Discover tests for workspace name: root - uri: /root/shop/admin.py
2025-05-25 02:17:04.371 [info] Discover tests for workspace name: root - uri: /root/shop/admin.py
2025-05-25 02:36:44.391 [info] Discover tests for workspace name: root - uri: /root/mallapi/settings.py
2025-05-25 02:36:49.596 [info] Discover tests for workspace name: root - uri: /root/mallapi/settings.py
2025-05-25 02:44:50.674 [info] Discover tests for workspace name: root - uri: /root/mallapi/settings.py
2025-05-25 02:45:49.934 [info] Discover tests for workspace name: root - uri: /root/mallapi/settings.py
2025-05-25 02:45:54.433 [info] Discover tests for workspace name: root - uri: /root/mallapi/settings.py
2025-05-25 02:45:59.417 [info] Discover tests for workspace name: root - uri: /root/mallapi/settings.py
2025-05-25 02:49:05.817 [info] Discover tests for workspace name: root - uri: /root/mallapi/settings.py
2025-05-25 03:01:46.232 [info] Discover tests for workspace name: root - uri: /root/mallapi/settings.py
2025-05-25 03:01:51.000 [info] Discover tests for workspace name: root - uri: /root/mallapi/settings.py
2025-05-25 03:01:52.960 [info] Discover tests for workspace name: root - uri: /root/mallapi/settings.py
2025-05-25 03:03:30.808 [info] Discover tests for workspace name: root - uri: /root/mallapi/settings.py
