2025-05-30 20:36:00.507 [info] Extension host with pid 195253 started
2025-05-30 20:36:00.804 [info] ExtensionService#_doActivateExtension vscode.emmet, startup: false, activationEvent: 'onLanguage'
2025-05-30 20:36:00.806 [info] ExtensionService#_doActivateExtension vscode.git-base, startup: false, activationEvent: '*', root cause: vscode.git
2025-05-30 20:36:00.806 [info] ExtensionService#_doActivateExtension vscode.tunnel-forwarding, startup: false, activationEvent: 'onTunnel'
2025-05-30 20:36:00.808 [info] Lock '/root/.vscode-server/data/User/workspaceStorage/69b865ee5b39d8dd4400c31e5ed23100/vscode.lock': Lock acquired.
2025-05-30 20:36:01.503 [info] ExtensionService#_doActivateExtension vscode.git, startup: false, activationEvent: '*'
2025-05-30 20:36:01.504 [info] ExtensionService#_doActivateExtension vscode.github, startup: false, activationEvent: '*'
2025-05-30 20:36:01.911 [info] ExtensionService#_doActivateExtension ms-python.python, startup: true, activationEvent: 'workspaceContains:requirements.txt'
2025-05-30 20:36:05.809 [info] Eager extensions activated
2025-05-30 20:36:05.809 [info] ExtensionService#_doActivateExtension vscode.debug-auto-launch, startup: false, activationEvent: 'onStartupFinished'
2025-05-30 20:36:05.810 [info] ExtensionService#_doActivateExtension vscode.merge-conflict, startup: false, activationEvent: 'onStartupFinished'
2025-05-30 20:36:07.523 [warning] [Decorations] CAPPING events from decorations provider vscode.git 356
2025-05-30 20:36:08.717 [info] ExtensionService#_doActivateExtension ms-python.vscode-pylance, startup: false, activationEvent: 'api', root cause: ms-python.python
2025-05-30 20:36:11.125 [warning] [Decorations] CAPPING events from decorations provider vscode.git 356
2025-05-30 20:36:13.341 [info] ExtensionService#_doActivateExtension vscode.npm, startup: false, activationEvent: 'onTerminalQuickFixRequest:ms-vscode.npm-command'
2025-05-30 20:36:19.734 [info] ExtensionService#_doActivateExtension vscode.configuration-editing, startup: false, activationEvent: 'onLanguage:json'
2025-05-30 20:36:19.735 [info] ExtensionService#_doActivateExtension vscode.extension-editing, startup: false, activationEvent: 'onLanguage:json'
2025-05-30 20:36:19.735 [info] ExtensionService#_doActivateExtension vscode.json-language-features, startup: false, activationEvent: 'onLanguage:json'
2025-05-30 20:36:44.010 [warning] [Decorations] CAPPING events from decorations provider vscode.git 358
2025-05-30 20:36:45.208 [info] Extension host terminating: received terminate message from renderer
2025-05-30 20:36:45.208 [info] Lock '/root/.vscode-server/data/User/workspaceStorage/69b865ee5b39d8dd4400c31e5ed23100/vscode.lock': Marking the lockfile as scheduled to be released in 6000 ms.
2025-05-30 20:36:45.237 [info] Extension host with pid 195253 exiting with code 0
