2025-06-04 09:04:01.147 [info] 실험 'pythonRecommendTensorboardExt'이(가) 활성 상태입니다.
2025-06-04 09:04:01.147 [info] 실험 'pythonTerminalEnvVarActivation'이(가) 활성 상태입니다.
2025-06-04 09:04:01.147 [info] Native locator: Refresh started
2025-06-04 09:04:01.147 [info] Native locator: Refresh started
2025-06-04 09:04:01.147 [info] > pyenv which python
2025-06-04 09:04:01.147 [info] cwd: .
2025-06-04 09:04:03.454 [info] Native locator: Refresh finished in 6824 ms
2025-06-04 09:04:03.556 [info] Python 인터프리터 경로: ./venv/bin/python
2025-06-04 09:04:05.156 [info] > . ./venv/bin/activate && echo 'e8b39361-0157-4923-80e1-22d70d46dee6' && python ./.vscode-server/extensions/ms-python.python-2025.6.1-linux-x64/python_files/printEnvVariables.py
2025-06-04 09:04:05.156 [info] shell: bash
2025-06-04 09:04:05.956 [info] > /usr/bin/python2 ./.vscode-server/extensions/ms-python.python-2025.6.1-linux-x64/python_files/printEnvVariables.py
2025-06-04 09:04:05.956 [info] shell: bash
2025-06-04 09:04:06.357 [info] Setting environment variable VIRTUAL_ENV in collection to /root/venv {"applyAtShellIntegration":true,"applyAtProcessCreation":true}
2025-06-04 09:04:06.357 [info] Setting environment variable VIRTUAL_ENV_PROMPT in collection to (venv)  {"applyAtShellIntegration":true,"applyAtProcessCreation":true}
2025-06-04 09:04:06.357 [info] Prepending environment variable PS1 in collection with (venv)  {"applyAtShellIntegration":true,"applyAtProcessCreation":false}
2025-06-04 09:04:06.358 [info] Prepending environment variable PATH in collection with /root/.vscode-server/extensions/ms-python.python-2025.6.1-linux-x64/python_files/deactivate/bash:/root/venv/bin: {"applyAtShellIntegration":true,"applyAtProcessCreation":true}
2025-06-04 09:04:06.359 [info] Send text to terminal: /usr/bin/python2 /root/.vscode-server/extensions/ms-python.python-2025.6.1-linux-x64/python_files/printEnvVariablesToFile.py /root/.vscode-server/extensions/ms-python.python-2025.6.1-linux-x64/python_files/deactivate/bash/envVars.txt
2025-06-04 09:04:13.067 [info] Pylance 언어 서버를 시작하는 중입니다.
2025-06-04 09:04:36.407 [error] Failed to initialize deactivate script /bin/bash [Error: "/root/.vscode-server/extensions/ms-python.python-2025.6.1-linux-x64/python_files/deactivate/bash/envVars.txt" file not created
	at Timeout.<anonymous> (/root/.vscode-server/extensions/ms-python.python-2025.6.1-linux-x64/out/client/extension.js:2:310824)
	at listOnTimeout (node:internal/timers:581:17)
	at process.processTimers (node:internal/timers:519:7)]
2025-06-04 09:25:28.259 [info] Discover tests for workspace name: root - uri: /root/shop/api/baseblu/basebiu.py
2025-06-04 09:53:55.619 [info] Discover tests for workspace name: root - uri: /root/shop/api/baseblu/basebiu.py
2025-06-04 09:55:36.291 [info] Discover tests for workspace name: root - uri: /root/shop/api/baseblu/basebiu.py
2025-06-04 09:55:37.825 [info] Discover tests for workspace name: root - uri: /root/shop/api/baseblu/basebiu.py
2025-06-04 10:09:12.311 [info] Discover tests for workspace name: root - uri: /root/shop/services/order/it_b_01.py
2025-06-04 10:09:13.501 [info] Discover tests for workspace name: root - uri: /root/shop/api/baseblu/basebiu.py
2025-06-04 10:09:13.840 [info] Discover tests for workspace name: root - uri: /root/shop/api/baseblu/basebiu.py
2025-06-04 10:22:49.144 [info] Discover tests for workspace name: root - uri: /root/shop/services/order/it_b_01.py
2025-06-04 10:31:01.434 [info] Discover tests for workspace name: root - uri: /root/shop/services/order/it_b_01.py
2025-06-04 10:31:12.881 [info] Discover tests for workspace name: root - uri: /root/shop/services/order/it_b_01.py
2025-06-04 10:31:38.207 [info] Discover tests for workspace name: root - uri: /root/shop/services/order/it_b_01.py
