2025-06-04 09:04:05.251 [info] (Client) Pylance async client (2025.5.1) started with python extension (2025.6.1)
2025-06-04 09:04:12.871 [info] [Info  - 9:04:12 AM] (264054) Server root directory: file:///root/.vscode-server/extensions/ms-python.vscode-pylance-2025.5.1/dist
2025-06-04 09:04:12.874 [info] [Info  - 9:04:12 AM] (264054) Pylance language server 2025.5.1 (pyright version 1.1.400, commit b962ffc2) starting
2025-06-04 09:04:12.958 [info] [Info  - 9:04:12 AM] (264054) Starting service instance "root" for workspace "/root"
2025-06-04 09:04:13.467 [info] [Info  - 9:04:13 AM] (264054) Setting environmentName for service "root": "3.10.12 (venv venv)"
2025-06-04 09:04:13.468 [info] [Info  - 9:04:13 AM] (264054) Setting pythonPath for service "root": "/root/venv/bin/python"
2025-06-04 09:04:13.468 [info] [Info  - 9:04:13 AM] (264054) No include entries specified; assuming /root
2025-06-04 09:04:13.469 [info] [Info  - 9:04:13 AM] (264054) Auto-excluding **/node_modules
2025-06-04 09:04:13.469 [info] [Info  - 9:04:13 AM] (264054) Auto-excluding **/__pycache__
2025-06-04 09:04:13.558 [info] [Info  - 9:04:13 AM] (264054) Auto-excluding **/.*
2025-06-04 09:04:13.576 [info] [Info  - 9:04:13 AM] (264054) Assuming Python version 3.10.12.final.0
2025-06-04 09:04:15.463 [info] [Info  - 9:04:15 AM] (264054) Auto-excluding /root/venv
2025-06-04 09:04:15.665 [info] [Info  - 9:04:15 AM] (264054) Found 140 source files
2025-06-04 09:04:18.176 [info] [Info  - 9:04:18 AM] (264054) Setting environmentName for service "root": "3.10.12 (venv venv)"
2025-06-04 09:04:18.374 [info] [Info  - 9:04:18 AM] (264054) Setting pythonPath for service "root": "/root/venv/bin/python"
2025-06-04 09:04:18.376 [info] [Info  - 9:04:18 AM] (264054) No include entries specified; assuming /root
2025-06-04 09:04:18.377 [info] [Info  - 9:04:18 AM] (264054) Auto-excluding **/node_modules
2025-06-04 09:04:18.377 [info] [Info  - 9:04:18 AM] (264054) Auto-excluding **/__pycache__
2025-06-04 09:04:18.377 [info] [Info  - 9:04:18 AM] (264054) Auto-excluding **/.*
2025-06-04 09:04:18.377 [info] [Info  - 9:04:18 AM] (264054) Assuming Python version 3.10.12.final.0
2025-06-04 09:04:18.378 [info] [Info  - 9:04:18 AM] (264054) Auto-excluding /root/venv
2025-06-04 09:04:18.378 [info] [Info  - 9:04:18 AM] (264054) Found 140 source files
2025-06-04 09:04:19.880 [info] [Info  - 9:04:19 AM] (264054) [FG] Long operation: parsing: file:///root/shop/api/baseblu/basebiu.py (2003ms)
2025-06-04 09:04:23.895 [info] [Info  - 9:04:23 AM] (264054) BG: Priority queue background worker(2) root directory: file:///root/.vscode-server/extensions/ms-python.vscode-pylance-2025.5.1/dist
2025-06-04 09:04:23.979 [info] [Info  - 9:04:23 AM] (264054) BG: Priority queue background worker(2) started
2025-06-04 09:04:25.797 [info] [Info  - 9:04:25 AM] (264054) BG: Indexer background runner(3) root directory: file:///root/.vscode-server/extensions/ms-python.vscode-pylance-2025.5.1/dist (index)
2025-06-04 09:04:25.797 [info] [Info  - 9:04:25 AM] (264054) BG: Indexing(3) started
2025-06-04 09:04:33.900 [info] [Info  - 9:04:33 AM] (264054) BG: [IDX(3)] Long operation: scan packages file:///root (7228ms)
2025-06-04 09:04:33.901 [info] [Info  - 9:04:33 AM] (264054) BG: scanned(3) 48 files over 1 exec env
2025-06-04 09:04:35.820 [info] [Info  - 9:04:35 AM] (264054) BG: indexed(3) 48 files over 1 exec env
2025-06-04 09:04:36.116 [info] [Info  - 9:04:36 AM] (264054) BG: Indexing finished(3).
2025-06-04 09:04:37.118 [info] [Info  - 9:04:37 AM] (264054) BG: [BG(1)] Long operation: checking: file:///root/shop/api/baseblu/basebiu.py (8521ms)
2025-06-04 09:04:37.118 [info] [Info  - 9:04:37 AM] (264054) BG: [BG(1)] Long operation: analyzing: file:///root/shop/api/baseblu/basebiu.py (10832ms)
