2025-05-27 18:26:56.308 [info] [main] 로그 수준: Info
2025-05-27 18:26:56.308 [info] [main] "git"에서 찾은 git 유효성을 검사하는 중
2025-05-27 18:26:56.308 [info] [main] "2.34.1"에서 git "git"을(를) 사용하는 중
2025-05-27 18:26:56.308 [info] [Model][doInitialScan] Initial repository scan started
2025-05-27 18:26:56.308 [info] > git rev-parse --show-toplevel [9ms]
2025-05-27 18:26:56.308 [info] > git rev-parse --git-dir --git-common-dir [97ms]
2025-05-27 18:26:56.308 [info] [Model][openRepository] Opened repository (path): /root
2025-05-27 18:26:56.308 [info] [Model][openRepository] Opened repository (real path): /root
2025-05-27 18:26:56.711 [info] > git rev-parse --show-toplevel [390ms]
2025-05-27 18:26:56.712 [info] > git config --get commit.template [395ms]
2025-05-27 18:26:56.826 [info] > git for-each-ref --format=%(refname)%00%(upstream:short)%00%(objectname)%00%(upstream:track)%00%(upstream:remotename)%00%(upstream:remoteref) refs/heads/main refs/remotes/main [3ms]
2025-05-27 18:26:57.015 [info] > git for-each-ref --sort -committerdate --format %(refname)%00%(objectname)%00%(*objectname) [89ms]
2025-05-27 18:26:57.112 [info] > git rev-parse --show-toplevel [3ms]
2025-05-27 18:26:57.224 [info] > git rev-parse --show-toplevel [102ms]
2025-05-27 18:26:57.311 [info] > git rev-parse --show-toplevel [1ms]
2025-05-27 18:26:57.411 [info] > git rev-parse --show-toplevel [1ms]
2025-05-27 18:26:58.318 [info] > git status -z -uall [1409ms]
2025-05-27 18:26:58.319 [info] > git check-ignore -v -z --stdin [1098ms]
2025-05-27 18:26:58.516 [info] > git rev-parse --show-toplevel [1095ms]
2025-05-27 18:26:58.815 [info] > git for-each-ref --format=%(refname)%00%(upstream:short)%00%(objectname)%00%(upstream:track)%00%(upstream:remotename)%00%(upstream:remoteref) refs/heads/main refs/remotes/main [389ms]
2025-05-27 18:26:58.822 [info] > git rev-parse --show-toplevel [10ms]
2025-05-27 18:26:58.822 [info] > git config --get commit.template [92ms]
2025-05-27 18:26:59.317 [info] > git rev-parse --show-toplevel [490ms]
2025-05-27 18:26:59.318 [info] > git config --get --local branch.main.vscode-merge-base [497ms]
2025-05-27 18:26:59.318 [warning] [Git][config] git config failed: Failed to execute git
2025-05-27 18:26:59.417 [info] > git for-each-ref --format=%(refname)%00%(upstream:short)%00%(objectname)%00%(upstream:track)%00%(upstream:remotename)%00%(upstream:remoteref) refs/heads/main refs/remotes/main [584ms]
2025-05-27 18:26:59.420 [info] > git rev-parse --show-toplevel [92ms]
2025-05-27 18:26:59.420 [info] > git reflog main --grep-reflog=branch: Created from *. [98ms]
2025-05-27 18:26:59.524 [info] > git rev-parse --show-toplevel [94ms]
2025-05-27 18:26:59.525 [info] > git symbolic-ref --short refs/remotes/origin/HEAD [102ms]
2025-05-27 18:26:59.525 [info] fatal: ref refs/remotes/origin/HEAD is not a symbolic ref
2025-05-27 18:26:59.525 [warning] [Repository][getDefaultBranch] Failed to get default branch details: Failed to execute git.
2025-05-27 18:26:59.921 [info] > git merge-base refs/heads/main refs/remotes/origin/main [306ms]
2025-05-27 18:27:00.220 [info] > git check-ignore -v -z --stdin [103ms]
2025-05-27 18:27:00.220 [info] > git diff --name-status -z --diff-filter=ADMR a3a6bb19e7a83286b2c985c188240ea5012eec45...refs/remotes/origin/main [292ms]
2025-05-27 18:27:00.221 [info] > git rev-parse --show-toplevel [407ms]
2025-05-27 18:27:00.221 [info] > git for-each-ref --sort -committerdate --format %(refname)%00%(objectname)%00%(*objectname) [501ms]
2025-05-27 18:27:00.320 [info] > git rev-parse --show-toplevel [90ms]
2025-05-27 18:27:00.328 [info] > git rev-parse --show-toplevel [5ms]
2025-05-27 18:27:00.834 [info] > git status -z -uall [1209ms]
2025-05-27 18:27:00.931 [info] > git rev-parse --show-toplevel [514ms]
2025-05-27 18:27:01.128 [info] > git rev-parse --show-toplevel [108ms]
2025-05-27 18:27:01.133 [info] > git rev-parse --show-toplevel [1ms]
2025-05-27 18:27:01.229 [info] > git rev-parse --show-toplevel [10ms]
2025-05-27 18:27:01.320 [info] > git rev-parse --show-toplevel [83ms]
2025-05-27 18:27:01.323 [info] [Model][doInitialScan] Initial repository scan completed - repositories (1), closed repositories (0), parent repositories (0), unsafe repositories (0)
2025-05-27 18:27:01.424 [info] > git ls-files --stage -- shop/admin.py [91ms]
2025-05-27 18:27:01.428 [info] > git show --textconv :shop/admin.py [100ms]
2025-05-27 18:27:01.432 [info] > git cat-file -s 69067cbf99c686e0902476537305f14d5ca57a72 [5ms]
2025-05-27 18:27:01.626 [info] > git blame --root --incremental a3a6bb19e7a83286b2c985c188240ea5012eec45 -- shop/admin.py [5ms]
2025-05-27 18:27:02.127 [info] > git check-ignore -v -z --stdin [97ms]
2025-05-27 18:28:31.063 [info] > git config --get commit.template [11ms]
2025-05-27 18:28:31.067 [info] > git for-each-ref --format=%(refname)%00%(upstream:short)%00%(objectname)%00%(upstream:track)%00%(upstream:remotename)%00%(upstream:remoteref) refs/heads/main refs/remotes/main [10ms]
2025-05-27 18:28:31.087 [info] > git for-each-ref --sort -committerdate --format %(refname)%00%(objectname)%00%(*objectname) [4ms]
2025-05-27 18:28:31.250 [info] > git status -z -uall [178ms]
2025-05-27 18:28:37.913 [info] > git config --get commit.template [4ms]
2025-05-27 18:28:37.913 [info] > git for-each-ref --format=%(refname)%00%(upstream:short)%00%(objectname)%00%(upstream:track)%00%(upstream:remotename)%00%(upstream:remoteref) refs/heads/main refs/remotes/main [1ms]
2025-05-27 18:28:37.923 [info] > git for-each-ref --sort -committerdate --format %(refname)%00%(objectname)%00%(*objectname) [1ms]
2025-05-27 18:28:38.026 [info] > git status -z -uall [109ms]
2025-05-27 18:28:43.036 [info] > git config --get commit.template [4ms]
2025-05-27 18:28:43.037 [info] > git for-each-ref --format=%(refname)%00%(upstream:short)%00%(objectname)%00%(upstream:track)%00%(upstream:remotename)%00%(upstream:remoteref) refs/heads/main refs/remotes/main [2ms]
2025-05-27 18:28:43.045 [info] > git for-each-ref --sort -committerdate --format %(refname)%00%(objectname)%00%(*objectname) [2ms]
2025-05-27 18:28:43.143 [info] > git status -z -uall [102ms]
2025-05-27 18:29:11.151 [info] > git config --get commit.template [4ms]
2025-05-27 18:29:11.151 [info] > git for-each-ref --format=%(refname)%00%(upstream:short)%00%(objectname)%00%(upstream:track)%00%(upstream:remotename)%00%(upstream:remoteref) refs/heads/main refs/remotes/main [2ms]
2025-05-27 18:29:11.160 [info] > git for-each-ref --sort -committerdate --format %(refname)%00%(objectname)%00%(*objectname) [1ms]
2025-05-27 18:29:11.268 [info] > git status -z -uall [113ms]
2025-05-27 18:31:11.082 [info] > git for-each-ref --format=%(refname)%00%(upstream:short)%00%(objectname)%00%(upstream:track)%00%(upstream:remotename)%00%(upstream:remoteref) refs/heads/main refs/remotes/main [1ms]
2025-05-27 18:31:11.082 [info] > git config --get commit.template [11ms]
2025-05-27 18:31:11.091 [info] > git for-each-ref --sort -committerdate --format %(refname)%00%(objectname)%00%(*objectname) [2ms]
2025-05-27 18:31:11.192 [info] > git status -z -uall [106ms]
2025-05-27 18:31:16.203 [info] > git config --get commit.template [3ms]
2025-05-27 18:31:16.204 [info] > git for-each-ref --format=%(refname)%00%(upstream:short)%00%(objectname)%00%(upstream:track)%00%(upstream:remotename)%00%(upstream:remoteref) refs/heads/main refs/remotes/main [2ms]
2025-05-27 18:31:16.213 [info] > git for-each-ref --sort -committerdate --format %(refname)%00%(objectname)%00%(*objectname) [2ms]
2025-05-27 18:31:16.313 [info] > git status -z -uall [105ms]
2025-05-27 18:31:21.324 [info] > git config --get commit.template [4ms]
2025-05-27 18:31:21.325 [info] > git for-each-ref --format=%(refname)%00%(upstream:short)%00%(objectname)%00%(upstream:track)%00%(upstream:remotename)%00%(upstream:remoteref) refs/heads/main refs/remotes/main [1ms]
2025-05-27 18:31:21.333 [info] > git for-each-ref --sort -committerdate --format %(refname)%00%(objectname)%00%(*objectname) [2ms]
2025-05-27 18:31:21.516 [info] > git status -z -uall [188ms]
2025-05-27 18:31:32.867 [info] > git config --get commit.template [4ms]
2025-05-27 18:31:32.868 [info] > git for-each-ref --format=%(refname)%00%(upstream:short)%00%(objectname)%00%(upstream:track)%00%(upstream:remotename)%00%(upstream:remoteref) refs/heads/main refs/remotes/main [2ms]
2025-05-27 18:31:32.878 [info] > git for-each-ref --sort -committerdate --format %(refname)%00%(objectname)%00%(*objectname) [1ms]
2025-05-27 18:31:32.979 [info] > git status -z -uall [107ms]
2025-05-27 18:31:40.478 [info] > git config --get commit.template [4ms]
2025-05-27 18:31:40.478 [info] > git for-each-ref --format=%(refname)%00%(upstream:short)%00%(objectname)%00%(upstream:track)%00%(upstream:remotename)%00%(upstream:remoteref) refs/heads/main refs/remotes/main [1ms]
2025-05-27 18:31:40.490 [info] > git for-each-ref --sort -committerdate --format %(refname)%00%(objectname)%00%(*objectname) [1ms]
2025-05-27 18:31:40.593 [info] > git status -z -uall [110ms]
2025-05-27 18:31:46.115 [info] > git config --get commit.template [4ms]
2025-05-27 18:31:46.116 [info] > git for-each-ref --format=%(refname)%00%(upstream:short)%00%(objectname)%00%(upstream:track)%00%(upstream:remotename)%00%(upstream:remoteref) refs/heads/main refs/remotes/main [2ms]
2025-05-27 18:31:46.124 [info] > git for-each-ref --sort -committerdate --format %(refname)%00%(objectname)%00%(*objectname) [2ms]
2025-05-27 18:31:46.228 [info] > git status -z -uall [109ms]
2025-05-27 18:31:51.239 [info] > git config --get commit.template [5ms]
2025-05-27 18:31:51.240 [info] > git for-each-ref --format=%(refname)%00%(upstream:short)%00%(objectname)%00%(upstream:track)%00%(upstream:remotename)%00%(upstream:remoteref) refs/heads/main refs/remotes/main [2ms]
2025-05-27 18:31:51.250 [info] > git for-each-ref --sort -committerdate --format %(refname)%00%(objectname)%00%(*objectname) [2ms]
2025-05-27 18:31:51.345 [info] > git status -z -uall [100ms]
2025-05-27 18:32:44.089 [info] > git config --get commit.template [2ms]
2025-05-27 18:32:44.093 [info] > git for-each-ref --format=%(refname)%00%(upstream:short)%00%(objectname)%00%(upstream:track)%00%(upstream:remotename)%00%(upstream:remoteref) refs/heads/main refs/remotes/main [1ms]
2025-05-27 18:32:44.103 [info] > git for-each-ref --sort -committerdate --format %(refname)%00%(objectname)%00%(*objectname) [2ms]
2025-05-27 18:32:44.205 [info] > git status -z -uall [107ms]
2025-05-27 18:32:52.528 [info] > git config --get commit.template [4ms]
2025-05-27 18:32:52.529 [info] > git for-each-ref --format=%(refname)%00%(upstream:short)%00%(objectname)%00%(upstream:track)%00%(upstream:remotename)%00%(upstream:remoteref) refs/heads/main refs/remotes/main [1ms]
2025-05-27 18:32:52.537 [info] > git for-each-ref --sort -committerdate --format %(refname)%00%(objectname)%00%(*objectname) [1ms]
2025-05-27 18:32:52.645 [info] > git status -z -uall [113ms]
2025-05-27 18:32:57.656 [info] > git config --get commit.template [1ms]
2025-05-27 18:32:57.661 [info] > git for-each-ref --format=%(refname)%00%(upstream:short)%00%(objectname)%00%(upstream:track)%00%(upstream:remotename)%00%(upstream:remoteref) refs/heads/main refs/remotes/main [2ms]
2025-05-27 18:32:57.669 [info] > git for-each-ref --sort -committerdate --format %(refname)%00%(objectname)%00%(*objectname) [1ms]
2025-05-27 18:32:57.765 [info] > git status -z -uall [101ms]
2025-05-27 18:33:02.776 [info] > git config --get commit.template [4ms]
2025-05-27 18:33:02.777 [info] > git for-each-ref --format=%(refname)%00%(upstream:short)%00%(objectname)%00%(upstream:track)%00%(upstream:remotename)%00%(upstream:remoteref) refs/heads/main refs/remotes/main [2ms]
2025-05-27 18:33:02.786 [info] > git for-each-ref --sort -committerdate --format %(refname)%00%(objectname)%00%(*objectname) [2ms]
2025-05-27 18:33:02.884 [info] > git status -z -uall [104ms]
2025-05-27 18:33:07.897 [info] > git config --get commit.template [5ms]
2025-05-27 18:33:07.897 [info] > git for-each-ref --format=%(refname)%00%(upstream:short)%00%(objectname)%00%(upstream:track)%00%(upstream:remotename)%00%(upstream:remoteref) refs/heads/main refs/remotes/main [1ms]
2025-05-27 18:33:07.906 [info] > git for-each-ref --sort -committerdate --format %(refname)%00%(objectname)%00%(*objectname) [2ms]
2025-05-27 18:33:08.001 [info] > git status -z -uall [100ms]
2025-05-27 18:33:13.018 [info] > git config --get commit.template [8ms]
2025-05-27 18:33:13.018 [info] > git for-each-ref --format=%(refname)%00%(upstream:short)%00%(objectname)%00%(upstream:track)%00%(upstream:remotename)%00%(upstream:remoteref) refs/heads/main refs/remotes/main [4ms]
2025-05-27 18:33:13.027 [info] > git for-each-ref --sort -committerdate --format %(refname)%00%(objectname)%00%(*objectname) [2ms]
2025-05-27 18:33:13.122 [info] > git status -z -uall [100ms]
2025-05-27 18:33:20.627 [info] > git config --get commit.template [4ms]
2025-05-27 18:33:20.628 [info] > git for-each-ref --format=%(refname)%00%(upstream:short)%00%(objectname)%00%(upstream:track)%00%(upstream:remotename)%00%(upstream:remoteref) refs/heads/main refs/remotes/main [1ms]
2025-05-27 18:33:20.636 [info] > git for-each-ref --sort -committerdate --format %(refname)%00%(objectname)%00%(*objectname) [2ms]
2025-05-27 18:33:20.736 [info] > git status -z -uall [105ms]
2025-05-27 18:33:25.746 [info] > git config --get commit.template [4ms]
2025-05-27 18:33:25.747 [info] > git for-each-ref --format=%(refname)%00%(upstream:short)%00%(objectname)%00%(upstream:track)%00%(upstream:remotename)%00%(upstream:remoteref) refs/heads/main refs/remotes/main [2ms]
2025-05-27 18:33:25.755 [info] > git for-each-ref --sort -committerdate --format %(refname)%00%(objectname)%00%(*objectname) [1ms]
2025-05-27 18:33:26.044 [info] > git status -z -uall [294ms]
2025-05-27 18:33:31.072 [info] > git config --get commit.template [5ms]
2025-05-27 18:33:31.073 [info] > git for-each-ref --format=%(refname)%00%(upstream:short)%00%(objectname)%00%(upstream:track)%00%(upstream:remotename)%00%(upstream:remoteref) refs/heads/main refs/remotes/main [2ms]
2025-05-27 18:33:31.095 [info] > git for-each-ref --sort -committerdate --format %(refname)%00%(objectname)%00%(*objectname) [3ms]
2025-05-27 18:33:31.205 [info] > git status -z -uall [117ms]
2025-05-27 18:33:36.909 [info] > git config --get commit.template [3ms]
2025-05-27 18:33:36.910 [info] > git for-each-ref --format=%(refname)%00%(upstream:short)%00%(objectname)%00%(upstream:track)%00%(upstream:remotename)%00%(upstream:remoteref) refs/heads/main refs/remotes/main [1ms]
2025-05-27 18:33:36.918 [info] > git for-each-ref --sort -committerdate --format %(refname)%00%(objectname)%00%(*objectname) [2ms]
2025-05-27 18:33:37.015 [info] > git status -z -uall [102ms]
2025-05-27 18:33:42.066 [info] > git config --get commit.template [1ms]
2025-05-27 18:33:42.070 [info] > git for-each-ref --format=%(refname)%00%(upstream:short)%00%(objectname)%00%(upstream:track)%00%(upstream:remotename)%00%(upstream:remoteref) refs/heads/main refs/remotes/main [1ms]
2025-05-27 18:33:42.079 [info] > git for-each-ref --sort -committerdate --format %(refname)%00%(objectname)%00%(*objectname) [2ms]
2025-05-27 18:33:42.377 [info] > git status -z -uall [303ms]
2025-05-27 18:33:47.386 [info] > git config --get commit.template [4ms]
2025-05-27 18:33:47.387 [info] > git for-each-ref --format=%(refname)%00%(upstream:short)%00%(objectname)%00%(upstream:track)%00%(upstream:remotename)%00%(upstream:remoteref) refs/heads/main refs/remotes/main [2ms]
2025-05-27 18:33:47.395 [info] > git for-each-ref --sort -committerdate --format %(refname)%00%(objectname)%00%(*objectname) [1ms]
2025-05-27 18:33:47.490 [info] > git status -z -uall [100ms]
2025-05-27 18:33:52.499 [info] > git config --get commit.template [4ms]
2025-05-27 18:33:52.500 [info] > git for-each-ref --format=%(refname)%00%(upstream:short)%00%(objectname)%00%(upstream:track)%00%(upstream:remotename)%00%(upstream:remoteref) refs/heads/main refs/remotes/main [2ms]
2025-05-27 18:33:52.508 [info] > git for-each-ref --sort -committerdate --format %(refname)%00%(objectname)%00%(*objectname) [1ms]
2025-05-27 18:33:52.605 [info] > git status -z -uall [102ms]
2025-05-27 18:34:14.806 [info] > git config --get commit.template [2ms]
2025-05-27 18:34:14.811 [info] > git for-each-ref --format=%(refname)%00%(upstream:short)%00%(objectname)%00%(upstream:track)%00%(upstream:remotename)%00%(upstream:remoteref) refs/heads/main refs/remotes/main [1ms]
2025-05-27 18:34:14.821 [info] > git for-each-ref --sort -committerdate --format %(refname)%00%(objectname)%00%(*objectname) [3ms]
2025-05-27 18:34:14.920 [info] > git status -z -uall [105ms]
2025-05-27 18:34:19.940 [info] > git config --get commit.template [3ms]
2025-05-27 18:34:19.941 [info] > git for-each-ref --format=%(refname)%00%(upstream:short)%00%(objectname)%00%(upstream:track)%00%(upstream:remotename)%00%(upstream:remoteref) refs/heads/main refs/remotes/main [1ms]
2025-05-27 18:34:19.952 [info] > git for-each-ref --sort -committerdate --format %(refname)%00%(objectname)%00%(*objectname) [2ms]
2025-05-27 18:34:20.158 [info] > git status -z -uall [214ms]
2025-05-27 18:36:43.321 [info] > git config --get commit.template [4ms]
2025-05-27 18:36:43.322 [info] > git for-each-ref --format=%(refname)%00%(upstream:short)%00%(objectname)%00%(upstream:track)%00%(upstream:remotename)%00%(upstream:remoteref) refs/heads/main refs/remotes/main [2ms]
2025-05-27 18:36:43.329 [info] > git for-each-ref --sort -committerdate --format %(refname)%00%(objectname)%00%(*objectname) [1ms]
2025-05-27 18:36:43.431 [info] > git status -z -uall [106ms]
2025-05-27 18:36:48.441 [info] > git config --get commit.template [3ms]
2025-05-27 18:36:48.442 [info] > git for-each-ref --format=%(refname)%00%(upstream:short)%00%(objectname)%00%(upstream:track)%00%(upstream:remotename)%00%(upstream:remoteref) refs/heads/main refs/remotes/main [1ms]
2025-05-27 18:36:48.450 [info] > git for-each-ref --sort -committerdate --format %(refname)%00%(objectname)%00%(*objectname) [2ms]
2025-05-27 18:36:48.548 [info] > git status -z -uall [103ms]
2025-05-27 18:36:53.560 [info] > git config --get commit.template [5ms]
2025-05-27 18:36:53.561 [info] > git for-each-ref --format=%(refname)%00%(upstream:short)%00%(objectname)%00%(upstream:track)%00%(upstream:remotename)%00%(upstream:remoteref) refs/heads/main refs/remotes/main [1ms]
2025-05-27 18:36:53.570 [info] > git for-each-ref --sort -committerdate --format %(refname)%00%(objectname)%00%(*objectname) [1ms]
2025-05-27 18:36:53.673 [info] > git status -z -uall [108ms]
2025-05-27 18:37:34.810 [info] > git config --get commit.template [6ms]
2025-05-27 18:37:34.810 [info] > git for-each-ref --format=%(refname)%00%(upstream:short)%00%(objectname)%00%(upstream:track)%00%(upstream:remotename)%00%(upstream:remoteref) refs/heads/main refs/remotes/main [3ms]
2025-05-27 18:37:34.819 [info] > git for-each-ref --sort -committerdate --format %(refname)%00%(objectname)%00%(*objectname) [2ms]
2025-05-27 18:37:34.918 [info] > git status -z -uall [105ms]
2025-05-27 18:37:39.930 [info] > git config --get commit.template [4ms]
2025-05-27 18:37:39.931 [info] > git for-each-ref --format=%(refname)%00%(upstream:short)%00%(objectname)%00%(upstream:track)%00%(upstream:remotename)%00%(upstream:remoteref) refs/heads/main refs/remotes/main [2ms]
2025-05-27 18:37:39.939 [info] > git for-each-ref --sort -committerdate --format %(refname)%00%(objectname)%00%(*objectname) [1ms]
2025-05-27 18:37:40.035 [info] > git status -z -uall [101ms]
2025-05-27 18:37:45.047 [info] > git config --get commit.template [4ms]
2025-05-27 18:37:45.048 [info] > git for-each-ref --format=%(refname)%00%(upstream:short)%00%(objectname)%00%(upstream:track)%00%(upstream:remotename)%00%(upstream:remoteref) refs/heads/main refs/remotes/main [1ms]
2025-05-27 18:37:45.055 [info] > git for-each-ref --sort -committerdate --format %(refname)%00%(objectname)%00%(*objectname) [1ms]
2025-05-27 18:37:45.152 [info] > git status -z -uall [101ms]
2025-05-27 18:37:49.933 [info] > git show --textconv :shop/models.py [7ms]
2025-05-27 18:37:49.935 [info] > git ls-files --stage -- shop/models.py [5ms]
2025-05-27 18:37:49.941 [info] > git cat-file -s aef7d602d16259045b691f72a8beec876b37c8a6 [2ms]
2025-05-27 18:37:50.166 [info] > git config --get commit.template [5ms]
2025-05-27 18:37:50.168 [info] > git for-each-ref --format=%(refname)%00%(upstream:short)%00%(objectname)%00%(upstream:track)%00%(upstream:remotename)%00%(upstream:remoteref) refs/heads/main refs/remotes/main [3ms]
2025-05-27 18:37:50.180 [info] > git for-each-ref --sort -committerdate --format %(refname)%00%(objectname)%00%(*objectname) [2ms]
2025-05-27 18:37:50.661 [info] > git status -z -uall [489ms]
2025-05-27 18:37:51.671 [info] > git blame --root --incremental a3a6bb19e7a83286b2c985c188240ea5012eec45 -- shop/models.py [19ms]
2025-05-27 18:37:55.669 [info] > git config --get commit.template [2ms]
2025-05-27 18:37:55.680 [info] > git for-each-ref --format=%(refname)%00%(upstream:short)%00%(objectname)%00%(upstream:track)%00%(upstream:remotename)%00%(upstream:remoteref) refs/heads/main refs/remotes/main [6ms]
2025-05-27 18:37:55.689 [info] > git for-each-ref --sort -committerdate --format %(refname)%00%(objectname)%00%(*objectname) [2ms]
2025-05-27 18:37:55.785 [info] > git status -z -uall [101ms]
2025-05-27 18:38:10.754 [info] > git config --get commit.template [4ms]
2025-05-27 18:38:10.755 [info] > git for-each-ref --format=%(refname)%00%(upstream:short)%00%(objectname)%00%(upstream:track)%00%(upstream:remotename)%00%(upstream:remoteref) refs/heads/main refs/remotes/main [2ms]
2025-05-27 18:38:10.763 [info] > git for-each-ref --sort -committerdate --format %(refname)%00%(objectname)%00%(*objectname) [2ms]
2025-05-27 18:38:10.869 [info] > git status -z -uall [111ms]
2025-05-27 18:38:17.353 [info] > git config --get commit.template [4ms]
2025-05-27 18:38:17.354 [info] > git for-each-ref --format=%(refname)%00%(upstream:short)%00%(objectname)%00%(upstream:track)%00%(upstream:remotename)%00%(upstream:remoteref) refs/heads/main refs/remotes/main [1ms]
2025-05-27 18:38:17.363 [info] > git for-each-ref --sort -committerdate --format %(refname)%00%(objectname)%00%(*objectname) [2ms]
2025-05-27 18:38:17.463 [info] > git status -z -uall [105ms]
2025-05-27 18:38:17.622 [info] > git ls-files --stage -- shop/admin.py [3ms]
2025-05-27 18:38:17.626 [info] > git show --textconv :shop/admin.py [11ms]
2025-05-27 18:38:17.627 [info] > git cat-file -s 69067cbf99c686e0902476537305f14d5ca57a72 [1ms]
2025-05-27 18:38:22.473 [info] > git config --get commit.template [1ms]
2025-05-27 18:38:22.478 [info] > git for-each-ref --format=%(refname)%00%(upstream:short)%00%(objectname)%00%(upstream:track)%00%(upstream:remotename)%00%(upstream:remoteref) refs/heads/main refs/remotes/main [2ms]
2025-05-27 18:38:22.488 [info] > git for-each-ref --sort -committerdate --format %(refname)%00%(objectname)%00%(*objectname) [2ms]
2025-05-27 18:38:22.583 [info] > git status -z -uall [100ms]
2025-05-27 18:39:28.053 [info] > git config --get commit.template [2ms]
2025-05-27 18:39:28.058 [info] > git for-each-ref --format=%(refname)%00%(upstream:short)%00%(objectname)%00%(upstream:track)%00%(upstream:remotename)%00%(upstream:remoteref) refs/heads/main refs/remotes/main [2ms]
2025-05-27 18:39:28.066 [info] > git for-each-ref --sort -committerdate --format %(refname)%00%(objectname)%00%(*objectname) [2ms]
2025-05-27 18:39:28.165 [info] > git status -z -uall [104ms]
2025-05-27 18:39:31.275 [info] > git show --textconv :shop/models.py [5ms]
2025-05-27 18:39:31.278 [info] > git ls-files --stage -- shop/models.py [4ms]
2025-05-27 18:39:31.282 [info] > git cat-file -s aef7d602d16259045b691f72a8beec876b37c8a6 [1ms]
2025-05-27 18:39:33.176 [info] > git config --get commit.template [4ms]
2025-05-27 18:39:33.177 [info] > git for-each-ref --format=%(refname)%00%(upstream:short)%00%(objectname)%00%(upstream:track)%00%(upstream:remotename)%00%(upstream:remoteref) refs/heads/main refs/remotes/main [2ms]
2025-05-27 18:39:33.184 [info] > git for-each-ref --sort -committerdate --format %(refname)%00%(objectname)%00%(*objectname) [1ms]
2025-05-27 18:39:33.285 [info] > git status -z -uall [105ms]
2025-05-27 18:40:48.299 [info] > git config --get commit.template [7ms]
2025-05-27 18:40:48.300 [info] > git for-each-ref --format=%(refname)%00%(upstream:short)%00%(objectname)%00%(upstream:track)%00%(upstream:remotename)%00%(upstream:remoteref) refs/heads/main refs/remotes/main [4ms]
2025-05-27 18:40:48.309 [info] > git for-each-ref --sort -committerdate --format %(refname)%00%(objectname)%00%(*objectname) [1ms]
2025-05-27 18:40:48.414 [info] > git status -z -uall [110ms]
2025-05-27 18:40:48.822 [info] > git ls-files --stage -- shop/services/product/conversion_service.py [4ms]
2025-05-27 18:40:48.826 [info] > git show --textconv :shop/services/product/conversion_service.py [12ms]
2025-05-27 18:40:48.827 [info] > git cat-file -s 12c8517c5865d9858197a37a8c4cf087b927bf3d [2ms]
2025-05-27 18:40:53.426 [info] > git config --get commit.template [4ms]
2025-05-27 18:40:53.427 [info] > git for-each-ref --format=%(refname)%00%(upstream:short)%00%(objectname)%00%(upstream:track)%00%(upstream:remotename)%00%(upstream:remoteref) refs/heads/main refs/remotes/main [1ms]
2025-05-27 18:40:53.435 [info] > git for-each-ref --sort -committerdate --format %(refname)%00%(objectname)%00%(*objectname) [1ms]
2025-05-27 18:40:53.536 [info] > git status -z -uall [106ms]
2025-05-27 18:40:54.358 [info] > git show --textconv :shop/services/price_calculator.py [6ms]
2025-05-27 18:40:54.360 [info] > git ls-files --stage -- shop/services/price_calculator.py [5ms]
2025-05-27 18:40:54.364 [info] > git cat-file -s fe98c7bead57a8b6629e01ace954ba8802ec1142 [2ms]
2025-05-27 18:40:57.838 [info] > git blame --root --incremental a3a6bb19e7a83286b2c985c188240ea5012eec45 -- shop/services/price_calculator.py [10ms]
2025-05-27 18:40:58.546 [info] > git config --get commit.template [4ms]
2025-05-27 18:40:58.547 [info] > git for-each-ref --format=%(refname)%00%(upstream:short)%00%(objectname)%00%(upstream:track)%00%(upstream:remotename)%00%(upstream:remoteref) refs/heads/main refs/remotes/main [2ms]
2025-05-27 18:40:58.556 [info] > git for-each-ref --sort -committerdate --format %(refname)%00%(objectname)%00%(*objectname) [2ms]
2025-05-27 18:40:58.654 [info] > git status -z -uall [103ms]
2025-05-27 18:41:03.666 [info] > git config --get commit.template [4ms]
2025-05-27 18:41:03.667 [info] > git for-each-ref --format=%(refname)%00%(upstream:short)%00%(objectname)%00%(upstream:track)%00%(upstream:remotename)%00%(upstream:remoteref) refs/heads/main refs/remotes/main [2ms]
2025-05-27 18:41:03.677 [info] > git for-each-ref --sort -committerdate --format %(refname)%00%(objectname)%00%(*objectname) [3ms]
2025-05-27 18:41:03.773 [info] > git status -z -uall [102ms]
2025-05-27 18:41:08.783 [info] > git config --get commit.template [4ms]
2025-05-27 18:41:08.784 [info] > git for-each-ref --format=%(refname)%00%(upstream:short)%00%(objectname)%00%(upstream:track)%00%(upstream:remotename)%00%(upstream:remoteref) refs/heads/main refs/remotes/main [1ms]
2025-05-27 18:41:08.792 [info] > git for-each-ref --sort -committerdate --format %(refname)%00%(objectname)%00%(*objectname) [2ms]
2025-05-27 18:41:08.888 [info] > git status -z -uall [101ms]
2025-05-27 18:41:13.898 [info] > git config --get commit.template [4ms]
2025-05-27 18:41:13.899 [info] > git for-each-ref --format=%(refname)%00%(upstream:short)%00%(objectname)%00%(upstream:track)%00%(upstream:remotename)%00%(upstream:remoteref) refs/heads/main refs/remotes/main [2ms]
2025-05-27 18:41:13.907 [info] > git for-each-ref --sort -committerdate --format %(refname)%00%(objectname)%00%(*objectname) [1ms]
2025-05-27 18:41:13.999 [info] > git status -z -uall [97ms]
2025-05-27 18:41:19.009 [info] > git config --get commit.template [3ms]
2025-05-27 18:41:19.010 [info] > git for-each-ref --format=%(refname)%00%(upstream:short)%00%(objectname)%00%(upstream:track)%00%(upstream:remotename)%00%(upstream:remoteref) refs/heads/main refs/remotes/main [1ms]
2025-05-27 18:41:19.018 [info] > git for-each-ref --sort -committerdate --format %(refname)%00%(objectname)%00%(*objectname) [1ms]
2025-05-27 18:41:19.112 [info] > git status -z -uall [99ms]
2025-05-27 18:41:24.121 [info] > git config --get commit.template [4ms]
2025-05-27 18:41:24.122 [info] > git for-each-ref --format=%(refname)%00%(upstream:short)%00%(objectname)%00%(upstream:track)%00%(upstream:remotename)%00%(upstream:remoteref) refs/heads/main refs/remotes/main [2ms]
2025-05-27 18:41:24.129 [info] > git for-each-ref --sort -committerdate --format %(refname)%00%(objectname)%00%(*objectname) [1ms]
2025-05-27 18:41:24.226 [info] > git status -z -uall [101ms]
2025-05-27 18:41:29.238 [info] > git config --get commit.template [3ms]
2025-05-27 18:41:29.238 [info] > git for-each-ref --format=%(refname)%00%(upstream:short)%00%(objectname)%00%(upstream:track)%00%(upstream:remotename)%00%(upstream:remoteref) refs/heads/main refs/remotes/main [1ms]
2025-05-27 18:41:29.247 [info] > git for-each-ref --sort -committerdate --format %(refname)%00%(objectname)%00%(*objectname) [2ms]
2025-05-27 18:41:29.342 [info] > git status -z -uall [100ms]
2025-05-27 18:41:34.352 [info] > git config --get commit.template [4ms]
2025-05-27 18:41:34.353 [info] > git for-each-ref --format=%(refname)%00%(upstream:short)%00%(objectname)%00%(upstream:track)%00%(upstream:remotename)%00%(upstream:remoteref) refs/heads/main refs/remotes/main [1ms]
2025-05-27 18:41:34.362 [info] > git for-each-ref --sort -committerdate --format %(refname)%00%(objectname)%00%(*objectname) [2ms]
2025-05-27 18:41:34.465 [info] > git status -z -uall [108ms]
2025-05-27 18:41:39.476 [info] > git config --get commit.template [4ms]
2025-05-27 18:41:39.477 [info] > git for-each-ref --format=%(refname)%00%(upstream:short)%00%(objectname)%00%(upstream:track)%00%(upstream:remotename)%00%(upstream:remoteref) refs/heads/main refs/remotes/main [1ms]
2025-05-27 18:41:39.486 [info] > git for-each-ref --sort -committerdate --format %(refname)%00%(objectname)%00%(*objectname) [2ms]
2025-05-27 18:41:39.587 [info] > git status -z -uall [106ms]
2025-05-27 18:41:44.619 [info] > git config --get commit.template [1ms]
2025-05-27 18:41:44.626 [info] > git for-each-ref --format=%(refname)%00%(upstream:short)%00%(objectname)%00%(upstream:track)%00%(upstream:remotename)%00%(upstream:remoteref) refs/heads/main refs/remotes/main [4ms]
2025-05-27 18:41:44.635 [info] > git for-each-ref --sort -committerdate --format %(refname)%00%(objectname)%00%(*objectname) [1ms]
2025-05-27 18:41:44.943 [info] > git status -z -uall [313ms]
2025-05-27 18:41:49.954 [info] > git config --get commit.template [4ms]
2025-05-27 18:41:49.955 [info] > git for-each-ref --format=%(refname)%00%(upstream:short)%00%(objectname)%00%(upstream:track)%00%(upstream:remotename)%00%(upstream:remoteref) refs/heads/main refs/remotes/main [2ms]
2025-05-27 18:41:49.963 [info] > git for-each-ref --sort -committerdate --format %(refname)%00%(objectname)%00%(*objectname) [1ms]
2025-05-27 18:41:50.059 [info] > git status -z -uall [101ms]
2025-05-27 18:41:55.069 [info] > git config --get commit.template [4ms]
2025-05-27 18:41:55.071 [info] > git for-each-ref --format=%(refname)%00%(upstream:short)%00%(objectname)%00%(upstream:track)%00%(upstream:remotename)%00%(upstream:remoteref) refs/heads/main refs/remotes/main [2ms]
2025-05-27 18:41:55.079 [info] > git for-each-ref --sort -committerdate --format %(refname)%00%(objectname)%00%(*objectname) [1ms]
2025-05-27 18:41:55.175 [info] > git status -z -uall [101ms]
2025-05-27 18:42:00.196 [info] > git config --get commit.template [6ms]
2025-05-27 18:42:00.197 [info] > git for-each-ref --format=%(refname)%00%(upstream:short)%00%(objectname)%00%(upstream:track)%00%(upstream:remotename)%00%(upstream:remoteref) refs/heads/main refs/remotes/main [3ms]
2025-05-27 18:42:00.209 [info] > git for-each-ref --sort -committerdate --format %(refname)%00%(objectname)%00%(*objectname) [3ms]
2025-05-27 18:42:00.316 [info] > git status -z -uall [115ms]
2025-05-27 18:42:05.331 [info] > git config --get commit.template [8ms]
2025-05-27 18:42:05.331 [info] > git for-each-ref --format=%(refname)%00%(upstream:short)%00%(objectname)%00%(upstream:track)%00%(upstream:remotename)%00%(upstream:remoteref) refs/heads/main refs/remotes/main [4ms]
2025-05-27 18:42:05.341 [info] > git for-each-ref --sort -committerdate --format %(refname)%00%(objectname)%00%(*objectname) [3ms]
2025-05-27 18:42:05.436 [info] > git status -z -uall [102ms]
2025-05-27 18:45:22.782 [info] > git for-each-ref --format=%(refname)%00%(upstream:short)%00%(objectname)%00%(upstream:track)%00%(upstream:remotename)%00%(upstream:remoteref) refs/heads/main refs/remotes/main [2ms]
2025-05-27 18:45:22.782 [info] > git config --get commit.template [6ms]
2025-05-27 18:45:22.793 [info] > git for-each-ref --sort -committerdate --format %(refname)%00%(objectname)%00%(*objectname) [3ms]
2025-05-27 18:45:22.896 [info] > git status -z -uall [110ms]
2025-05-27 18:45:27.132 [info] > git show --textconv :shop/admin.py [5ms]
2025-05-27 18:45:27.135 [info] > git ls-files --stage -- shop/admin.py [5ms]
2025-05-27 18:45:27.141 [info] > git cat-file -s 69067cbf99c686e0902476537305f14d5ca57a72 [3ms]
2025-05-27 18:45:27.906 [info] > git config --get commit.template [4ms]
2025-05-27 18:45:27.907 [info] > git for-each-ref --format=%(refname)%00%(upstream:short)%00%(objectname)%00%(upstream:track)%00%(upstream:remotename)%00%(upstream:remoteref) refs/heads/main refs/remotes/main [1ms]
2025-05-27 18:45:27.916 [info] > git for-each-ref --sort -committerdate --format %(refname)%00%(objectname)%00%(*objectname) [2ms]
2025-05-27 18:45:28.012 [info] > git status -z -uall [101ms]
2025-05-27 18:45:29.233 [info] > git show --textconv :shop/models.py [6ms]
2025-05-27 18:45:29.236 [info] > git ls-files --stage -- shop/models.py [4ms]
2025-05-27 18:45:29.241 [info] > git cat-file -s aef7d602d16259045b691f72a8beec876b37c8a6 [2ms]
2025-05-27 18:45:32.186 [info] > git show --textconv :shop/admin.py [5ms]
2025-05-27 18:45:32.189 [info] > git ls-files --stage -- shop/admin.py [5ms]
2025-05-27 18:45:32.194 [info] > git cat-file -s 69067cbf99c686e0902476537305f14d5ca57a72 [2ms]
2025-05-27 18:45:33.021 [info] > git config --get commit.template [2ms]
2025-05-27 18:45:33.026 [info] > git for-each-ref --format=%(refname)%00%(upstream:short)%00%(objectname)%00%(upstream:track)%00%(upstream:remotename)%00%(upstream:remoteref) refs/heads/main refs/remotes/main [1ms]
2025-05-27 18:45:33.034 [info] > git for-each-ref --sort -committerdate --format %(refname)%00%(objectname)%00%(*objectname) [2ms]
2025-05-27 18:45:33.130 [info] > git status -z -uall [101ms]
2025-05-27 18:45:34.814 [info] > git show --textconv :shop/services/price_calculator.py [5ms]
2025-05-27 18:45:34.817 [info] > git ls-files --stage -- shop/services/price_calculator.py [5ms]
2025-05-27 18:45:34.821 [info] > git cat-file -s fe98c7bead57a8b6629e01ace954ba8802ec1142 [2ms]
2025-05-27 18:45:36.955 [info] > git show --textconv :shop/admin.py [5ms]
2025-05-27 18:45:36.958 [info] > git ls-files --stage -- shop/admin.py [4ms]
2025-05-27 18:45:36.964 [info] > git cat-file -s 69067cbf99c686e0902476537305f14d5ca57a72 [1ms]
2025-05-27 18:45:38.139 [info] > git config --get commit.template [4ms]
2025-05-27 18:45:38.140 [info] > git for-each-ref --format=%(refname)%00%(upstream:short)%00%(objectname)%00%(upstream:track)%00%(upstream:remotename)%00%(upstream:remoteref) refs/heads/main refs/remotes/main [1ms]
2025-05-27 18:45:38.149 [info] > git for-each-ref --sort -committerdate --format %(refname)%00%(objectname)%00%(*objectname) [2ms]
2025-05-27 18:45:38.244 [info] > git status -z -uall [100ms]
2025-05-27 18:45:43.253 [info] > git config --get commit.template [4ms]
2025-05-27 18:45:43.253 [info] > git for-each-ref --format=%(refname)%00%(upstream:short)%00%(objectname)%00%(upstream:track)%00%(upstream:remotename)%00%(upstream:remoteref) refs/heads/main refs/remotes/main [1ms]
2025-05-27 18:45:43.263 [info] > git for-each-ref --sort -committerdate --format %(refname)%00%(objectname)%00%(*objectname) [3ms]
2025-05-27 18:45:43.291 [info] > git show --textconv :shop/services/price_calculator.py [5ms]
2025-05-27 18:45:43.294 [info] > git ls-files --stage -- shop/services/price_calculator.py [4ms]
2025-05-27 18:45:43.298 [info] > git cat-file -s fe98c7bead57a8b6629e01ace954ba8802ec1142 [0ms]
2025-05-27 18:45:43.362 [info] > git status -z -uall [105ms]
2025-05-27 18:45:48.370 [info] > git config --get commit.template [2ms]
2025-05-27 18:45:48.374 [info] > git for-each-ref --format=%(refname)%00%(upstream:short)%00%(objectname)%00%(upstream:track)%00%(upstream:remotename)%00%(upstream:remoteref) refs/heads/main refs/remotes/main [1ms]
2025-05-27 18:45:48.385 [info] > git for-each-ref --sort -committerdate --format %(refname)%00%(objectname)%00%(*objectname) [3ms]
2025-05-27 18:45:48.485 [info] > git status -z -uall [108ms]
2025-05-27 18:45:53.498 [info] > git config --get commit.template [4ms]
2025-05-27 18:45:53.500 [info] > git for-each-ref --format=%(refname)%00%(upstream:short)%00%(objectname)%00%(upstream:track)%00%(upstream:remotename)%00%(upstream:remoteref) refs/heads/main refs/remotes/main [2ms]
2025-05-27 18:45:53.508 [info] > git for-each-ref --sort -committerdate --format %(refname)%00%(objectname)%00%(*objectname) [2ms]
2025-05-27 18:45:53.605 [info] > git status -z -uall [102ms]
2025-05-27 18:48:13.405 [info] > git config --get commit.template [5ms]
2025-05-27 18:48:13.406 [info] > git for-each-ref --format=%(refname)%00%(upstream:short)%00%(objectname)%00%(upstream:track)%00%(upstream:remotename)%00%(upstream:remoteref) refs/heads/main refs/remotes/main [1ms]
2025-05-27 18:48:13.415 [info] > git for-each-ref --sort -committerdate --format %(refname)%00%(objectname)%00%(*objectname) [1ms]
2025-05-27 18:48:13.515 [info] > git status -z -uall [106ms]
2025-05-27 18:48:18.525 [info] > git config --get commit.template [3ms]
2025-05-27 18:48:18.526 [info] > git for-each-ref --format=%(refname)%00%(upstream:short)%00%(objectname)%00%(upstream:track)%00%(upstream:remotename)%00%(upstream:remoteref) refs/heads/main refs/remotes/main [2ms]
2025-05-27 18:48:18.534 [info] > git for-each-ref --sort -committerdate --format %(refname)%00%(objectname)%00%(*objectname) [1ms]
2025-05-27 18:48:18.636 [info] > git status -z -uall [107ms]
2025-05-27 18:48:30.794 [info] > git config --get commit.template [2ms]
2025-05-27 18:48:30.799 [info] > git for-each-ref --format=%(refname)%00%(upstream:short)%00%(objectname)%00%(upstream:track)%00%(upstream:remotename)%00%(upstream:remoteref) refs/heads/main refs/remotes/main [2ms]
2025-05-27 18:48:30.812 [info] > git for-each-ref --sort -committerdate --format %(refname)%00%(objectname)%00%(*objectname) [1ms]
2025-05-27 18:48:30.910 [info] > git status -z -uall [108ms]
2025-05-27 18:50:04.878 [info] > git config --get commit.template [4ms]
2025-05-27 18:50:04.879 [info] > git for-each-ref --format=%(refname)%00%(upstream:short)%00%(objectname)%00%(upstream:track)%00%(upstream:remotename)%00%(upstream:remoteref) refs/heads/main refs/remotes/main [2ms]
2025-05-27 18:50:04.888 [info] > git for-each-ref --sort -committerdate --format %(refname)%00%(objectname)%00%(*objectname) [1ms]
2025-05-27 18:50:04.988 [info] > git status -z -uall [106ms]
2025-05-27 18:50:09.999 [info] > git config --get commit.template [6ms]
2025-05-27 18:50:10.000 [info] > git for-each-ref --format=%(refname)%00%(upstream:short)%00%(objectname)%00%(upstream:track)%00%(upstream:remotename)%00%(upstream:remoteref) refs/heads/main refs/remotes/main [2ms]
2025-05-27 18:50:10.015 [info] > git for-each-ref --sort -committerdate --format %(refname)%00%(objectname)%00%(*objectname) [9ms]
2025-05-27 18:50:10.103 [info] > git status -z -uall [100ms]
2025-05-27 18:50:13.499 [info] > git show --textconv :shop/services/order_service.py [6ms]
2025-05-27 18:50:13.501 [info] > git ls-files --stage -- shop/services/order_service.py [4ms]
2025-05-27 18:50:13.505 [info] > git cat-file -s f4a971561dacc596a8e8825c51a2e776d425758f [1ms]
2025-05-27 18:50:13.540 [info] > git blame --root --incremental a3a6bb19e7a83286b2c985c188240ea5012eec45 -- shop/services/order_service.py [4ms]
2025-05-27 18:50:15.120 [info] > git config --get commit.template [4ms]
2025-05-27 18:50:15.121 [info] > git for-each-ref --format=%(refname)%00%(upstream:short)%00%(objectname)%00%(upstream:track)%00%(upstream:remotename)%00%(upstream:remoteref) refs/heads/main refs/remotes/main [1ms]
2025-05-27 18:50:15.129 [info] > git for-each-ref --sort -committerdate --format %(refname)%00%(objectname)%00%(*objectname) [2ms]
2025-05-27 18:50:15.236 [info] > git status -z -uall [112ms]
2025-05-27 18:56:35.244 [info] > git config --get commit.template [3ms]
2025-05-27 18:56:35.245 [info] > git for-each-ref --format=%(refname)%00%(upstream:short)%00%(objectname)%00%(upstream:track)%00%(upstream:remotename)%00%(upstream:remoteref) refs/heads/main refs/remotes/main [2ms]
2025-05-27 18:56:35.263 [info] > git for-each-ref --sort -committerdate --format %(refname)%00%(objectname)%00%(*objectname) [11ms]
2025-05-27 18:56:35.358 [info] > git status -z -uall [109ms]
2025-05-27 18:56:36.709 [info] > git show --textconv :shop/admin.py [5ms]
2025-05-27 18:56:36.712 [info] > git ls-files --stage -- shop/admin.py [4ms]
2025-05-27 18:56:36.716 [info] > git cat-file -s 69067cbf99c686e0902476537305f14d5ca57a72 [1ms]
2025-05-27 18:56:40.369 [info] > git config --get commit.template [4ms]
2025-05-27 18:56:40.370 [info] > git for-each-ref --format=%(refname)%00%(upstream:short)%00%(objectname)%00%(upstream:track)%00%(upstream:remotename)%00%(upstream:remoteref) refs/heads/main refs/remotes/main [2ms]
2025-05-27 18:56:40.378 [info] > git for-each-ref --sort -committerdate --format %(refname)%00%(objectname)%00%(*objectname) [2ms]
2025-05-27 18:56:40.478 [info] > git status -z -uall [105ms]
2025-05-27 18:58:19.130 [info] > git config --get commit.template [1ms]
2025-05-27 18:58:19.135 [info] > git for-each-ref --format=%(refname)%00%(upstream:short)%00%(objectname)%00%(upstream:track)%00%(upstream:remotename)%00%(upstream:remoteref) refs/heads/main refs/remotes/main [2ms]
2025-05-27 18:58:19.142 [info] > git for-each-ref --sort -committerdate --format %(refname)%00%(objectname)%00%(*objectname) [1ms]
2025-05-27 18:58:19.161 [info] > git ls-files --stage -- shop/admin.py [7ms]
2025-05-27 18:58:19.165 [info] > git cat-file -s 69067cbf99c686e0902476537305f14d5ca57a72 [0ms]
2025-05-27 18:58:19.184 [info] > git show --textconv :shop/admin.py [5ms]
2025-05-27 18:58:19.217 [info] > git status -z -uall [79ms]
2025-05-27 18:58:19.229 [info] > git blame --root --incremental 08693e488937b03342ee0e8892da8cd3b475ade0 -- shop/admin.py [5ms]
2025-05-27 18:58:19.230 [info] > git merge-base refs/heads/main refs/remotes/origin/main [2ms]
2025-05-27 18:58:19.235 [info] > git diff --name-status -z --diff-filter=ADMR 08693e488937b03342ee0e8892da8cd3b475ade0...refs/remotes/origin/main [1ms]
2025-05-27 18:58:24.277 [info] > git config --get commit.template [4ms]
2025-05-27 18:58:24.278 [info] > git for-each-ref --format=%(refname)%00%(upstream:short)%00%(objectname)%00%(upstream:track)%00%(upstream:remotename)%00%(upstream:remoteref) refs/heads/main refs/remotes/main [2ms]
2025-05-27 18:58:24.286 [info] > git for-each-ref --sort -committerdate --format %(refname)%00%(objectname)%00%(*objectname) [1ms]
2025-05-27 18:58:24.394 [info] > git status -z -uall [113ms]
2025-05-27 18:58:33.342 [info] > git config --get commit.template [3ms]
2025-05-27 18:58:33.343 [info] > git for-each-ref --format=%(refname)%00%(upstream:short)%00%(objectname)%00%(upstream:track)%00%(upstream:remotename)%00%(upstream:remoteref) refs/heads/main refs/remotes/main [2ms]
2025-05-27 18:58:33.351 [info] > git for-each-ref --sort -committerdate --format %(refname)%00%(objectname)%00%(*objectname) [2ms]
2025-05-27 18:58:33.419 [info] > git status -z -uall [73ms]
2025-05-27 18:58:38.427 [info] > git config --get commit.template [2ms]
2025-05-27 18:58:38.431 [info] > git for-each-ref --format=%(refname)%00%(upstream:short)%00%(objectname)%00%(upstream:track)%00%(upstream:remotename)%00%(upstream:remoteref) refs/heads/main refs/remotes/main [1ms]
2025-05-27 18:58:38.440 [info] > git for-each-ref --sort -committerdate --format %(refname)%00%(objectname)%00%(*objectname) [2ms]
2025-05-27 18:58:38.508 [info] > git status -z -uall [73ms]
2025-05-27 18:58:39.015 [info] > git show --textconv :shop/services/order_service.py [5ms]
2025-05-27 18:58:39.017 [info] > git ls-files --stage -- shop/services/order_service.py [4ms]
2025-05-27 18:58:39.022 [info] > git cat-file -s f4a971561dacc596a8e8825c51a2e776d425758f [2ms]
2025-05-27 18:58:39.037 [info] > git blame --root --incremental 08693e488937b03342ee0e8892da8cd3b475ade0 -- shop/services/order_service.py [3ms]
2025-05-27 18:58:43.517 [info] > git config --get commit.template [2ms]
2025-05-27 18:58:43.521 [info] > git for-each-ref --format=%(refname)%00%(upstream:short)%00%(objectname)%00%(upstream:track)%00%(upstream:remotename)%00%(upstream:remoteref) refs/heads/main refs/remotes/main [1ms]
2025-05-27 18:58:43.531 [info] > git for-each-ref --sort -committerdate --format %(refname)%00%(objectname)%00%(*objectname) [1ms]
2025-05-27 18:58:43.593 [info] > git status -z -uall [68ms]
2025-05-27 18:58:51.660 [info] > git config --get commit.template [4ms]
2025-05-27 18:58:51.661 [info] > git for-each-ref --format=%(refname)%00%(upstream:short)%00%(objectname)%00%(upstream:track)%00%(upstream:remotename)%00%(upstream:remoteref) refs/heads/main refs/remotes/main [1ms]
2025-05-27 18:58:51.671 [info] > git for-each-ref --sort -committerdate --format %(refname)%00%(objectname)%00%(*objectname) [2ms]
2025-05-27 18:58:51.735 [info] > git status -z -uall [70ms]
2025-05-27 18:58:55.014 [info] > git show --textconv :shop/admin.py [5ms]
2025-05-27 18:58:55.016 [info] > git ls-files --stage -- shop/admin.py [4ms]
2025-05-27 18:58:55.020 [info] > git cat-file -s 69067cbf99c686e0902476537305f14d5ca57a72 [1ms]
2025-05-27 18:58:56.745 [info] > git config --get commit.template [3ms]
2025-05-27 18:58:56.746 [info] > git for-each-ref --format=%(refname)%00%(upstream:short)%00%(objectname)%00%(upstream:track)%00%(upstream:remotename)%00%(upstream:remoteref) refs/heads/main refs/remotes/main [1ms]
2025-05-27 18:58:56.754 [info] > git for-each-ref --sort -committerdate --format %(refname)%00%(objectname)%00%(*objectname) [2ms]
2025-05-27 18:58:56.818 [info] > git status -z -uall [69ms]
2025-05-27 18:59:04.096 [info] > git config --get commit.template [4ms]
2025-05-27 18:59:04.099 [info] > git for-each-ref --format=%(refname)%00%(upstream:short)%00%(objectname)%00%(upstream:track)%00%(upstream:remotename)%00%(upstream:remoteref) refs/heads/main refs/remotes/main [3ms]
2025-05-27 18:59:04.108 [info] > git for-each-ref --sort -committerdate --format %(refname)%00%(objectname)%00%(*objectname) [2ms]
2025-05-27 18:59:04.173 [info] > git status -z -uall [69ms]
