2025-05-24 01:18:06.207 [info] Extension host with pid 21977 started
2025-05-24 01:18:06.611 [info] ExtensionService#_doActivateExtension vscode.git-base, startup: false, activationEvent: '*', root cause: vscode.git
2025-05-24 01:18:06.613 [info] ExtensionService#_doActivateExtension vscode.emmet, startup: false, activationEvent: 'onLanguage'
2025-05-24 01:18:06.613 [info] ExtensionService#_doActivateExtension ms-python.python, startup: false, activationEvent: 'onLanguage:python', root cause: ms-python.debugpy
2025-05-24 01:18:06.615 [info] Lock '/root/.vscode-server/data/User/workspaceStorage/69b865ee5b39d8dd4400c31e5ed23100/vscode.lock': Lock acquired.
2025-05-24 01:18:09.432 [info] ExtensionService#_doActivateExtension vscode.git, startup: false, activationEvent: '*'
2025-05-24 01:18:09.432 [info] ExtensionService#_doActivateExtension vscode.github, startup: false, activationEvent: '*'
2025-05-24 01:18:10.532 [info] ExtensionService#_doActivateExtension ms-python.debugpy, startup: false, activationEvent: 'onLanguage:python'
2025-05-24 01:18:10.533 [info] ExtensionService#_doActivateExtension ms-python.vscode-pylance, startup: false, activationEvent: 'onLanguage:python'
2025-05-24 01:18:13.855 [info] Eager extensions activated
2025-05-24 01:18:13.855 [info] ExtensionService#_doActivateExtension vscode.debug-auto-launch, startup: false, activationEvent: 'onStartupFinished'
2025-05-24 01:18:13.855 [info] ExtensionService#_doActivateExtension vscode.merge-conflict, startup: false, activationEvent: 'onStartupFinished'
2025-05-24 01:18:19.363 [info] ExtensionService#_doActivateExtension vscode.npm, startup: false, activationEvent: 'onTerminalQuickFixRequest:ms-vscode.npm-command'
2025-05-24 01:18:26.483 [info] ExtensionService#_doActivateExtension vscode.configuration-editing, startup: false, activationEvent: 'onLanguage:json'
2025-05-24 01:18:26.483 [info] ExtensionService#_doActivateExtension vscode.extension-editing, startup: false, activationEvent: 'onLanguage:json'
2025-05-24 01:18:26.483 [info] ExtensionService#_doActivateExtension vscode.json-language-features, startup: false, activationEvent: 'onLanguage:json'
2025-05-24 01:37:43.374 [info] ExtensionService#_doActivateExtension vscode.html-language-features, startup: false, activationEvent: 'onLanguage:html'
2025-05-24 01:47:44.776 [info] ExtensionService#_doActivateExtension vscode.tunnel-forwarding, startup: false, activationEvent: 'onTunnel'
2025-05-24 02:11:26.361 [info] Extension host terminating: received terminate message from renderer
2025-05-24 02:11:26.363 [info] Lock '/root/.vscode-server/data/User/workspaceStorage/69b865ee5b39d8dd4400c31e5ed23100/vscode.lock': Marking the lockfile as scheduled to be released in 6000 ms.
2025-05-24 02:11:26.475 [info] Extension host with pid 21977 exiting with code 0
