2025-05-24 08:35:06.775 [info] [main] 로그 수준: Info
2025-05-24 08:35:06.775 [info] [main] "git"에서 찾은 git 유효성을 검사하는 중
2025-05-24 08:35:06.775 [info] [main] "2.34.1"에서 git "git"을(를) 사용하는 중
2025-05-24 08:35:06.775 [info] [Model][doInitialScan] Initial repository scan started
2025-05-24 08:35:06.775 [info] > git rev-parse --show-toplevel [86ms]
2025-05-24 08:35:06.775 [info] > git rev-parse --git-dir --git-common-dir [304ms]
2025-05-24 08:35:06.775 [info] [Model][openRepository] Opened repository (path): /root
2025-05-24 08:35:06.775 [info] [Model][openRepository] Opened repository (real path): /root
2025-05-24 08:35:06.870 [info] > git config --get commit.template [91ms]
2025-05-24 08:35:06.974 [info] > git for-each-ref --format=%(refname)%00%(upstream:short)%00%(objectname)%00%(upstream:track)%00%(upstream:remotename)%00%(upstream:remoteref) refs/heads/main refs/remotes/main [4ms]
2025-05-24 08:35:07.076 [info] > git for-each-ref --sort -committerdate --format %(refname)%00%(objectname)%00%(*objectname) [90ms]
2025-05-24 08:35:07.173 [info] > git rev-parse --show-toplevel [87ms]
2025-05-24 08:35:07.179 [info] > git rev-parse --show-toplevel [1ms]
2025-05-24 08:35:07.183 [info] > git rev-parse --show-toplevel [2ms]
2025-05-24 08:35:07.272 [info] > git rev-parse --show-toplevel [2ms]
2025-05-24 08:35:07.485 [info] > git status -z -uall [505ms]
2025-05-24 08:35:07.485 [info] > git rev-parse --show-toplevel [210ms]
2025-05-24 08:35:07.887 [info] > git check-ignore -v -z --stdin [407ms]
2025-05-24 08:35:07.972 [info] > git for-each-ref --format=%(refname)%00%(upstream:short)%00%(objectname)%00%(upstream:track)%00%(upstream:remotename)%00%(upstream:remoteref) refs/heads/main refs/remotes/main [296ms]
2025-05-24 08:35:07.977 [info] > git config --get commit.template [93ms]
2025-05-24 08:35:07.977 [info] > git rev-parse --show-toplevel [96ms]
2025-05-24 08:35:07.978 [info] > git config --get --local branch.main.vscode-merge-base [3ms]
2025-05-24 08:35:07.978 [warning] [Git][config] git config failed: Failed to execute git
2025-05-24 08:35:08.076 [info] > git rev-parse --show-toplevel [88ms]
2025-05-24 08:35:08.076 [info] > git reflog main --grep-reflog=branch: Created from *. [91ms]
2025-05-24 08:35:08.083 [info] > git for-each-ref --format=%(refname)%00%(upstream:short)%00%(objectname)%00%(upstream:track)%00%(upstream:remotename)%00%(upstream:remoteref) refs/heads/main refs/remotes/main [9ms]
2025-05-24 08:35:08.084 [info] > git rev-parse --show-toplevel [2ms]
2025-05-24 08:35:08.090 [info] > git symbolic-ref --short refs/remotes/origin/HEAD [11ms]
2025-05-24 08:35:08.090 [info] fatal: ref refs/remotes/origin/HEAD is not a symbolic ref
2025-05-24 08:35:08.090 [warning] [Repository][getDefaultBranch] Failed to get default branch details: Failed to execute git.
2025-05-24 08:35:08.177 [info] > git rev-parse --show-toplevel [88ms]
2025-05-24 08:35:08.275 [info] > git merge-base refs/heads/main refs/remotes/origin/main [100ms]
2025-05-24 08:35:08.375 [info] > git diff --name-status -z --diff-filter=ADMR 2a40544379317ec8017f80004746fb774a942d6f...refs/remotes/origin/main [94ms]
2025-05-24 08:35:08.375 [info] > git rev-parse --show-toplevel [100ms]
2025-05-24 08:35:08.375 [info] > git for-each-ref --sort -committerdate --format %(refname)%00%(objectname)%00%(*objectname) [193ms]
2025-05-24 08:35:08.380 [info] > git rev-parse --show-toplevel [1ms]
2025-05-24 08:35:08.387 [info] > git rev-parse --show-toplevel [1ms]
2025-05-24 08:35:08.477 [info] > git rev-parse --show-toplevel [88ms]
2025-05-24 08:35:08.485 [info] > git rev-parse --show-toplevel [2ms]
2025-05-24 08:35:08.580 [info] > git rev-parse --show-toplevel [6ms]
2025-05-24 08:35:08.583 [info] > git status -z -uall [403ms]
2025-05-24 08:35:08.678 [info] > git rev-parse --show-toplevel [96ms]
2025-05-24 08:35:08.683 [info] [Model][doInitialScan] Initial repository scan completed - repositories (1), closed repositories (0), parent repositories (0), unsafe repositories (0)
2025-05-24 08:35:08.889 [info] > git show --textconv :fetch_latti_cron.log [203ms]
2025-05-24 08:35:08.889 [info] > git ls-files --stage -- fetch_latti_cron.log [199ms]
2025-05-24 08:35:08.979 [info] > git hash-object -t tree /dev/null [4ms]
2025-05-24 08:35:08.979 [warning] [GitFileSystemProvider][stat] File not found - git:/root/fetch_latti_cron.log.git?%7B%22path%22%3A%22%2Froot%2Ffetch_latti_cron.log%22%2C%22ref%22%3A%22%22%7D
2025-05-24 08:35:08.981 [info] > git hash-object -t tree /dev/null [3ms]
2025-05-24 08:35:08.982 [warning] [GitFileSystemProvider][readFile] File not found - git:/root/fetch_latti_cron.log.git?%7B%22path%22%3A%22%2Froot%2Ffetch_latti_cron.log%22%2C%22ref%22%3A%22%22%7D
2025-05-24 08:35:09.688 [info] > git blame --root --incremental 2a40544379317ec8017f80004746fb774a942d6f -- fetch_latti_cron.log [3ms]
2025-05-24 08:35:09.688 [info] fatal: no such path fetch_latti_cron.log in 2a40544379317ec8017f80004746fb774a942d6f
