2025-05-25 10:11:12.223 [info] [main] 로그 수준: Info
2025-05-25 10:11:12.223 [info] [main] "git"에서 찾은 git 유효성을 검사하는 중
2025-05-25 10:11:12.223 [info] [main] "2.34.1"에서 git "git"을(를) 사용하는 중
2025-05-25 10:11:12.223 [info] [Model][doInitialScan] Initial repository scan started
2025-05-25 10:11:12.223 [info] > git rev-parse --show-toplevel [787ms]
2025-05-25 10:11:12.223 [info] > git rev-parse --git-dir --git-common-dir [500ms]
2025-05-25 10:11:12.223 [info] [Model][openRepository] Opened repository (path): /root
2025-05-25 10:11:12.223 [info] [Model][openRepository] Opened repository (real path): /root
2025-05-25 10:11:12.236 [info] > git config --get commit.template [309ms]
2025-05-25 10:11:12.426 [info] > git for-each-ref --format=%(refname)%00%(upstream:short)%00%(objectname)%00%(upstream:track)%00%(upstream:remotename)%00%(upstream:remoteref) refs/heads/main refs/remotes/main [91ms]
2025-05-25 10:11:12.532 [info] > git for-each-ref --sort -committerdate --format %(refname)%00%(objectname)%00%(*objectname) [95ms]
2025-05-25 10:11:12.626 [info] > git rev-parse --show-toplevel [95ms]
2025-05-25 10:11:12.727 [info] > git rev-parse --show-toplevel [1ms]
2025-05-25 10:11:12.736 [info] > git check-ignore -v -z --stdin [110ms]
2025-05-25 10:11:12.825 [info] > git rev-parse --show-toplevel [94ms]
2025-05-25 10:11:12.829 [info] > git rev-parse --show-toplevel [2ms]
2025-05-25 10:11:12.832 [info] > git rev-parse --show-toplevel [1ms]
2025-05-25 10:11:12.835 [info] > git rev-parse --show-toplevel [1ms]
2025-05-25 10:11:12.839 [info] > git rev-parse --show-toplevel [2ms]
2025-05-25 10:11:12.929 [info] > git rev-parse --show-toplevel [3ms]
2025-05-25 10:11:12.933 [info] > git status -z -uall [500ms]
2025-05-25 10:11:12.933 [info] > git rev-parse --show-toplevel [2ms]
2025-05-25 10:11:13.633 [info] > git for-each-ref --format=%(refname)%00%(upstream:short)%00%(objectname)%00%(upstream:track)%00%(upstream:remotename)%00%(upstream:remoteref) refs/heads/main refs/remotes/main [506ms]
2025-05-25 10:11:13.639 [info] > git config --get --local branch.main.vscode-merge-base [3ms]
2025-05-25 10:11:13.640 [warning] [Git][config] git config failed: Failed to execute git
2025-05-25 10:11:13.643 [info] > git config --get commit.template [14ms]
2025-05-25 10:11:13.643 [info] > git rev-parse --show-toplevel [16ms]
2025-05-25 10:11:13.732 [info] > git rev-parse --show-toplevel [5ms]
2025-05-25 10:11:13.735 [info] > git for-each-ref --format=%(refname)%00%(upstream:short)%00%(objectname)%00%(upstream:track)%00%(upstream:remotename)%00%(upstream:remoteref) refs/heads/main refs/remotes/main [5ms]
2025-05-25 10:11:13.736 [info] > git reflog main --grep-reflog=branch: Created from *. [94ms]
2025-05-25 10:11:13.738 [info] > git rev-parse --show-toplevel [3ms]
2025-05-25 10:11:16.038 [info] > git rev-parse --show-toplevel [2297ms]
2025-05-25 10:11:16.038 [info] > git symbolic-ref --short refs/remotes/origin/HEAD [2300ms]
2025-05-25 10:11:16.038 [info] fatal: ref refs/remotes/origin/HEAD is not a symbolic ref
2025-05-25 10:11:16.039 [warning] [Repository][getDefaultBranch] Failed to get default branch details: Failed to execute git.
2025-05-25 10:11:16.134 [info] > git for-each-ref --sort -committerdate --format %(refname)%00%(objectname)%00%(*objectname) [100ms]
2025-05-25 10:11:16.135 [info] > git merge-base refs/heads/main refs/remotes/origin/main [88ms]
2025-05-25 10:11:16.140 [info] > git rev-parse --show-toplevel [6ms]
2025-05-25 10:11:16.143 [info] > git diff --name-status -z --diff-filter=ADMR 2a40544379317ec8017f80004746fb774a942d6f...refs/remotes/origin/main [5ms]
2025-05-25 10:11:16.144 [info] > git rev-parse --show-toplevel [2ms]
2025-05-25 10:11:16.149 [info] > git rev-parse --show-toplevel [2ms]
2025-05-25 10:11:16.232 [info] > git rev-parse --show-toplevel [1ms]
2025-05-25 10:11:16.234 [info] [Model][doInitialScan] Initial repository scan completed - repositories (1), closed repositories (0), parent repositories (0), unsafe repositories (0)
2025-05-25 10:11:16.244 [info] > git show --textconv :fetch_latti_cron.log [6ms]
2025-05-25 10:11:16.250 [info] > git ls-files --stage -- fetch_latti_cron.log [7ms]
2025-05-25 10:11:16.334 [info] > git hash-object -t tree /dev/null [85ms]
2025-05-25 10:11:16.334 [warning] [GitFileSystemProvider][readFile] File not found - git:/root/fetch_latti_cron.log.git?%7B%22path%22%3A%22%2Froot%2Ffetch_latti_cron.log%22%2C%22ref%22%3A%22%22%7D
2025-05-25 10:11:16.336 [info] > git hash-object -t tree /dev/null [3ms]
2025-05-25 10:11:16.336 [warning] [GitFileSystemProvider][stat] File not found - git:/root/fetch_latti_cron.log.git?%7B%22path%22%3A%22%2Froot%2Ffetch_latti_cron.log%22%2C%22ref%22%3A%22%22%7D
2025-05-25 10:11:16.833 [info] > git status -z -uall [883ms]
2025-05-25 10:11:17.448 [info] > git blame --root --incremental 2a40544379317ec8017f80004746fb774a942d6f -- fetch_latti_cron.log [1ms]
2025-05-25 10:11:17.448 [info] fatal: no such path fetch_latti_cron.log in 2a40544379317ec8017f80004746fb774a942d6f
2025-05-25 10:11:25.975 [info] > git config --get commit.template [205ms]
2025-05-25 10:11:26.166 [info] > git for-each-ref --format=%(refname)%00%(upstream:short)%00%(objectname)%00%(upstream:track)%00%(upstream:remotename)%00%(upstream:remoteref) refs/heads/main refs/remotes/main [188ms]
2025-05-25 10:11:26.359 [info] > git for-each-ref --sort -committerdate --format %(refname)%00%(objectname)%00%(*objectname) [3ms]
2025-05-25 10:11:26.660 [info] > git status -z -uall [378ms]
2025-05-25 10:11:33.583 [info] > git config --get commit.template [1ms]
2025-05-25 10:11:33.592 [info] > git for-each-ref --format=%(refname)%00%(upstream:short)%00%(objectname)%00%(upstream:track)%00%(upstream:remotename)%00%(upstream:remoteref) refs/heads/main refs/remotes/main [6ms]
2025-05-25 10:11:33.599 [info] > git for-each-ref --sort -committerdate --format %(refname)%00%(objectname)%00%(*objectname) [2ms]
2025-05-25 10:11:33.709 [info] > git status -z -uall [114ms]
2025-05-25 10:11:38.724 [info] > git config --get commit.template [4ms]
2025-05-25 10:11:38.725 [info] > git for-each-ref --format=%(refname)%00%(upstream:short)%00%(objectname)%00%(upstream:track)%00%(upstream:remotename)%00%(upstream:remoteref) refs/heads/main refs/remotes/main [1ms]
2025-05-25 10:11:38.735 [info] > git for-each-ref --sort -committerdate --format %(refname)%00%(objectname)%00%(*objectname) [1ms]
2025-05-25 10:11:38.800 [info] > git status -z -uall [72ms]
2025-05-25 10:13:32.057 [info] > git config --get commit.template [5ms]
2025-05-25 10:13:32.058 [info] > git for-each-ref --format=%(refname)%00%(upstream:short)%00%(objectname)%00%(upstream:track)%00%(upstream:remotename)%00%(upstream:remoteref) refs/heads/main refs/remotes/main [3ms]
2025-05-25 10:13:32.066 [info] > git for-each-ref --sort -committerdate --format %(refname)%00%(objectname)%00%(*objectname) [1ms]
2025-05-25 10:13:32.135 [info] > git status -z -uall [74ms]
2025-05-25 10:13:50.839 [info] > git config --get commit.template [4ms]
2025-05-25 10:13:50.840 [info] > git for-each-ref --format=%(refname)%00%(upstream:short)%00%(objectname)%00%(upstream:track)%00%(upstream:remotename)%00%(upstream:remoteref) refs/heads/main refs/remotes/main [2ms]
2025-05-25 10:13:50.848 [info] > git for-each-ref --sort -committerdate --format %(refname)%00%(objectname)%00%(*objectname) [2ms]
2025-05-25 10:13:50.909 [info] > git status -z -uall [66ms]
2025-05-25 10:19:18.232 [info] > git config --get commit.template [4ms]
2025-05-25 10:19:18.232 [info] > git for-each-ref --format=%(refname)%00%(upstream:short)%00%(objectname)%00%(upstream:track)%00%(upstream:remotename)%00%(upstream:remoteref) refs/heads/main refs/remotes/main [1ms]
2025-05-25 10:19:18.241 [info] > git for-each-ref --sort -committerdate --format %(refname)%00%(objectname)%00%(*objectname) [2ms]
2025-05-25 10:19:18.302 [info] > git status -z -uall [66ms]
2025-05-25 10:19:23.320 [info] > git config --get commit.template [3ms]
2025-05-25 10:19:23.321 [info] > git for-each-ref --format=%(refname)%00%(upstream:short)%00%(objectname)%00%(upstream:track)%00%(upstream:remotename)%00%(upstream:remoteref) refs/heads/main refs/remotes/main [1ms]
2025-05-25 10:19:23.338 [info] > git for-each-ref --sort -committerdate --format %(refname)%00%(objectname)%00%(*objectname) [1ms]
2025-05-25 10:19:23.399 [info] > git status -z -uall [74ms]
2025-05-25 10:19:28.412 [info] > git config --get commit.template [4ms]
2025-05-25 10:19:28.412 [info] > git for-each-ref --format=%(refname)%00%(upstream:short)%00%(objectname)%00%(upstream:track)%00%(upstream:remotename)%00%(upstream:remoteref) refs/heads/main refs/remotes/main [1ms]
2025-05-25 10:19:28.420 [info] > git for-each-ref --sort -committerdate --format %(refname)%00%(objectname)%00%(*objectname) [1ms]
2025-05-25 10:19:28.486 [info] > git status -z -uall [70ms]
2025-05-25 10:19:33.497 [info] > git config --get commit.template [3ms]
2025-05-25 10:19:33.498 [info] > git for-each-ref --format=%(refname)%00%(upstream:short)%00%(objectname)%00%(upstream:track)%00%(upstream:remotename)%00%(upstream:remoteref) refs/heads/main refs/remotes/main [1ms]
2025-05-25 10:19:33.506 [info] > git for-each-ref --sort -committerdate --format %(refname)%00%(objectname)%00%(*objectname) [1ms]
2025-05-25 10:19:33.572 [info] > git status -z -uall [71ms]
2025-05-25 10:20:48.519 [info] > git config --get commit.template [4ms]
2025-05-25 10:20:48.519 [info] > git for-each-ref --format=%(refname)%00%(upstream:short)%00%(objectname)%00%(upstream:track)%00%(upstream:remotename)%00%(upstream:remoteref) refs/heads/main refs/remotes/main [1ms]
2025-05-25 10:20:48.529 [info] > git for-each-ref --sort -committerdate --format %(refname)%00%(objectname)%00%(*objectname) [2ms]
2025-05-25 10:20:48.593 [info] > git status -z -uall [69ms]
2025-05-25 10:20:53.608 [info] > git config --get commit.template [3ms]
2025-05-25 10:20:53.609 [info] > git for-each-ref --format=%(refname)%00%(upstream:short)%00%(objectname)%00%(upstream:track)%00%(upstream:remotename)%00%(upstream:remoteref) refs/heads/main refs/remotes/main [2ms]
2025-05-25 10:20:53.631 [info] > git for-each-ref --sort -committerdate --format %(refname)%00%(objectname)%00%(*objectname) [16ms]
2025-05-25 10:20:53.693 [info] > git status -z -uall [81ms]
2025-05-25 10:21:21.526 [info] > git config --get commit.template [3ms]
2025-05-25 10:21:21.526 [info] > git for-each-ref --format=%(refname)%00%(upstream:short)%00%(objectname)%00%(upstream:track)%00%(upstream:remotename)%00%(upstream:remoteref) refs/heads/main refs/remotes/main [1ms]
2025-05-25 10:21:21.535 [info] > git for-each-ref --sort -committerdate --format %(refname)%00%(objectname)%00%(*objectname) [1ms]
2025-05-25 10:21:21.600 [info] > git status -z -uall [69ms]
2025-05-25 10:21:26.617 [info] > git config --get commit.template [3ms]
2025-05-25 10:21:26.618 [info] > git for-each-ref --format=%(refname)%00%(upstream:short)%00%(objectname)%00%(upstream:track)%00%(upstream:remotename)%00%(upstream:remoteref) refs/heads/main refs/remotes/main [2ms]
2025-05-25 10:21:26.627 [info] > git for-each-ref --sort -committerdate --format %(refname)%00%(objectname)%00%(*objectname) [2ms]
2025-05-25 10:21:26.696 [info] > git status -z -uall [75ms]
2025-05-25 10:21:31.712 [info] > git for-each-ref --format=%(refname)%00%(upstream:short)%00%(objectname)%00%(upstream:track)%00%(upstream:remotename)%00%(upstream:remoteref) refs/heads/main refs/remotes/main [1ms]
2025-05-25 10:21:31.713 [info] > git config --get commit.template [6ms]
2025-05-25 10:21:31.721 [info] > git for-each-ref --sort -committerdate --format %(refname)%00%(objectname)%00%(*objectname) [2ms]
2025-05-25 10:21:31.791 [info] > git status -z -uall [75ms]
2025-05-25 10:21:46.176 [info] > git for-each-ref --format=%(refname)%00%(upstream:short)%00%(objectname)%00%(upstream:track)%00%(upstream:remotename)%00%(upstream:remoteref) refs/heads/main refs/remotes/main [4ms]
2025-05-25 10:21:46.176 [info] > git config --get commit.template [7ms]
2025-05-25 10:21:46.184 [info] > git for-each-ref --sort -committerdate --format %(refname)%00%(objectname)%00%(*objectname) [2ms]
2025-05-25 10:21:46.250 [info] > git status -z -uall [71ms]
2025-05-25 10:30:32.318 [info] > git config --get commit.template [4ms]
2025-05-25 10:30:32.319 [info] > git for-each-ref --format=%(refname)%00%(upstream:short)%00%(objectname)%00%(upstream:track)%00%(upstream:remotename)%00%(upstream:remoteref) refs/heads/main refs/remotes/main [1ms]
2025-05-25 10:30:32.328 [info] > git for-each-ref --sort -committerdate --format %(refname)%00%(objectname)%00%(*objectname) [2ms]
2025-05-25 10:30:32.390 [info] > git status -z -uall [68ms]
2025-05-25 10:30:35.377 [info] > git check-ignore -v -z --stdin [13ms]
2025-05-25 10:30:37.407 [info] > git config --get commit.template [4ms]
2025-05-25 10:30:37.408 [info] > git for-each-ref --format=%(refname)%00%(upstream:short)%00%(objectname)%00%(upstream:track)%00%(upstream:remotename)%00%(upstream:remoteref) refs/heads/main refs/remotes/main [2ms]
2025-05-25 10:30:37.417 [info] > git for-each-ref --sort -committerdate --format %(refname)%00%(objectname)%00%(*objectname) [1ms]
2025-05-25 10:30:37.479 [info] > git status -z -uall [67ms]
2025-05-25 10:30:42.493 [info] > git config --get commit.template [4ms]
2025-05-25 10:30:42.494 [info] > git for-each-ref --format=%(refname)%00%(upstream:short)%00%(objectname)%00%(upstream:track)%00%(upstream:remotename)%00%(upstream:remoteref) refs/heads/main refs/remotes/main [1ms]
2025-05-25 10:30:42.502 [info] > git for-each-ref --sort -committerdate --format %(refname)%00%(objectname)%00%(*objectname) [1ms]
2025-05-25 10:30:42.567 [info] > git status -z -uall [69ms]
2025-05-25 10:30:47.092 [info] > git check-ignore -v -z --stdin [6ms]
2025-05-25 10:30:47.582 [info] > git config --get commit.template [4ms]
2025-05-25 10:30:47.582 [info] > git for-each-ref --format=%(refname)%00%(upstream:short)%00%(objectname)%00%(upstream:track)%00%(upstream:remotename)%00%(upstream:remoteref) refs/heads/main refs/remotes/main [1ms]
2025-05-25 10:30:47.591 [info] > git for-each-ref --sort -committerdate --format %(refname)%00%(objectname)%00%(*objectname) [2ms]
2025-05-25 10:30:47.655 [info] > git status -z -uall [69ms]
2025-05-25 10:30:50.149 [info] > git show --textconv :dictionary/templates/admin/import_category_alias.html [5ms]
2025-05-25 10:30:50.153 [info] > git ls-files --stage -- dictionary/templates/admin/import_category_alias.html [5ms]
2025-05-25 10:30:50.158 [info] > git cat-file -s 2c069a2abaa74f929595bb1f917638bc68d70de9 [1ms]
2025-05-25 10:30:50.740 [info] > git blame --root --incremental 2a40544379317ec8017f80004746fb774a942d6f -- dictionary/templates/admin/import_category_alias.html [47ms]
2025-05-25 10:30:52.671 [info] > git config --get commit.template [4ms]
2025-05-25 10:30:52.671 [info] > git for-each-ref --format=%(refname)%00%(upstream:short)%00%(objectname)%00%(upstream:track)%00%(upstream:remotename)%00%(upstream:remoteref) refs/heads/main refs/remotes/main [1ms]
2025-05-25 10:30:52.682 [info] > git for-each-ref --sort -committerdate --format %(refname)%00%(objectname)%00%(*objectname) [3ms]
2025-05-25 10:30:52.745 [info] > git status -z -uall [69ms]
2025-05-25 10:31:02.043 [info] > git config --get commit.template [5ms]
2025-05-25 10:31:02.044 [info] > git for-each-ref --format=%(refname)%00%(upstream:short)%00%(objectname)%00%(upstream:track)%00%(upstream:remotename)%00%(upstream:remoteref) refs/heads/main refs/remotes/main [2ms]
2025-05-25 10:31:02.052 [info] > git for-each-ref --sort -committerdate --format %(refname)%00%(objectname)%00%(*objectname) [2ms]
2025-05-25 10:31:02.122 [info] > git status -z -uall [75ms]
2025-05-25 10:31:02.554 [info] > git show --textconv :dictionary/templates/admin/category_change_list.html [4ms]
2025-05-25 10:31:02.557 [info] > git ls-files --stage -- dictionary/templates/admin/category_change_list.html [4ms]
2025-05-25 10:31:02.561 [info] > git cat-file -s 4bf6f884bcf9d7974589d128795a5c8f2db3540a [1ms]
2025-05-25 10:31:02.715 [info] > git blame --root --incremental 2a40544379317ec8017f80004746fb774a942d6f -- dictionary/templates/admin/category_change_list.html [2ms]
2025-05-25 10:31:54.977 [info] > git config --get commit.template [5ms]
2025-05-25 10:31:54.978 [info] > git for-each-ref --format=%(refname)%00%(upstream:short)%00%(objectname)%00%(upstream:track)%00%(upstream:remotename)%00%(upstream:remoteref) refs/heads/main refs/remotes/main [1ms]
2025-05-25 10:31:54.988 [info] > git for-each-ref --sort -committerdate --format %(refname)%00%(objectname)%00%(*objectname) [3ms]
2025-05-25 10:31:55.054 [info] > git status -z -uall [73ms]
2025-05-25 10:31:55.476 [info] > git show --textconv :dictionary/models.py [11ms]
2025-05-25 10:31:55.482 [info] > git ls-files --stage -- dictionary/models.py [11ms]
2025-05-25 10:31:55.487 [info] > git cat-file -s 56a58d2dcfe0c4ce45193d1ed632cc92a567c2d9 [2ms]
2025-05-25 10:31:55.586 [info] > git blame --root --incremental 2a40544379317ec8017f80004746fb774a942d6f -- dictionary/models.py [2ms]
2025-05-25 10:32:00.078 [info] > git config --get commit.template [2ms]
2025-05-25 10:32:00.085 [info] > git for-each-ref --format=%(refname)%00%(upstream:short)%00%(objectname)%00%(upstream:track)%00%(upstream:remotename)%00%(upstream:remoteref) refs/heads/main refs/remotes/main [2ms]
2025-05-25 10:32:00.178 [info] > git for-each-ref --sort -committerdate --format %(refname)%00%(objectname)%00%(*objectname) [5ms]
2025-05-25 10:32:00.683 [info] > git status -z -uall [514ms]
2025-05-25 10:32:05.811 [info] > git config --get commit.template [5ms]
2025-05-25 10:32:05.812 [info] > git for-each-ref --format=%(refname)%00%(upstream:short)%00%(objectname)%00%(upstream:track)%00%(upstream:remotename)%00%(upstream:remoteref) refs/heads/main refs/remotes/main [2ms]
2025-05-25 10:32:06.005 [info] > git for-each-ref --sort -committerdate --format %(refname)%00%(objectname)%00%(*objectname) [3ms]
2025-05-25 10:32:06.507 [info] > git status -z -uall [692ms]
2025-05-25 10:32:07.021 [info] > git show --textconv :dictionary/apps.py [10ms]
2025-05-25 10:32:07.022 [info] > git ls-files --stage -- dictionary/apps.py [7ms]
2025-05-25 10:32:07.109 [info] > git cat-file -s 695ffec8d894865be5c033ecf69f1f4c21583e0c [84ms]
2025-05-25 10:32:07.325 [info] > git show --textconv :dictionary/admin.py [11ms]
2025-05-25 10:32:07.408 [info] > git ls-files --stage -- dictionary/admin.py [84ms]
2025-05-25 10:32:07.414 [info] > git cat-file -s d0751bd3bf7ec9fcd9a632dcebf2565d570e8721 [1ms]
2025-05-25 10:32:07.515 [info] > git blame --root --incremental 2a40544379317ec8017f80004746fb774a942d6f -- dictionary/admin.py [4ms]
2025-05-25 10:32:11.522 [info] > git config --get commit.template [4ms]
2025-05-25 10:32:11.523 [info] > git for-each-ref --format=%(refname)%00%(upstream:short)%00%(objectname)%00%(upstream:track)%00%(upstream:remotename)%00%(upstream:remoteref) refs/heads/main refs/remotes/main [1ms]
2025-05-25 10:32:11.533 [info] > git for-each-ref --sort -committerdate --format %(refname)%00%(objectname)%00%(*objectname) [4ms]
2025-05-25 10:32:11.917 [info] > git status -z -uall [391ms]
2025-05-25 10:32:16.932 [info] > git config --get commit.template [3ms]
2025-05-25 10:32:16.933 [info] > git for-each-ref --format=%(refname)%00%(upstream:short)%00%(objectname)%00%(upstream:track)%00%(upstream:remotename)%00%(upstream:remoteref) refs/heads/main refs/remotes/main [2ms]
2025-05-25 10:32:16.940 [info] > git for-each-ref --sort -committerdate --format %(refname)%00%(objectname)%00%(*objectname) [2ms]
2025-05-25 10:32:17.005 [info] > git status -z -uall [70ms]
2025-05-25 10:32:22.019 [info] > git config --get commit.template [3ms]
2025-05-25 10:32:22.020 [info] > git for-each-ref --format=%(refname)%00%(upstream:short)%00%(objectname)%00%(upstream:track)%00%(upstream:remotename)%00%(upstream:remoteref) refs/heads/main refs/remotes/main [1ms]
2025-05-25 10:32:22.027 [info] > git for-each-ref --sort -committerdate --format %(refname)%00%(objectname)%00%(*objectname) [1ms]
2025-05-25 10:32:22.091 [info] > git status -z -uall [68ms]
2025-05-25 10:32:27.103 [info] > git config --get commit.template [3ms]
2025-05-25 10:32:27.103 [info] > git for-each-ref --format=%(refname)%00%(upstream:short)%00%(objectname)%00%(upstream:track)%00%(upstream:remotename)%00%(upstream:remoteref) refs/heads/main refs/remotes/main [1ms]
2025-05-25 10:32:27.111 [info] > git for-each-ref --sort -committerdate --format %(refname)%00%(objectname)%00%(*objectname) [2ms]
2025-05-25 10:32:27.174 [info] > git status -z -uall [67ms]
2025-05-25 10:32:32.085 [info] > git show --textconv :dictionary/views.py [4ms]
2025-05-25 10:32:32.087 [info] > git ls-files --stage -- dictionary/views.py [4ms]
2025-05-25 10:32:32.091 [info] > git cat-file -s c60c790437030748012ed3b77ed8708956de9957 [1ms]
2025-05-25 10:32:32.187 [info] > git config --get commit.template [5ms]
2025-05-25 10:32:32.188 [info] > git for-each-ref --format=%(refname)%00%(upstream:short)%00%(objectname)%00%(upstream:track)%00%(upstream:remotename)%00%(upstream:remoteref) refs/heads/main refs/remotes/main [1ms]
2025-05-25 10:32:32.196 [info] > git for-each-ref --sort -committerdate --format %(refname)%00%(objectname)%00%(*objectname) [2ms]
2025-05-25 10:32:32.263 [info] > git status -z -uall [72ms]
2025-05-25 10:32:34.166 [info] > git show --textconv :dictionary/admin.py [5ms]
2025-05-25 10:32:34.168 [info] > git ls-files --stage -- dictionary/admin.py [4ms]
2025-05-25 10:32:34.172 [info] > git cat-file -s d0751bd3bf7ec9fcd9a632dcebf2565d570e8721 [1ms]
2025-05-25 10:32:37.275 [info] > git config --get commit.template [3ms]
2025-05-25 10:32:37.276 [info] > git for-each-ref --format=%(refname)%00%(upstream:short)%00%(objectname)%00%(upstream:track)%00%(upstream:remotename)%00%(upstream:remoteref) refs/heads/main refs/remotes/main [1ms]
2025-05-25 10:32:37.284 [info] > git for-each-ref --sort -committerdate --format %(refname)%00%(objectname)%00%(*objectname) [1ms]
2025-05-25 10:32:37.348 [info] > git status -z -uall [69ms]
2025-05-25 10:35:36.688 [info] > git config --get commit.template [3ms]
2025-05-25 10:35:36.689 [info] > git for-each-ref --format=%(refname)%00%(upstream:short)%00%(objectname)%00%(upstream:track)%00%(upstream:remotename)%00%(upstream:remoteref) refs/heads/main refs/remotes/main [2ms]
2025-05-25 10:35:36.698 [info] > git for-each-ref --sort -committerdate --format %(refname)%00%(objectname)%00%(*objectname) [2ms]
2025-05-25 10:35:36.762 [info] > git status -z -uall [69ms]
2025-05-25 10:42:46.340 [info] > git config --get commit.template [3ms]
2025-05-25 10:42:46.341 [info] > git for-each-ref --format=%(refname)%00%(upstream:short)%00%(objectname)%00%(upstream:track)%00%(upstream:remotename)%00%(upstream:remoteref) refs/heads/main refs/remotes/main [2ms]
2025-05-25 10:42:46.348 [info] > git for-each-ref --sort -committerdate --format %(refname)%00%(objectname)%00%(*objectname) [1ms]
2025-05-25 10:42:46.412 [info] > git status -z -uall [68ms]
2025-05-25 10:42:51.427 [info] > git config --get commit.template [3ms]
2025-05-25 10:42:51.428 [info] > git for-each-ref --format=%(refname)%00%(upstream:short)%00%(objectname)%00%(upstream:track)%00%(upstream:remotename)%00%(upstream:remoteref) refs/heads/main refs/remotes/main [2ms]
2025-05-25 10:42:51.438 [info] > git for-each-ref --sort -committerdate --format %(refname)%00%(objectname)%00%(*objectname) [4ms]
2025-05-25 10:42:51.500 [info] > git status -z -uall [69ms]
2025-05-25 10:42:56.509 [info] > git config --get commit.template [1ms]
2025-05-25 10:42:56.513 [info] > git for-each-ref --format=%(refname)%00%(upstream:short)%00%(objectname)%00%(upstream:track)%00%(upstream:remotename)%00%(upstream:remoteref) refs/heads/main refs/remotes/main [1ms]
2025-05-25 10:42:56.520 [info] > git for-each-ref --sort -committerdate --format %(refname)%00%(objectname)%00%(*objectname) [1ms]
2025-05-25 10:42:56.585 [info] > git status -z -uall [69ms]
2025-05-25 10:43:01.596 [info] > git config --get commit.template [3ms]
2025-05-25 10:43:01.597 [info] > git for-each-ref --format=%(refname)%00%(upstream:short)%00%(objectname)%00%(upstream:track)%00%(upstream:remotename)%00%(upstream:remoteref) refs/heads/main refs/remotes/main [1ms]
2025-05-25 10:43:01.604 [info] > git for-each-ref --sort -committerdate --format %(refname)%00%(objectname)%00%(*objectname) [1ms]
2025-05-25 10:43:01.667 [info] > git status -z -uall [67ms]
2025-05-25 10:43:05.016 [info] > git show --textconv :dictionary/models.py [5ms]
2025-05-25 10:43:05.018 [info] > git ls-files --stage -- dictionary/models.py [4ms]
2025-05-25 10:43:05.022 [info] > git cat-file -s 56a58d2dcfe0c4ce45193d1ed632cc92a567c2d9 [1ms]
2025-05-25 10:43:06.679 [info] > git config --get commit.template [3ms]
2025-05-25 10:43:06.680 [info] > git for-each-ref --format=%(refname)%00%(upstream:short)%00%(objectname)%00%(upstream:track)%00%(upstream:remotename)%00%(upstream:remoteref) refs/heads/main refs/remotes/main [1ms]
2025-05-25 10:43:06.689 [info] > git for-each-ref --sort -committerdate --format %(refname)%00%(objectname)%00%(*objectname) [2ms]
2025-05-25 10:43:06.759 [info] > git status -z -uall [75ms]
2025-05-25 10:45:47.404 [info] > git config --get commit.template [2ms]
2025-05-25 10:45:47.408 [info] > git for-each-ref --format=%(refname)%00%(upstream:short)%00%(objectname)%00%(upstream:track)%00%(upstream:remotename)%00%(upstream:remoteref) refs/heads/main refs/remotes/main [1ms]
2025-05-25 10:45:47.416 [info] > git for-each-ref --sort -committerdate --format %(refname)%00%(objectname)%00%(*objectname) [2ms]
2025-05-25 10:45:47.482 [info] > git status -z -uall [70ms]
2025-05-25 10:45:50.405 [info] > git show --textconv :shop/admin.py [5ms]
2025-05-25 10:45:50.408 [info] > git ls-files --stage -- shop/admin.py [5ms]
2025-05-25 10:45:50.413 [info] > git cat-file -s 0c2c0fdddb529a4b50880f90bc8f77fd72760b96 [2ms]
2025-05-25 10:45:50.439 [info] > git blame --root --incremental 2a40544379317ec8017f80004746fb774a942d6f -- shop/admin.py [0ms]
2025-05-25 10:45:50.905 [info] > git check-ignore -v -z --stdin [10ms]
2025-05-25 10:45:52.506 [info] > git config --get commit.template [4ms]
2025-05-25 10:45:52.506 [info] > git for-each-ref --format=%(refname)%00%(upstream:short)%00%(objectname)%00%(upstream:track)%00%(upstream:remotename)%00%(upstream:remoteref) refs/heads/main refs/remotes/main [1ms]
2025-05-25 10:45:52.514 [info] > git for-each-ref --sort -committerdate --format %(refname)%00%(objectname)%00%(*objectname) [1ms]
2025-05-25 10:45:52.801 [info] > git status -z -uall [291ms]
2025-05-25 10:45:59.194 [info] > git config --get commit.template [5ms]
2025-05-25 10:45:59.195 [info] > git for-each-ref --format=%(refname)%00%(upstream:short)%00%(objectname)%00%(upstream:track)%00%(upstream:remotename)%00%(upstream:remoteref) refs/heads/main refs/remotes/main [2ms]
2025-05-25 10:45:59.203 [info] > git for-each-ref --sort -committerdate --format %(refname)%00%(objectname)%00%(*objectname) [2ms]
2025-05-25 10:45:59.266 [info] > git status -z -uall [68ms]
2025-05-25 10:46:02.411 [info] > git show --textconv :dictionary/admin.py [6ms]
2025-05-25 10:46:02.414 [info] > git ls-files --stage -- dictionary/admin.py [5ms]
2025-05-25 10:46:02.419 [info] > git cat-file -s d0751bd3bf7ec9fcd9a632dcebf2565d570e8721 [2ms]
2025-05-25 10:46:04.279 [info] > git config --get commit.template [3ms]
2025-05-25 10:46:04.279 [info] > git for-each-ref --format=%(refname)%00%(upstream:short)%00%(objectname)%00%(upstream:track)%00%(upstream:remotename)%00%(upstream:remoteref) refs/heads/main refs/remotes/main [1ms]
2025-05-25 10:46:04.287 [info] > git for-each-ref --sort -committerdate --format %(refname)%00%(objectname)%00%(*objectname) [2ms]
2025-05-25 10:46:04.377 [info] > git status -z -uall [95ms]
2025-05-25 10:46:09.392 [info] > git config --get commit.template [3ms]
2025-05-25 10:46:09.393 [info] > git for-each-ref --format=%(refname)%00%(upstream:short)%00%(objectname)%00%(upstream:track)%00%(upstream:remotename)%00%(upstream:remoteref) refs/heads/main refs/remotes/main [1ms]
2025-05-25 10:46:09.400 [info] > git for-each-ref --sort -committerdate --format %(refname)%00%(objectname)%00%(*objectname) [2ms]
2025-05-25 10:46:09.470 [info] > git status -z -uall [74ms]
2025-05-25 10:46:14.483 [info] > git config --get commit.template [3ms]
2025-05-25 10:46:14.484 [info] > git for-each-ref --format=%(refname)%00%(upstream:short)%00%(objectname)%00%(upstream:track)%00%(upstream:remotename)%00%(upstream:remoteref) refs/heads/main refs/remotes/main [2ms]
2025-05-25 10:46:14.492 [info] > git for-each-ref --sort -committerdate --format %(refname)%00%(objectname)%00%(*objectname) [2ms]
2025-05-25 10:46:14.558 [info] > git status -z -uall [71ms]
2025-05-25 10:46:19.572 [info] > git config --get commit.template [4ms]
2025-05-25 10:46:19.572 [info] > git for-each-ref --format=%(refname)%00%(upstream:short)%00%(objectname)%00%(upstream:track)%00%(upstream:remotename)%00%(upstream:remoteref) refs/heads/main refs/remotes/main [1ms]
2025-05-25 10:46:19.580 [info] > git for-each-ref --sort -committerdate --format %(refname)%00%(objectname)%00%(*objectname) [2ms]
2025-05-25 10:46:19.643 [info] > git status -z -uall [68ms]
2025-05-25 10:51:40.895 [info] > git config --get commit.template [4ms]
2025-05-25 10:51:40.896 [info] > git for-each-ref --format=%(refname)%00%(upstream:short)%00%(objectname)%00%(upstream:track)%00%(upstream:remotename)%00%(upstream:remoteref) refs/heads/main refs/remotes/main [2ms]
2025-05-25 10:51:40.904 [info] > git for-each-ref --sort -committerdate --format %(refname)%00%(objectname)%00%(*objectname) [2ms]
2025-05-25 10:51:40.965 [info] > git status -z -uall [66ms]
2025-05-25 10:51:45.980 [info] > git config --get commit.template [3ms]
2025-05-25 10:51:45.981 [info] > git for-each-ref --format=%(refname)%00%(upstream:short)%00%(objectname)%00%(upstream:track)%00%(upstream:remotename)%00%(upstream:remoteref) refs/heads/main refs/remotes/main [1ms]
2025-05-25 10:51:45.990 [info] > git for-each-ref --sort -committerdate --format %(refname)%00%(objectname)%00%(*objectname) [1ms]
2025-05-25 10:51:46.053 [info] > git status -z -uall [69ms]
2025-05-25 10:51:51.369 [info] > git config --get commit.template [1ms]
2025-05-25 10:51:51.374 [info] > git for-each-ref --format=%(refname)%00%(upstream:short)%00%(objectname)%00%(upstream:track)%00%(upstream:remotename)%00%(upstream:remoteref) refs/heads/main refs/remotes/main [1ms]
2025-05-25 10:51:51.383 [info] > git for-each-ref --sort -committerdate --format %(refname)%00%(objectname)%00%(*objectname) [2ms]
2025-05-25 10:51:51.445 [info] > git status -z -uall [67ms]
2025-05-25 10:51:56.459 [info] > git config --get commit.template [4ms]
2025-05-25 10:51:56.460 [info] > git for-each-ref --format=%(refname)%00%(upstream:short)%00%(objectname)%00%(upstream:track)%00%(upstream:remotename)%00%(upstream:remoteref) refs/heads/main refs/remotes/main [2ms]
2025-05-25 10:51:56.468 [info] > git for-each-ref --sort -committerdate --format %(refname)%00%(objectname)%00%(*objectname) [1ms]
2025-05-25 10:51:56.534 [info] > git status -z -uall [70ms]
2025-05-25 10:52:01.546 [info] > git config --get commit.template [1ms]
2025-05-25 10:52:01.551 [info] > git for-each-ref --format=%(refname)%00%(upstream:short)%00%(objectname)%00%(upstream:track)%00%(upstream:remotename)%00%(upstream:remoteref) refs/heads/main refs/remotes/main [2ms]
2025-05-25 10:52:01.563 [info] > git for-each-ref --sort -committerdate --format %(refname)%00%(objectname)%00%(*objectname) [4ms]
2025-05-25 10:52:01.627 [info] > git status -z -uall [71ms]
2025-05-25 10:52:06.640 [info] > git config --get commit.template [4ms]
2025-05-25 10:52:06.641 [info] > git for-each-ref --format=%(refname)%00%(upstream:short)%00%(objectname)%00%(upstream:track)%00%(upstream:remotename)%00%(upstream:remoteref) refs/heads/main refs/remotes/main [2ms]
2025-05-25 10:52:06.653 [info] > git for-each-ref --sort -committerdate --format %(refname)%00%(objectname)%00%(*objectname) [5ms]
2025-05-25 10:52:06.714 [info] > git status -z -uall [70ms]
2025-05-25 10:52:11.728 [info] > git for-each-ref --format=%(refname)%00%(upstream:short)%00%(objectname)%00%(upstream:track)%00%(upstream:remotename)%00%(upstream:remoteref) refs/heads/main refs/remotes/main [3ms]
2025-05-25 10:52:11.728 [info] > git config --get commit.template [6ms]
2025-05-25 10:52:11.736 [info] > git for-each-ref --sort -committerdate --format %(refname)%00%(objectname)%00%(*objectname) [2ms]
2025-05-25 10:52:11.807 [info] > git status -z -uall [76ms]
2025-05-25 10:55:53.550 [info] > git config --get commit.template [3ms]
2025-05-25 10:55:53.551 [info] > git for-each-ref --format=%(refname)%00%(upstream:short)%00%(objectname)%00%(upstream:track)%00%(upstream:remotename)%00%(upstream:remoteref) refs/heads/main refs/remotes/main [2ms]
2025-05-25 10:55:53.559 [info] > git for-each-ref --sort -committerdate --format %(refname)%00%(objectname)%00%(*objectname) [1ms]
2025-05-25 10:55:53.625 [info] > git status -z -uall [70ms]
2025-05-25 10:56:04.463 [info] > git config --get commit.template [3ms]
2025-05-25 10:56:04.464 [info] > git for-each-ref --format=%(refname)%00%(upstream:short)%00%(objectname)%00%(upstream:track)%00%(upstream:remotename)%00%(upstream:remoteref) refs/heads/main refs/remotes/main [2ms]
2025-05-25 10:56:04.473 [info] > git for-each-ref --sort -committerdate --format %(refname)%00%(objectname)%00%(*objectname) [2ms]
2025-05-25 10:56:04.538 [info] > git status -z -uall [69ms]
2025-05-25 10:56:09.551 [info] > git config --get commit.template [3ms]
2025-05-25 10:56:09.552 [info] > git for-each-ref --format=%(refname)%00%(upstream:short)%00%(objectname)%00%(upstream:track)%00%(upstream:remotename)%00%(upstream:remoteref) refs/heads/main refs/remotes/main [1ms]
2025-05-25 10:56:09.560 [info] > git for-each-ref --sort -committerdate --format %(refname)%00%(objectname)%00%(*objectname) [2ms]
2025-05-25 10:56:09.622 [info] > git status -z -uall [67ms]
2025-05-25 10:56:11.422 [info] > git show --textconv :dictionary/models.py [5ms]
2025-05-25 10:56:11.425 [info] > git ls-files --stage -- dictionary/models.py [5ms]
2025-05-25 10:56:11.429 [info] > git cat-file -s 56a58d2dcfe0c4ce45193d1ed632cc92a567c2d9 [1ms]
2025-05-25 10:56:14.635 [info] > git config --get commit.template [3ms]
2025-05-25 10:56:14.636 [info] > git for-each-ref --format=%(refname)%00%(upstream:short)%00%(objectname)%00%(upstream:track)%00%(upstream:remotename)%00%(upstream:remoteref) refs/heads/main refs/remotes/main [1ms]
2025-05-25 10:56:14.644 [info] > git for-each-ref --sort -committerdate --format %(refname)%00%(objectname)%00%(*objectname) [2ms]
2025-05-25 10:56:14.704 [info] > git status -z -uall [65ms]
2025-05-25 10:56:19.718 [info] > git config --get commit.template [5ms]
2025-05-25 10:56:19.718 [info] > git for-each-ref --format=%(refname)%00%(upstream:short)%00%(objectname)%00%(upstream:track)%00%(upstream:remotename)%00%(upstream:remoteref) refs/heads/main refs/remotes/main [1ms]
2025-05-25 10:56:19.740 [info] > git for-each-ref --sort -committerdate --format %(refname)%00%(objectname)%00%(*objectname) [14ms]
2025-05-25 10:56:19.795 [info] > git status -z -uall [73ms]
2025-05-25 10:56:22.119 [info] > git show --textconv :shop/admin.py [4ms]
2025-05-25 10:56:22.122 [info] > git ls-files --stage -- shop/admin.py [4ms]
2025-05-25 10:56:22.126 [info] > git cat-file -s 0c2c0fdddb529a4b50880f90bc8f77fd72760b96 [1ms]
2025-05-25 10:56:24.810 [info] > git config --get commit.template [3ms]
2025-05-25 10:56:24.812 [info] > git for-each-ref --format=%(refname)%00%(upstream:short)%00%(objectname)%00%(upstream:track)%00%(upstream:remotename)%00%(upstream:remoteref) refs/heads/main refs/remotes/main [3ms]
2025-05-25 10:56:24.820 [info] > git for-each-ref --sort -committerdate --format %(refname)%00%(objectname)%00%(*objectname) [1ms]
2025-05-25 10:56:24.881 [info] > git status -z -uall [66ms]
2025-05-25 10:56:29.896 [info] > git config --get commit.template [4ms]
2025-05-25 10:56:29.897 [info] > git for-each-ref --format=%(refname)%00%(upstream:short)%00%(objectname)%00%(upstream:track)%00%(upstream:remotename)%00%(upstream:remoteref) refs/heads/main refs/remotes/main [2ms]
2025-05-25 10:56:29.904 [info] > git for-each-ref --sort -committerdate --format %(refname)%00%(objectname)%00%(*objectname) [1ms]
2025-05-25 10:56:29.969 [info] > git status -z -uall [69ms]
2025-05-25 10:56:32.514 [info] > git show --textconv :dictionary/admin.py [5ms]
2025-05-25 10:56:32.516 [info] > git ls-files --stage -- dictionary/admin.py [4ms]
2025-05-25 10:56:32.520 [info] > git cat-file -s d0751bd3bf7ec9fcd9a632dcebf2565d570e8721 [1ms]
2025-05-25 10:56:34.983 [info] > git config --get commit.template [4ms]
2025-05-25 10:56:34.984 [info] > git for-each-ref --format=%(refname)%00%(upstream:short)%00%(objectname)%00%(upstream:track)%00%(upstream:remotename)%00%(upstream:remoteref) refs/heads/main refs/remotes/main [1ms]
2025-05-25 10:56:34.993 [info] > git for-each-ref --sort -committerdate --format %(refname)%00%(objectname)%00%(*objectname) [2ms]
2025-05-25 10:56:35.059 [info] > git status -z -uall [71ms]
2025-05-25 10:56:41.533 [info] > git config --get commit.template [3ms]
2025-05-25 10:56:41.534 [info] > git for-each-ref --format=%(refname)%00%(upstream:short)%00%(objectname)%00%(upstream:track)%00%(upstream:remotename)%00%(upstream:remoteref) refs/heads/main refs/remotes/main [1ms]
2025-05-25 10:56:41.542 [info] > git for-each-ref --sort -committerdate --format %(refname)%00%(objectname)%00%(*objectname) [1ms]
2025-05-25 10:56:41.606 [info] > git status -z -uall [69ms]
2025-05-25 10:56:46.617 [info] > git config --get commit.template [3ms]
2025-05-25 10:56:46.618 [info] > git for-each-ref --format=%(refname)%00%(upstream:short)%00%(objectname)%00%(upstream:track)%00%(upstream:remotename)%00%(upstream:remoteref) refs/heads/main refs/remotes/main [1ms]
2025-05-25 10:56:46.627 [info] > git for-each-ref --sort -committerdate --format %(refname)%00%(objectname)%00%(*objectname) [3ms]
2025-05-25 10:56:46.689 [info] > git status -z -uall [68ms]
2025-05-25 10:57:21.873 [info] > git config --get commit.template [1ms]
2025-05-25 10:57:21.877 [info] > git for-each-ref --format=%(refname)%00%(upstream:short)%00%(objectname)%00%(upstream:track)%00%(upstream:remotename)%00%(upstream:remoteref) refs/heads/main refs/remotes/main [1ms]
2025-05-25 10:57:21.885 [info] > git for-each-ref --sort -committerdate --format %(refname)%00%(objectname)%00%(*objectname) [1ms]
2025-05-25 10:57:21.949 [info] > git status -z -uall [68ms]
2025-05-25 10:57:29.388 [info] > git config --get commit.template [3ms]
2025-05-25 10:57:29.389 [info] > git for-each-ref --format=%(refname)%00%(upstream:short)%00%(objectname)%00%(upstream:track)%00%(upstream:remotename)%00%(upstream:remoteref) refs/heads/main refs/remotes/main [2ms]
2025-05-25 10:57:29.400 [info] > git for-each-ref --sort -committerdate --format %(refname)%00%(objectname)%00%(*objectname) [3ms]
2025-05-25 10:57:29.461 [info] > git status -z -uall [67ms]
2025-05-25 10:57:34.473 [info] > git config --get commit.template [2ms]
2025-05-25 10:57:34.478 [info] > git for-each-ref --format=%(refname)%00%(upstream:short)%00%(objectname)%00%(upstream:track)%00%(upstream:remotename)%00%(upstream:remoteref) refs/heads/main refs/remotes/main [1ms]
2025-05-25 10:57:34.486 [info] > git for-each-ref --sort -committerdate --format %(refname)%00%(objectname)%00%(*objectname) [2ms]
2025-05-25 10:57:34.549 [info] > git status -z -uall [68ms]
2025-05-25 10:57:39.562 [info] > git config --get commit.template [4ms]
2025-05-25 10:57:39.563 [info] > git for-each-ref --format=%(refname)%00%(upstream:short)%00%(objectname)%00%(upstream:track)%00%(upstream:remotename)%00%(upstream:remoteref) refs/heads/main refs/remotes/main [2ms]
2025-05-25 10:57:39.570 [info] > git for-each-ref --sort -committerdate --format %(refname)%00%(objectname)%00%(*objectname) [2ms]
2025-05-25 10:57:39.635 [info] > git status -z -uall [69ms]
2025-05-25 10:57:44.650 [info] > git config --get commit.template [4ms]
2025-05-25 10:57:44.650 [info] > git for-each-ref --format=%(refname)%00%(upstream:short)%00%(objectname)%00%(upstream:track)%00%(upstream:remotename)%00%(upstream:remoteref) refs/heads/main refs/remotes/main [1ms]
2025-05-25 10:57:44.659 [info] > git for-each-ref --sort -committerdate --format %(refname)%00%(objectname)%00%(*objectname) [1ms]
2025-05-25 10:57:44.733 [info] > git status -z -uall [78ms]
2025-05-25 10:57:49.745 [info] > git config --get commit.template [3ms]
2025-05-25 10:57:49.746 [info] > git for-each-ref --format=%(refname)%00%(upstream:short)%00%(objectname)%00%(upstream:track)%00%(upstream:remotename)%00%(upstream:remoteref) refs/heads/main refs/remotes/main [2ms]
2025-05-25 10:57:49.753 [info] > git for-each-ref --sort -committerdate --format %(refname)%00%(objectname)%00%(*objectname) [2ms]
2025-05-25 10:57:49.816 [info] > git status -z -uall [67ms]
2025-05-25 10:57:54.828 [info] > git config --get commit.template [3ms]
2025-05-25 10:57:54.829 [info] > git for-each-ref --format=%(refname)%00%(upstream:short)%00%(objectname)%00%(upstream:track)%00%(upstream:remotename)%00%(upstream:remoteref) refs/heads/main refs/remotes/main [2ms]
2025-05-25 10:57:54.840 [info] > git for-each-ref --sort -committerdate --format %(refname)%00%(objectname)%00%(*objectname) [1ms]
2025-05-25 10:57:54.904 [info] > git status -z -uall [72ms]
2025-05-25 10:57:59.916 [info] > git config --get commit.template [3ms]
2025-05-25 10:57:59.917 [info] > git for-each-ref --format=%(refname)%00%(upstream:short)%00%(objectname)%00%(upstream:track)%00%(upstream:remotename)%00%(upstream:remoteref) refs/heads/main refs/remotes/main [1ms]
2025-05-25 10:57:59.927 [info] > git for-each-ref --sort -committerdate --format %(refname)%00%(objectname)%00%(*objectname) [4ms]
2025-05-25 10:57:59.987 [info] > git status -z -uall [67ms]
2025-05-25 10:58:05.000 [info] > git config --get commit.template [3ms]
2025-05-25 10:58:05.000 [info] > git for-each-ref --format=%(refname)%00%(upstream:short)%00%(objectname)%00%(upstream:track)%00%(upstream:remotename)%00%(upstream:remoteref) refs/heads/main refs/remotes/main [1ms]
2025-05-25 10:58:05.008 [info] > git for-each-ref --sort -committerdate --format %(refname)%00%(objectname)%00%(*objectname) [2ms]
2025-05-25 10:58:05.073 [info] > git status -z -uall [70ms]
2025-05-25 10:58:10.084 [info] > git config --get commit.template [3ms]
2025-05-25 10:58:10.085 [info] > git for-each-ref --format=%(refname)%00%(upstream:short)%00%(objectname)%00%(upstream:track)%00%(upstream:remotename)%00%(upstream:remoteref) refs/heads/main refs/remotes/main [1ms]
2025-05-25 10:58:10.092 [info] > git for-each-ref --sort -committerdate --format %(refname)%00%(objectname)%00%(*objectname) [1ms]
2025-05-25 10:58:10.155 [info] > git status -z -uall [67ms]
2025-05-25 10:58:26.087 [info] > git config --get commit.template [3ms]
2025-05-25 10:58:26.088 [info] > git for-each-ref --format=%(refname)%00%(upstream:short)%00%(objectname)%00%(upstream:track)%00%(upstream:remotename)%00%(upstream:remoteref) refs/heads/main refs/remotes/main [1ms]
2025-05-25 10:58:26.095 [info] > git for-each-ref --sort -committerdate --format %(refname)%00%(objectname)%00%(*objectname) [1ms]
2025-05-25 10:58:26.159 [info] > git status -z -uall [67ms]
2025-05-25 10:58:35.378 [info] > git config --get commit.template [4ms]
2025-05-25 10:58:35.380 [info] > git for-each-ref --format=%(refname)%00%(upstream:short)%00%(objectname)%00%(upstream:track)%00%(upstream:remotename)%00%(upstream:remoteref) refs/heads/main refs/remotes/main [3ms]
2025-05-25 10:58:35.389 [info] > git for-each-ref --sort -committerdate --format %(refname)%00%(objectname)%00%(*objectname) [3ms]
2025-05-25 10:58:35.452 [info] > git status -z -uall [69ms]
2025-05-25 10:58:40.465 [info] > git config --get commit.template [3ms]
2025-05-25 10:58:40.466 [info] > git for-each-ref --format=%(refname)%00%(upstream:short)%00%(objectname)%00%(upstream:track)%00%(upstream:remotename)%00%(upstream:remoteref) refs/heads/main refs/remotes/main [1ms]
2025-05-25 10:58:40.474 [info] > git for-each-ref --sort -committerdate --format %(refname)%00%(objectname)%00%(*objectname) [2ms]
2025-05-25 10:58:40.538 [info] > git status -z -uall [69ms]
2025-05-25 10:58:45.550 [info] > git config --get commit.template [3ms]
2025-05-25 10:58:45.551 [info] > git for-each-ref --format=%(refname)%00%(upstream:short)%00%(objectname)%00%(upstream:track)%00%(upstream:remotename)%00%(upstream:remoteref) refs/heads/main refs/remotes/main [1ms]
2025-05-25 10:58:45.558 [info] > git for-each-ref --sort -committerdate --format %(refname)%00%(objectname)%00%(*objectname) [1ms]
2025-05-25 10:58:45.623 [info] > git status -z -uall [69ms]
2025-05-25 10:58:50.636 [info] > git config --get commit.template [4ms]
2025-05-25 10:58:50.637 [info] > git for-each-ref --format=%(refname)%00%(upstream:short)%00%(objectname)%00%(upstream:track)%00%(upstream:remotename)%00%(upstream:remoteref) refs/heads/main refs/remotes/main [1ms]
2025-05-25 10:58:50.646 [info] > git for-each-ref --sort -committerdate --format %(refname)%00%(objectname)%00%(*objectname) [3ms]
2025-05-25 10:58:50.710 [info] > git status -z -uall [69ms]
2025-05-25 10:58:55.748 [info] > git config --get commit.template [7ms]
2025-05-25 10:58:55.750 [info] > git for-each-ref --format=%(refname)%00%(upstream:short)%00%(objectname)%00%(upstream:track)%00%(upstream:remotename)%00%(upstream:remoteref) refs/heads/main refs/remotes/main [3ms]
2025-05-25 10:58:55.758 [info] > git for-each-ref --sort -committerdate --format %(refname)%00%(objectname)%00%(*objectname) [1ms]
2025-05-25 10:58:56.141 [info] > git status -z -uall [388ms]
2025-05-25 11:10:14.607 [info] > git config --get commit.template [2ms]
2025-05-25 11:10:14.611 [info] > git for-each-ref --format=%(refname)%00%(upstream:short)%00%(objectname)%00%(upstream:track)%00%(upstream:remotename)%00%(upstream:remoteref) refs/heads/main refs/remotes/main [1ms]
2025-05-25 11:10:14.621 [info] > git for-each-ref --sort -committerdate --format %(refname)%00%(objectname)%00%(*objectname) [3ms]
2025-05-25 11:10:14.684 [info] > git status -z -uall [69ms]
2025-05-25 11:10:28.875 [info] > git config --get commit.template [1ms]
2025-05-25 11:10:28.879 [info] > git for-each-ref --format=%(refname)%00%(upstream:short)%00%(objectname)%00%(upstream:track)%00%(upstream:remotename)%00%(upstream:remoteref) refs/heads/main refs/remotes/main [1ms]
2025-05-25 11:10:28.887 [info] > git for-each-ref --sort -committerdate --format %(refname)%00%(objectname)%00%(*objectname) [1ms]
2025-05-25 11:10:28.951 [info] > git status -z -uall [68ms]
2025-05-25 11:10:33.966 [info] > git config --get commit.template [4ms]
2025-05-25 11:10:33.967 [info] > git for-each-ref --format=%(refname)%00%(upstream:short)%00%(objectname)%00%(upstream:track)%00%(upstream:remotename)%00%(upstream:remoteref) refs/heads/main refs/remotes/main [1ms]
2025-05-25 11:10:33.974 [info] > git for-each-ref --sort -committerdate --format %(refname)%00%(objectname)%00%(*objectname) [2ms]
2025-05-25 11:10:34.037 [info] > git status -z -uall [67ms]
2025-05-25 11:10:39.053 [info] > git for-each-ref --format=%(refname)%00%(upstream:short)%00%(objectname)%00%(upstream:track)%00%(upstream:remotename)%00%(upstream:remoteref) refs/heads/main refs/remotes/main [0ms]
2025-05-25 11:10:39.054 [info] > git config --get commit.template [6ms]
2025-05-25 11:10:39.063 [info] > git for-each-ref --sort -committerdate --format %(refname)%00%(objectname)%00%(*objectname) [3ms]
2025-05-25 11:10:39.335 [info] > git status -z -uall [277ms]
2025-05-25 11:10:44.355 [info] > git config --get commit.template [7ms]
2025-05-25 11:10:44.356 [info] > git for-each-ref --format=%(refname)%00%(upstream:short)%00%(objectname)%00%(upstream:track)%00%(upstream:remotename)%00%(upstream:remoteref) refs/heads/main refs/remotes/main [1ms]
2025-05-25 11:10:44.458 [info] > git for-each-ref --sort -committerdate --format %(refname)%00%(objectname)%00%(*objectname) [8ms]
2025-05-25 11:10:44.666 [info] > git status -z -uall [303ms]
2025-05-25 11:12:41.035 [info] > git config --get commit.template [4ms]
2025-05-25 11:12:41.036 [info] > git for-each-ref --format=%(refname)%00%(upstream:short)%00%(objectname)%00%(upstream:track)%00%(upstream:remotename)%00%(upstream:remoteref) refs/heads/main refs/remotes/main [2ms]
2025-05-25 11:12:41.045 [info] > git for-each-ref --sort -committerdate --format %(refname)%00%(objectname)%00%(*objectname) [3ms]
2025-05-25 11:12:41.108 [info] > git status -z -uall [68ms]
2025-05-25 11:12:46.124 [info] > git config --get commit.template [4ms]
2025-05-25 11:12:46.125 [info] > git for-each-ref --format=%(refname)%00%(upstream:short)%00%(objectname)%00%(upstream:track)%00%(upstream:remotename)%00%(upstream:remoteref) refs/heads/main refs/remotes/main [2ms]
2025-05-25 11:12:46.135 [info] > git for-each-ref --sort -committerdate --format %(refname)%00%(objectname)%00%(*objectname) [2ms]
2025-05-25 11:12:46.200 [info] > git status -z -uall [71ms]
2025-05-25 11:12:51.211 [info] > git config --get commit.template [2ms]
2025-05-25 11:12:51.215 [info] > git for-each-ref --format=%(refname)%00%(upstream:short)%00%(objectname)%00%(upstream:track)%00%(upstream:remotename)%00%(upstream:remoteref) refs/heads/main refs/remotes/main [2ms]
2025-05-25 11:12:51.223 [info] > git for-each-ref --sort -committerdate --format %(refname)%00%(objectname)%00%(*objectname) [2ms]
2025-05-25 11:12:51.285 [info] > git status -z -uall [67ms]
2025-05-25 11:12:56.295 [info] > git config --get commit.template [4ms]
2025-05-25 11:12:56.296 [info] > git for-each-ref --format=%(refname)%00%(upstream:short)%00%(objectname)%00%(upstream:track)%00%(upstream:remotename)%00%(upstream:remoteref) refs/heads/main refs/remotes/main [2ms]
2025-05-25 11:12:56.304 [info] > git for-each-ref --sort -committerdate --format %(refname)%00%(objectname)%00%(*objectname) [2ms]
2025-05-25 11:12:56.369 [info] > git status -z -uall [70ms]
2025-05-25 11:13:01.380 [info] > git config --get commit.template [4ms]
2025-05-25 11:13:01.381 [info] > git for-each-ref --format=%(refname)%00%(upstream:short)%00%(objectname)%00%(upstream:track)%00%(upstream:remotename)%00%(upstream:remoteref) refs/heads/main refs/remotes/main [1ms]
2025-05-25 11:13:01.390 [info] > git for-each-ref --sort -committerdate --format %(refname)%00%(objectname)%00%(*objectname) [3ms]
2025-05-25 11:13:01.452 [info] > git status -z -uall [68ms]
2025-05-25 11:13:06.464 [info] > git config --get commit.template [2ms]
2025-05-25 11:13:06.469 [info] > git for-each-ref --format=%(refname)%00%(upstream:short)%00%(objectname)%00%(upstream:track)%00%(upstream:remotename)%00%(upstream:remoteref) refs/heads/main refs/remotes/main [2ms]
2025-05-25 11:13:06.476 [info] > git for-each-ref --sort -committerdate --format %(refname)%00%(objectname)%00%(*objectname) [2ms]
2025-05-25 11:13:06.539 [info] > git status -z -uall [66ms]
2025-05-25 11:13:11.551 [info] > git config --get commit.template [4ms]
2025-05-25 11:13:11.553 [info] > git for-each-ref --format=%(refname)%00%(upstream:short)%00%(objectname)%00%(upstream:track)%00%(upstream:remotename)%00%(upstream:remoteref) refs/heads/main refs/remotes/main [3ms]
2025-05-25 11:13:11.561 [info] > git for-each-ref --sort -committerdate --format %(refname)%00%(objectname)%00%(*objectname) [1ms]
2025-05-25 11:13:11.636 [info] > git status -z -uall [79ms]
2025-05-25 11:13:16.649 [info] > git config --get commit.template [4ms]
2025-05-25 11:13:16.649 [info] > git for-each-ref --format=%(refname)%00%(upstream:short)%00%(objectname)%00%(upstream:track)%00%(upstream:remotename)%00%(upstream:remoteref) refs/heads/main refs/remotes/main [1ms]
2025-05-25 11:13:16.656 [info] > git for-each-ref --sort -committerdate --format %(refname)%00%(objectname)%00%(*objectname) [1ms]
2025-05-25 11:13:16.723 [info] > git status -z -uall [71ms]
2025-05-25 11:13:21.734 [info] > git config --get commit.template [3ms]
2025-05-25 11:13:21.735 [info] > git for-each-ref --format=%(refname)%00%(upstream:short)%00%(objectname)%00%(upstream:track)%00%(upstream:remotename)%00%(upstream:remoteref) refs/heads/main refs/remotes/main [1ms]
2025-05-25 11:13:21.743 [info] > git for-each-ref --sort -committerdate --format %(refname)%00%(objectname)%00%(*objectname) [2ms]
2025-05-25 11:13:21.806 [info] > git status -z -uall [68ms]
2025-05-25 11:13:26.819 [info] > git config --get commit.template [4ms]
2025-05-25 11:13:26.821 [info] > git for-each-ref --format=%(refname)%00%(upstream:short)%00%(objectname)%00%(upstream:track)%00%(upstream:remotename)%00%(upstream:remoteref) refs/heads/main refs/remotes/main [3ms]
2025-05-25 11:13:26.830 [info] > git for-each-ref --sort -committerdate --format %(refname)%00%(objectname)%00%(*objectname) [3ms]
2025-05-25 11:13:26.891 [info] > git status -z -uall [66ms]
2025-05-25 11:13:31.904 [info] > git config --get commit.template [4ms]
2025-05-25 11:13:31.905 [info] > git for-each-ref --format=%(refname)%00%(upstream:short)%00%(objectname)%00%(upstream:track)%00%(upstream:remotename)%00%(upstream:remoteref) refs/heads/main refs/remotes/main [2ms]
2025-05-25 11:13:31.912 [info] > git for-each-ref --sort -committerdate --format %(refname)%00%(objectname)%00%(*objectname) [2ms]
2025-05-25 11:13:31.976 [info] > git status -z -uall [68ms]
2025-05-25 11:13:36.989 [info] > git config --get commit.template [4ms]
2025-05-25 11:13:36.990 [info] > git for-each-ref --format=%(refname)%00%(upstream:short)%00%(objectname)%00%(upstream:track)%00%(upstream:remotename)%00%(upstream:remoteref) refs/heads/main refs/remotes/main [2ms]
2025-05-25 11:13:36.998 [info] > git for-each-ref --sort -committerdate --format %(refname)%00%(objectname)%00%(*objectname) [2ms]
2025-05-25 11:13:37.064 [info] > git status -z -uall [71ms]
2025-05-25 11:13:44.249 [info] > git config --get commit.template [1ms]
2025-05-25 11:13:44.253 [info] > git for-each-ref --format=%(refname)%00%(upstream:short)%00%(objectname)%00%(upstream:track)%00%(upstream:remotename)%00%(upstream:remoteref) refs/heads/main refs/remotes/main [1ms]
2025-05-25 11:13:44.264 [info] > git for-each-ref --sort -committerdate --format %(refname)%00%(objectname)%00%(*objectname) [3ms]
2025-05-25 11:13:44.329 [info] > git status -z -uall [72ms]
2025-05-25 11:14:03.171 [info] > git config --get commit.template [5ms]
2025-05-25 11:14:03.172 [info] > git for-each-ref --format=%(refname)%00%(upstream:short)%00%(objectname)%00%(upstream:track)%00%(upstream:remotename)%00%(upstream:remoteref) refs/heads/main refs/remotes/main [2ms]
2025-05-25 11:14:03.181 [info] > git for-each-ref --sort -committerdate --format %(refname)%00%(objectname)%00%(*objectname) [1ms]
2025-05-25 11:14:03.249 [info] > git status -z -uall [74ms]
2025-05-25 11:14:08.265 [info] > git config --get commit.template [5ms]
2025-05-25 11:14:08.265 [info] > git for-each-ref --format=%(refname)%00%(upstream:short)%00%(objectname)%00%(upstream:track)%00%(upstream:remotename)%00%(upstream:remoteref) refs/heads/main refs/remotes/main [1ms]
2025-05-25 11:14:08.274 [info] > git for-each-ref --sort -committerdate --format %(refname)%00%(objectname)%00%(*objectname) [2ms]
2025-05-25 11:14:08.446 [info] > git status -z -uall [177ms]
2025-05-25 11:14:13.459 [info] > git config --get commit.template [3ms]
2025-05-25 11:14:13.460 [info] > git for-each-ref --format=%(refname)%00%(upstream:short)%00%(objectname)%00%(upstream:track)%00%(upstream:remotename)%00%(upstream:remoteref) refs/heads/main refs/remotes/main [1ms]
2025-05-25 11:14:13.470 [info] > git for-each-ref --sort -committerdate --format %(refname)%00%(objectname)%00%(*objectname) [2ms]
2025-05-25 11:14:13.534 [info] > git status -z -uall [68ms]
2025-05-25 11:14:18.576 [info] > git config --get commit.template [4ms]
2025-05-25 11:14:18.576 [info] > git for-each-ref --format=%(refname)%00%(upstream:short)%00%(objectname)%00%(upstream:track)%00%(upstream:remotename)%00%(upstream:remoteref) refs/heads/main refs/remotes/main [1ms]
2025-05-25 11:14:18.585 [info] > git for-each-ref --sort -committerdate --format %(refname)%00%(objectname)%00%(*objectname) [1ms]
2025-05-25 11:14:18.887 [info] > git status -z -uall [307ms]
2025-05-25 11:14:23.975 [info] > git config --get commit.template [3ms]
2025-05-25 11:14:23.977 [info] > git for-each-ref --format=%(refname)%00%(upstream:short)%00%(objectname)%00%(upstream:track)%00%(upstream:remotename)%00%(upstream:remoteref) refs/heads/main refs/remotes/main [2ms]
2025-05-25 11:14:23.984 [info] > git for-each-ref --sort -committerdate --format %(refname)%00%(objectname)%00%(*objectname) [1ms]
2025-05-25 11:14:24.049 [info] > git status -z -uall [69ms]
2025-05-25 11:14:30.378 [info] > git config --get commit.template [4ms]
2025-05-25 11:14:30.379 [info] > git for-each-ref --format=%(refname)%00%(upstream:short)%00%(objectname)%00%(upstream:track)%00%(upstream:remotename)%00%(upstream:remoteref) refs/heads/main refs/remotes/main [1ms]
2025-05-25 11:14:30.390 [info] > git for-each-ref --sort -committerdate --format %(refname)%00%(objectname)%00%(*objectname) [2ms]
2025-05-25 11:14:30.452 [info] > git status -z -uall [68ms]
2025-05-25 11:14:35.464 [info] > git config --get commit.template [4ms]
2025-05-25 11:14:35.464 [info] > git for-each-ref --format=%(refname)%00%(upstream:short)%00%(objectname)%00%(upstream:track)%00%(upstream:remotename)%00%(upstream:remoteref) refs/heads/main refs/remotes/main [1ms]
2025-05-25 11:14:35.472 [info] > git for-each-ref --sort -committerdate --format %(refname)%00%(objectname)%00%(*objectname) [1ms]
2025-05-25 11:14:35.538 [info] > git status -z -uall [70ms]
2025-05-25 11:14:40.553 [info] > git config --get commit.template [4ms]
2025-05-25 11:14:40.554 [info] > git for-each-ref --format=%(refname)%00%(upstream:short)%00%(objectname)%00%(upstream:track)%00%(upstream:remotename)%00%(upstream:remoteref) refs/heads/main refs/remotes/main [1ms]
2025-05-25 11:14:40.578 [info] > git for-each-ref --sort -committerdate --format %(refname)%00%(objectname)%00%(*objectname) [16ms]
2025-05-25 11:14:40.632 [info] > git status -z -uall [75ms]
2025-05-25 11:16:00.760 [info] > git config --get commit.template [5ms]
2025-05-25 11:16:00.761 [info] > git for-each-ref --format=%(refname)%00%(upstream:short)%00%(objectname)%00%(upstream:track)%00%(upstream:remotename)%00%(upstream:remoteref) refs/heads/main refs/remotes/main [2ms]
2025-05-25 11:16:00.770 [info] > git for-each-ref --sort -committerdate --format %(refname)%00%(objectname)%00%(*objectname) [2ms]
2025-05-25 11:16:00.833 [info] > git status -z -uall [69ms]
2025-05-25 11:16:07.109 [info] > git config --get commit.template [3ms]
2025-05-25 11:16:07.110 [info] > git for-each-ref --format=%(refname)%00%(upstream:short)%00%(objectname)%00%(upstream:track)%00%(upstream:remotename)%00%(upstream:remoteref) refs/heads/main refs/remotes/main [2ms]
2025-05-25 11:16:07.121 [info] > git for-each-ref --sort -committerdate --format %(refname)%00%(objectname)%00%(*objectname) [3ms]
2025-05-25 11:16:07.187 [info] > git status -z -uall [73ms]
2025-05-25 11:16:08.812 [info] > git check-ignore -v -z --stdin [7ms]
2025-05-25 11:16:09.826 [info] > git show --textconv :pricing/admin.py [5ms]
2025-05-25 11:16:09.829 [info] > git ls-files --stage -- pricing/admin.py [5ms]
2025-05-25 11:16:09.834 [info] > git cat-file -s 73585072ac7d7b615bb89714ba258ab53eceaa6e [2ms]
2025-05-25 11:16:12.202 [info] > git config --get commit.template [3ms]
2025-05-25 11:16:12.203 [info] > git for-each-ref --format=%(refname)%00%(upstream:short)%00%(objectname)%00%(upstream:track)%00%(upstream:remotename)%00%(upstream:remoteref) refs/heads/main refs/remotes/main [2ms]
2025-05-25 11:16:12.211 [info] > git for-each-ref --sort -committerdate --format %(refname)%00%(objectname)%00%(*objectname) [2ms]
2025-05-25 11:16:12.279 [info] > git status -z -uall [73ms]
2025-05-25 11:16:17.293 [info] > git config --get commit.template [3ms]
2025-05-25 11:16:17.293 [info] > git for-each-ref --format=%(refname)%00%(upstream:short)%00%(objectname)%00%(upstream:track)%00%(upstream:remotename)%00%(upstream:remoteref) refs/heads/main refs/remotes/main [1ms]
2025-05-25 11:16:17.303 [info] > git for-each-ref --sort -committerdate --format %(refname)%00%(objectname)%00%(*objectname) [2ms]
2025-05-25 11:16:17.369 [info] > git status -z -uall [73ms]
2025-05-25 11:16:22.381 [info] > git config --get commit.template [3ms]
2025-05-25 11:16:22.382 [info] > git for-each-ref --format=%(refname)%00%(upstream:short)%00%(objectname)%00%(upstream:track)%00%(upstream:remotename)%00%(upstream:remoteref) refs/heads/main refs/remotes/main [2ms]
2025-05-25 11:16:22.389 [info] > git for-each-ref --sort -committerdate --format %(refname)%00%(objectname)%00%(*objectname) [2ms]
2025-05-25 11:16:22.454 [info] > git status -z -uall [69ms]
2025-05-25 11:16:27.465 [info] > git config --get commit.template [3ms]
2025-05-25 11:16:27.465 [info] > git for-each-ref --format=%(refname)%00%(upstream:short)%00%(objectname)%00%(upstream:track)%00%(upstream:remotename)%00%(upstream:remoteref) refs/heads/main refs/remotes/main [1ms]
2025-05-25 11:16:27.472 [info] > git for-each-ref --sort -committerdate --format %(refname)%00%(objectname)%00%(*objectname) [1ms]
2025-05-25 11:16:27.536 [info] > git status -z -uall [68ms]
2025-05-25 11:16:32.548 [info] > git config --get commit.template [3ms]
2025-05-25 11:16:32.558 [info] > git for-each-ref --format=%(refname)%00%(upstream:short)%00%(objectname)%00%(upstream:track)%00%(upstream:remotename)%00%(upstream:remoteref) refs/heads/main refs/remotes/main [1ms]
2025-05-25 11:16:32.591 [info] > git for-each-ref --sort -committerdate --format %(refname)%00%(objectname)%00%(*objectname) [2ms]
2025-05-25 11:16:32.662 [info] > git status -z -uall [99ms]
2025-05-25 11:16:36.447 [info] > git blame --root --incremental 2a40544379317ec8017f80004746fb774a942d6f -- pricing/admin.py [3ms]
2025-05-25 11:16:37.674 [info] > git config --get commit.template [3ms]
2025-05-25 11:16:37.675 [info] > git for-each-ref --format=%(refname)%00%(upstream:short)%00%(objectname)%00%(upstream:track)%00%(upstream:remotename)%00%(upstream:remoteref) refs/heads/main refs/remotes/main [1ms]
2025-05-25 11:16:37.682 [info] > git for-each-ref --sort -committerdate --format %(refname)%00%(objectname)%00%(*objectname) [2ms]
2025-05-25 11:16:37.746 [info] > git status -z -uall [68ms]
2025-05-25 11:22:20.527 [info] > git config --get commit.template [4ms]
2025-05-25 11:22:20.528 [info] > git for-each-ref --format=%(refname)%00%(upstream:short)%00%(objectname)%00%(upstream:track)%00%(upstream:remotename)%00%(upstream:remoteref) refs/heads/main refs/remotes/main [2ms]
2025-05-25 11:22:20.544 [info] > git for-each-ref --sort -committerdate --format %(refname)%00%(objectname)%00%(*objectname) [3ms]
2025-05-25 11:22:20.604 [info] > git status -z -uall [73ms]
2025-05-25 11:30:04.633 [info] > git config --get commit.template [3ms]
2025-05-25 11:30:04.634 [info] > git for-each-ref --format=%(refname)%00%(upstream:short)%00%(objectname)%00%(upstream:track)%00%(upstream:remotename)%00%(upstream:remoteref) refs/heads/main refs/remotes/main [1ms]
2025-05-25 11:30:04.641 [info] > git for-each-ref --sort -committerdate --format %(refname)%00%(objectname)%00%(*objectname) [1ms]
2025-05-25 11:30:04.707 [info] > git status -z -uall [70ms]
2025-05-25 11:30:09.737 [info] > git config --get commit.template [4ms]
2025-05-25 11:30:09.737 [info] > git for-each-ref --format=%(refname)%00%(upstream:short)%00%(objectname)%00%(upstream:track)%00%(upstream:remotename)%00%(upstream:remoteref) refs/heads/main refs/remotes/main [1ms]
2025-05-25 11:30:09.746 [info] > git for-each-ref --sort -committerdate --format %(refname)%00%(objectname)%00%(*objectname) [3ms]
2025-05-25 11:30:09.811 [info] > git status -z -uall [70ms]
2025-05-25 11:35:10.686 [info] > git config --get commit.template [3ms]
2025-05-25 11:35:10.688 [info] > git for-each-ref --format=%(refname)%00%(upstream:short)%00%(objectname)%00%(upstream:track)%00%(upstream:remotename)%00%(upstream:remoteref) refs/heads/main refs/remotes/main [1ms]
2025-05-25 11:35:10.696 [info] > git for-each-ref --sort -committerdate --format %(refname)%00%(objectname)%00%(*objectname) [3ms]
2025-05-25 11:35:10.762 [info] > git status -z -uall [71ms]
