2025-05-30 15:20:46.081 [info] [main] 로그 수준: Info
2025-05-30 15:20:46.081 [info] [main] "git"에서 찾은 git 유효성을 검사하는 중
2025-05-30 15:20:46.081 [info] [main] "2.34.1"에서 git "git"을(를) 사용하는 중
2025-05-30 15:20:46.081 [info] [Model][doInitialScan] Initial repository scan started
2025-05-30 15:20:46.081 [info] > git rev-parse --show-toplevel [1315ms]
2025-05-30 15:20:46.081 [info] > git rev-parse --git-dir --git-common-dir [893ms]
2025-05-30 15:20:46.081 [info] [Model][openRepository] Opened repository (path): /root
2025-05-30 15:20:46.081 [info] [Model][openRepository] Opened repository (real path): /root
2025-05-30 15:20:46.281 [info] > git config --get commit.template [203ms]
2025-05-30 15:20:46.979 [info] > git for-each-ref --format=%(refname)%00%(upstream:short)%00%(objectname)%00%(upstream:track)%00%(upstream:remotename)%00%(upstream:remoteref) refs/heads/main refs/remotes/main [599ms]
2025-05-30 15:20:47.294 [info] > git check-ignore -v -z --stdin [311ms]
2025-05-30 15:20:47.484 [info] > git for-each-ref --sort -committerdate --format %(refname)%00%(objectname)%00%(*objectname) [11ms]
2025-05-30 15:20:47.572 [info] > git rev-parse --show-toplevel [82ms]
2025-05-30 15:20:47.586 [info] > git rev-parse --show-toplevel [5ms]
2025-05-30 15:20:47.677 [info] > git rev-parse --show-toplevel [5ms]
2025-05-30 15:20:49.799 [info] > git status -z -uall [2422ms]
2025-05-30 15:20:49.977 [info] > git rev-parse --show-toplevel [2296ms]
2025-05-30 15:20:50.199 [info] > git for-each-ref --format=%(refname)%00%(upstream:short)%00%(objectname)%00%(upstream:track)%00%(upstream:remotename)%00%(upstream:remoteref) refs/heads/main refs/remotes/main [295ms]
2025-05-30 15:20:50.204 [info] > git rev-parse --show-toplevel [10ms]
2025-05-30 15:20:50.205 [info] > git config --get commit.template [14ms]
2025-05-30 15:20:50.278 [info] > git config --get --local branch.main.vscode-merge-base [75ms]
2025-05-30 15:20:50.278 [warning] [Git][config] git config failed: Failed to execute git
2025-05-30 15:20:50.576 [info] > git rev-parse --show-toplevel [299ms]
2025-05-30 15:20:50.582 [info] > git for-each-ref --format=%(refname)%00%(upstream:short)%00%(objectname)%00%(upstream:track)%00%(upstream:remotename)%00%(upstream:remoteref) refs/heads/main refs/remotes/main [297ms]
2025-05-30 15:20:50.583 [info] > git reflog main --grep-reflog=branch: Created from *. [302ms]
2025-05-30 15:20:50.589 [info] > git rev-parse --show-toplevel [10ms]
2025-05-30 15:20:50.684 [info] > git rev-parse --show-toplevel [91ms]
2025-05-30 15:20:50.684 [info] > git symbolic-ref --short refs/remotes/origin/HEAD [98ms]
2025-05-30 15:20:50.684 [info] fatal: ref refs/remotes/origin/HEAD is not a symbolic ref
2025-05-30 15:20:50.684 [warning] [Repository][getDefaultBranch] Failed to get default branch details: Failed to execute git.
2025-05-30 15:20:50.797 [info] > git merge-base refs/heads/main refs/remotes/origin/main [106ms]
2025-05-30 15:20:50.986 [info] > git diff --name-status -z --diff-filter=ADMR bf3f9957eca7950829b39d7ea34609b7f49fc1fa...refs/remotes/origin/main [183ms]
2025-05-30 15:20:50.987 [info] > git rev-parse --show-toplevel [192ms]
2025-05-30 15:20:50.988 [info] > git for-each-ref --sort -committerdate --format %(refname)%00%(objectname)%00%(*objectname) [282ms]
2025-05-30 15:20:50.994 [info] > git rev-parse --show-toplevel [1ms]
2025-05-30 15:20:51.403 [info] > git status -z -uall [702ms]
2025-05-30 15:20:51.403 [info] > git rev-parse --show-toplevel [401ms]
2025-05-30 15:20:51.494 [info] > git rev-parse --show-toplevel [14ms]
2025-05-30 15:20:51.504 [info] > git rev-parse --show-toplevel [2ms]
2025-05-30 15:20:51.796 [info] > git rev-parse --show-toplevel [217ms]
2025-05-30 15:20:51.891 [info] > git rev-parse --show-toplevel [8ms]
2025-05-30 15:20:51.981 [info] > git rev-parse --show-toplevel [79ms]
2025-05-30 15:20:52.297 [info] > git rev-parse --show-toplevel [305ms]
2025-05-30 15:20:52.385 [info] > git rev-parse --show-toplevel [5ms]
2025-05-30 15:20:52.387 [info] [Model][doInitialScan] Initial repository scan completed - repositories (1), closed repositories (0), parent repositories (0), unsafe repositories (0)
2025-05-30 15:20:52.496 [info] > git show --textconv :fetch_latti_cron.log [102ms]
2025-05-30 15:20:52.501 [info] > git ls-files --stage -- fetch_latti_cron.log [101ms]
2025-05-30 15:20:52.599 [info] > git cat-file -s a261638d8a6d7dd4aa502143cb055f5f90fdf2fb [8ms]
2025-05-30 15:20:53.001 [info] > git blame --root --incremental bf3f9957eca7950829b39d7ea34609b7f49fc1fa -- fetch_latti_cron.log [106ms]
2025-05-30 15:20:54.590 [info] > git config --get commit.template [93ms]
2025-05-30 15:20:54.600 [info] > git for-each-ref --format=%(refname)%00%(upstream:short)%00%(objectname)%00%(upstream:track)%00%(upstream:remotename)%00%(upstream:remoteref) refs/heads/main refs/remotes/main [3ms]
2025-05-30 15:20:55.392 [info] > git for-each-ref --sort -committerdate --format %(refname)%00%(objectname)%00%(*objectname) [692ms]
2025-05-30 15:20:55.990 [info] > git status -z -uall [1301ms]
2025-05-30 15:21:02.714 [info] > git check-ignore -v -z --stdin [395ms]
2025-05-30 15:21:02.715 [info] > git show --textconv :shop/api/latti/latti.py [302ms]
2025-05-30 15:21:02.715 [info] > git ls-files --stage -- shop/api/latti/latti.py [288ms]
2025-05-30 15:21:02.915 [info] > git cat-file -s e6b9a58eee6eadfbeb3b882d3bbf24fb5a948523 [196ms]
2025-05-30 15:21:07.026 [info] > git show --textconv :shop/management/commands/fetch_and_register_bini.py [97ms]
2025-05-30 15:21:07.036 [info] > git ls-files --stage -- shop/management/commands/fetch_and_register_bini.py [12ms]
2025-05-30 15:21:07.225 [info] > git cat-file -s 3a1c4f3bfce54cd08fd7091ad48d3fe56696daa7 [101ms]
2025-05-30 15:21:08.337 [info] > git show --textconv :shop/management/commands/fetch_and_register_cuccuini.py [202ms]
2025-05-30 15:21:08.338 [info] > git ls-files --stage -- shop/management/commands/fetch_and_register_cuccuini.py [199ms]
2025-05-30 15:21:08.436 [info] > git cat-file -s 8a70832a0b043aba26989589f8dc085da015865f [7ms]
2025-05-30 15:21:08.732 [info] > git show --textconv :shop/management/commands/fetch_and_register_minetti.py [102ms]
2025-05-30 15:21:08.737 [info] > git ls-files --stage -- shop/management/commands/fetch_and_register_minetti.py [9ms]
2025-05-30 15:21:08.741 [info] > git cat-file -s 3ff3b4516a9770fea9b27a9c2ef02771fcfc7463 [1ms]
2025-05-30 15:21:08.938 [info] > git blame --root --incremental bf3f9957eca7950829b39d7ea34609b7f49fc1fa -- shop/management/commands/fetch_and_register_minetti.py [10ms]
2025-05-30 15:21:24.878 [info] > git config --get commit.template [192ms]
2025-05-30 15:21:24.881 [info] > git for-each-ref --format=%(refname)%00%(upstream:short)%00%(objectname)%00%(upstream:track)%00%(upstream:remotename)%00%(upstream:remoteref) refs/heads/main refs/remotes/main [6ms]
2025-05-30 15:21:25.384 [info] > git for-each-ref --sort -committerdate --format %(refname)%00%(objectname)%00%(*objectname) [205ms]
2025-05-30 15:21:27.090 [info] > git status -z -uall [2203ms]
2025-05-30 15:21:28.686 [info] > git show --textconv :shop/management/commands/fetch_and_register_bini.py [189ms]
2025-05-30 15:21:28.887 [info] > git ls-files --stage -- shop/management/commands/fetch_and_register_bini.py [290ms]
2025-05-30 15:21:28.991 [info] > git cat-file -s 3a1c4f3bfce54cd08fd7091ad48d3fe56696daa7 [2ms]
2025-05-30 15:21:29.190 [info] > git blame --root --incremental bf3f9957eca7950829b39d7ea34609b7f49fc1fa -- shop/management/commands/fetch_and_register_bini.py [99ms]
2025-05-30 15:21:35.916 [info] > git config --get commit.template [1ms]
2025-05-30 15:21:35.921 [info] > git for-each-ref --format=%(refname)%00%(upstream:short)%00%(objectname)%00%(upstream:track)%00%(upstream:remotename)%00%(upstream:remoteref) refs/heads/main refs/remotes/main [2ms]
2025-05-30 15:21:36.010 [info] > git for-each-ref --sort -committerdate --format %(refname)%00%(objectname)%00%(*objectname) [3ms]
2025-05-30 15:21:36.321 [info] > git status -z -uall [318ms]
2025-05-30 15:21:41.413 [info] > git config --get commit.template [1ms]
2025-05-30 15:21:41.418 [info] > git for-each-ref --format=%(refname)%00%(upstream:short)%00%(objectname)%00%(upstream:track)%00%(upstream:remotename)%00%(upstream:remoteref) refs/heads/main refs/remotes/main [2ms]
2025-05-30 15:21:41.426 [info] > git for-each-ref --sort -committerdate --format %(refname)%00%(objectname)%00%(*objectname) [1ms]
2025-05-30 15:21:41.502 [info] > git status -z -uall [81ms]
2025-05-30 15:21:46.524 [info] > git config --get commit.template [4ms]
2025-05-30 15:21:46.524 [info] > git for-each-ref --format=%(refname)%00%(upstream:short)%00%(objectname)%00%(upstream:track)%00%(upstream:remotename)%00%(upstream:remoteref) refs/heads/main refs/remotes/main [1ms]
2025-05-30 15:21:46.536 [info] > git for-each-ref --sort -committerdate --format %(refname)%00%(objectname)%00%(*objectname) [5ms]
2025-05-30 15:21:46.605 [info] > git status -z -uall [77ms]
2025-05-30 15:21:51.625 [info] > git config --get commit.template [4ms]
2025-05-30 15:21:51.625 [info] > git for-each-ref --format=%(refname)%00%(upstream:short)%00%(objectname)%00%(upstream:track)%00%(upstream:remotename)%00%(upstream:remoteref) refs/heads/main refs/remotes/main [1ms]
2025-05-30 15:21:51.634 [info] > git for-each-ref --sort -committerdate --format %(refname)%00%(objectname)%00%(*objectname) [2ms]
2025-05-30 15:21:51.703 [info] > git status -z -uall [74ms]
2025-05-30 15:21:57.970 [info] > git config --get commit.template [5ms]
2025-05-30 15:21:57.970 [info] > git for-each-ref --format=%(refname)%00%(upstream:short)%00%(objectname)%00%(upstream:track)%00%(upstream:remotename)%00%(upstream:remoteref) refs/heads/main refs/remotes/main [2ms]
2025-05-30 15:21:57.981 [info] > git for-each-ref --sort -committerdate --format %(refname)%00%(objectname)%00%(*objectname) [2ms]
2025-05-30 15:21:58.058 [info] > git status -z -uall [83ms]
2025-05-30 15:22:03.080 [info] > git config --get commit.template [6ms]
2025-05-30 15:22:03.081 [info] > git for-each-ref --format=%(refname)%00%(upstream:short)%00%(objectname)%00%(upstream:track)%00%(upstream:remotename)%00%(upstream:remoteref) refs/heads/main refs/remotes/main [2ms]
2025-05-30 15:22:03.098 [info] > git for-each-ref --sort -committerdate --format %(refname)%00%(objectname)%00%(*objectname) [3ms]
2025-05-30 15:22:03.169 [info] > git status -z -uall [84ms]
2025-05-30 15:23:56.603 [info] > git config --get commit.template [6ms]
2025-05-30 15:23:56.604 [info] > git for-each-ref --format=%(refname)%00%(upstream:short)%00%(objectname)%00%(upstream:track)%00%(upstream:remotename)%00%(upstream:remoteref) refs/heads/main refs/remotes/main [3ms]
2025-05-30 15:23:56.614 [info] > git for-each-ref --sort -committerdate --format %(refname)%00%(objectname)%00%(*objectname) [2ms]
2025-05-30 15:23:56.687 [info] > git status -z -uall [79ms]
2025-05-30 15:30:17.571 [info] > git config --get commit.template [5ms]
2025-05-30 15:30:17.572 [info] > git for-each-ref --format=%(refname)%00%(upstream:short)%00%(objectname)%00%(upstream:track)%00%(upstream:remotename)%00%(upstream:remoteref) refs/heads/main refs/remotes/main [2ms]
2025-05-30 15:30:17.583 [info] > git for-each-ref --sort -committerdate --format %(refname)%00%(objectname)%00%(*objectname) [1ms]
2025-05-30 15:30:17.672 [info] > git status -z -uall [96ms]
2025-05-30 15:30:22.691 [info] > git config --get commit.template [5ms]
2025-05-30 15:30:22.692 [info] > git for-each-ref --format=%(refname)%00%(upstream:short)%00%(objectname)%00%(upstream:track)%00%(upstream:remotename)%00%(upstream:remoteref) refs/heads/main refs/remotes/main [2ms]
2025-05-30 15:30:22.701 [info] > git for-each-ref --sort -committerdate --format %(refname)%00%(objectname)%00%(*objectname) [2ms]
2025-05-30 15:30:22.779 [info] > git status -z -uall [83ms]
2025-05-30 15:30:25.377 [info] > git config --get commit.template [4ms]
2025-05-30 15:30:25.378 [info] > git for-each-ref --format=%(refname)%00%(upstream:short)%00%(objectname)%00%(upstream:track)%00%(upstream:remotename)%00%(upstream:remoteref) refs/heads/main refs/remotes/main [1ms]
2025-05-30 15:30:25.387 [info] > git for-each-ref --sort -committerdate --format %(refname)%00%(objectname)%00%(*objectname) [2ms]
2025-05-30 15:30:25.675 [info] > git status -z -uall [294ms]
2025-05-30 15:30:25.688 [info] > git merge-base refs/heads/main refs/remotes/origin/main [2ms]
2025-05-30 15:30:25.694 [info] > git diff --name-status -z --diff-filter=ADMR 59c40e053f66c8b85a4c2bb03c7ff10ed800bf06...refs/remotes/origin/main [3ms]
2025-05-30 15:30:27.794 [info] > git for-each-ref --format=%(refname)%00%(upstream:short)%00%(objectname)%00%(upstream:track)%00%(upstream:remotename)%00%(upstream:remoteref) refs/heads/main refs/remotes/main [2ms]
2025-05-30 15:30:27.795 [info] > git config --get commit.template [6ms]
2025-05-30 15:30:27.805 [info] > git for-each-ref --sort -committerdate --format %(refname)%00%(objectname)%00%(*objectname) [4ms]
2025-05-30 15:30:27.940 [info] > git status -z -uall [141ms]
2025-05-30 15:30:33.080 [info] > git show --textconv :shop/management/commands/fetch_and_register_bini.py [17ms]
2025-05-30 15:30:33.088 [info] > git ls-files --stage -- shop/management/commands/fetch_and_register_bini.py [10ms]
2025-05-30 15:30:33.104 [info] > git cat-file -s 97f35f4c062e3e4c3a9b0cad489d280bde9f4f46 [1ms]
2025-05-30 15:30:33.121 [info] > git blame --root --incremental 59c40e053f66c8b85a4c2bb03c7ff10ed800bf06 -- shop/management/commands/fetch_and_register_bini.py [5ms]
2025-05-30 15:30:33.998 [info] > git config --get commit.template [7ms]
2025-05-30 15:30:33.999 [info] > git for-each-ref --format=%(refname)%00%(upstream:short)%00%(objectname)%00%(upstream:track)%00%(upstream:remotename)%00%(upstream:remoteref) refs/heads/main refs/remotes/main [1ms]
2025-05-30 15:30:34.089 [info] > git for-each-ref --sort -committerdate --format %(refname)%00%(objectname)%00%(*objectname) [1ms]
2025-05-30 15:30:34.994 [info] > git status -z -uall [989ms]
2025-05-30 15:30:39.383 [info] > git check-ignore -v -z --stdin [8ms]
2025-05-30 15:30:40.220 [info] > git show --textconv :shop/api/atelier/convert_bini_products.py [5ms]
2025-05-30 15:30:40.231 [info] > git ls-files --stage -- shop/api/atelier/convert_bini_products.py [13ms]
2025-05-30 15:30:40.235 [info] > git cat-file -s 546d0e6ea790eff94eeb8f576cd465291e72663d [1ms]
2025-05-30 15:30:45.699 [info] > git blame --root --incremental 59c40e053f66c8b85a4c2bb03c7ff10ed800bf06 -- shop/api/atelier/convert_bini_products.py [8ms]
2025-05-30 15:30:48.209 [info] > git check-ignore -v -z --stdin [6ms]
2025-05-30 15:43:28.570 [info] > git config --get commit.template [5ms]
2025-05-30 15:43:28.571 [info] > git for-each-ref --format=%(refname)%00%(upstream:short)%00%(objectname)%00%(upstream:track)%00%(upstream:remotename)%00%(upstream:remoteref) refs/heads/main refs/remotes/main [1ms]
2025-05-30 15:43:28.596 [info] > git for-each-ref --sort -committerdate --format %(refname)%00%(objectname)%00%(*objectname) [4ms]
2025-05-30 15:43:28.727 [info] > git status -z -uall [150ms]
2025-05-30 15:45:34.510 [info] > git show --textconv :shop/api/atelier/convert_cuccuini_products.py [15ms]
2025-05-30 15:45:34.510 [info] > git ls-files --stage -- shop/api/atelier/convert_cuccuini_products.py [8ms]
2025-05-30 15:45:34.515 [info] > git cat-file -s 2a987d77e622fe7b35d688698950c244c90e2805 [1ms]
2025-05-30 15:45:35.504 [info] > git config --get commit.template [1ms]
2025-05-30 15:45:35.599 [info] > git for-each-ref --format=%(refname)%00%(upstream:short)%00%(objectname)%00%(upstream:track)%00%(upstream:remotename)%00%(upstream:remoteref) refs/heads/main refs/remotes/main [1ms]
2025-05-30 15:45:35.715 [info] > git for-each-ref --sort -committerdate --format %(refname)%00%(objectname)%00%(*objectname) [4ms]
2025-05-30 15:45:36.710 [info] > git status -z -uall [1107ms]
2025-05-30 19:40:42.470 [info] > git config --get commit.template [6ms]
2025-05-30 19:40:42.555 [info] > git ls-files --stage -- shop/api/atelier/convert_cuccuini_products.py [87ms]
2025-05-30 19:40:42.559 [info] > git for-each-ref --format=%(refname)%00%(upstream:short)%00%(objectname)%00%(upstream:track)%00%(upstream:remotename)%00%(upstream:remoteref) refs/heads/main refs/remotes/main [5ms]
2025-05-30 19:40:42.560 [info] > git cat-file -s 7a0efce11e09953ab5b71dfb16e632255d8d3457 [1ms]
2025-05-30 19:40:42.571 [info] > git for-each-ref --sort -committerdate --format %(refname)%00%(objectname)%00%(*objectname) [3ms]
2025-05-30 19:40:42.588 [info] > git show --textconv :shop/api/atelier/convert_cuccuini_products.py [6ms]
2025-05-30 19:40:43.776 [info] > git status -z -uall [1211ms]
2025-05-30 19:40:43.864 [info] > git merge-base refs/heads/main refs/remotes/origin/main [3ms]
2025-05-30 19:40:43.871 [info] > git diff --name-status -z --diff-filter=ADMR 2bd1c667d05f24906424577de66e315cc0b75426...refs/remotes/origin/main [3ms]
2025-05-30 19:40:44.461 [info] > git ls-files --stage -- shop/api/atelier/convert_cuccuini_products.py [82ms]
2025-05-30 19:40:44.466 [info] > git cat-file -s 7a0efce11e09953ab5b71dfb16e632255d8d3457 [1ms]
2025-05-30 19:40:44.567 [info] > git show --textconv :shop/api/atelier/convert_cuccuini_products.py [5ms]
2025-05-30 19:40:44.868 [info] > git check-ignore -v -z --stdin [7ms]
2025-05-30 19:40:45.461 [info] > git check-ignore -v -z --stdin [85ms]
2025-05-30 19:40:46.065 [info] > git ls-files --stage -- shop/api/atelier/convert_cuccuini_products.py [288ms]
2025-05-30 19:40:46.070 [info] > git cat-file -s 7a0efce11e09953ab5b71dfb16e632255d8d3457 [2ms]
2025-05-30 19:40:46.277 [info] > git show --textconv :shop/api/atelier/convert_cuccuini_products.py [111ms]
2025-05-30 19:40:48.973 [info] > git for-each-ref --format=%(refname)%00%(upstream:short)%00%(objectname)%00%(upstream:track)%00%(upstream:remotename)%00%(upstream:remoteref) refs/heads/main refs/remotes/main [87ms]
2025-05-30 19:40:48.975 [info] > git config --get commit.template [92ms]
2025-05-30 19:40:48.986 [info] > git for-each-ref --sort -committerdate --format %(refname)%00%(objectname)%00%(*objectname) [2ms]
2025-05-30 19:40:50.176 [info] > git status -z -uall [1196ms]
2025-05-30 19:40:50.273 [info] > git merge-base refs/heads/main refs/remotes/origin/main [87ms]
2025-05-30 19:40:50.576 [info] > git diff --name-status -z --diff-filter=ADMR 5707d73799d3c633f7c49dc7809baaee3902210b...refs/remotes/origin/main [299ms]
2025-05-30 19:40:51.184 [info] > git check-ignore -v -z --stdin [7ms]
2025-05-30 19:40:52.595 [info] > git check-ignore -v -z --stdin [7ms]
2025-05-30 19:40:55.279 [info] > git config --get commit.template [4ms]
2025-05-30 19:40:55.280 [info] > git for-each-ref --format=%(refname)%00%(upstream:short)%00%(objectname)%00%(upstream:track)%00%(upstream:remotename)%00%(upstream:remoteref) refs/heads/main refs/remotes/main [2ms]
2025-05-30 19:40:55.290 [info] > git for-each-ref --sort -committerdate --format %(refname)%00%(objectname)%00%(*objectname) [2ms]
2025-05-30 19:40:55.425 [info] > git status -z -uall [141ms]
2025-05-30 19:41:31.175 [info] > git config --get commit.template [6ms]
2025-05-30 19:41:31.176 [info] > git for-each-ref --format=%(refname)%00%(upstream:short)%00%(objectname)%00%(upstream:track)%00%(upstream:remotename)%00%(upstream:remoteref) refs/heads/main refs/remotes/main [3ms]
2025-05-30 19:41:31.191 [info] > git for-each-ref --sort -committerdate --format %(refname)%00%(objectname)%00%(*objectname) [6ms]
2025-05-30 19:41:31.335 [info] > git status -z -uall [154ms]
2025-05-30 19:41:32.168 [info] > git config --get commit.template [4ms]
2025-05-30 19:41:32.168 [info] > git for-each-ref --format=%(refname)%00%(upstream:short)%00%(objectname)%00%(upstream:track)%00%(upstream:remotename)%00%(upstream:remoteref) refs/heads/main refs/remotes/main [1ms]
2025-05-30 19:41:32.177 [info] > git for-each-ref --sort -committerdate --format %(refname)%00%(objectname)%00%(*objectname) [2ms]
2025-05-30 19:41:32.288 [info] > git ls-files --stage -- shop/api/atelier/convert_cuccuini_products.py [4ms]
2025-05-30 19:41:32.363 [info] > git cat-file -s 7a0efce11e09953ab5b71dfb16e632255d8d3457 [72ms]
2025-05-30 19:41:32.383 [info] > git show --textconv :shop/api/atelier/convert_cuccuini_products.py [5ms]
2025-05-30 19:41:32.585 [info] > git status -z -uall [413ms]
2025-05-30 19:41:49.375 [info] > git check-ignore -v -z --stdin [6ms]
2025-05-30 19:41:50.024 [info] > git show --textconv :shop/api/baseblu/basebiu.py [8ms]
2025-05-30 19:41:50.031 [info] > git ls-files --stage -- shop/api/baseblu/basebiu.py [8ms]
2025-05-30 19:41:50.036 [info] > git cat-file -s 0db456cfd8309ff1817de14c587c1d60fc2279c8 [2ms]
2025-05-30 19:41:51.005 [info] > git config --get commit.template [1ms]
2025-05-30 19:41:51.010 [info] > git for-each-ref --format=%(refname)%00%(upstream:short)%00%(objectname)%00%(upstream:track)%00%(upstream:remotename)%00%(upstream:remoteref) refs/heads/main refs/remotes/main [2ms]
2025-05-30 19:41:51.019 [info] > git for-each-ref --sort -committerdate --format %(refname)%00%(objectname)%00%(*objectname) [2ms]
2025-05-30 19:41:51.307 [info] > git status -z -uall [293ms]
2025-05-30 19:42:00.139 [info] > git blame --root --incremental 5707d73799d3c633f7c49dc7809baaee3902210b -- shop/api/baseblu/basebiu.py [2ms]
2025-05-30 19:42:12.537 [info] > git check-ignore -v -z --stdin [5ms]
2025-05-30 19:42:21.320 [info] > git show --textconv :명령어_전체정리.txt [5ms]
2025-05-30 19:42:21.323 [info] > git ls-files --stage -- 명령어_전체정리.txt [5ms]
2025-05-30 19:42:21.328 [info] > git cat-file -s fe70fc6fc827cd0df0700cf66e494b880dae332b [1ms]
2025-05-30 19:42:22.222 [info] > git config --get commit.template [5ms]
2025-05-30 19:42:22.223 [info] > git for-each-ref --format=%(refname)%00%(upstream:short)%00%(objectname)%00%(upstream:track)%00%(upstream:remotename)%00%(upstream:remoteref) refs/heads/main refs/remotes/main [2ms]
2025-05-30 19:42:22.240 [info] > git for-each-ref --sort -committerdate --format %(refname)%00%(objectname)%00%(*objectname) [3ms]
2025-05-30 19:42:22.373 [info] > git status -z -uall [147ms]
