2025-05-24 23:14:28.415 [info] (Client) Pylance async client (2025.5.1) started with python extension (2025.6.1)
2025-05-24 23:14:36.027 [info] [Info  - 11:14:35 PM] (38543) Server root directory: file:///root/.vscode-server/extensions/ms-python.vscode-pylance-2025.5.1/dist
2025-05-24 23:14:36.028 [info] [Info  - 11:14:36 PM] (38543) Pylance language server 2025.5.1 (pyright version 1.1.400, commit b962ffc2) starting
2025-05-24 23:14:36.028 [info] [Info  - 11:14:36 PM] (38543) Starting service instance "root" for workspace "/root"
2025-05-24 23:14:36.834 [info] [Info  - 11:14:36 PM] (38543) Setting environmentName for service "root": "3.10.12 (venv venv)"
2025-05-24 23:14:36.834 [info] [Info  - 11:14:36 PM] (38543) Setting pythonPath for service "root": "/root/venv/bin/python"
2025-05-24 23:14:36.835 [info] [Info  - 11:14:36 PM] (38543) No include entries specified; assuming /root
2025-05-24 23:14:36.835 [info] [Info  - 11:14:36 PM] (38543) Auto-excluding **/node_modules
2025-05-24 23:14:36.836 [info] [Info  - 11:14:36 PM] (38543) Auto-excluding **/__pycache__
2025-05-24 23:14:36.836 [info] [Info  - 11:14:36 PM] (38543) Auto-excluding **/.*
2025-05-24 23:14:36.936 [info] [Info  - 11:14:36 PM] (38543) Assuming Python version 3.10.12.final.0
2025-05-24 23:14:37.536 [info] [Info  - 11:14:37 PM] (38543) Auto-excluding /root/venv
2025-05-24 23:14:37.741 [info] [Info  - 11:14:37 PM] (38543) Found 106 source files
2025-05-24 23:14:38.036 [info] [Info  - 11:14:38 PM] (38543) Setting environmentName for service "root": "3.10.12 (venv venv)"
2025-05-24 23:14:38.036 [info] [Info  - 11:14:38 PM] (38543) Setting pythonPath for service "root": "/root/venv/bin/python"
2025-05-24 23:14:38.036 [info] [Info  - 11:14:38 PM] (38543) No include entries specified; assuming /root
2025-05-24 23:14:38.036 [info] [Info  - 11:14:38 PM] (38543) Auto-excluding **/node_modules
2025-05-24 23:14:38.036 [info] [Info  - 11:14:38 PM] (38543) Auto-excluding **/__pycache__
2025-05-24 23:14:38.036 [info] [Info  - 11:14:38 PM] (38543) Auto-excluding **/.*
2025-05-24 23:14:38.340 [info] [Info  - 11:14:38 PM] (38543) Assuming Python version 3.10.12.final.0
2025-05-24 23:14:39.044 [info] [Info  - 11:14:39 PM] (38543) Auto-excluding /root/venv
2025-05-24 23:14:39.144 [info] [Info  - 11:14:39 PM] (38543) Found 106 source files
2025-05-24 23:14:41.653 [info] [Info  - 11:14:41 PM] (38543) BG: Priority queue background worker(2) root directory: file:///root/.vscode-server/extensions/ms-python.vscode-pylance-2025.5.1/dist
2025-05-24 23:14:41.654 [info] [Info  - 11:14:41 PM] (38543) BG: Priority queue background worker(2) started
