2025-05-27 18:59:32.223 [info] [main] 로그 수준: Info
2025-05-27 18:59:32.223 [info] [main] "git"에서 찾은 git 유효성을 검사하는 중
2025-05-27 18:59:32.223 [info] [main] "2.34.1"에서 git "git"을(를) 사용하는 중
2025-05-27 18:59:32.223 [info] [Model][doInitialScan] Initial repository scan started
2025-05-27 18:59:32.223 [info] > git rev-parse --show-toplevel [97ms]
2025-05-27 18:59:32.304 [info] > git rev-parse --git-dir --git-common-dir [82ms]
2025-05-27 18:59:32.321 [info] [Model][openRepository] Opened repository (path): /root
2025-05-27 18:59:32.321 [info] [Model][openRepository] Opened repository (real path): /root
2025-05-27 18:59:32.806 [info] > git rev-parse --show-toplevel [396ms]
2025-05-27 18:59:32.807 [info] > git config --get commit.template [399ms]
2025-05-27 18:59:32.910 [info] > git for-each-ref --format=%(refname)%00%(upstream:short)%00%(objectname)%00%(upstream:track)%00%(upstream:remotename)%00%(upstream:remoteref) refs/heads/main refs/remotes/main [6ms]
2025-05-27 18:59:33.107 [info] > git for-each-ref --sort -committerdate --format %(refname)%00%(objectname)%00%(*objectname) [93ms]
2025-05-27 18:59:33.110 [info] > git rev-parse --show-toplevel [90ms]
2025-05-27 18:59:33.115 [info] > git rev-parse --show-toplevel [1ms]
2025-05-27 18:59:33.208 [info] > git rev-parse --show-toplevel [1ms]
2025-05-27 18:59:34.118 [info] > git status -z -uall [1201ms]
2025-05-27 18:59:34.118 [info] > git check-ignore -v -z --stdin [297ms]
2025-05-27 18:59:34.313 [info] > git rev-parse --show-toplevel [1101ms]
2025-05-27 18:59:34.608 [info] > git for-each-ref --format=%(refname)%00%(upstream:short)%00%(objectname)%00%(upstream:track)%00%(upstream:remotename)%00%(upstream:remoteref) refs/heads/main refs/remotes/main [300ms]
2025-05-27 18:59:34.616 [info] > git rev-parse --show-toplevel [95ms]
2025-05-27 18:59:34.616 [info] > git config --get commit.template [98ms]
2025-05-27 18:59:34.621 [info] > git config --get --local branch.main.vscode-merge-base [6ms]
2025-05-27 18:59:34.621 [warning] [Git][config] git config failed: Failed to execute git
2025-05-27 18:59:35.123 [info] > git reflog main --grep-reflog=branch: Created from *. [412ms]
2025-05-27 18:59:35.210 [info] > git rev-parse --show-toplevel [589ms]
2025-05-27 18:59:35.222 [info] > git for-each-ref --format=%(refname)%00%(upstream:short)%00%(objectname)%00%(upstream:track)%00%(upstream:remotename)%00%(upstream:remoteref) refs/heads/main refs/remotes/main [507ms]
2025-05-27 18:59:35.224 [info] > git rev-parse --show-toplevel [10ms]
2025-05-27 18:59:35.309 [info] > git symbolic-ref --short refs/remotes/origin/HEAD [100ms]
2025-05-27 18:59:35.309 [info] fatal: ref refs/remotes/origin/HEAD is not a symbolic ref
2025-05-27 18:59:35.309 [warning] [Repository][getDefaultBranch] Failed to get default branch details: Failed to execute git.
2025-05-27 18:59:35.419 [info] > git rev-parse --show-toplevel [101ms]
2025-05-27 18:59:35.419 [info] > git merge-base refs/heads/main refs/remotes/origin/main [105ms]
2025-05-27 18:59:35.711 [info] > git rev-parse --show-toplevel [101ms]
2025-05-27 18:59:35.712 [info] > git for-each-ref --sort -committerdate --format %(refname)%00%(objectname)%00%(*objectname) [191ms]
2025-05-27 18:59:35.713 [info] > git diff --name-status -z --diff-filter=ADMR 08693e488937b03342ee0e8892da8cd3b475ade0...refs/remotes/origin/main [290ms]
2025-05-27 18:59:35.814 [info] > git rev-parse --show-toplevel [97ms]
2025-05-27 18:59:35.911 [info] > git rev-parse --show-toplevel [91ms]
2025-05-27 18:59:36.522 [info] > git status -z -uall [1010ms]
2025-05-27 18:59:36.620 [info] > git rev-parse --show-toplevel [609ms]
2025-05-27 18:59:36.920 [info] > git rev-parse --show-toplevel [95ms]
2025-05-27 18:59:37.014 [info] > git rev-parse --show-toplevel [91ms]
2025-05-27 18:59:37.021 [info] > git rev-parse --show-toplevel [1ms]
2025-05-27 18:59:37.116 [info] > git rev-parse --show-toplevel [3ms]
2025-05-27 18:59:37.212 [info] > git rev-parse --show-toplevel [92ms]
2025-05-27 18:59:37.217 [info] [Model][doInitialScan] Initial repository scan completed - repositories (1), closed repositories (0), parent repositories (0), unsafe repositories (0)
2025-05-27 18:59:37.321 [info] > git show --textconv :shop/services/order_service.py [9ms]
2025-05-27 18:59:37.328 [info] > git ls-files --stage -- shop/services/order_service.py [10ms]
2025-05-27 18:59:37.416 [info] > git cat-file -s f4a971561dacc596a8e8825c51a2e776d425758f [2ms]
2025-05-27 18:59:37.723 [info] > git blame --root --incremental 08693e488937b03342ee0e8892da8cd3b475ade0 -- shop/services/order_service.py [5ms]
2025-05-27 19:02:06.526 [info] > git config --get commit.template [1ms]
2025-05-27 19:02:06.532 [info] > git for-each-ref --format=%(refname)%00%(upstream:short)%00%(objectname)%00%(upstream:track)%00%(upstream:remotename)%00%(upstream:remoteref) refs/heads/main refs/remotes/main [2ms]
2025-05-27 19:02:06.541 [info] > git for-each-ref --sort -committerdate --format %(refname)%00%(objectname)%00%(*objectname) [1ms]
2025-05-27 19:02:06.680 [info] > git status -z -uall [144ms]
2025-05-27 19:02:11.692 [info] > git config --get commit.template [4ms]
2025-05-27 19:02:11.693 [info] > git for-each-ref --format=%(refname)%00%(upstream:short)%00%(objectname)%00%(upstream:track)%00%(upstream:remotename)%00%(upstream:remoteref) refs/heads/main refs/remotes/main [2ms]
2025-05-27 19:02:11.703 [info] > git for-each-ref --sort -committerdate --format %(refname)%00%(objectname)%00%(*objectname) [2ms]
2025-05-27 19:02:11.770 [info] > git status -z -uall [73ms]
2025-05-27 19:02:16.780 [info] > git config --get commit.template [3ms]
2025-05-27 19:02:16.781 [info] > git for-each-ref --format=%(refname)%00%(upstream:short)%00%(objectname)%00%(upstream:track)%00%(upstream:remotename)%00%(upstream:remoteref) refs/heads/main refs/remotes/main [2ms]
2025-05-27 19:02:16.789 [info] > git for-each-ref --sort -committerdate --format %(refname)%00%(objectname)%00%(*objectname) [1ms]
2025-05-27 19:02:16.857 [info] > git status -z -uall [73ms]
2025-05-27 19:04:32.467 [info] > git config --get commit.template [2ms]
2025-05-27 19:04:32.475 [info] > git for-each-ref --format=%(refname)%00%(upstream:short)%00%(objectname)%00%(upstream:track)%00%(upstream:remotename)%00%(upstream:remoteref) refs/heads/main refs/remotes/main [5ms]
2025-05-27 19:04:32.484 [info] > git ls-files --stage -- shop/services/order_service.py [10ms]
2025-05-27 19:04:32.497 [info] > git for-each-ref --sort -committerdate --format %(refname)%00%(objectname)%00%(*objectname) [14ms]
2025-05-27 19:04:32.498 [info] > git cat-file -s c013db67480494ce1ca2cf123421ed0acf42544b [2ms]
2025-05-27 19:04:32.513 [info] > git show --textconv :shop/services/order_service.py [4ms]
2025-05-27 19:04:32.554 [info] > git status -z -uall [75ms]
2025-05-27 19:04:32.570 [info] > git blame --root --incremental a1bc470ff1ef127ee01dc1e215c54d7beafa1001 -- shop/services/order_service.py [6ms]
2025-05-27 19:04:32.571 [info] > git merge-base refs/heads/main refs/remotes/origin/main [2ms]
2025-05-27 19:04:32.579 [info] > git diff --name-status -z --diff-filter=ADMR a1bc470ff1ef127ee01dc1e215c54d7beafa1001...refs/remotes/origin/main [3ms]
2025-05-27 19:04:37.579 [info] > git config --get commit.template [4ms]
2025-05-27 19:04:37.580 [info] > git for-each-ref --format=%(refname)%00%(upstream:short)%00%(objectname)%00%(upstream:track)%00%(upstream:remotename)%00%(upstream:remoteref) refs/heads/main refs/remotes/main [2ms]
2025-05-27 19:04:37.589 [info] > git for-each-ref --sort -committerdate --format %(refname)%00%(objectname)%00%(*objectname) [2ms]
2025-05-27 19:04:37.654 [info] > git status -z -uall [70ms]
2025-05-27 19:04:42.667 [info] > git config --get commit.template [3ms]
2025-05-27 19:04:42.667 [info] > git for-each-ref --format=%(refname)%00%(upstream:short)%00%(objectname)%00%(upstream:track)%00%(upstream:remotename)%00%(upstream:remoteref) refs/heads/main refs/remotes/main [1ms]
2025-05-27 19:04:42.679 [info] > git for-each-ref --sort -committerdate --format %(refname)%00%(objectname)%00%(*objectname) [4ms]
2025-05-27 19:04:42.744 [info] > git status -z -uall [73ms]
2025-05-27 19:06:42.004 [info] > git config --get commit.template [5ms]
2025-05-27 19:06:42.005 [info] > git for-each-ref --format=%(refname)%00%(upstream:short)%00%(objectname)%00%(upstream:track)%00%(upstream:remotename)%00%(upstream:remoteref) refs/heads/main refs/remotes/main [1ms]
2025-05-27 19:06:42.014 [info] > git for-each-ref --sort -committerdate --format %(refname)%00%(objectname)%00%(*objectname) [1ms]
2025-05-27 19:06:42.078 [info] > git status -z -uall [69ms]
2025-05-27 19:07:15.759 [info] > git check-ignore -v -z --stdin [7ms]
2025-05-27 19:07:43.017 [info] > git config --get commit.template [6ms]
2025-05-27 19:07:43.022 [info] > git ls-files --stage -- shop/services/order_service.py [5ms]
2025-05-27 19:07:43.026 [info] > git for-each-ref --format=%(refname)%00%(upstream:short)%00%(objectname)%00%(upstream:track)%00%(upstream:remotename)%00%(upstream:remoteref) refs/heads/main refs/remotes/main [5ms]
2025-05-27 19:07:43.027 [info] > git cat-file -s c013db67480494ce1ca2cf123421ed0acf42544b [2ms]
2025-05-27 19:07:43.035 [info] > git for-each-ref --sort -committerdate --format %(refname)%00%(objectname)%00%(*objectname) [1ms]
2025-05-27 19:07:43.053 [info] > git show --textconv :shop/services/order_service.py [6ms]
2025-05-27 19:07:43.101 [info] > git status -z -uall [70ms]
2025-05-27 19:07:43.114 [info] > git blame --root --incremental 5d7ff0d6957cd9cf68d343ebfb2a552cbce95bcc -- shop/services/order_service.py [5ms]
2025-05-27 19:07:43.115 [info] > git merge-base refs/heads/main refs/remotes/origin/main [3ms]
2025-05-27 19:07:43.120 [info] > git diff --name-status -z --diff-filter=ADMR 5d7ff0d6957cd9cf68d343ebfb2a552cbce95bcc...refs/remotes/origin/main [1ms]
2025-05-27 19:07:47.118 [info] > git check-ignore -v -z --stdin [5ms]
2025-05-27 19:07:48.121 [info] > git config --get commit.template [4ms]
2025-05-27 19:07:48.122 [info] > git for-each-ref --format=%(refname)%00%(upstream:short)%00%(objectname)%00%(upstream:track)%00%(upstream:remotename)%00%(upstream:remoteref) refs/heads/main refs/remotes/main [2ms]
2025-05-27 19:07:48.132 [info] > git for-each-ref --sort -committerdate --format %(refname)%00%(objectname)%00%(*objectname) [4ms]
2025-05-27 19:07:48.197 [info] > git status -z -uall [72ms]
2025-05-27 19:07:49.272 [info] > git show --textconv :shop/admin.py [4ms]
2025-05-27 19:07:49.277 [info] > git ls-files --stage -- shop/admin.py [7ms]
2025-05-27 19:07:49.282 [info] > git cat-file -s 69067cbf99c686e0902476537305f14d5ca57a72 [2ms]
2025-05-27 19:07:49.302 [info] > git blame --root --incremental 5d7ff0d6957cd9cf68d343ebfb2a552cbce95bcc -- shop/admin.py [4ms]
2025-05-27 19:07:54.592 [info] > git config --get commit.template [4ms]
2025-05-27 19:07:54.593 [info] > git for-each-ref --format=%(refname)%00%(upstream:short)%00%(objectname)%00%(upstream:track)%00%(upstream:remotename)%00%(upstream:remoteref) refs/heads/main refs/remotes/main [1ms]
2025-05-27 19:07:54.603 [info] > git for-each-ref --sort -committerdate --format %(refname)%00%(objectname)%00%(*objectname) [2ms]
2025-05-27 19:07:54.670 [info] > git status -z -uall [72ms]
2025-05-27 19:09:36.387 [info] > git config --get commit.template [5ms]
2025-05-27 19:09:36.388 [info] > git for-each-ref --format=%(refname)%00%(upstream:short)%00%(objectname)%00%(upstream:track)%00%(upstream:remotename)%00%(upstream:remoteref) refs/heads/main refs/remotes/main [2ms]
2025-05-27 19:09:36.398 [info] > git for-each-ref --sort -committerdate --format %(refname)%00%(objectname)%00%(*objectname) [1ms]
2025-05-27 19:09:36.466 [info] > git status -z -uall [74ms]
2025-05-27 19:09:38.169 [info] > git config --get commit.template [4ms]
2025-05-27 19:09:38.170 [info] > git for-each-ref --format=%(refname)%00%(upstream:short)%00%(objectname)%00%(upstream:track)%00%(upstream:remotename)%00%(upstream:remoteref) refs/heads/main refs/remotes/main [1ms]
2025-05-27 19:09:38.179 [info] > git for-each-ref --sort -committerdate --format %(refname)%00%(objectname)%00%(*objectname) [2ms]
2025-05-27 19:09:38.241 [info] > git status -z -uall [67ms]
2025-05-27 19:09:39.540 [info] > git ls-files --stage -- shop/admin.py [4ms]
2025-05-27 19:09:39.637 [info] > git cat-file -s 69067cbf99c686e0902476537305f14d5ca57a72 [90ms]
2025-05-27 19:09:39.743 [info] > git show --textconv :shop/admin.py [5ms]
2025-05-27 19:09:41.478 [info] > git config --get commit.template [4ms]
2025-05-27 19:09:41.479 [info] > git for-each-ref --format=%(refname)%00%(upstream:short)%00%(objectname)%00%(upstream:track)%00%(upstream:remotename)%00%(upstream:remoteref) refs/heads/main refs/remotes/main [1ms]
2025-05-27 19:09:41.488 [info] > git for-each-ref --sort -committerdate --format %(refname)%00%(objectname)%00%(*objectname) [2ms]
2025-05-27 19:09:41.555 [info] > git status -z -uall [72ms]
