2025-05-30 20:38:38.219 [info] Extension host with pid 196409 started
2025-05-30 20:38:38.307 [info] Lock '/root/.vscode-server/data/User/workspaceStorage/69b865ee5b39d8dd4400c31e5ed23100/vscode.lock': Lock acquired.
2025-05-30 20:38:38.523 [info] ExtensionService#_doActivateExtension vscode.emmet, startup: false, activationEvent: 'onLanguage'
2025-05-30 20:38:38.609 [info] ExtensionService#_doActivateExtension vscode.git-base, startup: false, activationEvent: '*', root cause: vscode.git
2025-05-30 20:38:38.610 [info] ExtensionService#_doActivateExtension vscode.tunnel-forwarding, startup: false, activationEvent: 'onTunnel'
2025-05-30 20:38:39.120 [info] ExtensionService#_doActivateExtension vscode.git, startup: false, activationEvent: '*'
2025-05-30 20:38:39.120 [info] ExtensionService#_doActivateExtension vscode.github, startup: false, activationEvent: '*'
2025-05-30 20:38:40.222 [info] ExtensionService#_doActivateExtension ms-python.python, startup: true, activationEvent: 'workspaceContains:requirements.txt'
2025-05-30 20:38:43.231 [info] Eager extensions activated
2025-05-30 20:38:43.232 [info] ExtensionService#_doActivateExtension vscode.debug-auto-launch, startup: false, activationEvent: 'onStartupFinished'
2025-05-30 20:38:43.233 [info] ExtensionService#_doActivateExtension vscode.merge-conflict, startup: false, activationEvent: 'onStartupFinished'
2025-05-30 20:38:45.034 [info] ExtensionService#_doActivateExtension ms-python.vscode-pylance, startup: false, activationEvent: 'api', root cause: ms-python.python
2025-05-30 20:38:47.639 [warning] [Decorations] CAPPING events from decorations provider vscode.git 368
2025-05-30 20:38:49.544 [warning] [Decorations] CAPPING events from decorations provider vscode.git 369
2025-05-30 20:38:51.246 [info] ExtensionService#_doActivateExtension vscode.npm, startup: false, activationEvent: 'onTerminalQuickFixRequest:ms-vscode.npm-command'
2025-05-30 20:38:57.548 [info] ExtensionService#_doActivateExtension vscode.configuration-editing, startup: false, activationEvent: 'onLanguage:json'
2025-05-30 20:38:57.549 [info] ExtensionService#_doActivateExtension vscode.extension-editing, startup: false, activationEvent: 'onLanguage:json'
2025-05-30 20:38:57.549 [info] ExtensionService#_doActivateExtension vscode.json-language-features, startup: false, activationEvent: 'onLanguage:json'
2025-05-30 20:39:27.620 [warning] [Decorations] CAPPING events from decorations provider vscode.git 370
2025-05-30 20:39:32.802 [warning] [Decorations] CAPPING events from decorations provider vscode.git 370
2025-05-30 20:39:37.974 [warning] [Decorations] CAPPING events from decorations provider vscode.git 370
2025-05-30 20:39:43.153 [warning] [Decorations] CAPPING events from decorations provider vscode.git 370
2025-05-30 20:39:48.329 [warning] [Decorations] CAPPING events from decorations provider vscode.git 370
2025-05-30 20:39:53.508 [warning] [Decorations] CAPPING events from decorations provider vscode.git 370
2025-05-30 20:39:58.711 [warning] [Decorations] CAPPING events from decorations provider vscode.git 370
2025-05-30 20:40:03.912 [warning] [Decorations] CAPPING events from decorations provider vscode.git 370
2025-05-30 20:40:12.354 [info] ExtensionService#_doActivateExtension ms-python.debugpy, startup: false, activationEvent: 'onLanguage:python'
2025-05-30 20:40:12.370 [warning] [Decorations] CAPPING events from decorations provider vscode.git 370
2025-05-30 20:41:34.241 [warning] [Decorations] CAPPING events from decorations provider vscode.git 371
2025-05-30 20:41:41.226 [warning] [Decorations] CAPPING events from decorations provider vscode.git 372
2025-05-30 20:41:46.412 [warning] [Decorations] CAPPING events from decorations provider vscode.git 374
2025-05-30 20:41:53.274 [warning] [Decorations] CAPPING events from decorations provider vscode.git 374
2025-05-30 20:41:58.440 [warning] [Decorations] CAPPING events from decorations provider vscode.git 374
2025-05-30 20:44:17.171 [warning] [Decorations] CAPPING events from decorations provider vscode.git 374
2025-05-30 20:44:22.766 [warning] [Decorations] CAPPING events from decorations provider vscode.git 375
2025-05-30 20:51:46.693 [warning] [Decorations] CAPPING events from decorations provider vscode.git 375
2025-05-30 20:51:51.859 [warning] [Decorations] CAPPING events from decorations provider vscode.git 375
2025-05-30 21:21:51.080 [warning] [Decorations] CAPPING events from decorations provider vscode.git 375
2025-05-30 21:21:56.276 [warning] [Decorations] CAPPING events from decorations provider vscode.git 375
2025-05-30 21:22:01.443 [warning] [Decorations] CAPPING events from decorations provider vscode.git 375
2025-05-30 21:22:06.624 [warning] [Decorations] CAPPING events from decorations provider vscode.git 375
2025-05-30 21:22:13.030 [warning] [Decorations] CAPPING events from decorations provider vscode.git 375
2025-05-30 21:22:18.209 [warning] [Decorations] CAPPING events from decorations provider vscode.git 375
2025-05-30 21:22:23.374 [warning] [Decorations] CAPPING events from decorations provider vscode.git 375
2025-05-30 21:22:28.571 [warning] [Decorations] CAPPING events from decorations provider vscode.git 375
2025-05-30 21:22:33.751 [warning] [Decorations] CAPPING events from decorations provider vscode.git 375
2025-05-30 21:22:38.964 [warning] [Decorations] CAPPING events from decorations provider vscode.git 375
2025-05-30 21:22:44.145 [warning] [Decorations] CAPPING events from decorations provider vscode.git 375
2025-05-30 21:22:49.322 [warning] [Decorations] CAPPING events from decorations provider vscode.git 375
2025-05-30 21:22:54.507 [warning] [Decorations] CAPPING events from decorations provider vscode.git 375
2025-05-30 21:22:59.682 [warning] [Decorations] CAPPING events from decorations provider vscode.git 375
2025-05-30 21:23:04.852 [warning] [Decorations] CAPPING events from decorations provider vscode.git 375
2025-05-30 21:23:10.028 [warning] [Decorations] CAPPING events from decorations provider vscode.git 375
2025-05-30 21:23:15.724 [warning] [Decorations] CAPPING events from decorations provider vscode.git 375
2025-05-30 21:23:20.895 [warning] [Decorations] CAPPING events from decorations provider vscode.git 375
2025-05-30 21:23:26.107 [warning] [Decorations] CAPPING events from decorations provider vscode.git 375
2025-05-30 21:23:31.282 [warning] [Decorations] CAPPING events from decorations provider vscode.git 375
2025-05-30 21:23:36.450 [warning] [Decorations] CAPPING events from decorations provider vscode.git 375
2025-05-30 21:23:41.627 [warning] [Decorations] CAPPING events from decorations provider vscode.git 375
2025-05-30 21:23:46.804 [warning] [Decorations] CAPPING events from decorations provider vscode.git 375
2025-05-30 21:23:51.976 [warning] [Decorations] CAPPING events from decorations provider vscode.git 375
2025-05-30 21:23:57.145 [warning] [Decorations] CAPPING events from decorations provider vscode.git 375
2025-05-30 21:24:02.318 [warning] [Decorations] CAPPING events from decorations provider vscode.git 375
2025-05-30 21:24:07.497 [warning] [Decorations] CAPPING events from decorations provider vscode.git 375
2025-05-30 21:24:12.670 [warning] [Decorations] CAPPING events from decorations provider vscode.git 375
2025-05-30 21:24:17.941 [warning] [Decorations] CAPPING events from decorations provider vscode.git 375
2025-05-30 21:24:23.117 [warning] [Decorations] CAPPING events from decorations provider vscode.git 375
2025-05-30 21:24:28.281 [warning] [Decorations] CAPPING events from decorations provider vscode.git 375
2025-05-30 21:24:45.690 [warning] [Decorations] CAPPING events from decorations provider vscode.git 375
2025-05-30 21:24:52.120 [warning] [Decorations] CAPPING events from decorations provider vscode.git 375
2025-05-30 21:25:31.867 [warning] [Decorations] CAPPING events from decorations provider vscode.git 375
2025-05-30 21:25:37.041 [warning] [Decorations] CAPPING events from decorations provider vscode.git 375
2025-05-30 21:25:42.217 [warning] [Decorations] CAPPING events from decorations provider vscode.git 375
2025-05-30 21:25:47.382 [warning] [Decorations] CAPPING events from decorations provider vscode.git 375
2025-05-30 21:25:52.550 [warning] [Decorations] CAPPING events from decorations provider vscode.git 375
2025-05-30 21:25:57.730 [warning] [Decorations] CAPPING events from decorations provider vscode.git 375
2025-05-30 21:26:02.899 [warning] [Decorations] CAPPING events from decorations provider vscode.git 375
2025-05-30 21:26:08.071 [warning] [Decorations] CAPPING events from decorations provider vscode.git 375
2025-05-30 21:26:13.241 [warning] [Decorations] CAPPING events from decorations provider vscode.git 375
2025-05-30 21:26:18.447 [warning] [Decorations] CAPPING events from decorations provider vscode.git 375
2025-05-30 21:26:23.648 [warning] [Decorations] CAPPING events from decorations provider vscode.git 375
2025-05-30 21:26:28.819 [warning] [Decorations] CAPPING events from decorations provider vscode.git 375
2025-05-30 21:26:33.987 [warning] [Decorations] CAPPING events from decorations provider vscode.git 375
2025-05-30 21:26:39.153 [warning] [Decorations] CAPPING events from decorations provider vscode.git 375
2025-05-30 21:26:44.331 [warning] [Decorations] CAPPING events from decorations provider vscode.git 375
2025-05-30 21:26:48.465 [info] Extension host terminating: received terminate message from renderer
2025-05-30 21:26:48.466 [info] Lock '/root/.vscode-server/data/User/workspaceStorage/69b865ee5b39d8dd4400c31e5ed23100/vscode.lock': Marking the lockfile as scheduled to be released in 6000 ms.
2025-05-30 21:26:48.567 [info] Extension host with pid 196409 exiting with code 0
