2025-05-24 00:42:26.974 [info] [main] 로그 수준: Info
2025-05-24 00:42:26.974 [info] [main] "git"에서 찾은 git 유효성을 검사하는 중
2025-05-24 00:42:26.975 [info] [main] "2.34.1"에서 git "git"을(를) 사용하는 중
2025-05-24 00:42:26.975 [info] [Model][doInitialScan] Initial repository scan started
2025-05-24 00:42:26.975 [info] > git rev-parse --show-toplevel [3ms]
2025-05-24 00:42:26.975 [info] > git rev-parse --git-dir --git-common-dir [100ms]
2025-05-24 00:42:26.975 [info] [Model][openRepository] Opened repository (path): /root
2025-05-24 00:42:26.975 [info] [Model][openRepository] Opened repository (real path): /root
2025-05-24 00:42:26.975 [info] > git config --get commit.template [1718ms]
2025-05-24 00:42:28.190 [info] > git for-each-ref --format=%(refname)%00%(upstream:short)%00%(objectname)%00%(upstream:track)%00%(upstream:remotename)%00%(upstream:remoteref) refs/heads/main refs/remotes/main [1217ms]
2025-05-24 00:42:28.888 [info] > git check-ignore -v -z --stdin [704ms]
2025-05-24 00:42:28.889 [info] > git for-each-ref --sort -committerdate --format %(refname)%00%(objectname)%00%(*objectname) [412ms]
2025-05-24 00:42:29.078 [info] > git status -z -uall [693ms]
2025-05-24 00:42:29.079 [info] > git rev-parse --show-toplevel [194ms]
2025-05-24 00:42:29.691 [info] > git for-each-ref --format=%(refname)%00%(upstream:short)%00%(objectname)%00%(upstream:track)%00%(upstream:remotename)%00%(upstream:remoteref) refs/heads/main refs/remotes/main [412ms]
2025-05-24 00:42:29.781 [info] > git config --get commit.template [104ms]
2025-05-24 00:42:29.781 [info] > git rev-parse --show-toplevel [189ms]
2025-05-24 00:42:29.789 [info] > git config --get --local branch.main.vscode-merge-base [95ms]
2025-05-24 00:42:29.789 [warning] [Git][config] git config failed: Failed to execute git
2025-05-24 00:42:29.880 [info] > git rev-parse --show-toplevel [92ms]
2025-05-24 00:42:29.885 [info] > git for-each-ref --format=%(refname)%00%(upstream:short)%00%(objectname)%00%(upstream:track)%00%(upstream:remotename)%00%(upstream:remoteref) refs/heads/main refs/remotes/main [8ms]
2025-05-24 00:42:29.885 [info] > git reflog main --grep-reflog=branch: Created from *. [93ms]
2025-05-24 00:42:29.888 [info] > git rev-parse --show-toplevel [5ms]
2025-05-24 00:42:29.989 [info] > git symbolic-ref --short refs/remotes/origin/HEAD [101ms]
2025-05-24 00:42:29.989 [info] fatal: ref refs/remotes/origin/HEAD is not a symbolic ref
2025-05-24 00:42:29.989 [warning] [Repository][getDefaultBranch] Failed to get default branch details: Failed to execute git.
2025-05-24 00:42:30.086 [info] > git merge-base refs/heads/main refs/remotes/origin/main [4ms]
2025-05-24 00:42:30.089 [info] > git for-each-ref --sort -committerdate --format %(refname)%00%(objectname)%00%(*objectname) [101ms]
2025-05-24 00:42:30.089 [info] > git rev-parse --show-toplevel [198ms]
2025-05-24 00:42:30.179 [info] > git diff --name-status -z --diff-filter=ADMR 4b8f81ac5be75d445e3a1af60d30335a2d59740e...refs/remotes/origin/main [90ms]
2025-05-24 00:42:32.491 [info] > git status -z -uall [2597ms]
2025-05-24 00:42:32.495 [info] > git rev-parse --show-toplevel [2317ms]
2025-05-24 00:42:32.502 [info] > git rev-parse --show-toplevel [3ms]
2025-05-24 00:42:32.588 [info] > git rev-parse --show-toplevel [3ms]
2025-05-24 00:42:32.688 [info] > git rev-parse --show-toplevel [97ms]
2025-05-24 00:42:32.693 [info] > git rev-parse --show-toplevel [2ms]
2025-05-24 00:42:32.699 [info] > git rev-parse --show-toplevel [1ms]
2025-05-24 00:42:32.784 [info] > git rev-parse --show-toplevel [82ms]
2025-05-24 00:42:33.202 [info] > git rev-parse --show-toplevel [415ms]
2025-05-24 00:42:33.298 [info] > git check-ignore -v -z --stdin [14ms]
2025-05-24 00:42:33.298 [info] > git rev-parse --show-toplevel [11ms]
2025-05-24 00:42:33.303 [info] > git rev-parse --show-toplevel [1ms]
2025-05-24 00:42:33.305 [info] [Model][doInitialScan] Initial repository scan completed - repositories (1), closed repositories (0), parent repositories (0), unsafe repositories (0)
2025-05-24 00:42:33.800 [info] > git check-ignore -v -z --stdin [5ms]
2025-05-24 00:42:35.995 [info] > git show --textconv :shop/management/commands/fetch_and_register_latti.py [102ms]
2025-05-24 00:42:35.996 [info] > git ls-files --stage -- shop/management/commands/fetch_and_register_latti.py [97ms]
2025-05-24 00:42:36.001 [info] > git cat-file -s c0843363835dd108c9df9a70afcb4cc107b01dee [3ms]
2025-05-24 00:42:36.300 [info] > git blame --root --incremental 4b8f81ac5be75d445e3a1af60d30335a2d59740e -- shop/management/commands/fetch_and_register_latti.py [9ms]
2025-05-24 00:45:15.771 [info] > git config --get commit.template [8ms]
2025-05-24 00:45:15.773 [info] > git for-each-ref --format=%(refname)%00%(upstream:short)%00%(objectname)%00%(upstream:track)%00%(upstream:remotename)%00%(upstream:remoteref) refs/heads/main refs/remotes/main [3ms]
2025-05-24 00:45:15.782 [info] > git for-each-ref --sort -committerdate --format %(refname)%00%(objectname)%00%(*objectname) [2ms]
2025-05-24 00:45:15.869 [info] > git status -z -uall [93ms]
2025-05-24 00:45:20.878 [info] > git config --get commit.template [2ms]
2025-05-24 00:45:20.882 [info] > git for-each-ref --format=%(refname)%00%(upstream:short)%00%(objectname)%00%(upstream:track)%00%(upstream:remotename)%00%(upstream:remoteref) refs/heads/main refs/remotes/main [1ms]
2025-05-24 00:45:20.889 [info] > git for-each-ref --sort -committerdate --format %(refname)%00%(objectname)%00%(*objectname) [1ms]
2025-05-24 00:45:20.954 [info] > git status -z -uall [69ms]
2025-05-24 00:45:38.454 [info] > git config --get commit.template [4ms]
2025-05-24 00:45:38.455 [info] > git for-each-ref --format=%(refname)%00%(upstream:short)%00%(objectname)%00%(upstream:track)%00%(upstream:remotename)%00%(upstream:remoteref) refs/heads/main refs/remotes/main [2ms]
2025-05-24 00:45:38.462 [info] > git for-each-ref --sort -committerdate --format %(refname)%00%(objectname)%00%(*objectname) [2ms]
2025-05-24 00:45:38.530 [info] > git status -z -uall [72ms]
2025-05-24 00:45:47.900 [info] > git config --get commit.template [4ms]
2025-05-24 00:45:47.900 [info] > git for-each-ref --format=%(refname)%00%(upstream:short)%00%(objectname)%00%(upstream:track)%00%(upstream:remotename)%00%(upstream:remoteref) refs/heads/main refs/remotes/main [1ms]
2025-05-24 00:45:47.909 [info] > git for-each-ref --sort -committerdate --format %(refname)%00%(objectname)%00%(*objectname) [3ms]
2025-05-24 00:45:47.974 [info] > git status -z -uall [70ms]
2025-05-24 00:45:52.985 [info] > git config --get commit.template [3ms]
2025-05-24 00:45:52.986 [info] > git for-each-ref --format=%(refname)%00%(upstream:short)%00%(objectname)%00%(upstream:track)%00%(upstream:remotename)%00%(upstream:remoteref) refs/heads/main refs/remotes/main [1ms]
2025-05-24 00:45:52.994 [info] > git for-each-ref --sort -committerdate --format %(refname)%00%(objectname)%00%(*objectname) [2ms]
2025-05-24 00:45:53.082 [info] > git status -z -uall [92ms]
2025-05-24 00:45:58.092 [info] > git config --get commit.template [4ms]
2025-05-24 00:45:58.093 [info] > git for-each-ref --format=%(refname)%00%(upstream:short)%00%(objectname)%00%(upstream:track)%00%(upstream:remotename)%00%(upstream:remoteref) refs/heads/main refs/remotes/main [2ms]
2025-05-24 00:45:58.100 [info] > git for-each-ref --sort -committerdate --format %(refname)%00%(objectname)%00%(*objectname) [1ms]
2025-05-24 00:45:58.170 [info] > git status -z -uall [74ms]
2025-05-24 00:46:03.182 [info] > git config --get commit.template [3ms]
2025-05-24 00:46:03.182 [info] > git for-each-ref --format=%(refname)%00%(upstream:short)%00%(objectname)%00%(upstream:track)%00%(upstream:remotename)%00%(upstream:remoteref) refs/heads/main refs/remotes/main [1ms]
2025-05-24 00:46:03.191 [info] > git for-each-ref --sort -committerdate --format %(refname)%00%(objectname)%00%(*objectname) [2ms]
2025-05-24 00:46:03.260 [info] > git status -z -uall [74ms]
2025-05-24 00:46:08.271 [info] > git config --get commit.template [4ms]
2025-05-24 00:46:08.272 [info] > git for-each-ref --format=%(refname)%00%(upstream:short)%00%(objectname)%00%(upstream:track)%00%(upstream:remotename)%00%(upstream:remoteref) refs/heads/main refs/remotes/main [2ms]
2025-05-24 00:46:08.280 [info] > git for-each-ref --sort -committerdate --format %(refname)%00%(objectname)%00%(*objectname) [3ms]
2025-05-24 00:46:08.348 [info] > git status -z -uall [74ms]
2025-05-24 00:52:06.588 [info] > git config --get commit.template [3ms]
2025-05-24 00:52:06.589 [info] > git for-each-ref --format=%(refname)%00%(upstream:short)%00%(objectname)%00%(upstream:track)%00%(upstream:remotename)%00%(upstream:remoteref) refs/heads/main refs/remotes/main [2ms]
2025-05-24 00:52:06.606 [info] > git for-each-ref --sort -committerdate --format %(refname)%00%(objectname)%00%(*objectname) [11ms]
2025-05-24 00:52:06.616 [info] > git ls-files --stage -- shop/management/commands/fetch_and_register_latti.py [9ms]
2025-05-24 00:52:06.620 [info] > git cat-file -s c0843363835dd108c9df9a70afcb4cc107b01dee [2ms]
2025-05-24 00:52:06.636 [info] > git show --textconv :shop/management/commands/fetch_and_register_latti.py [5ms]
2025-05-24 00:52:06.660 [info] > git status -z -uall [68ms]
2025-05-24 00:52:06.672 [info] > git blame --root --incremental 9f7d45fd8fec56b5878e713852b4d31a59c8a0a4 -- shop/management/commands/fetch_and_register_latti.py [5ms]
2025-05-24 00:52:06.673 [info] > git merge-base refs/heads/main refs/remotes/origin/main [3ms]
2025-05-24 00:52:06.677 [info] > git diff --name-status -z --diff-filter=ADMR 9f7d45fd8fec56b5878e713852b4d31a59c8a0a4...refs/remotes/origin/main [1ms]
2025-05-24 00:52:11.677 [info] > git config --get commit.template [2ms]
2025-05-24 00:52:11.680 [info] > git for-each-ref --format=%(refname)%00%(upstream:short)%00%(objectname)%00%(upstream:track)%00%(upstream:remotename)%00%(upstream:remoteref) refs/heads/main refs/remotes/main [1ms]
2025-05-24 00:52:11.688 [info] > git for-each-ref --sort -committerdate --format %(refname)%00%(objectname)%00%(*objectname) [2ms]
2025-05-24 00:52:11.747 [info] > git status -z -uall [64ms]
2025-05-24 00:52:16.757 [info] > git config --get commit.template [4ms]
2025-05-24 00:52:16.758 [info] > git for-each-ref --format=%(refname)%00%(upstream:short)%00%(objectname)%00%(upstream:track)%00%(upstream:remotename)%00%(upstream:remoteref) refs/heads/main refs/remotes/main [1ms]
2025-05-24 00:52:16.766 [info] > git for-each-ref --sort -committerdate --format %(refname)%00%(objectname)%00%(*objectname) [2ms]
2025-05-24 00:52:16.825 [info] > git status -z -uall [63ms]
2025-05-24 00:53:02.677 [info] > git config --get commit.template [1ms]
2025-05-24 00:53:02.682 [info] > git for-each-ref --format=%(refname)%00%(upstream:short)%00%(objectname)%00%(upstream:track)%00%(upstream:remotename)%00%(upstream:remoteref) refs/heads/main refs/remotes/main [2ms]
2025-05-24 00:53:02.689 [info] > git for-each-ref --sort -committerdate --format %(refname)%00%(objectname)%00%(*objectname) [1ms]
2025-05-24 00:53:02.752 [info] > git status -z -uall [67ms]
2025-05-24 00:53:07.763 [info] > git config --get commit.template [4ms]
2025-05-24 00:53:07.764 [info] > git for-each-ref --format=%(refname)%00%(upstream:short)%00%(objectname)%00%(upstream:track)%00%(upstream:remotename)%00%(upstream:remoteref) refs/heads/main refs/remotes/main [1ms]
2025-05-24 00:53:07.771 [info] > git for-each-ref --sort -committerdate --format %(refname)%00%(objectname)%00%(*objectname) [1ms]
2025-05-24 00:53:07.829 [info] > git status -z -uall [62ms]
2025-05-24 00:54:12.787 [info] > git config --get commit.template [3ms]
2025-05-24 00:54:12.788 [info] > git for-each-ref --format=%(refname)%00%(upstream:short)%00%(objectname)%00%(upstream:track)%00%(upstream:remotename)%00%(upstream:remoteref) refs/heads/main refs/remotes/main [1ms]
2025-05-24 00:54:12.797 [info] > git for-each-ref --sort -committerdate --format %(refname)%00%(objectname)%00%(*objectname) [1ms]
2025-05-24 00:54:12.856 [info] > git status -z -uall [65ms]
2025-05-24 00:54:17.865 [info] > git config --get commit.template [1ms]
2025-05-24 00:54:17.869 [info] > git for-each-ref --format=%(refname)%00%(upstream:short)%00%(objectname)%00%(upstream:track)%00%(upstream:remotename)%00%(upstream:remoteref) refs/heads/main refs/remotes/main [2ms]
2025-05-24 00:54:17.876 [info] > git for-each-ref --sort -committerdate --format %(refname)%00%(objectname)%00%(*objectname) [2ms]
2025-05-24 00:54:17.935 [info] > git status -z -uall [63ms]
2025-05-24 00:54:22.944 [info] > git config --get commit.template [3ms]
2025-05-24 00:54:22.945 [info] > git for-each-ref --format=%(refname)%00%(upstream:short)%00%(objectname)%00%(upstream:track)%00%(upstream:remotename)%00%(upstream:remoteref) refs/heads/main refs/remotes/main [2ms]
2025-05-24 00:54:22.952 [info] > git for-each-ref --sort -committerdate --format %(refname)%00%(objectname)%00%(*objectname) [1ms]
2025-05-24 00:54:23.015 [info] > git status -z -uall [67ms]
2025-05-24 00:54:47.637 [info] > git config --get commit.template [4ms]
2025-05-24 00:54:47.638 [info] > git for-each-ref --format=%(refname)%00%(upstream:short)%00%(objectname)%00%(upstream:track)%00%(upstream:remotename)%00%(upstream:remoteref) refs/heads/main refs/remotes/main [1ms]
2025-05-24 00:54:47.646 [info] > git for-each-ref --sort -committerdate --format %(refname)%00%(objectname)%00%(*objectname) [1ms]
2025-05-24 00:54:47.706 [info] > git status -z -uall [65ms]
2025-05-24 00:54:52.715 [info] > git config --get commit.template [3ms]
2025-05-24 00:54:52.716 [info] > git for-each-ref --format=%(refname)%00%(upstream:short)%00%(objectname)%00%(upstream:track)%00%(upstream:remotename)%00%(upstream:remoteref) refs/heads/main refs/remotes/main [1ms]
2025-05-24 00:54:52.724 [info] > git for-each-ref --sort -committerdate --format %(refname)%00%(objectname)%00%(*objectname) [2ms]
2025-05-24 00:54:52.784 [info] > git status -z -uall [65ms]
2025-05-24 00:54:57.793 [info] > git config --get commit.template [4ms]
2025-05-24 00:54:57.794 [info] > git for-each-ref --format=%(refname)%00%(upstream:short)%00%(objectname)%00%(upstream:track)%00%(upstream:remotename)%00%(upstream:remoteref) refs/heads/main refs/remotes/main [1ms]
2025-05-24 00:54:57.800 [info] > git for-each-ref --sort -committerdate --format %(refname)%00%(objectname)%00%(*objectname) [1ms]
2025-05-24 00:54:57.860 [info] > git status -z -uall [63ms]
2025-05-24 00:55:02.604 [info] > git check-ignore -v -z --stdin [71ms]
2025-05-24 00:55:02.910 [info] > git config --get commit.template [4ms]
2025-05-24 00:55:02.911 [info] > git for-each-ref --format=%(refname)%00%(upstream:short)%00%(objectname)%00%(upstream:track)%00%(upstream:remotename)%00%(upstream:remoteref) refs/heads/main refs/remotes/main [2ms]
2025-05-24 00:55:02.921 [info] > git for-each-ref --sort -committerdate --format %(refname)%00%(objectname)%00%(*objectname) [1ms]
2025-05-24 00:55:03.123 [info] > git status -z -uall [209ms]
2025-05-24 00:56:17.156 [info] > git config --get commit.template [3ms]
2025-05-24 00:56:17.157 [info] > git for-each-ref --format=%(refname)%00%(upstream:short)%00%(objectname)%00%(upstream:track)%00%(upstream:remotename)%00%(upstream:remoteref) refs/heads/main refs/remotes/main [1ms]
2025-05-24 00:56:17.167 [info] > git for-each-ref --sort -committerdate --format %(refname)%00%(objectname)%00%(*objectname) [3ms]
2025-05-24 00:56:17.226 [info] > git status -z -uall [66ms]
2025-05-24 00:56:22.592 [info] > git config --get commit.template [5ms]
2025-05-24 00:56:22.592 [info] > git for-each-ref --format=%(refname)%00%(upstream:short)%00%(objectname)%00%(upstream:track)%00%(upstream:remotename)%00%(upstream:remoteref) refs/heads/main refs/remotes/main [1ms]
2025-05-24 00:56:22.604 [info] > git for-each-ref --sort -committerdate --format %(refname)%00%(objectname)%00%(*objectname) [3ms]
2025-05-24 00:56:22.700 [info] > git status -z -uall [102ms]
2025-05-24 00:56:23.912 [info] > git check-ignore -v -z --stdin [7ms]
2025-05-24 00:56:27.712 [info] > git config --get commit.template [3ms]
2025-05-24 00:56:27.713 [info] > git for-each-ref --format=%(refname)%00%(upstream:short)%00%(objectname)%00%(upstream:track)%00%(upstream:remotename)%00%(upstream:remoteref) refs/heads/main refs/remotes/main [2ms]
2025-05-24 00:56:27.719 [info] > git for-each-ref --sort -committerdate --format %(refname)%00%(objectname)%00%(*objectname) [1ms]
2025-05-24 00:56:27.780 [info] > git status -z -uall [65ms]
2025-05-24 00:56:54.590 [info] > git config --get commit.template [3ms]
2025-05-24 00:56:54.590 [info] > git for-each-ref --format=%(refname)%00%(upstream:short)%00%(objectname)%00%(upstream:track)%00%(upstream:remotename)%00%(upstream:remoteref) refs/heads/main refs/remotes/main [2ms]
2025-05-24 00:56:54.597 [info] > git for-each-ref --sort -committerdate --format %(refname)%00%(objectname)%00%(*objectname) [1ms]
2025-05-24 00:56:54.657 [info] > git status -z -uall [64ms]
2025-05-24 00:56:59.666 [info] > git config --get commit.template [3ms]
2025-05-24 00:56:59.667 [info] > git for-each-ref --format=%(refname)%00%(upstream:short)%00%(objectname)%00%(upstream:track)%00%(upstream:remotename)%00%(upstream:remoteref) refs/heads/main refs/remotes/main [1ms]
2025-05-24 00:56:59.675 [info] > git for-each-ref --sort -committerdate --format %(refname)%00%(objectname)%00%(*objectname) [1ms]
2025-05-24 00:56:59.735 [info] > git status -z -uall [65ms]
2025-05-24 00:57:04.745 [info] > git config --get commit.template [3ms]
2025-05-24 00:57:04.745 [info] > git for-each-ref --format=%(refname)%00%(upstream:short)%00%(objectname)%00%(upstream:track)%00%(upstream:remotename)%00%(upstream:remoteref) refs/heads/main refs/remotes/main [1ms]
2025-05-24 00:57:04.753 [info] > git for-each-ref --sort -committerdate --format %(refname)%00%(objectname)%00%(*objectname) [0ms]
2025-05-24 00:57:04.813 [info] > git status -z -uall [64ms]
2025-05-24 00:57:09.823 [info] > git config --get commit.template [3ms]
2025-05-24 00:57:09.824 [info] > git for-each-ref --format=%(refname)%00%(upstream:short)%00%(objectname)%00%(upstream:track)%00%(upstream:remotename)%00%(upstream:remoteref) refs/heads/main refs/remotes/main [2ms]
2025-05-24 00:57:09.835 [info] > git for-each-ref --sort -committerdate --format %(refname)%00%(objectname)%00%(*objectname) [6ms]
2025-05-24 00:57:09.891 [info] > git status -z -uall [64ms]
2025-05-24 00:57:21.259 [info] > git config --get commit.template [1ms]
2025-05-24 00:57:21.263 [info] > git for-each-ref --format=%(refname)%00%(upstream:short)%00%(objectname)%00%(upstream:track)%00%(upstream:remotename)%00%(upstream:remoteref) refs/heads/main refs/remotes/main [2ms]
2025-05-24 00:57:21.270 [info] > git for-each-ref --sort -committerdate --format %(refname)%00%(objectname)%00%(*objectname) [1ms]
2025-05-24 00:57:21.329 [info] > git status -z -uall [63ms]
2025-05-24 00:58:07.625 [info] > git config --get commit.template [3ms]
2025-05-24 00:58:07.626 [info] > git for-each-ref --format=%(refname)%00%(upstream:short)%00%(objectname)%00%(upstream:track)%00%(upstream:remotename)%00%(upstream:remoteref) refs/heads/main refs/remotes/main [1ms]
2025-05-24 00:58:07.633 [info] > git for-each-ref --sort -committerdate --format %(refname)%00%(objectname)%00%(*objectname) [0ms]
2025-05-24 00:58:07.698 [info] > git status -z -uall [69ms]
2025-05-24 00:58:12.709 [info] > git config --get commit.template [4ms]
2025-05-24 00:58:12.709 [info] > git for-each-ref --format=%(refname)%00%(upstream:short)%00%(objectname)%00%(upstream:track)%00%(upstream:remotename)%00%(upstream:remoteref) refs/heads/main refs/remotes/main [1ms]
2025-05-24 00:58:12.716 [info] > git for-each-ref --sort -committerdate --format %(refname)%00%(objectname)%00%(*objectname) [1ms]
2025-05-24 00:58:12.780 [info] > git status -z -uall [68ms]
2025-05-24 00:58:17.791 [info] > git config --get commit.template [4ms]
2025-05-24 00:58:17.792 [info] > git for-each-ref --format=%(refname)%00%(upstream:short)%00%(objectname)%00%(upstream:track)%00%(upstream:remotename)%00%(upstream:remoteref) refs/heads/main refs/remotes/main [2ms]
2025-05-24 00:58:17.800 [info] > git for-each-ref --sort -committerdate --format %(refname)%00%(objectname)%00%(*objectname) [2ms]
2025-05-24 00:58:17.859 [info] > git status -z -uall [64ms]
2025-05-24 00:58:22.868 [info] > git config --get commit.template [3ms]
2025-05-24 00:58:22.869 [info] > git for-each-ref --format=%(refname)%00%(upstream:short)%00%(objectname)%00%(upstream:track)%00%(upstream:remotename)%00%(upstream:remoteref) refs/heads/main refs/remotes/main [1ms]
2025-05-24 00:58:22.876 [info] > git for-each-ref --sort -committerdate --format %(refname)%00%(objectname)%00%(*objectname) [2ms]
2025-05-24 00:58:22.937 [info] > git status -z -uall [65ms]
2025-05-24 00:58:27.947 [info] > git config --get commit.template [3ms]
2025-05-24 00:58:27.948 [info] > git for-each-ref --format=%(refname)%00%(upstream:short)%00%(objectname)%00%(upstream:track)%00%(upstream:remotename)%00%(upstream:remoteref) refs/heads/main refs/remotes/main [2ms]
2025-05-24 00:58:27.955 [info] > git for-each-ref --sort -committerdate --format %(refname)%00%(objectname)%00%(*objectname) [1ms]
2025-05-24 00:58:28.014 [info] > git status -z -uall [63ms]
2025-05-24 00:58:33.026 [info] > git config --get commit.template [3ms]
2025-05-24 00:58:33.026 [info] > git for-each-ref --format=%(refname)%00%(upstream:short)%00%(objectname)%00%(upstream:track)%00%(upstream:remotename)%00%(upstream:remoteref) refs/heads/main refs/remotes/main [1ms]
2025-05-24 00:58:33.035 [info] > git for-each-ref --sort -committerdate --format %(refname)%00%(objectname)%00%(*objectname) [3ms]
2025-05-24 00:58:33.093 [info] > git status -z -uall [64ms]
2025-05-24 00:58:38.105 [info] > git config --get commit.template [5ms]
2025-05-24 00:58:38.106 [info] > git for-each-ref --format=%(refname)%00%(upstream:short)%00%(objectname)%00%(upstream:track)%00%(upstream:remotename)%00%(upstream:remoteref) refs/heads/main refs/remotes/main [1ms]
2025-05-24 00:58:38.114 [info] > git for-each-ref --sort -committerdate --format %(refname)%00%(objectname)%00%(*objectname) [1ms]
2025-05-24 00:58:38.176 [info] > git status -z -uall [66ms]
2025-05-24 00:58:43.184 [info] > git config --get commit.template [2ms]
2025-05-24 00:58:43.184 [info] > git for-each-ref --format=%(refname)%00%(upstream:short)%00%(objectname)%00%(upstream:track)%00%(upstream:remotename)%00%(upstream:remoteref) refs/heads/main refs/remotes/main [1ms]
2025-05-24 00:58:43.191 [info] > git for-each-ref --sort -committerdate --format %(refname)%00%(objectname)%00%(*objectname) [1ms]
2025-05-24 00:58:43.251 [info] > git status -z -uall [64ms]
2025-05-24 00:58:48.287 [info] > git config --get commit.template [3ms]
2025-05-24 00:58:48.288 [info] > git for-each-ref --format=%(refname)%00%(upstream:short)%00%(objectname)%00%(upstream:track)%00%(upstream:remotename)%00%(upstream:remoteref) refs/heads/main refs/remotes/main [1ms]
2025-05-24 00:58:48.295 [info] > git for-each-ref --sort -committerdate --format %(refname)%00%(objectname)%00%(*objectname) [1ms]
2025-05-24 00:58:48.408 [info] > git status -z -uall [117ms]
2025-05-24 01:03:57.533 [info] > git config --get commit.template [4ms]
2025-05-24 01:03:57.537 [info] > git for-each-ref --format=%(refname)%00%(upstream:short)%00%(objectname)%00%(upstream:track)%00%(upstream:remotename)%00%(upstream:remoteref) refs/heads/main refs/remotes/main [5ms]
2025-05-24 01:03:57.546 [info] > git ls-files --stage -- shop/management/commands/fetch_and_register_latti.py [9ms]
2025-05-24 01:03:57.560 [info] > git for-each-ref --sort -committerdate --format %(refname)%00%(objectname)%00%(*objectname) [14ms]
2025-05-24 01:03:57.563 [info] > git cat-file -s c0843363835dd108c9df9a70afcb4cc107b01dee [3ms]
2025-05-24 01:03:57.581 [info] > git show --textconv :shop/management/commands/fetch_and_register_latti.py [4ms]
2025-05-24 01:03:57.612 [info] > git status -z -uall [71ms]
2025-05-24 01:03:57.623 [info] > git blame --root --incremental b3a401cabcec69a97aed88a7ebb4db9071e824a4 -- shop/management/commands/fetch_and_register_latti.py [5ms]
2025-05-24 01:03:57.625 [info] > git merge-base refs/heads/main refs/remotes/origin/main [4ms]
2025-05-24 01:03:57.629 [info] > git diff --name-status -z --diff-filter=ADMR b3a401cabcec69a97aed88a7ebb4db9071e824a4...refs/remotes/origin/main [2ms]
