2025-05-24 00:42:33.888 [info] (Client) Pylance async client (2025.5.1) started with python extension (2025.6.1)
2025-05-24 00:42:42.210 [info] [Info  - 12:42:42 AM] (19368) Server root directory: file:///root/.vscode-server/extensions/ms-python.vscode-pylance-2025.5.1/dist
2025-05-24 00:42:42.309 [info] [Info  - 12:42:42 AM] (19368) Pylance language server 2025.5.1 (pyright version 1.1.400, commit b962ffc2) starting
2025-05-24 00:42:42.310 [info] [Info  - 12:42:42 AM] (19368) Starting service instance "root" for workspace "/root"
2025-05-24 00:42:43.520 [info] [Info  - 12:42:43 AM] (19368) Setting environmentName for service "root": "3.10.12 (venv venv)"
2025-05-24 00:42:43.520 [info] [Info  - 12:42:43 AM] (19368) Setting pythonPath for service "root": "/root/venv/bin/python"
2025-05-24 00:42:43.520 [info] [Info  - 12:42:43 AM] (19368) No include entries specified; assuming /root
2025-05-24 00:42:43.521 [info] [Info  - 12:42:43 AM] (19368) Auto-excluding **/node_modules
2025-05-24 00:42:43.521 [info] [Info  - 12:42:43 AM] (19368) Auto-excluding **/__pycache__
2025-05-24 00:42:43.521 [info] [Info  - 12:42:43 AM] (19368) Auto-excluding **/.*
2025-05-24 00:42:43.709 [info] [Info  - 12:42:43 AM] (19368) Assuming Python version 3.10.12.final.0
2025-05-24 00:42:44.818 [info] [Info  - 12:42:44 AM] (19368) Auto-excluding /root/venv
2025-05-24 00:42:45.109 [info] [Info  - 12:42:45 AM] (19368) Found 106 source files
2025-05-24 00:42:45.517 [info] [Info  - 12:42:45 AM] (19368) Setting environmentName for service "root": "3.10.12 (venv venv)"
2025-05-24 00:42:45.517 [info] [Info  - 12:42:45 AM] (19368) Setting pythonPath for service "root": "/root/venv/bin/python"
2025-05-24 00:42:45.517 [info] [Info  - 12:42:45 AM] (19368) No include entries specified; assuming /root
2025-05-24 00:42:45.517 [info] [Info  - 12:42:45 AM] (19368) Auto-excluding **/node_modules
2025-05-24 00:42:45.517 [info] [Info  - 12:42:45 AM] (19368) Auto-excluding **/__pycache__
2025-05-24 00:42:45.517 [info] [Info  - 12:42:45 AM] (19368) Auto-excluding **/.*
2025-05-24 00:42:45.720 [info] [Info  - 12:42:45 AM] (19368) Assuming Python version 3.10.12.final.0
2025-05-24 00:42:46.417 [info] [Info  - 12:42:46 AM] (19368) Auto-excluding /root/venv
2025-05-24 00:42:46.615 [info] [Info  - 12:42:46 AM] (19368) Found 106 source files
2025-05-24 00:42:51.729 [info] [Info  - 12:42:51 AM] (19368) BG: Priority queue background worker(2) root directory: file:///root/.vscode-server/extensions/ms-python.vscode-pylance-2025.5.1/dist
2025-05-24 00:42:51.729 [info] [Info  - 12:42:51 AM] (19368) BG: Priority queue background worker(2) started
2025-05-24 00:42:54.030 [info] [Info  - 12:42:54 AM] (19368) BG: Indexer background runner(3) root directory: file:///root/.vscode-server/extensions/ms-python.vscode-pylance-2025.5.1/dist (index)
2025-05-24 00:42:54.030 [info] [Info  - 12:42:54 AM] (19368) BG: Indexing(3) started
2025-05-24 00:42:59.439 [info] [Info  - 12:42:59 AM] (19368) BG: [IDX(3)] Long operation: scan packages file:///root (4418ms)
2025-05-24 00:42:59.439 [info] [Info  - 12:42:59 AM] (19368) BG: scanned(3) 40 files over 1 exec env
2025-05-24 00:43:02.064 [info] [Info  - 12:43:02 AM] (19368) BG: [BG(1)] Long operation: checking: file:///root/shop/management/commands/fetch_and_register_latti.py (3011ms)
2025-05-24 00:43:02.065 [info] [Info  - 12:43:02 AM] (19368) BG: [BG(1)] Long operation: analyzing: file:///root/shop/management/commands/fetch_and_register_latti.py (3012ms)
2025-05-24 00:43:05.279 [info] [Info  - 12:43:05 AM] (19368) BG: [IDX(3)] Long operation: indexing: file:///root/venv/lib/python3.10/site-packages/numpy/__init__.pyi (2720ms)
2025-05-24 00:43:05.477 [info] [Info  - 12:43:05 AM] (19368) BG: [IDX(3)] Long operation: index execution environment file:///root (4128ms)
2025-05-24 00:43:05.486 [info] [Info  - 12:43:05 AM] (19368) BG: [IDX(3)] Long operation: index packages file:///root (4328ms)
2025-05-24 00:43:05.486 [info] [Info  - 12:43:05 AM] (19368) BG: indexed(3) 40 files over 1 exec env
2025-05-24 00:43:05.678 [info] [Info  - 12:43:05 AM] (19368) BG: Indexing finished(3).
