2025-05-23 16:56:59.944 [info] 실험 'pythonRecommendTensorboardExt'이(가) 활성 상태입니다.
2025-05-23 16:56:59.944 [info] 실험 'pythonTerminalEnvVarActivation'이(가) 활성 상태입니다.
2025-05-23 16:56:59.944 [info] Native locator: Refresh started
2025-05-23 16:56:59.944 [info] Native locator: Refresh started
2025-05-23 16:56:59.944 [info] Native locator: Refresh started
2025-05-23 16:56:59.947 [info] Native locator: Refresh finished in 2313 ms
2025-05-23 16:56:59.953 [info] > pyenv which python
2025-05-23 16:56:59.953 [info] cwd: .
2025-05-23 16:57:00.433 [info] Python 인터프리터 경로: /bin/python3
2025-05-23 16:57:04.961 [info] Pylance 언어 서버를 시작하는 중입니다.
2025-05-23 17:05:46.976 [info] Active interpreter [/root]:  /root/venv/bin/python
2025-05-23 17:05:46.983 [info] Discover tests for workspace name: root - uri: /root
2025-05-23 17:05:46.983 [info] Python 인터프리터 경로: ./venv/bin/python
2025-05-23 17:05:47.089 [info] > /bin/python2 ./.vscode-server/extensions/ms-python.python-2025.6.1-linux-x64/python_files/printEnvVariables.py
2025-05-23 17:05:47.090 [info] shell: bash
2025-05-23 17:05:47.167 [info] Prepending environment variable PATH in collection with /root/.vscode-server/extensions/ms-python.python-2025.6.1-linux-x64/python_files/deactivate/bash:/root/venv/bin: {"applyAtShellIntegration":true,"applyAtProcessCreation":true}
2025-05-23 17:05:47.167 [info] Prepending environment variable PS1 in collection with (venv)  {"applyAtShellIntegration":true,"applyAtProcessCreation":false}
2025-05-23 17:05:47.169 [info] Send text to terminal: /bin/python2 /root/.vscode-server/extensions/ms-python.python-2025.6.1-linux-x64/python_files/printEnvVariablesToFile.py /root/.vscode-server/extensions/ms-python.python-2025.6.1-linux-x64/python_files/deactivate/bash/envVars.txt
2025-05-23 17:06:05.456 [info] Discover tests for workspace name: root - uri: /root/mallapi/urls.py
2025-05-23 17:06:06.589 [info] Discover tests for workspace name: root - uri: /root/mallapi/urls.py
2025-05-23 17:06:13.398 [info] Discover tests for workspace name: root - uri: /root/shop/urls.py
2025-05-23 17:06:17.169 [error] Failed to initialize deactivate script /bin/bash [Error: "/root/.vscode-server/extensions/ms-python.python-2025.6.1-linux-x64/python_files/deactivate/bash/envVars.txt" file not created
	at Timeout.<anonymous> (/root/.vscode-server/extensions/ms-python.python-2025.6.1-linux-x64/out/client/extension.js:2:310824)
	at listOnTimeout (node:internal/timers:581:17)
	at process.processTimers (node:internal/timers:519:7)]
2025-05-23 17:07:03.710 [info] Discover tests for workspace name: root - uri: /root/mallapi/urls.py
2025-05-23 17:28:22.317 [info] Discover tests for workspace name: root - uri: /root/mallapi/settings.py
2025-05-23 17:31:09.057 [info] Discover tests for workspace name: root - uri: /root/mallapi/settings.py
2025-05-23 17:32:46.681 [info] Discover tests for workspace name: root - uri: /root/mallapi/settings.py
