2025-05-23 19:36:09.926 [info] 실험 'pythonRecommendTensorboardExt'이(가) 활성 상태입니다.
2025-05-23 19:36:09.926 [info] 실험 'pythonSurveyNotificationcf'이(가) 활성 상태입니다.
2025-05-23 19:36:09.926 [info] 실험 'pythonTerminalEnvVarActivation'이(가) 활성 상태입니다.
2025-05-23 19:36:09.926 [info] Native locator: Refresh started
2025-05-23 19:36:09.926 [info] Native locator: Refresh started
2025-05-23 19:36:09.926 [info] Native locator: Refresh started
2025-05-23 19:36:09.940 [info] Native locator: Refresh finished in 1700 ms
2025-05-23 19:36:10.030 [info] > pyenv which python
2025-05-23 19:36:10.030 [info] cwd: .
2025-05-23 19:36:10.235 [info] Python 인터프리터 경로: ./venv/bin/python
2025-05-23 19:36:10.638 [info] Shell integration status changed, can confirm it's working.
2025-05-23 19:36:10.825 [info] > . ./venv/bin/activate && echo 'e8b39361-0157-4923-80e1-22d70d46dee6' && python ./.vscode-server/extensions/ms-python.python-2025.6.1-linux-x64/python_files/printEnvVariables.py
2025-05-23 19:36:10.825 [info] shell: bash
2025-05-23 19:36:11.025 [info] > /usr/bin/python2 ./.vscode-server/extensions/ms-python.python-2025.6.1-linux-x64/python_files/printEnvVariables.py
2025-05-23 19:36:11.025 [info] shell: bash
2025-05-23 19:36:11.329 [info] Setting environment variable VIRTUAL_ENV in collection to /root/venv {"applyAtShellIntegration":true,"applyAtProcessCreation":true}
2025-05-23 19:36:11.329 [info] Setting environment variable VIRTUAL_ENV_PROMPT in collection to (venv)  {"applyAtShellIntegration":true,"applyAtProcessCreation":true}
2025-05-23 19:36:11.329 [info] Prepending environment variable PS1 in collection with (venv)  {"applyAtShellIntegration":true,"applyAtProcessCreation":false}
2025-05-23 19:36:11.329 [info] Prepending environment variable PATH in collection with /root/.vscode-server/extensions/ms-python.python-2025.6.1-linux-x64/python_files/deactivate/bash:/root/venv/bin: {"applyAtShellIntegration":true,"applyAtProcessCreation":true}
2025-05-23 19:36:11.330 [info] Send text to terminal: /usr/bin/python2 /root/.vscode-server/extensions/ms-python.python-2025.6.1-linux-x64/python_files/printEnvVariablesToFile.py /root/.vscode-server/extensions/ms-python.python-2025.6.1-linux-x64/python_files/deactivate/bash/envVars.txt
2025-05-23 19:36:11.526 [info] > . ./venv/bin/activate && echo 'e8b39361-0157-4923-80e1-22d70d46dee6' && python ./.vscode-server/extensions/ms-python.python-2025.6.1-linux-x64/python_files/printEnvVariables.py
2025-05-23 19:36:11.526 [info] shell: bash
2025-05-23 19:36:11.634 [info] Setting environment variable VIRTUAL_ENV in collection to /root/venv {"applyAtShellIntegration":true,"applyAtProcessCreation":true}
2025-05-23 19:36:11.635 [info] Setting environment variable VIRTUAL_ENV_PROMPT in collection to (venv)  {"applyAtShellIntegration":true,"applyAtProcessCreation":true}
2025-05-23 19:36:11.635 [info] Prepending environment variable PS1 in collection with (venv)  {"applyAtShellIntegration":true,"applyAtProcessCreation":false}
2025-05-23 19:36:11.635 [info] Prepending environment variable PATH in collection with /root/.vscode-server/extensions/ms-python.python-2025.6.1-linux-x64/python_files/deactivate/bash:/root/venv/bin: {"applyAtShellIntegration":true,"applyAtProcessCreation":true}
2025-05-23 19:36:15.442 [info] root에 대한 Jedi 언어 서버를 시작하는 중입니다.
2025-05-23 19:36:41.333 [error] Failed to initialize deactivate script /bin/bash [Error: "/root/.vscode-server/extensions/ms-python.python-2025.6.1-linux-x64/python_files/deactivate/bash/envVars.txt" file not created
	at Timeout.<anonymous> (/root/.vscode-server/extensions/ms-python.python-2025.6.1-linux-x64/out/client/extension.js:2:310824)
	at listOnTimeout (node:internal/timers:581:17)
	at process.processTimers (node:internal/timers:519:7)]
2025-05-23 19:36:41.333 [error] Failed to initialize deactivate script /bin/bash [Error: "/root/.vscode-server/extensions/ms-python.python-2025.6.1-linux-x64/python_files/deactivate/bash/envVars.txt" file not created
	at Timeout.<anonymous> (/root/.vscode-server/extensions/ms-python.python-2025.6.1-linux-x64/out/client/extension.js:2:310824)
	at listOnTimeout (node:internal/timers:581:17)
	at process.processTimers (node:internal/timers:519:7)]
2025-05-23 19:48:12.459 [info] Discover tests for workspace name: root - uri: /root/mallapi/settings.py
2025-05-23 19:49:36.373 [info] Discover tests for workspace name: root - uri: /root/mallapi/settings.py
2025-05-23 19:49:40.475 [info] Discover tests for workspace name: root - uri: /root/mallapi/settings.py
