2025-05-23 19:36:44.613 [info] semantic_tokens_full file:///root/mallapi/settings.py 
2025-05-23 19:36:44.746 [info] semantic_tokens_range file:///root/mallapi/settings.py 0:0-134:0
2025-05-23 19:36:45.118 [info] [Debug - 7:36:45 PM] no matching semantic token for "__file__" of type 'statement' (17:16)
2025-05-23 19:36:45.119 [info] WARNING:pygls.protocol.json_rpc:Cancel notification for unknown message id "6"

2025-05-23 19:36:45.331 [info] [Debug - 7:36:45 PM] no matching semantic token for "__file__" of type 'statement' (17:16)
2025-05-23 19:36:46.503 [info] ERROR:pygls.protocol.json_rpc:Exception occurred for message "5": _pickle.UnpicklingError: unpickling stack underflow
NoneType: None

2025-05-23 19:36:46.504 [info] [Error - 7:36:46 PM] Request textDocument/semanticTokens/range failed.
2025-05-23 19:36:46.505 [info]   Message: _pickle.UnpicklingError: unpickling stack underflow
  Code: -32603 
[object Object]
2025-05-23 19:36:46.636 [info] semantic_tokens_range file:///root/mallapi/settings.py 22:0-136:0
2025-05-23 19:42:53.649 [info] semantic_tokens_range file:///root/mallapi/settings.py 36:0-136:0
2025-05-23 19:44:19.382 [info] semantic_tokens_range file:///root/mallapi/settings.py 70:0-119:40
2025-05-23 19:48:11.465 [info] semantic_tokens_range file:///root/mallapi/settings.py 35:0-136:0
2025-05-23 19:49:35.434 [info] ERROR:pygls.protocol.json_rpc:Exception occurred for message "2": AttributeError: 'dict' object has no attribute 'append'
NoneType: None

2025-05-23 19:49:35.435 [info] [Error - 7:49:35 PM] Request textDocument/semanticTokens/full failed.
2025-05-23 19:49:35.435 [info]   Message: AttributeError: 'dict' object has no attribute 'append'
  Code: -32603 
[object Object]
2025-05-23 19:49:35.437 [info] ERROR:pygls.protocol.json_rpc:Failed to handle request 18 textDocument/documentSymbol DocumentSymbolParams(text_document=TextDocumentIdentifier(uri='file:///root/mallapi/settings.py'), work_done_token=None, partial_result_token=None)
Traceback (most recent call last):
  File "/root/.vscode-server/extensions/ms-python.python-2025.6.1-linux-x64/python_files/lib/jedilsp/pygls/protocol/json_rpc.py", line 266, in _handle_request
    self._execute_request(msg_id, handler, params)
  File "/root/.vscode-server/extensions/ms-python.python-2025.6.1-linux-x64/python_files/lib/jedilsp/pygls/protocol/json_rpc.py", line 188, in _execute_request
    self._send_response(msg_id, handler(params))
  File "/root/.vscode-server/extensions/ms-python.python-2025.6.1-linux-x64/python_files/lib/jedilsp/jedi_language_server/server.py", line 546, in document_symbol
    document_symbols = jedi_utils.lsp_document_symbols(names)
  File "/root/.vscode-server/extensions/ms-python.python-2025.6.1-linux-x64/python_files/lib/jedilsp/jedi_language_server/jedi_utils.py", line 225, in lsp_document_symbols
    symbol_range = _document_symbol_range(name)
  File "/root/.vscode-server/extensions/ms-python.python-2025.6.1-linux-x64/python_files/lib/jedilsp/jedi_language_server/jedi_utils.py", line 204, in _document_symbol_range
    end = name.get_definition_end_position()
  File "/root/.vscode-server/extensions/ms-python.python-2025.6.1-linux-x64/python_files/lib/jedilsp/jedi/api/classes.py", line 260, in get_definition_end_position
    if self.type in ("function", "class"):
  File "/root/.vscode-server/extensions/ms-python.python-2025.6.1-linux-x64/python_files/lib/jedilsp/jedi/api/classes.py", line 190, in type
    for value in self._name.infer():
  File "/root/.vscode-server/extensions/ms-python.python-2025.6.1-linux-x64/python_files/lib/jedilsp/jedi/inference/names.py", line 281, in infer
    return tree_name_to_values(
  File "/root/.vscode-server/extensions/ms-python.python-2025.6.1-linux-x64/python_files/lib/jedilsp/jedi/plugins/__init__.py", line 21, in wrapper
    return built_functions[public_name](*args, **kwargs)
  File "/root/.vscode-server/extensions/ms-python.python-2025.6.1-linux-x64/python_files/lib/jedilsp/jedi/plugins/stdlib.py", line 878, in wrapper
    return func(inference_state, context, tree_name)
  File "/root/.vscode-server/extensions/ms-python.python-2025.6.1-linux-x64/python_files/lib/jedilsp/jedi/plugins/django.py", line 177, in wrapper
    result = func(inference_state, context, tree_name)
  File "/root/.vscode-server/extensions/ms-python.python-2025.6.1-linux-x64/python_files/lib/jedilsp/jedi/inference/syntax_tree.py", line 771, in tree_name_to_values
    types = imports.infer_import(context, tree_name)
  File "/root/.vscode-server/extensions/ms-python.python-2025.6.1-linux-x64/python_files/lib/jedilsp/jedi/inference/cache.py", line 44, in wrapper
    rv = function(obj, *args, **kwargs)
  File "/root/.vscode-server/extensions/ms-python.python-2025.6.1-linux-x64/python_files/lib/jedilsp/jedi/inference/imports.py", line 53, in infer_import
    _prepare_infer_import(module_context, tree_name)
  File "/root/.vscode-server/extensions/ms-python.python-2025.6.1-linux-x64/python_files/lib/jedilsp/jedi/inference/imports.py", line 116, in _prepare_infer_import
    return from_import_name, tuple(import_path), import_node.level, importer.follow()
  File "/root/.vscode-server/extensions/ms-python.python-2025.6.1-linux-x64/python_files/lib/jedilsp/jedi/inference/imports.py", line 296, in follow
    return import_module_by_names(
  File "/root/.vscode-server/extensions/ms-python.python-2025.6.1-linux-x64/python_files/lib/jedilsp/jedi/inference/imports.py", line 376, in import_module_by_names
    value_set = ValueSet.from_sets([
  File "/root/.vscode-server/extensions/ms-python.python-2025.6.1-linux-x64/python_files/lib/jedilsp/jedi/inference/imports.py", line 377, in <listcomp>
    import_module(
  File "/root/.vscode-server/extensions/ms-python.python-2025.6.1-linux-x64/python_files/lib/jedilsp/jedi/plugins/__init__.py", line 21, in wrapper
    return built_functions[public_name](*args, **kwargs)
  File "/root/.vscode-server/extensions/ms-python.python-2025.6.1-linux-x64/python_files/lib/jedilsp/jedi/plugins/flask.py", line 20, in wrapper
    return callback(inference_state, import_names, module_context, *args, **kwargs)
  File "/root/.vscode-server/extensions/ms-python.python-2025.6.1-linux-x64/python_files/lib/jedilsp/jedi/inference/gradual/typeshed.py", line 115, in wrapper
    python_value_set = ValueSet.from_sets(
  File "/root/.vscode-server/extensions/ms-python.python-2025.6.1-linux-x64/python_files/lib/jedilsp/jedi/inference/base_value.py", line 430, in from_sets
    for set_ in sets:
  File "/root/.vscode-server/extensions/ms-python.python-2025.6.1-linux-x64/python_files/lib/jedilsp/jedi/inference/gradual/typeshed.py", line 116, in <genexpr>
    func(inference_state, import_names, p, sys_path,)
  File "/root/.vscode-server/extensions/ms-python.python-2025.6.1-linux-x64/python_files/lib/jedilsp/jedi/inference/imports.py", line 411, in import_module
    file_io_or_ns, is_pkg = inference_state.compiled_subprocess.get_module_info(
  File "/root/.vscode-server/extensions/ms-python.python-2025.6.1-linux-x64/python_files/lib/jedilsp/jedi/inference/compiled/subprocess/__init__.py", line 188, in wrapper
    result = self._compiled_subprocess.run(
  File "/root/.vscode-server/extensions/ms-python.python-2025.6.1-linux-x64/python_files/lib/jedilsp/jedi/inference/compiled/subprocess/__init__.py", line 296, in run
    return self._send(inference_state_id, function, args, kwargs)
  File "/root/.vscode-server/extensions/ms-python.python-2025.6.1-linux-x64/python_files/lib/jedilsp/jedi/inference/compiled/subprocess/__init__.py", line 318, in _send
    is_exception, traceback, result = pickle_load(self._get_process().stdout)
  File "/root/.vscode-server/extensions/ms-python.python-2025.6.1-linux-x64/python_files/lib/jedilsp/jedi/_compatibility.py", line 25, in pickle_load
    return Unpickler(file).load()
_pickle.UnpicklingError: could not find MARK

2025-05-23 19:49:35.438 [info] [Error - 7:49:35 PM] Request textDocument/documentSymbol failed.
2025-05-23 19:49:35.438 [info]   Message: _pickle.UnpicklingError: could not find MARK
  Code: -32603 
[object Object]
2025-05-23 19:49:35.484 [info] semantic_tokens_range file:///root/mallapi/settings.py 35:0-133:0
2025-05-23 19:49:35.552 [info] ERROR:pygls.protocol.json_rpc:Failed to handle request 20 textDocument/documentSymbol DocumentSymbolParams(text_document=TextDocumentIdentifier(uri='file:///root/mallapi/settings.py'), work_done_token=None, partial_result_token=None)
Traceback (most recent call last):
  File "/root/.vscode-server/extensions/ms-python.python-2025.6.1-linux-x64/python_files/lib/jedilsp/pygls/protocol/json_rpc.py", line 266, in _handle_request
    self._execute_request(msg_id, handler, params)
  File "/root/.vscode-server/extensions/ms-python.python-2025.6.1-linux-x64/python_files/lib/jedilsp/pygls/protocol/json_rpc.py", line 188, in _execute_request
    self._send_response(msg_id, handler(params))
  File "/root/.vscode-server/extensions/ms-python.python-2025.6.1-linux-x64/python_files/lib/jedilsp/jedi_language_server/server.py", line 546, in document_symbol
    document_symbols = jedi_utils.lsp_document_symbols(names)
  File "/root/.vscode-server/extensions/ms-python.python-2025.6.1-linux-x64/python_files/lib/jedilsp/jedi_language_server/jedi_utils.py", line 225, in lsp_document_symbols
    symbol_range = _document_symbol_range(name)
  File "/root/.vscode-server/extensions/ms-python.python-2025.6.1-linux-x64/python_files/lib/jedilsp/jedi_language_server/jedi_utils.py", line 204, in _document_symbol_range
    end = name.get_definition_end_position()
  File "/root/.vscode-server/extensions/ms-python.python-2025.6.1-linux-x64/python_files/lib/jedilsp/jedi/api/classes.py", line 260, in get_definition_end_position
    if self.type in ("function", "class"):
  File "/root/.vscode-server/extensions/ms-python.python-2025.6.1-linux-x64/python_files/lib/jedilsp/jedi/api/classes.py", line 190, in type
    for value in self._name.infer():
  File "/root/.vscode-server/extensions/ms-python.python-2025.6.1-linux-x64/python_files/lib/jedilsp/jedi/inference/names.py", line 281, in infer
    return tree_name_to_values(
  File "/root/.vscode-server/extensions/ms-python.python-2025.6.1-linux-x64/python_files/lib/jedilsp/jedi/plugins/__init__.py", line 21, in wrapper
    return built_functions[public_name](*args, **kwargs)
  File "/root/.vscode-server/extensions/ms-python.python-2025.6.1-linux-x64/python_files/lib/jedilsp/jedi/plugins/stdlib.py", line 878, in wrapper
    return func(inference_state, context, tree_name)
  File "/root/.vscode-server/extensions/ms-python.python-2025.6.1-linux-x64/python_files/lib/jedilsp/jedi/plugins/django.py", line 177, in wrapper
    result = func(inference_state, context, tree_name)
  File "/root/.vscode-server/extensions/ms-python.python-2025.6.1-linux-x64/python_files/lib/jedilsp/jedi/inference/syntax_tree.py", line 771, in tree_name_to_values
    types = imports.infer_import(context, tree_name)
  File "/root/.vscode-server/extensions/ms-python.python-2025.6.1-linux-x64/python_files/lib/jedilsp/jedi/inference/cache.py", line 44, in wrapper
    rv = function(obj, *args, **kwargs)
  File "/root/.vscode-server/extensions/ms-python.python-2025.6.1-linux-x64/python_files/lib/jedilsp/jedi/inference/imports.py", line 53, in infer_import
    _prepare_infer_import(module_context, tree_name)
  File "/root/.vscode-server/extensions/ms-python.python-2025.6.1-linux-x64/python_files/lib/jedilsp/jedi/inference/imports.py", line 116, in _prepare_infer_import
    return from_import_name, tuple(import_path), import_node.level, importer.follow()
  File "/root/.vscode-server/extensions/ms-python.python-2025.6.1-linux-x64/python_files/lib/jedilsp/jedi/inference/imports.py", line 296, in follow
    return import_module_by_names(
  File "/root/.vscode-server/extensions/ms-python.python-2025.6.1-linux-x64/python_files/lib/jedilsp/jedi/inference/imports.py", line 376, in import_module_by_names
    value_set = ValueSet.from_sets([
  File "/root/.vscode-server/extensions/ms-python.python-2025.6.1-linux-x64/python_files/lib/jedilsp/jedi/inference/imports.py", line 377, in <listcomp>
    import_module(
  File "/root/.vscode-server/extensions/ms-python.python-2025.6.1-linux-x64/python_files/lib/jedilsp/jedi/plugins/__init__.py", line 21, in wrapper
    return built_functions[public_name](*args, **kwargs)
  File "/root/.vscode-server/extensions/ms-python.python-2025.6.1-linux-x64/python_files/lib/jedilsp/jedi/plugins/flask.py", line 20, in wrapper
    return callback(inference_state, import_names, module_context, *args, **kwargs)
  File "/root/.vscode-server/extensions/ms-python.python-2025.6.1-linux-x64/python_files/lib/jedilsp/jedi/inference/gradual/typeshed.py", line 115, in wrapper
    python_value_set = ValueSet.from_sets(
  File "/root/.vscode-server/extensions/ms-python.python-2025.6.1-linux-x64/python_files/lib/jedilsp/jedi/inference/base_value.py", line 430, in from_sets
    for set_ in sets:
  File "/root/.vscode-server/extensions/ms-python.python-2025.6.1-linux-x64/python_files/lib/jedilsp/jedi/inference/gradual/typeshed.py", line 116, in <genexpr>
    func(inference_state, import_names, p, sys_path,)
  File "/root/.vscode-server/extensions/ms-python.python-2025.6.1-linux-x64/python_files/lib/jedilsp/jedi/inference/imports.py", line 411, in import_module
    file_io_or_ns, is_pkg = inference_state.compiled_subprocess.get_module_info(
  File "/root/.vscode-server/extensions/ms-python.python-2025.6.1-linux-x64/python_files/lib/jedilsp/jedi/inference/compiled/subprocess/__init__.py", line 188, in wrapper
    result = self._compiled_subprocess.run(
  File "/root/.vscode-server/extensions/ms-python.python-2025.6.1-linux-x64/python_files/lib/jedilsp/jedi/inference/compiled/subprocess/__init__.py", line 296, in run
    return self._send(inference_state_id, function, args, kwargs)
  File "/root/.vscode-server/extensions/ms-python.python-2025.6.1-linux-x64/python_files/lib/jedilsp/jedi/inference/compiled/subprocess/__init__.py", line 318, in _send
    is_exception, traceback, result = pickle_load(self._get_process().stdout)
  File "/root/.vscode-server/extensions/ms-python.python-2025.6.1-linux-x64/python_files/lib/jedilsp/jedi/_compatibility.py", line 25, in pickle_load
    return Unpickler(file).load()
_pickle.UnpicklingError: could not find MARK

2025-05-23 19:49:35.552 [info] [Error - 7:49:35 PM] Request textDocument/documentSymbol failed.
2025-05-23 19:49:35.552 [info]   Message: _pickle.UnpicklingError: could not find MARK
  Code: -32603 
[object Object]
2025-05-23 19:49:35.599 [info] semantic_tokens_full file:///root/mallapi/settings.py 
2025-05-23 19:49:35.601 [info] ERROR:pygls.protocol.json_rpc:Exception occurred for message "21": _pickle.UnpicklingError: could not find MARK
NoneType: None

2025-05-23 19:49:35.601 [info] [Error - 7:49:35 PM] Request textDocument/semanticTokens/full failed.
2025-05-23 19:49:35.601 [info]   Message: _pickle.UnpicklingError: could not find MARK
  Code: -32603 
[object Object]
2025-05-23 19:49:37.126 [info] semantic_tokens_full file:///root/mallapi/settings.py 
2025-05-23 19:49:37.127 [info] ERROR:pygls.protocol.json_rpc:Exception occurred for message "22": _pickle.UnpicklingError: could not find MARK
NoneType: None

2025-05-23 19:49:37.127 [info] [Error - 7:49:37 PM] Request textDocument/semanticTokens/full failed.
2025-05-23 19:49:37.127 [info]   Message: _pickle.UnpicklingError: could not find MARK
  Code: -32603 
[object Object]
2025-05-23 19:49:37.448 [info] semantic_tokens_range file:///root/mallapi/settings.py 35:0-138:0
2025-05-23 19:49:37.452 [info] ERROR:pygls.protocol.json_rpc:Failed to handle request 25 textDocument/documentSymbol DocumentSymbolParams(text_document=TextDocumentIdentifier(uri='file:///root/mallapi/settings.py'), work_done_token=None, partial_result_token=None)
Traceback (most recent call last):
  File "/root/.vscode-server/extensions/ms-python.python-2025.6.1-linux-x64/python_files/lib/jedilsp/pygls/protocol/json_rpc.py", line 266, in _handle_request
    self._execute_request(msg_id, handler, params)
  File "/root/.vscode-server/extensions/ms-python.python-2025.6.1-linux-x64/python_files/lib/jedilsp/pygls/protocol/json_rpc.py", line 188, in _execute_request
    self._send_response(msg_id, handler(params))
  File "/root/.vscode-server/extensions/ms-python.python-2025.6.1-linux-x64/python_files/lib/jedilsp/jedi_language_server/server.py", line 546, in document_symbol
    document_symbols = jedi_utils.lsp_document_symbols(names)
  File "/root/.vscode-server/extensions/ms-python.python-2025.6.1-linux-x64/python_files/lib/jedilsp/jedi_language_server/jedi_utils.py", line 225, in lsp_document_symbols
    symbol_range = _document_symbol_range(name)
  File "/root/.vscode-server/extensions/ms-python.python-2025.6.1-linux-x64/python_files/lib/jedilsp/jedi_language_server/jedi_utils.py", line 204, in _document_symbol_range
    end = name.get_definition_end_position()
  File "/root/.vscode-server/extensions/ms-python.python-2025.6.1-linux-x64/python_files/lib/jedilsp/jedi/api/classes.py", line 260, in get_definition_end_position
    if self.type in ("function", "class"):
  File "/root/.vscode-server/extensions/ms-python.python-2025.6.1-linux-x64/python_files/lib/jedilsp/jedi/api/classes.py", line 190, in type
    for value in self._name.infer():
  File "/root/.vscode-server/extensions/ms-python.python-2025.6.1-linux-x64/python_files/lib/jedilsp/jedi/inference/names.py", line 281, in infer
    return tree_name_to_values(
  File "/root/.vscode-server/extensions/ms-python.python-2025.6.1-linux-x64/python_files/lib/jedilsp/jedi/plugins/__init__.py", line 21, in wrapper
    return built_functions[public_name](*args, **kwargs)
  File "/root/.vscode-server/extensions/ms-python.python-2025.6.1-linux-x64/python_files/lib/jedilsp/jedi/plugins/stdlib.py", line 878, in wrapper
    return func(inference_state, context, tree_name)
  File "/root/.vscode-server/extensions/ms-python.python-2025.6.1-linux-x64/python_files/lib/jedilsp/jedi/plugins/django.py", line 177, in wrapper
    result = func(inference_state, context, tree_name)
  File "/root/.vscode-server/extensions/ms-python.python-2025.6.1-linux-x64/python_files/lib/jedilsp/jedi/inference/syntax_tree.py", line 771, in tree_name_to_values
    types = imports.infer_import(context, tree_name)
  File "/root/.vscode-server/extensions/ms-python.python-2025.6.1-linux-x64/python_files/lib/jedilsp/jedi/inference/cache.py", line 44, in wrapper
    rv = function(obj, *args, **kwargs)
  File "/root/.vscode-server/extensions/ms-python.python-2025.6.1-linux-x64/python_files/lib/jedilsp/jedi/inference/imports.py", line 53, in infer_import
    _prepare_infer_import(module_context, tree_name)
  File "/root/.vscode-server/extensions/ms-python.python-2025.6.1-linux-x64/python_files/lib/jedilsp/jedi/inference/imports.py", line 116, in _prepare_infer_import
    return from_import_name, tuple(import_path), import_node.level, importer.follow()
  File "/root/.vscode-server/extensions/ms-python.python-2025.6.1-linux-x64/python_files/lib/jedilsp/jedi/inference/imports.py", line 296, in follow
    return import_module_by_names(
  File "/root/.vscode-server/extensions/ms-python.python-2025.6.1-linux-x64/python_files/lib/jedilsp/jedi/inference/imports.py", line 376, in import_module_by_names
    value_set = ValueSet.from_sets([
  File "/root/.vscode-server/extensions/ms-python.python-2025.6.1-linux-x64/python_files/lib/jedilsp/jedi/inference/imports.py", line 377, in <listcomp>
    import_module(
  File "/root/.vscode-server/extensions/ms-python.python-2025.6.1-linux-x64/python_files/lib/jedilsp/jedi/plugins/__init__.py", line 21, in wrapper
    return built_functions[public_name](*args, **kwargs)
  File "/root/.vscode-server/extensions/ms-python.python-2025.6.1-linux-x64/python_files/lib/jedilsp/jedi/plugins/flask.py", line 20, in wrapper
    return callback(inference_state, import_names, module_context, *args, **kwargs)
  File "/root/.vscode-server/extensions/ms-python.python-2025.6.1-linux-x64/python_files/lib/jedilsp/jedi/inference/gradual/typeshed.py", line 115, in wrapper
    python_value_set = ValueSet.from_sets(
  File "/root/.vscode-server/extensions/ms-python.python-2025.6.1-linux-x64/python_files/lib/jedilsp/jedi/inference/base_value.py", line 430, in from_sets
    for set_ in sets:
  File "/root/.vscode-server/extensions/ms-python.python-2025.6.1-linux-x64/python_files/lib/jedilsp/jedi/inference/gradual/typeshed.py", line 116, in <genexpr>
    func(inference_state, import_names, p, sys_path,)
  File "/root/.vscode-server/extensions/ms-python.python-2025.6.1-linux-x64/python_files/lib/jedilsp/jedi/inference/imports.py", line 411, in import_module
    file_io_or_ns, is_pkg = inference_state.compiled_subprocess.get_module_info(
  File "/root/.vscode-server/extensions/ms-python.python-2025.6.1-linux-x64/python_files/lib/jedilsp/jedi/inference/compiled/subprocess/__init__.py", line 188, in wrapper
    result = self._compiled_subprocess.run(
  File "/root/.vscode-server/extensions/ms-python.python-2025.6.1-linux-x64/python_files/lib/jedilsp/jedi/inference/compiled/subprocess/__init__.py", line 293, in run
    self._send(delete_id, None)
  File "/root/.vscode-server/extensions/ms-python.python-2025.6.1-linux-x64/python_files/lib/jedilsp/jedi/inference/compiled/subprocess/__init__.py", line 318, in _send
    is_exception, traceback, result = pickle_load(self._get_process().stdout)
  File "/root/.vscode-server/extensions/ms-python.python-2025.6.1-linux-x64/python_files/lib/jedilsp/jedi/_compatibility.py", line 25, in pickle_load
    return Unpickler(file).load()
_pickle.UnpicklingError: could not find MARK

2025-05-23 19:49:37.454 [info] [Error - 7:49:37 PM] Request textDocument/documentSymbol failed.
2025-05-23 19:49:37.454 [info]   Message: _pickle.UnpicklingError: could not find MARK
  Code: -32603 
[object Object]
2025-05-23 19:49:37.457 [info] ERROR:pygls.protocol.json_rpc:Failed to handle request 26 textDocument/documentSymbol DocumentSymbolParams(text_document=TextDocumentIdentifier(uri='file:///root/mallapi/settings.py'), work_done_token=None, partial_result_token=None)
Traceback (most recent call last):
  File "/root/.vscode-server/extensions/ms-python.python-2025.6.1-linux-x64/python_files/lib/jedilsp/pygls/protocol/json_rpc.py", line 266, in _handle_request
    self._execute_request(msg_id, handler, params)
  File "/root/.vscode-server/extensions/ms-python.python-2025.6.1-linux-x64/python_files/lib/jedilsp/pygls/protocol/json_rpc.py", line 188, in _execute_request
    self._send_response(msg_id, handler(params))
  File "/root/.vscode-server/extensions/ms-python.python-2025.6.1-linux-x64/python_files/lib/jedilsp/jedi_language_server/server.py", line 546, in document_symbol
    document_symbols = jedi_utils.lsp_document_symbols(names)
  File "/root/.vscode-server/extensions/ms-python.python-2025.6.1-linux-x64/python_files/lib/jedilsp/jedi_language_server/jedi_utils.py", line 225, in lsp_document_symbols
    symbol_range = _document_symbol_range(name)
  File "/root/.vscode-server/extensions/ms-python.python-2025.6.1-linux-x64/python_files/lib/jedilsp/jedi_language_server/jedi_utils.py", line 204, in _document_symbol_range
    end = name.get_definition_end_position()
  File "/root/.vscode-server/extensions/ms-python.python-2025.6.1-linux-x64/python_files/lib/jedilsp/jedi/api/classes.py", line 260, in get_definition_end_position
    if self.type in ("function", "class"):
  File "/root/.vscode-server/extensions/ms-python.python-2025.6.1-linux-x64/python_files/lib/jedilsp/jedi/api/classes.py", line 190, in type
    for value in self._name.infer():
  File "/root/.vscode-server/extensions/ms-python.python-2025.6.1-linux-x64/python_files/lib/jedilsp/jedi/inference/names.py", line 281, in infer
    return tree_name_to_values(
  File "/root/.vscode-server/extensions/ms-python.python-2025.6.1-linux-x64/python_files/lib/jedilsp/jedi/plugins/__init__.py", line 21, in wrapper
    return built_functions[public_name](*args, **kwargs)
  File "/root/.vscode-server/extensions/ms-python.python-2025.6.1-linux-x64/python_files/lib/jedilsp/jedi/plugins/stdlib.py", line 878, in wrapper
    return func(inference_state, context, tree_name)
  File "/root/.vscode-server/extensions/ms-python.python-2025.6.1-linux-x64/python_files/lib/jedilsp/jedi/plugins/django.py", line 177, in wrapper
    result = func(inference_state, context, tree_name)
  File "/root/.vscode-server/extensions/ms-python.python-2025.6.1-linux-x64/python_files/lib/jedilsp/jedi/inference/syntax_tree.py", line 771, in tree_name_to_values
    types = imports.infer_import(context, tree_name)
  File "/root/.vscode-server/extensions/ms-python.python-2025.6.1-linux-x64/python_files/lib/jedilsp/jedi/inference/cache.py", line 44, in wrapper
    rv = function(obj, *args, **kwargs)
  File "/root/.vscode-server/extensions/ms-python.python-2025.6.1-linux-x64/python_files/lib/jedilsp/jedi/inference/imports.py", line 53, in infer_import
    _prepare_infer_import(module_context, tree_name)
  File "/root/.vscode-server/extensions/ms-python.python-2025.6.1-linux-x64/python_files/lib/jedilsp/jedi/inference/imports.py", line 116, in _prepare_infer_import
    return from_import_name, tuple(import_path), import_node.level, importer.follow()
  File "/root/.vscode-server/extensions/ms-python.python-2025.6.1-linux-x64/python_files/lib/jedilsp/jedi/inference/imports.py", line 296, in follow
    return import_module_by_names(
  File "/root/.vscode-server/extensions/ms-python.python-2025.6.1-linux-x64/python_files/lib/jedilsp/jedi/inference/imports.py", line 376, in import_module_by_names
    value_set = ValueSet.from_sets([
  File "/root/.vscode-server/extensions/ms-python.python-2025.6.1-linux-x64/python_files/lib/jedilsp/jedi/inference/imports.py", line 377, in <listcomp>
    import_module(
  File "/root/.vscode-server/extensions/ms-python.python-2025.6.1-linux-x64/python_files/lib/jedilsp/jedi/plugins/__init__.py", line 21, in wrapper
    return built_functions[public_name](*args, **kwargs)
  File "/root/.vscode-server/extensions/ms-python.python-2025.6.1-linux-x64/python_files/lib/jedilsp/jedi/plugins/flask.py", line 20, in wrapper
    return callback(inference_state, import_names, module_context, *args, **kwargs)
  File "/root/.vscode-server/extensions/ms-python.python-2025.6.1-linux-x64/python_files/lib/jedilsp/jedi/inference/gradual/typeshed.py", line 115, in wrapper
    python_value_set = ValueSet.from_sets(
  File "/root/.vscode-server/extensions/ms-python.python-2025.6.1-linux-x64/python_files/lib/jedilsp/jedi/inference/base_value.py", line 430, in from_sets
    for set_ in sets:
  File "/root/.vscode-server/extensions/ms-python.python-2025.6.1-linux-x64/python_files/lib/jedilsp/jedi/inference/gradual/typeshed.py", line 116, in <genexpr>
    func(inference_state, import_names, p, sys_path,)
  File "/root/.vscode-server/extensions/ms-python.python-2025.6.1-linux-x64/python_files/lib/jedilsp/jedi/inference/imports.py", line 411, in import_module
    file_io_or_ns, is_pkg = inference_state.compiled_subprocess.get_module_info(
  File "/root/.vscode-server/extensions/ms-python.python-2025.6.1-linux-x64/python_files/lib/jedilsp/jedi/inference/compiled/subprocess/__init__.py", line 188, in wrapper
    result = self._compiled_subprocess.run(
  File "/root/.vscode-server/extensions/ms-python.python-2025.6.1-linux-x64/python_files/lib/jedilsp/jedi/inference/compiled/subprocess/__init__.py", line 296, in run
    return self._send(inference_state_id, function, args, kwargs)
  File "/root/.vscode-server/extensions/ms-python.python-2025.6.1-linux-x64/python_files/lib/jedilsp/jedi/inference/compiled/subprocess/__init__.py", line 318, in _send
    is_exception, traceback, result = pickle_load(self._get_process().stdout)
  File "/root/.vscode-server/extensions/ms-python.python-2025.6.1-linux-x64/python_files/lib/jedilsp/jedi/_compatibility.py", line 25, in pickle_load
    return Unpickler(file).load()
_pickle.UnpicklingError: could not find MARK

2025-05-23 19:49:37.457 [info] [Error - 7:49:37 PM] Request textDocument/documentSymbol failed.
2025-05-23 19:49:37.457 [info]   Message: _pickle.UnpicklingError: could not find MARK
  Code: -32603 
[object Object]
2025-05-23 19:49:38.116 [info] semantic_tokens_range file:///root/mallapi/settings.py 35:0-139:0
2025-05-23 19:49:38.313 [info] semantic_tokens_range file:///root/mallapi/settings.py 35:0-140:0
2025-05-23 19:49:38.546 [info] semantic_tokens_full file:///root/mallapi/settings.py 
2025-05-23 19:49:38.547 [info] ERROR:pygls.protocol.json_rpc:Exception occurred for message "29": _pickle.UnpicklingError: could not find MARK
NoneType: None

2025-05-23 19:49:38.547 [info] [Error - 7:49:38 PM] Request textDocument/semanticTokens/full failed.
2025-05-23 19:49:38.547 [info]   Message: _pickle.UnpicklingError: could not find MARK
  Code: -32603 
[object Object]
2025-05-23 19:49:38.578 [info] ERROR:pygls.protocol.json_rpc:Failed to handle request 30 textDocument/documentSymbol DocumentSymbolParams(text_document=TextDocumentIdentifier(uri='file:///root/mallapi/settings.py'), work_done_token=None, partial_result_token=None)
Traceback (most recent call last):
  File "/root/.vscode-server/extensions/ms-python.python-2025.6.1-linux-x64/python_files/lib/jedilsp/pygls/protocol/json_rpc.py", line 266, in _handle_request
    self._execute_request(msg_id, handler, params)
  File "/root/.vscode-server/extensions/ms-python.python-2025.6.1-linux-x64/python_files/lib/jedilsp/pygls/protocol/json_rpc.py", line 188, in _execute_request
    self._send_response(msg_id, handler(params))
  File "/root/.vscode-server/extensions/ms-python.python-2025.6.1-linux-x64/python_files/lib/jedilsp/jedi_language_server/server.py", line 546, in document_symbol
    document_symbols = jedi_utils.lsp_document_symbols(names)
  File "/root/.vscode-server/extensions/ms-python.python-2025.6.1-linux-x64/python_files/lib/jedilsp/jedi_language_server/jedi_utils.py", line 225, in lsp_document_symbols
    symbol_range = _document_symbol_range(name)
  File "/root/.vscode-server/extensions/ms-python.python-2025.6.1-linux-x64/python_files/lib/jedilsp/jedi_language_server/jedi_utils.py", line 204, in _document_symbol_range
    end = name.get_definition_end_position()
  File "/root/.vscode-server/extensions/ms-python.python-2025.6.1-linux-x64/python_files/lib/jedilsp/jedi/api/classes.py", line 260, in get_definition_end_position
    if self.type in ("function", "class"):
  File "/root/.vscode-server/extensions/ms-python.python-2025.6.1-linux-x64/python_files/lib/jedilsp/jedi/api/classes.py", line 190, in type
    for value in self._name.infer():
  File "/root/.vscode-server/extensions/ms-python.python-2025.6.1-linux-x64/python_files/lib/jedilsp/jedi/inference/names.py", line 281, in infer
    return tree_name_to_values(
  File "/root/.vscode-server/extensions/ms-python.python-2025.6.1-linux-x64/python_files/lib/jedilsp/jedi/plugins/__init__.py", line 21, in wrapper
    return built_functions[public_name](*args, **kwargs)
  File "/root/.vscode-server/extensions/ms-python.python-2025.6.1-linux-x64/python_files/lib/jedilsp/jedi/plugins/stdlib.py", line 878, in wrapper
    return func(inference_state, context, tree_name)
  File "/root/.vscode-server/extensions/ms-python.python-2025.6.1-linux-x64/python_files/lib/jedilsp/jedi/plugins/django.py", line 177, in wrapper
    result = func(inference_state, context, tree_name)
  File "/root/.vscode-server/extensions/ms-python.python-2025.6.1-linux-x64/python_files/lib/jedilsp/jedi/inference/syntax_tree.py", line 771, in tree_name_to_values
    types = imports.infer_import(context, tree_name)
  File "/root/.vscode-server/extensions/ms-python.python-2025.6.1-linux-x64/python_files/lib/jedilsp/jedi/inference/cache.py", line 44, in wrapper
    rv = function(obj, *args, **kwargs)
  File "/root/.vscode-server/extensions/ms-python.python-2025.6.1-linux-x64/python_files/lib/jedilsp/jedi/inference/imports.py", line 53, in infer_import
    _prepare_infer_import(module_context, tree_name)
  File "/root/.vscode-server/extensions/ms-python.python-2025.6.1-linux-x64/python_files/lib/jedilsp/jedi/inference/imports.py", line 116, in _prepare_infer_import
    return from_import_name, tuple(import_path), import_node.level, importer.follow()
  File "/root/.vscode-server/extensions/ms-python.python-2025.6.1-linux-x64/python_files/lib/jedilsp/jedi/inference/imports.py", line 296, in follow
    return import_module_by_names(
  File "/root/.vscode-server/extensions/ms-python.python-2025.6.1-linux-x64/python_files/lib/jedilsp/jedi/inference/imports.py", line 376, in import_module_by_names
    value_set = ValueSet.from_sets([
  File "/root/.vscode-server/extensions/ms-python.python-2025.6.1-linux-x64/python_files/lib/jedilsp/jedi/inference/imports.py", line 377, in <listcomp>
    import_module(
  File "/root/.vscode-server/extensions/ms-python.python-2025.6.1-linux-x64/python_files/lib/jedilsp/jedi/plugins/__init__.py", line 21, in wrapper
    return built_functions[public_name](*args, **kwargs)
  File "/root/.vscode-server/extensions/ms-python.python-2025.6.1-linux-x64/python_files/lib/jedilsp/jedi/plugins/flask.py", line 20, in wrapper
    return callback(inference_state, import_names, module_context, *args, **kwargs)
  File "/root/.vscode-server/extensions/ms-python.python-2025.6.1-linux-x64/python_files/lib/jedilsp/jedi/inference/gradual/typeshed.py", line 115, in wrapper
    python_value_set = ValueSet.from_sets(
  File "/root/.vscode-server/extensions/ms-python.python-2025.6.1-linux-x64/python_files/lib/jedilsp/jedi/inference/base_value.py", line 430, in from_sets
    for set_ in sets:
  File "/root/.vscode-server/extensions/ms-python.python-2025.6.1-linux-x64/python_files/lib/jedilsp/jedi/inference/gradual/typeshed.py", line 116, in <genexpr>
    func(inference_state, import_names, p, sys_path,)
  File "/root/.vscode-server/extensions/ms-python.python-2025.6.1-linux-x64/python_files/lib/jedilsp/jedi/inference/imports.py", line 411, in import_module
    file_io_or_ns, is_pkg = inference_state.compiled_subprocess.get_module_info(
  File "/root/.vscode-server/extensions/ms-python.python-2025.6.1-linux-x64/python_files/lib/jedilsp/jedi/inference/compiled/subprocess/__init__.py", line 188, in wrapper
    result = self._compiled_subprocess.run(
  File "/root/.vscode-server/extensions/ms-python.python-2025.6.1-linux-x64/python_files/lib/jedilsp/jedi/inference/compiled/subprocess/__init__.py", line 293, in run
    self._send(delete_id, None)
  File "/root/.vscode-server/extensions/ms-python.python-2025.6.1-linux-x64/python_files/lib/jedilsp/jedi/inference/compiled/subprocess/__init__.py", line 318, in _send
    is_exception, traceback, result = pickle_load(self._get_process().stdout)
  File "/root/.vscode-server/extensions/ms-python.python-2025.6.1-linux-x64/python_files/lib/jedilsp/jedi/_compatibility.py", line 25, in pickle_load
    return Unpickler(file).load()
_pickle.UnpicklingError: could not find MARK

2025-05-23 19:49:38.579 [info] [Error - 7:49:38 PM] Request textDocument/documentSymbol failed.
2025-05-23 19:49:38.579 [info]   Message: _pickle.UnpicklingError: could not find MARK
  Code: -32603 
[object Object]
2025-05-23 19:49:38.580 [info] ERROR:pygls.protocol.json_rpc:Failed to handle request 31 textDocument/documentSymbol DocumentSymbolParams(text_document=TextDocumentIdentifier(uri='file:///root/mallapi/settings.py'), work_done_token=None, partial_result_token=None)
Traceback (most recent call last):
  File "/root/.vscode-server/extensions/ms-python.python-2025.6.1-linux-x64/python_files/lib/jedilsp/pygls/protocol/json_rpc.py", line 266, in _handle_request
    self._execute_request(msg_id, handler, params)
  File "/root/.vscode-server/extensions/ms-python.python-2025.6.1-linux-x64/python_files/lib/jedilsp/pygls/protocol/json_rpc.py", line 188, in _execute_request
    self._send_response(msg_id, handler(params))
  File "/root/.vscode-server/extensions/ms-python.python-2025.6.1-linux-x64/python_files/lib/jedilsp/jedi_language_server/server.py", line 546, in document_symbol
    document_symbols = jedi_utils.lsp_document_symbols(names)
  File "/root/.vscode-server/extensions/ms-python.python-2025.6.1-linux-x64/python_files/lib/jedilsp/jedi_language_server/jedi_utils.py", line 225, in lsp_document_symbols
    symbol_range = _document_symbol_range(name)
  File "/root/.vscode-server/extensions/ms-python.python-2025.6.1-linux-x64/python_files/lib/jedilsp/jedi_language_server/jedi_utils.py", line 204, in _document_symbol_range
    end = name.get_definition_end_position()
  File "/root/.vscode-server/extensions/ms-python.python-2025.6.1-linux-x64/python_files/lib/jedilsp/jedi/api/classes.py", line 260, in get_definition_end_position
    if self.type in ("function", "class"):
  File "/root/.vscode-server/extensions/ms-python.python-2025.6.1-linux-x64/python_files/lib/jedilsp/jedi/api/classes.py", line 190, in type
    for value in self._name.infer():
  File "/root/.vscode-server/extensions/ms-python.python-2025.6.1-linux-x64/python_files/lib/jedilsp/jedi/inference/names.py", line 281, in infer
    return tree_name_to_values(
  File "/root/.vscode-server/extensions/ms-python.python-2025.6.1-linux-x64/python_files/lib/jedilsp/jedi/plugins/__init__.py", line 21, in wrapper
    return built_functions[public_name](*args, **kwargs)
  File "/root/.vscode-server/extensions/ms-python.python-2025.6.1-linux-x64/python_files/lib/jedilsp/jedi/plugins/stdlib.py", line 878, in wrapper
    return func(inference_state, context, tree_name)
  File "/root/.vscode-server/extensions/ms-python.python-2025.6.1-linux-x64/python_files/lib/jedilsp/jedi/plugins/django.py", line 177, in wrapper
    result = func(inference_state, context, tree_name)
  File "/root/.vscode-server/extensions/ms-python.python-2025.6.1-linux-x64/python_files/lib/jedilsp/jedi/inference/syntax_tree.py", line 771, in tree_name_to_values
    types = imports.infer_import(context, tree_name)
  File "/root/.vscode-server/extensions/ms-python.python-2025.6.1-linux-x64/python_files/lib/jedilsp/jedi/inference/cache.py", line 44, in wrapper
    rv = function(obj, *args, **kwargs)
  File "/root/.vscode-server/extensions/ms-python.python-2025.6.1-linux-x64/python_files/lib/jedilsp/jedi/inference/imports.py", line 53, in infer_import
    _prepare_infer_import(module_context, tree_name)
  File "/root/.vscode-server/extensions/ms-python.python-2025.6.1-linux-x64/python_files/lib/jedilsp/jedi/inference/imports.py", line 116, in _prepare_infer_import
    return from_import_name, tuple(import_path), import_node.level, importer.follow()
  File "/root/.vscode-server/extensions/ms-python.python-2025.6.1-linux-x64/python_files/lib/jedilsp/jedi/inference/imports.py", line 296, in follow
    return import_module_by_names(
  File "/root/.vscode-server/extensions/ms-python.python-2025.6.1-linux-x64/python_files/lib/jedilsp/jedi/inference/imports.py", line 376, in import_module_by_names
    value_set = ValueSet.from_sets([
  File "/root/.vscode-server/extensions/ms-python.python-2025.6.1-linux-x64/python_files/lib/jedilsp/jedi/inference/imports.py", line 377, in <listcomp>
    import_module(
  File "/root/.vscode-server/extensions/ms-python.python-2025.6.1-linux-x64/python_files/lib/jedilsp/jedi/plugins/__init__.py", line 21, in wrapper
    return built_functions[public_name](*args, **kwargs)
  File "/root/.vscode-server/extensions/ms-python.python-2025.6.1-linux-x64/python_files/lib/jedilsp/jedi/plugins/flask.py", line 20, in wrapper
    return callback(inference_state, import_names, module_context, *args, **kwargs)
  File "/root/.vscode-server/extensions/ms-python.python-2025.6.1-linux-x64/python_files/lib/jedilsp/jedi/inference/gradual/typeshed.py", line 115, in wrapper
    python_value_set = ValueSet.from_sets(
  File "/root/.vscode-server/extensions/ms-python.python-2025.6.1-linux-x64/python_files/lib/jedilsp/jedi/inference/base_value.py", line 430, in from_sets
    for set_ in sets:
  File "/root/.vscode-server/extensions/ms-python.python-2025.6.1-linux-x64/python_files/lib/jedilsp/jedi/inference/gradual/typeshed.py", line 116, in <genexpr>
    func(inference_state, import_names, p, sys_path,)
  File "/root/.vscode-server/extensions/ms-python.python-2025.6.1-linux-x64/python_files/lib/jedilsp/jedi/inference/imports.py", line 411, in import_module
    file_io_or_ns, is_pkg = inference_state.compiled_subprocess.get_module_info(
  File "/root/.vscode-server/extensions/ms-python.python-2025.6.1-linux-x64/python_files/lib/jedilsp/jedi/inference/compiled/subprocess/__init__.py", line 188, in wrapper
    result = self._compiled_subprocess.run(
  File "/root/.vscode-server/extensions/ms-python.python-2025.6.1-linux-x64/python_files/lib/jedilsp/jedi/inference/compiled/subprocess/__init__.py", line 293, in run
    self._send(delete_id, None)
  File "/root/.vscode-server/extensions/ms-python.python-2025.6.1-linux-x64/python_files/lib/jedilsp/jedi/inference/compiled/subprocess/__init__.py", line 318, in _send
    is_exception, traceback, result = pickle_load(self._get_process().stdout)
  File "/root/.vscode-server/extensions/ms-python.python-2025.6.1-linux-x64/python_files/lib/jedilsp/jedi/_compatibility.py", line 25, in pickle_load
    return Unpickler(file).load()
_pickle.UnpicklingError: could not find MARK

2025-05-23 19:49:38.581 [info] [Error - 7:49:38 PM] Request textDocument/documentSymbol failed.
2025-05-23 19:49:38.581 [info]   Message: _pickle.UnpicklingError: could not find MARK
  Code: -32603 
[object Object]
2025-05-23 19:49:39.289 [info] semantic_tokens_range file:///root/mallapi/settings.py 35:0-139:0
2025-05-23 19:49:39.538 [info] ERROR:pygls.protocol.json_rpc:Failed to handle request 33 textDocument/documentSymbol DocumentSymbolParams(text_document=TextDocumentIdentifier(uri='file:///root/mallapi/settings.py'), work_done_token=None, partial_result_token=None)
Traceback (most recent call last):
  File "/root/.vscode-server/extensions/ms-python.python-2025.6.1-linux-x64/python_files/lib/jedilsp/pygls/protocol/json_rpc.py", line 266, in _handle_request
    self._execute_request(msg_id, handler, params)
  File "/root/.vscode-server/extensions/ms-python.python-2025.6.1-linux-x64/python_files/lib/jedilsp/pygls/protocol/json_rpc.py", line 188, in _execute_request
    self._send_response(msg_id, handler(params))
  File "/root/.vscode-server/extensions/ms-python.python-2025.6.1-linux-x64/python_files/lib/jedilsp/jedi_language_server/server.py", line 546, in document_symbol
    document_symbols = jedi_utils.lsp_document_symbols(names)
  File "/root/.vscode-server/extensions/ms-python.python-2025.6.1-linux-x64/python_files/lib/jedilsp/jedi_language_server/jedi_utils.py", line 225, in lsp_document_symbols
    symbol_range = _document_symbol_range(name)
  File "/root/.vscode-server/extensions/ms-python.python-2025.6.1-linux-x64/python_files/lib/jedilsp/jedi_language_server/jedi_utils.py", line 204, in _document_symbol_range
    end = name.get_definition_end_position()
  File "/root/.vscode-server/extensions/ms-python.python-2025.6.1-linux-x64/python_files/lib/jedilsp/jedi/api/classes.py", line 260, in get_definition_end_position
    if self.type in ("function", "class"):
  File "/root/.vscode-server/extensions/ms-python.python-2025.6.1-linux-x64/python_files/lib/jedilsp/jedi/api/classes.py", line 190, in type
    for value in self._name.infer():
  File "/root/.vscode-server/extensions/ms-python.python-2025.6.1-linux-x64/python_files/lib/jedilsp/jedi/inference/names.py", line 281, in infer
    return tree_name_to_values(
  File "/root/.vscode-server/extensions/ms-python.python-2025.6.1-linux-x64/python_files/lib/jedilsp/jedi/plugins/__init__.py", line 21, in wrapper
    return built_functions[public_name](*args, **kwargs)
  File "/root/.vscode-server/extensions/ms-python.python-2025.6.1-linux-x64/python_files/lib/jedilsp/jedi/plugins/stdlib.py", line 878, in wrapper
    return func(inference_state, context, tree_name)
  File "/root/.vscode-server/extensions/ms-python.python-2025.6.1-linux-x64/python_files/lib/jedilsp/jedi/plugins/django.py", line 177, in wrapper
    result = func(inference_state, context, tree_name)
  File "/root/.vscode-server/extensions/ms-python.python-2025.6.1-linux-x64/python_files/lib/jedilsp/jedi/inference/syntax_tree.py", line 771, in tree_name_to_values
    types = imports.infer_import(context, tree_name)
  File "/root/.vscode-server/extensions/ms-python.python-2025.6.1-linux-x64/python_files/lib/jedilsp/jedi/inference/cache.py", line 44, in wrapper
    rv = function(obj, *args, **kwargs)
  File "/root/.vscode-server/extensions/ms-python.python-2025.6.1-linux-x64/python_files/lib/jedilsp/jedi/inference/imports.py", line 53, in infer_import
    _prepare_infer_import(module_context, tree_name)
  File "/root/.vscode-server/extensions/ms-python.python-2025.6.1-linux-x64/python_files/lib/jedilsp/jedi/inference/imports.py", line 116, in _prepare_infer_import
    return from_import_name, tuple(import_path), import_node.level, importer.follow()
  File "/root/.vscode-server/extensions/ms-python.python-2025.6.1-linux-x64/python_files/lib/jedilsp/jedi/inference/imports.py", line 296, in follow
    return import_module_by_names(
  File "/root/.vscode-server/extensions/ms-python.python-2025.6.1-linux-x64/python_files/lib/jedilsp/jedi/inference/imports.py", line 376, in import_module_by_names
    value_set = ValueSet.from_sets([
  File "/root/.vscode-server/extensions/ms-python.python-2025.6.1-linux-x64/python_files/lib/jedilsp/jedi/inference/imports.py", line 377, in <listcomp>
    import_module(
  File "/root/.vscode-server/extensions/ms-python.python-2025.6.1-linux-x64/python_files/lib/jedilsp/jedi/plugins/__init__.py", line 21, in wrapper
    return built_functions[public_name](*args, **kwargs)
  File "/root/.vscode-server/extensions/ms-python.python-2025.6.1-linux-x64/python_files/lib/jedilsp/jedi/plugins/flask.py", line 20, in wrapper
    return callback(inference_state, import_names, module_context, *args, **kwargs)
  File "/root/.vscode-server/extensions/ms-python.python-2025.6.1-linux-x64/python_files/lib/jedilsp/jedi/inference/gradual/typeshed.py", line 115, in wrapper
    python_value_set = ValueSet.from_sets(
  File "/root/.vscode-server/extensions/ms-python.python-2025.6.1-linux-x64/python_files/lib/jedilsp/jedi/inference/base_value.py", line 430, in from_sets
    for set_ in sets:
  File "/root/.vscode-server/extensions/ms-python.python-2025.6.1-linux-x64/python_files/lib/jedilsp/jedi/inference/gradual/typeshed.py", line 116, in <genexpr>
    func(inference_state, import_names, p, sys_path,)
  File "/root/.vscode-server/extensions/ms-python.python-2025.6.1-linux-x64/python_files/lib/jedilsp/jedi/inference/imports.py", line 411, in import_module
    file_io_or_ns, is_pkg = inference_state.compiled_subprocess.get_module_info(
  File "/root/.vscode-server/extensions/ms-python.python-2025.6.1-linux-x64/python_files/lib/jedilsp/jedi/inference/compiled/subprocess/__init__.py", line 188, in wrapper
    result = self._compiled_subprocess.run(
  File "/root/.vscode-server/extensions/ms-python.python-2025.6.1-linux-x64/python_files/lib/jedilsp/jedi/inference/compiled/subprocess/__init__.py", line 293, in run
    self._send(delete_id, None)
  File "/root/.vscode-server/extensions/ms-python.python-2025.6.1-linux-x64/python_files/lib/jedilsp/jedi/inference/compiled/subprocess/__init__.py", line 318, in _send
    is_exception, traceback, result = pickle_load(self._get_process().stdout)
  File "/root/.vscode-server/extensions/ms-python.python-2025.6.1-linux-x64/python_files/lib/jedilsp/jedi/_compatibility.py", line 25, in pickle_load
    return Unpickler(file).load()
_pickle.UnpicklingError: could not find MARK

2025-05-23 19:49:39.539 [info] [Error - 7:49:39 PM] Request textDocument/documentSymbol failed.
2025-05-23 19:49:39.539 [info]   Message: _pickle.UnpicklingError: could not find MARK
  Code: -32603 
[object Object]
2025-05-23 19:49:39.542 [info] ERROR:pygls.protocol.json_rpc:Failed to handle request 34 textDocument/documentSymbol DocumentSymbolParams(text_document=TextDocumentIdentifier(uri='file:///root/mallapi/settings.py'), work_done_token=None, partial_result_token=None)
Traceback (most recent call last):
  File "/root/.vscode-server/extensions/ms-python.python-2025.6.1-linux-x64/python_files/lib/jedilsp/pygls/protocol/json_rpc.py", line 266, in _handle_request
    self._execute_request(msg_id, handler, params)
  File "/root/.vscode-server/extensions/ms-python.python-2025.6.1-linux-x64/python_files/lib/jedilsp/pygls/protocol/json_rpc.py", line 188, in _execute_request
    self._send_response(msg_id, handler(params))
  File "/root/.vscode-server/extensions/ms-python.python-2025.6.1-linux-x64/python_files/lib/jedilsp/jedi_language_server/server.py", line 546, in document_symbol
    document_symbols = jedi_utils.lsp_document_symbols(names)
  File "/root/.vscode-server/extensions/ms-python.python-2025.6.1-linux-x64/python_files/lib/jedilsp/jedi_language_server/jedi_utils.py", line 225, in lsp_document_symbols
    symbol_range = _document_symbol_range(name)
  File "/root/.vscode-server/extensions/ms-python.python-2025.6.1-linux-x64/python_files/lib/jedilsp/jedi_language_server/jedi_utils.py", line 204, in _document_symbol_range
    end = name.get_definition_end_position()
  File "/root/.vscode-server/extensions/ms-python.python-2025.6.1-linux-x64/python_files/lib/jedilsp/jedi/api/classes.py", line 260, in get_definition_end_position
    if self.type in ("function", "class"):
  File "/root/.vscode-server/extensions/ms-python.python-2025.6.1-linux-x64/python_files/lib/jedilsp/jedi/api/classes.py", line 190, in type
    for value in self._name.infer():
  File "/root/.vscode-server/extensions/ms-python.python-2025.6.1-linux-x64/python_files/lib/jedilsp/jedi/inference/names.py", line 281, in infer
    return tree_name_to_values(
  File "/root/.vscode-server/extensions/ms-python.python-2025.6.1-linux-x64/python_files/lib/jedilsp/jedi/plugins/__init__.py", line 21, in wrapper
    return built_functions[public_name](*args, **kwargs)
  File "/root/.vscode-server/extensions/ms-python.python-2025.6.1-linux-x64/python_files/lib/jedilsp/jedi/plugins/stdlib.py", line 878, in wrapper
    return func(inference_state, context, tree_name)
  File "/root/.vscode-server/extensions/ms-python.python-2025.6.1-linux-x64/python_files/lib/jedilsp/jedi/plugins/django.py", line 177, in wrapper
    result = func(inference_state, context, tree_name)
  File "/root/.vscode-server/extensions/ms-python.python-2025.6.1-linux-x64/python_files/lib/jedilsp/jedi/inference/syntax_tree.py", line 771, in tree_name_to_values
    types = imports.infer_import(context, tree_name)
  File "/root/.vscode-server/extensions/ms-python.python-2025.6.1-linux-x64/python_files/lib/jedilsp/jedi/inference/cache.py", line 44, in wrapper
    rv = function(obj, *args, **kwargs)
  File "/root/.vscode-server/extensions/ms-python.python-2025.6.1-linux-x64/python_files/lib/jedilsp/jedi/inference/imports.py", line 53, in infer_import
    _prepare_infer_import(module_context, tree_name)
  File "/root/.vscode-server/extensions/ms-python.python-2025.6.1-linux-x64/python_files/lib/jedilsp/jedi/inference/imports.py", line 116, in _prepare_infer_import
    return from_import_name, tuple(import_path), import_node.level, importer.follow()
  File "/root/.vscode-server/extensions/ms-python.python-2025.6.1-linux-x64/python_files/lib/jedilsp/jedi/inference/imports.py", line 296, in follow
    return import_module_by_names(
  File "/root/.vscode-server/extensions/ms-python.python-2025.6.1-linux-x64/python_files/lib/jedilsp/jedi/inference/imports.py", line 376, in import_module_by_names
    value_set = ValueSet.from_sets([
  File "/root/.vscode-server/extensions/ms-python.python-2025.6.1-linux-x64/python_files/lib/jedilsp/jedi/inference/imports.py", line 377, in <listcomp>
    import_module(
  File "/root/.vscode-server/extensions/ms-python.python-2025.6.1-linux-x64/python_files/lib/jedilsp/jedi/plugins/__init__.py", line 21, in wrapper
    return built_functions[public_name](*args, **kwargs)
  File "/root/.vscode-server/extensions/ms-python.python-2025.6.1-linux-x64/python_files/lib/jedilsp/jedi/plugins/flask.py", line 20, in wrapper
    return callback(inference_state, import_names, module_context, *args, **kwargs)
  File "/root/.vscode-server/extensions/ms-python.python-2025.6.1-linux-x64/python_files/lib/jedilsp/jedi/inference/gradual/typeshed.py", line 115, in wrapper
    python_value_set = ValueSet.from_sets(
  File "/root/.vscode-server/extensions/ms-python.python-2025.6.1-linux-x64/python_files/lib/jedilsp/jedi/inference/base_value.py", line 430, in from_sets
    for set_ in sets:
  File "/root/.vscode-server/extensions/ms-python.python-2025.6.1-linux-x64/python_files/lib/jedilsp/jedi/inference/gradual/typeshed.py", line 116, in <genexpr>
    func(inference_state, import_names, p, sys_path,)
  File "/root/.vscode-server/extensions/ms-python.python-2025.6.1-linux-x64/python_files/lib/jedilsp/jedi/inference/imports.py", line 411, in import_module
    file_io_or_ns, is_pkg = inference_state.compiled_subprocess.get_module_info(
  File "/root/.vscode-server/extensions/ms-python.python-2025.6.1-linux-x64/python_files/lib/jedilsp/jedi/inference/compiled/subprocess/__init__.py", line 188, in wrapper
    result = self._compiled_subprocess.run(
  File "/root/.vscode-server/extensions/ms-python.python-2025.6.1-linux-x64/python_files/lib/jedilsp/jedi/inference/compiled/subprocess/__init__.py", line 296, in run
    return self._send(inference_state_id, function, args, kwargs)
  File "/root/.vscode-server/extensions/ms-python.python-2025.6.1-linux-x64/python_files/lib/jedilsp/jedi/inference/compiled/subprocess/__init__.py", line 318, in _send
    is_exception, traceback, result = pickle_load(self._get_process().stdout)
  File "/root/.vscode-server/extensions/ms-python.python-2025.6.1-linux-x64/python_files/lib/jedilsp/jedi/_compatibility.py", line 25, in pickle_load
    return Unpickler(file).load()
_pickle.UnpicklingError: could not find MARK

2025-05-23 19:49:39.542 [info] [Error - 7:49:39 PM] Request textDocument/documentSymbol failed.
2025-05-23 19:49:39.542 [info]   Message: _pickle.UnpicklingError: could not find MARK
  Code: -32603 
[object Object]
2025-05-23 19:49:39.713 [info] semantic_tokens_full file:///root/mallapi/settings.py 
2025-05-23 19:49:39.714 [info] ERROR:pygls.protocol.json_rpc:Exception occurred for message "35": _pickle.UnpicklingError: could not find MARK
NoneType: None

2025-05-23 19:49:39.714 [info] [Error - 7:49:39 PM] Request textDocument/semanticTokens/full failed.
2025-05-23 19:49:39.714 [info]   Message: _pickle.UnpicklingError: could not find MARK
  Code: -32603 
[object Object]
2025-05-23 19:58:27.811 [info] semantic_tokens_range file:///root/mallapi/settings.py 62:0-139:0
2025-05-23 19:58:28.348 [info] semantic_tokens_range file:///root/mallapi/settings.py 69:0-130:20
2025-05-23 20:00:17.463 [info] semantic_tokens_range file:///root/mallapi/settings.py 34:0-139:0
2025-05-23 20:01:02.609 [info] semantic_tokens_range file:///root/mallapi/settings.py 69:0-130:20
2025-05-23 20:39:56.275 [info] semantic_tokens_range file:///root/mallapi/settings.py 33:0-139:0
2025-05-23 20:57:18.546 [info] semantic_tokens_range file:///root/mallapi/settings.py 33:0-139:14
2025-05-23 20:57:18.791 [info] ERROR:pygls.protocol.json_rpc:Failed to handle request 43 textDocument/documentSymbol DocumentSymbolParams(text_document=TextDocumentIdentifier(uri='file:///root/mallapi/settings.py'), work_done_token=None, partial_result_token=None)
Traceback (most recent call last):
  File "/root/.vscode-server/extensions/ms-python.python-2025.6.1-linux-x64/python_files/lib/jedilsp/pygls/protocol/json_rpc.py", line 266, in _handle_request
    self._execute_request(msg_id, handler, params)
  File "/root/.vscode-server/extensions/ms-python.python-2025.6.1-linux-x64/python_files/lib/jedilsp/pygls/protocol/json_rpc.py", line 188, in _execute_request
    self._send_response(msg_id, handler(params))
  File "/root/.vscode-server/extensions/ms-python.python-2025.6.1-linux-x64/python_files/lib/jedilsp/jedi_language_server/server.py", line 546, in document_symbol
    document_symbols = jedi_utils.lsp_document_symbols(names)
  File "/root/.vscode-server/extensions/ms-python.python-2025.6.1-linux-x64/python_files/lib/jedilsp/jedi_language_server/jedi_utils.py", line 225, in lsp_document_symbols
    symbol_range = _document_symbol_range(name)
  File "/root/.vscode-server/extensions/ms-python.python-2025.6.1-linux-x64/python_files/lib/jedilsp/jedi_language_server/jedi_utils.py", line 204, in _document_symbol_range
    end = name.get_definition_end_position()
  File "/root/.vscode-server/extensions/ms-python.python-2025.6.1-linux-x64/python_files/lib/jedilsp/jedi/api/classes.py", line 260, in get_definition_end_position
    if self.type in ("function", "class"):
  File "/root/.vscode-server/extensions/ms-python.python-2025.6.1-linux-x64/python_files/lib/jedilsp/jedi/api/classes.py", line 190, in type
    for value in self._name.infer():
  File "/root/.vscode-server/extensions/ms-python.python-2025.6.1-linux-x64/python_files/lib/jedilsp/jedi/inference/names.py", line 281, in infer
    return tree_name_to_values(
  File "/root/.vscode-server/extensions/ms-python.python-2025.6.1-linux-x64/python_files/lib/jedilsp/jedi/plugins/__init__.py", line 21, in wrapper
    return built_functions[public_name](*args, **kwargs)
  File "/root/.vscode-server/extensions/ms-python.python-2025.6.1-linux-x64/python_files/lib/jedilsp/jedi/plugins/stdlib.py", line 878, in wrapper
    return func(inference_state, context, tree_name)
  File "/root/.vscode-server/extensions/ms-python.python-2025.6.1-linux-x64/python_files/lib/jedilsp/jedi/plugins/django.py", line 177, in wrapper
    result = func(inference_state, context, tree_name)
  File "/root/.vscode-server/extensions/ms-python.python-2025.6.1-linux-x64/python_files/lib/jedilsp/jedi/inference/syntax_tree.py", line 771, in tree_name_to_values
    types = imports.infer_import(context, tree_name)
  File "/root/.vscode-server/extensions/ms-python.python-2025.6.1-linux-x64/python_files/lib/jedilsp/jedi/inference/cache.py", line 44, in wrapper
    rv = function(obj, *args, **kwargs)
  File "/root/.vscode-server/extensions/ms-python.python-2025.6.1-linux-x64/python_files/lib/jedilsp/jedi/inference/imports.py", line 53, in infer_import
    _prepare_infer_import(module_context, tree_name)
  File "/root/.vscode-server/extensions/ms-python.python-2025.6.1-linux-x64/python_files/lib/jedilsp/jedi/inference/imports.py", line 116, in _prepare_infer_import
    return from_import_name, tuple(import_path), import_node.level, importer.follow()
  File "/root/.vscode-server/extensions/ms-python.python-2025.6.1-linux-x64/python_files/lib/jedilsp/jedi/inference/imports.py", line 296, in follow
    return import_module_by_names(
  File "/root/.vscode-server/extensions/ms-python.python-2025.6.1-linux-x64/python_files/lib/jedilsp/jedi/inference/imports.py", line 376, in import_module_by_names
    value_set = ValueSet.from_sets([
  File "/root/.vscode-server/extensions/ms-python.python-2025.6.1-linux-x64/python_files/lib/jedilsp/jedi/inference/imports.py", line 377, in <listcomp>
    import_module(
  File "/root/.vscode-server/extensions/ms-python.python-2025.6.1-linux-x64/python_files/lib/jedilsp/jedi/plugins/__init__.py", line 21, in wrapper
    return built_functions[public_name](*args, **kwargs)
  File "/root/.vscode-server/extensions/ms-python.python-2025.6.1-linux-x64/python_files/lib/jedilsp/jedi/plugins/flask.py", line 20, in wrapper
    return callback(inference_state, import_names, module_context, *args, **kwargs)
  File "/root/.vscode-server/extensions/ms-python.python-2025.6.1-linux-x64/python_files/lib/jedilsp/jedi/inference/gradual/typeshed.py", line 115, in wrapper
    python_value_set = ValueSet.from_sets(
  File "/root/.vscode-server/extensions/ms-python.python-2025.6.1-linux-x64/python_files/lib/jedilsp/jedi/inference/base_value.py", line 430, in from_sets
    for set_ in sets:
  File "/root/.vscode-server/extensions/ms-python.python-2025.6.1-linux-x64/python_files/lib/jedilsp/jedi/inference/gradual/typeshed.py", line 116, in <genexpr>
    func(inference_state, import_names, p, sys_path,)
  File "/root/.vscode-server/extensions/ms-python.python-2025.6.1-linux-x64/python_files/lib/jedilsp/jedi/inference/imports.py", line 411, in import_module
    file_io_or_ns, is_pkg = inference_state.compiled_subprocess.get_module_info(
  File "/root/.vscode-server/extensions/ms-python.python-2025.6.1-linux-x64/python_files/lib/jedilsp/jedi/inference/compiled/subprocess/__init__.py", line 188, in wrapper
    result = self._compiled_subprocess.run(
  File "/root/.vscode-server/extensions/ms-python.python-2025.6.1-linux-x64/python_files/lib/jedilsp/jedi/inference/compiled/subprocess/__init__.py", line 293, in run
    self._send(delete_id, None)
  File "/root/.vscode-server/extensions/ms-python.python-2025.6.1-linux-x64/python_files/lib/jedilsp/jedi/inference/compiled/subprocess/__init__.py", line 318, in _send
    is_exception, traceback, result = pickle_load(self._get_process().stdout)
  File "/root/.vscode-server/extensions/ms-python.python-2025.6.1-linux-x64/python_files/lib/jedilsp/jedi/_compatibility.py", line 25, in pickle_load
    return Unpickler(file).load()
_pickle.UnpicklingError: could not find MARK

2025-05-23 20:57:18.792 [info] ERROR:pygls.protocol.json_rpc:Failed to handle request 44 textDocument/documentSymbol DocumentSymbolParams(text_document=TextDocumentIdentifier(uri='file:///root/mallapi/settings.py'), work_done_token=None, partial_result_token=None)
Traceback (most recent call last):
  File "/root/.vscode-server/extensions/ms-python.python-2025.6.1-linux-x64/python_files/lib/jedilsp/pygls/protocol/json_rpc.py", line 266, in _handle_request
    self._execute_request(msg_id, handler, params)
  File "/root/.vscode-server/extensions/ms-python.python-2025.6.1-linux-x64/python_files/lib/jedilsp/pygls/protocol/json_rpc.py", line 188, in _execute_request
    self._send_response(msg_id, handler(params))
  File "/root/.vscode-server/extensions/ms-python.python-2025.6.1-linux-x64/python_files/lib/jedilsp/jedi_language_server/server.py", line 546, in document_symbol
    document_symbols = jedi_utils.lsp_document_symbols(names)
  File "/root/.vscode-server/extensions/ms-python.python-2025.6.1-linux-x64/python_files/lib/jedilsp/jedi_language_server/jedi_utils.py", line 225, in lsp_document_symbols
    symbol_range = _document_symbol_range(name)
  File "/root/.vscode-server/extensions/ms-python.python-2025.6.1-linux-x64/python_files/lib/jedilsp/jedi_language_server/jedi_utils.py", line 204, in _document_symbol_range
    end = name.get_definition_end_position()
  File "/root/.vscode-server/extensions/ms-python.python-2025.6.1-linux-x64/python_files/lib/jedilsp/jedi/api/classes.py", line 260, in get_definition_end_position
    if self.type in ("function", "class"):
  File "/root/.vscode-server/extensions/ms-python.python-2025.6.1-linux-x64/python_files/lib/jedilsp/jedi/api/classes.py", line 190, in type
    for value in self._name.infer():
  File "/root/.vscode-server/extensions/ms-python.python-2025.6.1-linux-x64/python_files/lib/jedilsp/jedi/inference/names.py", line 281, in infer
    return tree_name_to_values(
  File "/root/.vscode-server/extensions/ms-python.python-2025.6.1-linux-x64/python_files/lib/jedilsp/jedi/plugins/__init__.py", line 21, in wrapper
    return built_functions[public_name](*args, **kwargs)
  File "/root/.vscode-server/extensions/ms-python.python-2025.6.1-linux-x64/python_files/lib/jedilsp/jedi/plugins/stdlib.py", line 878, in wrapper
    return func(inference_state, context, tree_name)
  File "/root/.vscode-server/extensions/ms-python.python-2025.6.1-linux-x64/python_files/lib/jedilsp/jedi/plugins/django.py", line 177, in wrapper
    result = func(inference_state, context, tree_name)
  File "/root/.vscode-server/extensions/ms-python.python-2025.6.1-linux-x64/python_files/lib/jedilsp/jedi/inference/syntax_tree.py", line 771, in tree_name_to_values
    types = imports.infer_import(context, tree_name)
  File "/root/.vscode-server/extensions/ms-python.python-2025.6.1-linux-x64/python_files/lib/jedilsp/jedi/inference/cache.py", line 44, in wrapper
    rv = function(obj, *args, **kwargs)
  File "/root/.vscode-server/extensions/ms-python.python-2025.6.1-linux-x64/python_files/lib/jedilsp/jedi/inference/imports.py", line 53, in infer_import
    _prepare_infer_import(module_context, tree_name)
  File "/root/.vscode-server/extensions/ms-python.python-2025.6.1-linux-x64/python_files/lib/jedilsp/jedi/inference/imports.py", line 116, in _prepare_infer_import
    return from_import_name, tuple(import_path), import_node.level, importer.follow()
  File "/root/.vscode-server/extensions/ms-python.python-2025.6.1-linux-x64/python_files/lib/jedilsp/jedi/inference/imports.py", line 296, in follow
    return import_module_by_names(
  File "/root/.vscode-server/extensions/ms-python.python-2025.6.1-linux-x64/python_files/lib/jedilsp/jedi/inference/imports.py", line 376, in import_module_by_names
    value_set = ValueSet.from_sets([
  File "/root/.vscode-server/extensions/ms-python.python-2025.6.1-linux-x64/python_files/lib/jedilsp/jedi/inference/imports.py", line 377, in <listcomp>
    import_module(
  File "/root/.vscode-server/extensions/ms-python.python-2025.6.1-linux-x64/python_files/lib/jedilsp/jedi/plugins/__init__.py", line 21, in wrapper
    return built_functions[public_name](*args, **kwargs)
  File "/root/.vscode-server/extensions/ms-python.python-2025.6.1-linux-x64/python_files/lib/jedilsp/jedi/plugins/flask.py", line 20, in wrapper
    return callback(inference_state, import_names, module_context, *args, **kwargs)
  File "/root/.vscode-server/extensions/ms-python.python-2025.6.1-linux-x64/python_files/lib/jedilsp/jedi/inference/gradual/typeshed.py", line 115, in wrapper
    python_value_set = ValueSet.from_sets(
  File "/root/.vscode-server/extensions/ms-python.python-2025.6.1-linux-x64/python_files/lib/jedilsp/jedi/inference/base_value.py", line 430, in from_sets
    for set_ in sets:
  File "/root/.vscode-server/extensions/ms-python.python-2025.6.1-linux-x64/python_files/lib/jedilsp/jedi/inference/gradual/typeshed.py", line 116, in <genexpr>
    func(inference_state, import_names, p, sys_path,)
  File "/root/.vscode-server/extensions/ms-python.python-2025.6.1-linux-x64/python_files/lib/jedilsp/jedi/inference/imports.py", line 411, in import_module
    file_io_or_ns, is_pkg = inference_state.compiled_subprocess.get_module_info(
  File "/root/.vscode-server/extensions/ms-python.python-2025.6.1-linux-x64/python_files/lib/jedilsp/jedi/inference/compiled/subprocess/__init__.py", line 188, in wrapper
    result = self._compiled_subprocess.run(
  File "/root/.vscode-server/extensions/ms-python.python-2025.6.1-linux-x64/python_files/lib/jedilsp/jedi/inference/compiled/subprocess/__init__.py", line 293, in run
    self._send(delete_id, None)
  File "/root/.vscode-server/extensions/ms-python.python-2025.6.1-linux-x64/python_files/lib/jedilsp/jedi/inference/compiled/subprocess/__init__.py", line 318, in _send
    is_exception, traceback, result = pickle_load(self._get_process().stdout)
  File "/root/.vscode-server/extensions/ms-python.python-2025.6.1-linux-x64/python_files/lib/jedilsp/jedi/_compatibility.py", line 25, in pickle_load
    return Unpickler(file).load()
_pickle.UnpicklingError: could not find MARK

2025-05-23 20:57:18.811 [info] [Error - 8:57:18 PM] Request textDocument/documentSymbol failed.
2025-05-23 20:57:18.811 [info]   Message: _pickle.UnpicklingError: could not find MARK
  Code: -32603 
[object Object]
2025-05-23 20:57:18.821 [info] [Error - 8:57:18 PM] Request textDocument/documentSymbol failed.
2025-05-23 20:57:18.821 [info]   Message: _pickle.UnpicklingError: could not find MARK
  Code: -32603 
[object Object]
2025-05-23 20:57:18.958 [info] ERROR:pygls.protocol.json_rpc:Exception occurred for message "45": _pickle.UnpicklingError: could not find MARK
NoneType: None

2025-05-23 20:57:18.958 [info] semantic_tokens_full file:///root/mallapi/settings.py 
2025-05-23 20:57:18.959 [info] [Error - 8:57:18 PM] Request textDocument/semanticTokens/full failed.
2025-05-23 20:57:18.959 [info]   Message: _pickle.UnpicklingError: could not find MARK
  Code: -32603 
[object Object]
2025-05-23 20:57:20.994 [info] semantic_tokens_range file:///root/mallapi/settings.py 33:0-139:0
2025-05-23 20:57:21.242 [info] ERROR:pygls.protocol.json_rpc:Failed to handle request 48 textDocument/documentSymbol DocumentSymbolParams(text_document=TextDocumentIdentifier(uri='file:///root/mallapi/settings.py'), work_done_token=None, partial_result_token=None)
Traceback (most recent call last):
  File "/root/.vscode-server/extensions/ms-python.python-2025.6.1-linux-x64/python_files/lib/jedilsp/pygls/protocol/json_rpc.py", line 266, in _handle_request
    self._execute_request(msg_id, handler, params)
  File "/root/.vscode-server/extensions/ms-python.python-2025.6.1-linux-x64/python_files/lib/jedilsp/pygls/protocol/json_rpc.py", line 188, in _execute_request
    self._send_response(msg_id, handler(params))
  File "/root/.vscode-server/extensions/ms-python.python-2025.6.1-linux-x64/python_files/lib/jedilsp/jedi_language_server/server.py", line 546, in document_symbol
    document_symbols = jedi_utils.lsp_document_symbols(names)
  File "/root/.vscode-server/extensions/ms-python.python-2025.6.1-linux-x64/python_files/lib/jedilsp/jedi_language_server/jedi_utils.py", line 225, in lsp_document_symbols
    symbol_range = _document_symbol_range(name)
  File "/root/.vscode-server/extensions/ms-python.python-2025.6.1-linux-x64/python_files/lib/jedilsp/jedi_language_server/jedi_utils.py", line 204, in _document_symbol_range
    end = name.get_definition_end_position()
  File "/root/.vscode-server/extensions/ms-python.python-2025.6.1-linux-x64/python_files/lib/jedilsp/jedi/api/classes.py", line 260, in get_definition_end_position
    if self.type in ("function", "class"):
  File "/root/.vscode-server/extensions/ms-python.python-2025.6.1-linux-x64/python_files/lib/jedilsp/jedi/api/classes.py", line 190, in type
    for value in self._name.infer():
  File "/root/.vscode-server/extensions/ms-python.python-2025.6.1-linux-x64/python_files/lib/jedilsp/jedi/inference/names.py", line 281, in infer
    return tree_name_to_values(
  File "/root/.vscode-server/extensions/ms-python.python-2025.6.1-linux-x64/python_files/lib/jedilsp/jedi/plugins/__init__.py", line 21, in wrapper
    return built_functions[public_name](*args, **kwargs)
  File "/root/.vscode-server/extensions/ms-python.python-2025.6.1-linux-x64/python_files/lib/jedilsp/jedi/plugins/stdlib.py", line 878, in wrapper
    return func(inference_state, context, tree_name)
  File "/root/.vscode-server/extensions/ms-python.python-2025.6.1-linux-x64/python_files/lib/jedilsp/jedi/plugins/django.py", line 177, in wrapper
    result = func(inference_state, context, tree_name)
  File "/root/.vscode-server/extensions/ms-python.python-2025.6.1-linux-x64/python_files/lib/jedilsp/jedi/inference/syntax_tree.py", line 771, in tree_name_to_values
    types = imports.infer_import(context, tree_name)
  File "/root/.vscode-server/extensions/ms-python.python-2025.6.1-linux-x64/python_files/lib/jedilsp/jedi/inference/cache.py", line 44, in wrapper
    rv = function(obj, *args, **kwargs)
  File "/root/.vscode-server/extensions/ms-python.python-2025.6.1-linux-x64/python_files/lib/jedilsp/jedi/inference/imports.py", line 53, in infer_import
    _prepare_infer_import(module_context, tree_name)
  File "/root/.vscode-server/extensions/ms-python.python-2025.6.1-linux-x64/python_files/lib/jedilsp/jedi/inference/imports.py", line 116, in _prepare_infer_import
    return from_import_name, tuple(import_path), import_node.level, importer.follow()
  File "/root/.vscode-server/extensions/ms-python.python-2025.6.1-linux-x64/python_files/lib/jedilsp/jedi/inference/imports.py", line 296, in follow
    return import_module_by_names(
  File "/root/.vscode-server/extensions/ms-python.python-2025.6.1-linux-x64/python_files/lib/jedilsp/jedi/inference/imports.py", line 376, in import_module_by_names
    value_set = ValueSet.from_sets([
  File "/root/.vscode-server/extensions/ms-python.python-2025.6.1-linux-x64/python_files/lib/jedilsp/jedi/inference/imports.py", line 377, in <listcomp>
    import_module(
  File "/root/.vscode-server/extensions/ms-python.python-2025.6.1-linux-x64/python_files/lib/jedilsp/jedi/plugins/__init__.py", line 21, in wrapper
    return built_functions[public_name](*args, **kwargs)
  File "/root/.vscode-server/extensions/ms-python.python-2025.6.1-linux-x64/python_files/lib/jedilsp/jedi/plugins/flask.py", line 20, in wrapper
    return callback(inference_state, import_names, module_context, *args, **kwargs)
  File "/root/.vscode-server/extensions/ms-python.python-2025.6.1-linux-x64/python_files/lib/jedilsp/jedi/inference/gradual/typeshed.py", line 115, in wrapper
    python_value_set = ValueSet.from_sets(
  File "/root/.vscode-server/extensions/ms-python.python-2025.6.1-linux-x64/python_files/lib/jedilsp/jedi/inference/base_value.py", line 430, in from_sets
    for set_ in sets:
  File "/root/.vscode-server/extensions/ms-python.python-2025.6.1-linux-x64/python_files/lib/jedilsp/jedi/inference/gradual/typeshed.py", line 116, in <genexpr>
    func(inference_state, import_names, p, sys_path,)
  File "/root/.vscode-server/extensions/ms-python.python-2025.6.1-linux-x64/python_files/lib/jedilsp/jedi/inference/imports.py", line 411, in import_module
    file_io_or_ns, is_pkg = inference_state.compiled_subprocess.get_module_info(
  File "/root/.vscode-server/extensions/ms-python.python-2025.6.1-linux-x64/python_files/lib/jedilsp/jedi/inference/compiled/subprocess/__init__.py", line 188, in wrapper
    result = self._compiled_subprocess.run(
  File "/root/.vscode-server/extensions/ms-python.python-2025.6.1-linux-x64/python_files/lib/jedilsp/jedi/inference/compiled/subprocess/__init__.py", line 293, in run
    self._send(delete_id, None)
  File "/root/.vscode-server/extensions/ms-python.python-2025.6.1-linux-x64/python_files/lib/jedilsp/jedi/inference/compiled/subprocess/__init__.py", line 318, in _send
    is_exception, traceback, result = pickle_load(self._get_process().stdout)
  File "/root/.vscode-server/extensions/ms-python.python-2025.6.1-linux-x64/python_files/lib/jedilsp/jedi/_compatibility.py", line 25, in pickle_load
    return Unpickler(file).load()
_pickle.UnpicklingError: could not find MARK

2025-05-23 20:57:21.242 [info] [Error - 8:57:21 PM] Request textDocument/documentSymbol failed.
2025-05-23 20:57:21.242 [info]   Message: _pickle.UnpicklingError: could not find MARK
  Code: -32603 
[object Object]
2025-05-23 20:57:21.250 [info] ERROR:pygls.protocol.json_rpc:Failed to handle request 49 textDocument/documentSymbol DocumentSymbolParams(text_document=TextDocumentIdentifier(uri='file:///root/mallapi/settings.py'), work_done_token=None, partial_result_token=None)
Traceback (most recent call last):
  File "/root/.vscode-server/extensions/ms-python.python-2025.6.1-linux-x64/python_files/lib/jedilsp/pygls/protocol/json_rpc.py", line 266, in _handle_request
    self._execute_request(msg_id, handler, params)
  File "/root/.vscode-server/extensions/ms-python.python-2025.6.1-linux-x64/python_files/lib/jedilsp/pygls/protocol/json_rpc.py", line 188, in _execute_request
    self._send_response(msg_id, handler(params))
  File "/root/.vscode-server/extensions/ms-python.python-2025.6.1-linux-x64/python_files/lib/jedilsp/jedi_language_server/server.py", line 546, in document_symbol
    document_symbols = jedi_utils.lsp_document_symbols(names)
  File "/root/.vscode-server/extensions/ms-python.python-2025.6.1-linux-x64/python_files/lib/jedilsp/jedi_language_server/jedi_utils.py", line 225, in lsp_document_symbols
    symbol_range = _document_symbol_range(name)
  File "/root/.vscode-server/extensions/ms-python.python-2025.6.1-linux-x64/python_files/lib/jedilsp/jedi_language_server/jedi_utils.py", line 204, in _document_symbol_range
    end = name.get_definition_end_position()
  File "/root/.vscode-server/extensions/ms-python.python-2025.6.1-linux-x64/python_files/lib/jedilsp/jedi/api/classes.py", line 260, in get_definition_end_position
    if self.type in ("function", "class"):
  File "/root/.vscode-server/extensions/ms-python.python-2025.6.1-linux-x64/python_files/lib/jedilsp/jedi/api/classes.py", line 190, in type
    for value in self._name.infer():
  File "/root/.vscode-server/extensions/ms-python.python-2025.6.1-linux-x64/python_files/lib/jedilsp/jedi/inference/names.py", line 281, in infer
    return tree_name_to_values(
  File "/root/.vscode-server/extensions/ms-python.python-2025.6.1-linux-x64/python_files/lib/jedilsp/jedi/plugins/__init__.py", line 21, in wrapper
    return built_functions[public_name](*args, **kwargs)
  File "/root/.vscode-server/extensions/ms-python.python-2025.6.1-linux-x64/python_files/lib/jedilsp/jedi/plugins/stdlib.py", line 878, in wrapper
    return func(inference_state, context, tree_name)
  File "/root/.vscode-server/extensions/ms-python.python-2025.6.1-linux-x64/python_files/lib/jedilsp/jedi/plugins/django.py", line 177, in wrapper
    result = func(inference_state, context, tree_name)
  File "/root/.vscode-server/extensions/ms-python.python-2025.6.1-linux-x64/python_files/lib/jedilsp/jedi/inference/syntax_tree.py", line 771, in tree_name_to_values
    types = imports.infer_import(context, tree_name)
  File "/root/.vscode-server/extensions/ms-python.python-2025.6.1-linux-x64/python_files/lib/jedilsp/jedi/inference/cache.py", line 44, in wrapper
    rv = function(obj, *args, **kwargs)
  File "/root/.vscode-server/extensions/ms-python.python-2025.6.1-linux-x64/python_files/lib/jedilsp/jedi/inference/imports.py", line 53, in infer_import
    _prepare_infer_import(module_context, tree_name)
  File "/root/.vscode-server/extensions/ms-python.python-2025.6.1-linux-x64/python_files/lib/jedilsp/jedi/inference/imports.py", line 116, in _prepare_infer_import
    return from_import_name, tuple(import_path), import_node.level, importer.follow()
  File "/root/.vscode-server/extensions/ms-python.python-2025.6.1-linux-x64/python_files/lib/jedilsp/jedi/inference/imports.py", line 296, in follow
    return import_module_by_names(
  File "/root/.vscode-server/extensions/ms-python.python-2025.6.1-linux-x64/python_files/lib/jedilsp/jedi/inference/imports.py", line 376, in import_module_by_names
    value_set = ValueSet.from_sets([
  File "/root/.vscode-server/extensions/ms-python.python-2025.6.1-linux-x64/python_files/lib/jedilsp/jedi/inference/imports.py", line 377, in <listcomp>
    import_module(
  File "/root/.vscode-server/extensions/ms-python.python-2025.6.1-linux-x64/python_files/lib/jedilsp/jedi/plugins/__init__.py", line 21, in wrapper
    return built_functions[public_name](*args, **kwargs)
  File "/root/.vscode-server/extensions/ms-python.python-2025.6.1-linux-x64/python_files/lib/jedilsp/jedi/plugins/flask.py", line 20, in wrapper
    return callback(inference_state, import_names, module_context, *args, **kwargs)
  File "/root/.vscode-server/extensions/ms-python.python-2025.6.1-linux-x64/python_files/lib/jedilsp/jedi/inference/gradual/typeshed.py", line 115, in wrapper
    python_value_set = ValueSet.from_sets(
  File "/root/.vscode-server/extensions/ms-python.python-2025.6.1-linux-x64/python_files/lib/jedilsp/jedi/inference/base_value.py", line 430, in from_sets
    for set_ in sets:
  File "/root/.vscode-server/extensions/ms-python.python-2025.6.1-linux-x64/python_files/lib/jedilsp/jedi/inference/gradual/typeshed.py", line 116, in <genexpr>
    func(inference_state, import_names, p, sys_path,)
  File "/root/.vscode-server/extensions/ms-python.python-2025.6.1-linux-x64/python_files/lib/jedilsp/jedi/inference/imports.py", line 411, in import_module
    file_io_or_ns, is_pkg = inference_state.compiled_subprocess.get_module_info(
  File "/root/.vscode-server/extensions/ms-python.python-2025.6.1-linux-x64/python_files/lib/jedilsp/jedi/inference/compiled/subprocess/__init__.py", line 188, in wrapper
    result = self._compiled_subprocess.run(
  File "/root/.vscode-server/extensions/ms-python.python-2025.6.1-linux-x64/python_files/lib/jedilsp/jedi/inference/compiled/subprocess/__init__.py", line 293, in run
    self._send(delete_id, None)
  File "/root/.vscode-server/extensions/ms-python.python-2025.6.1-linux-x64/python_files/lib/jedilsp/jedi/inference/compiled/subprocess/__init__.py", line 318, in _send
    is_exception, traceback, result = pickle_load(self._get_process().stdout)
  File "/root/.vscode-server/extensions/ms-python.python-2025.6.1-linux-x64/python_files/lib/jedilsp/jedi/_compatibility.py", line 25, in pickle_load
    return Unpickler(file).load()
_pickle.UnpicklingError: could not find MARK

2025-05-23 20:57:21.251 [info] [Error - 8:57:21 PM] Request textDocument/documentSymbol failed.
2025-05-23 20:57:21.251 [info]   Message: _pickle.UnpicklingError: could not find MARK
  Code: -32603 
[object Object]
2025-05-23 20:57:21.424 [info] semantic_tokens_full file:///root/mallapi/settings.py 
2025-05-23 20:57:21.424 [info] ERROR:pygls.protocol.json_rpc:Exception occurred for message "50": _pickle.UnpicklingError: could not find MARK
NoneType: None

2025-05-23 20:57:21.425 [info] [Error - 8:57:21 PM] Request textDocument/semanticTokens/full failed.
2025-05-23 20:57:21.425 [info]   Message: _pickle.UnpicklingError: could not find MARK
  Code: -32603 
[object Object]
2025-05-23 21:21:09.892 [info] semantic_tokens_range file:///root/mallapi/settings.py 20:0-139:0
2025-05-23 21:21:10.384 [info] semantic_tokens_range file:///root/mallapi/settings.py 36:0-139:0
