2025-05-29 09:59:28.810 [info] [main] 로그 수준: Info
2025-05-29 09:59:28.810 [info] [main] "git"에서 찾은 git 유효성을 검사하는 중
2025-05-29 09:59:28.810 [info] [main] "2.34.1"에서 git "git"을(를) 사용하는 중
2025-05-29 09:59:28.810 [info] [Model][doInitialScan] Initial repository scan started
2025-05-29 09:59:28.810 [info] > git rev-parse --show-toplevel [505ms]
2025-05-29 09:59:28.810 [info] > git rev-parse --git-dir --git-common-dir [393ms]
2025-05-29 09:59:28.810 [info] [Model][openRepository] Opened repository (path): /root
2025-05-29 09:59:28.810 [info] [Model][openRepository] Opened repository (real path): /root
2025-05-29 09:59:28.810 [info] > git rev-parse --show-toplevel [95ms]
2025-05-29 09:59:28.810 [info] > git config --get commit.template [99ms]
2025-05-29 09:59:29.009 [info] > git for-each-ref --format=%(refname)%00%(upstream:short)%00%(objectname)%00%(upstream:track)%00%(upstream:remotename)%00%(upstream:remoteref) refs/heads/main refs/remotes/main [89ms]
2025-05-29 09:59:29.209 [info] > git for-each-ref --sort -committerdate --format %(refname)%00%(objectname)%00%(*objectname) [101ms]
2025-05-29 09:59:29.211 [info] > git rev-parse --show-toplevel [5ms]
2025-05-29 09:59:29.224 [info] > git rev-parse --show-toplevel [10ms]
2025-05-29 09:59:29.317 [info] > git rev-parse --show-toplevel [9ms]
2025-05-29 09:59:29.412 [info] > git rev-parse --show-toplevel [5ms]
2025-05-29 09:59:29.516 [info] > git rev-parse --show-toplevel [5ms]
2025-05-29 09:59:29.608 [info] > git rev-parse --show-toplevel [86ms]
2025-05-29 09:59:30.514 [info] > git status -z -uall [1490ms]
2025-05-29 09:59:30.514 [info] > git check-ignore -v -z --stdin [1198ms]
2025-05-29 09:59:30.621 [info] > git rev-parse --show-toplevel [1009ms]
2025-05-29 09:59:30.910 [info] > git for-each-ref --format=%(refname)%00%(upstream:short)%00%(objectname)%00%(upstream:track)%00%(upstream:remotename)%00%(upstream:remoteref) refs/heads/main refs/remotes/main [292ms]
2025-05-29 09:59:30.917 [info] > git config --get --local branch.main.vscode-merge-base [2ms]
2025-05-29 09:59:30.918 [warning] [Git][config] git config failed: Failed to execute git
2025-05-29 09:59:30.923 [info] > git rev-parse --show-toplevel [102ms]
2025-05-29 09:59:30.923 [info] > git config --get commit.template [104ms]
2025-05-29 09:59:31.519 [info] > git reflog main --grep-reflog=branch: Created from *. [596ms]
2025-05-29 09:59:31.522 [info] > git for-each-ref --format=%(refname)%00%(upstream:short)%00%(objectname)%00%(upstream:track)%00%(upstream:remotename)%00%(upstream:remoteref) refs/heads/main refs/remotes/main [508ms]
2025-05-29 09:59:31.522 [info] > git rev-parse --show-toplevel [512ms]
2025-05-29 09:59:31.815 [info] > git symbolic-ref --short refs/remotes/origin/HEAD [293ms]
2025-05-29 09:59:31.815 [info] fatal: ref refs/remotes/origin/HEAD is not a symbolic ref
2025-05-29 09:59:31.815 [warning] [Repository][getDefaultBranch] Failed to get default branch details: Failed to execute git.
2025-05-29 09:59:31.819 [info] > git rev-parse --show-toplevel [207ms]
2025-05-29 09:59:32.217 [info] > git merge-base refs/heads/main refs/remotes/origin/main [398ms]
2025-05-29 09:59:32.221 [info] > git for-each-ref --sort -committerdate --format %(refname)%00%(objectname)%00%(*objectname) [510ms]
2025-05-29 09:59:32.223 [info] > git rev-parse --show-toplevel [106ms]
2025-05-29 09:59:32.313 [info] > git status -z -uall [691ms]
2025-05-29 09:59:32.323 [info] > git rev-parse --show-toplevel [10ms]
2025-05-29 09:59:32.323 [info] > git diff --name-status -z --diff-filter=ADMR 8350507f07504cafa2f10a45b61f77ec61ce5099...refs/remotes/origin/main [103ms]
2025-05-29 09:59:32.416 [info] > git merge-base refs/heads/main refs/remotes/origin/main [95ms]
2025-05-29 09:59:32.717 [info] > git diff --name-status -z --diff-filter=ADMR 8350507f07504cafa2f10a45b61f77ec61ce5099...refs/remotes/origin/main [297ms]
2025-05-29 09:59:32.718 [info] > git rev-parse --show-toplevel [305ms]
2025-05-29 09:59:32.814 [info] > git rev-parse --show-toplevel [1ms]
2025-05-29 09:59:32.818 [info] > git rev-parse --show-toplevel [1ms]
2025-05-29 09:59:33.316 [info] > git rev-parse --show-toplevel [495ms]
2025-05-29 09:59:33.416 [info] > git rev-parse --show-toplevel [95ms]
2025-05-29 09:59:33.426 [info] > git rev-parse --show-toplevel [4ms]
2025-05-29 09:59:33.428 [info] [Model][doInitialScan] Initial repository scan completed - repositories (1), closed repositories (0), parent repositories (0), unsafe repositories (0)
2025-05-29 09:59:33.616 [info] > git show --textconv :shop/services/order/atelier.py [101ms]
2025-05-29 09:59:33.623 [info] > git ls-files --stage -- shop/services/order/atelier.py [98ms]
2025-05-29 09:59:33.713 [info] > git cat-file -s 79b717552ff17a8c03618d0d8ef70630de56c41e [87ms]
2025-05-29 09:59:34.017 [info] > git blame --root --incremental 8350507f07504cafa2f10a45b61f77ec61ce5099 -- shop/services/order/atelier.py [99ms]
2025-05-29 09:59:34.222 [info] > git check-ignore -v -z --stdin [95ms]
2025-05-29 09:59:36.334 [info] > git check-ignore -v -z --stdin [7ms]
2025-05-29 09:59:37.524 [info] > git show --textconv :shop/services/product/latti.py [93ms]
2025-05-29 09:59:37.529 [info] > git ls-files --stage -- shop/services/product/latti.py [94ms]
2025-05-29 09:59:37.533 [info] > git cat-file -s e1287d3538cc5d7e809bdcd72b33cea7a00b39df [1ms]
2025-05-29 09:59:46.053 [info] > git config --get commit.template [1ms]
2025-05-29 09:59:46.145 [info] > git for-each-ref --format=%(refname)%00%(upstream:short)%00%(objectname)%00%(upstream:track)%00%(upstream:remotename)%00%(upstream:remoteref) refs/heads/main refs/remotes/main [3ms]
2025-05-29 09:59:46.454 [info] > git for-each-ref --sort -committerdate --format %(refname)%00%(objectname)%00%(*objectname) [9ms]
2025-05-29 09:59:47.446 [info] > git status -z -uall [1202ms]
2025-05-29 10:01:04.498 [info] > git config --get commit.template [13ms]
2025-05-29 10:01:04.502 [info] > git for-each-ref --format=%(refname)%00%(upstream:short)%00%(objectname)%00%(upstream:track)%00%(upstream:remotename)%00%(upstream:remoteref) refs/heads/main refs/remotes/main [14ms]
2025-05-29 10:01:04.511 [info] > git for-each-ref --sort -committerdate --format %(refname)%00%(objectname)%00%(*objectname) [1ms]
2025-05-29 10:01:04.596 [info] > git status -z -uall [90ms]
2025-05-29 11:26:45.479 [info] > git config --get commit.template [5ms]
2025-05-29 11:26:45.480 [info] > git for-each-ref --format=%(refname)%00%(upstream:short)%00%(objectname)%00%(upstream:track)%00%(upstream:remotename)%00%(upstream:remoteref) refs/heads/main refs/remotes/main [2ms]
2025-05-29 11:26:45.491 [info] > git for-each-ref --sort -committerdate --format %(refname)%00%(objectname)%00%(*objectname) [2ms]
2025-05-29 11:26:45.558 [info] > git status -z -uall [73ms]
2025-05-29 11:26:50.575 [info] > git config --get commit.template [4ms]
2025-05-29 11:26:50.575 [info] > git for-each-ref --format=%(refname)%00%(upstream:short)%00%(objectname)%00%(upstream:track)%00%(upstream:remotename)%00%(upstream:remoteref) refs/heads/main refs/remotes/main [2ms]
2025-05-29 11:26:50.584 [info] > git for-each-ref --sort -committerdate --format %(refname)%00%(objectname)%00%(*objectname) [2ms]
2025-05-29 11:26:50.653 [info] > git status -z -uall [75ms]
2025-05-29 11:26:51.195 [info] > git show --textconv :shop/management/commands/fetch_and_register_minetti.py [15ms]
2025-05-29 11:26:51.197 [info] > git ls-files --stage -- shop/management/commands/fetch_and_register_minetti.py [6ms]
2025-05-29 11:26:51.205 [info] > git cat-file -s 502a611062f6b7f5cad78e3dbd718dc8b126756a [1ms]
2025-05-29 11:26:51.236 [info] > git blame --root --incremental 8350507f07504cafa2f10a45b61f77ec61ce5099 -- shop/management/commands/fetch_and_register_minetti.py [11ms]
2025-05-29 11:26:55.799 [info] > git config --get commit.template [18ms]
2025-05-29 11:26:55.802 [info] > git for-each-ref --format=%(refname)%00%(upstream:short)%00%(objectname)%00%(upstream:track)%00%(upstream:remotename)%00%(upstream:remoteref) refs/heads/main refs/remotes/main [80ms]
2025-05-29 11:26:55.815 [info] > git for-each-ref --sort -committerdate --format %(refname)%00%(objectname)%00%(*objectname) [1ms]
2025-05-29 11:26:56.215 [info] > git status -z -uall [409ms]
2025-05-29 11:27:01.226 [info] > git config --get commit.template [1ms]
2025-05-29 11:27:01.230 [info] > git for-each-ref --format=%(refname)%00%(upstream:short)%00%(objectname)%00%(upstream:track)%00%(upstream:remotename)%00%(upstream:remoteref) refs/heads/main refs/remotes/main [1ms]
2025-05-29 11:27:01.238 [info] > git for-each-ref --sort -committerdate --format %(refname)%00%(objectname)%00%(*objectname) [1ms]
2025-05-29 11:27:01.338 [info] > git status -z -uall [105ms]
2025-05-29 11:27:06.352 [info] > git config --get commit.template [4ms]
2025-05-29 11:27:06.353 [info] > git for-each-ref --format=%(refname)%00%(upstream:short)%00%(objectname)%00%(upstream:track)%00%(upstream:remotename)%00%(upstream:remoteref) refs/heads/main refs/remotes/main [2ms]
2025-05-29 11:27:06.361 [info] > git for-each-ref --sort -committerdate --format %(refname)%00%(objectname)%00%(*objectname) [1ms]
2025-05-29 11:27:06.431 [info] > git status -z -uall [75ms]
2025-05-29 11:38:14.342 [info] > git config --get commit.template [4ms]
2025-05-29 11:38:14.343 [info] > git for-each-ref --format=%(refname)%00%(upstream:short)%00%(objectname)%00%(upstream:track)%00%(upstream:remotename)%00%(upstream:remoteref) refs/heads/main refs/remotes/main [2ms]
2025-05-29 11:38:14.352 [info] > git for-each-ref --sort -committerdate --format %(refname)%00%(objectname)%00%(*objectname) [1ms]
2025-05-29 11:38:14.420 [info] > git status -z -uall [74ms]
2025-05-29 11:38:16.462 [info] > git check-ignore -v -z --stdin [14ms]
2025-05-29 11:38:17.955 [info] > git show --textconv :export/MINETTI/MINETTI_goods.json [4ms]
2025-05-29 11:38:17.960 [info] > git ls-files --stage -- export/MINETTI/MINETTI_goods.json [6ms]
2025-05-29 11:38:17.963 [info] > git hash-object -t tree /dev/null [4ms]
2025-05-29 11:38:17.964 [warning] [GitFileSystemProvider][readFile] File not found - git:/root/export/MINETTI/MINETTI_goods.json.git?%7B%22path%22%3A%22%2Froot%2Fexport%2FMINETTI%2FMINETTI_goods.json%22%2C%22ref%22%3A%22%22%7D
2025-05-29 11:38:17.966 [info] > git hash-object -t tree /dev/null [3ms]
2025-05-29 11:38:17.966 [warning] [GitFileSystemProvider][stat] File not found - git:/root/export/MINETTI/MINETTI_goods.json.git?%7B%22path%22%3A%22%2Froot%2Fexport%2FMINETTI%2FMINETTI_goods.json%22%2C%22ref%22%3A%22%22%7D
2025-05-29 11:38:17.978 [info] > git blame --root --incremental 8350507f07504cafa2f10a45b61f77ec61ce5099 -- export/MINETTI/MINETTI_goods.json [1ms]
2025-05-29 11:38:17.978 [info] fatal: no such path export/MINETTI/MINETTI_goods.json in 8350507f07504cafa2f10a45b61f77ec61ce5099
2025-05-29 11:38:19.435 [info] > git for-each-ref --format=%(refname)%00%(upstream:short)%00%(objectname)%00%(upstream:track)%00%(upstream:remotename)%00%(upstream:remoteref) refs/heads/main refs/remotes/main [1ms]
2025-05-29 11:38:19.435 [info] > git config --get commit.template [5ms]
2025-05-29 11:38:19.444 [info] > git for-each-ref --sort -committerdate --format %(refname)%00%(objectname)%00%(*objectname) [2ms]
2025-05-29 11:38:19.517 [info] > git status -z -uall [78ms]
2025-05-29 11:38:24.529 [info] > git config --get commit.template [4ms]
2025-05-29 11:38:24.530 [info] > git for-each-ref --format=%(refname)%00%(upstream:short)%00%(objectname)%00%(upstream:track)%00%(upstream:remotename)%00%(upstream:remoteref) refs/heads/main refs/remotes/main [2ms]
2025-05-29 11:38:24.538 [info] > git for-each-ref --sort -committerdate --format %(refname)%00%(objectname)%00%(*objectname) [1ms]
2025-05-29 11:38:24.607 [info] > git status -z -uall [74ms]
2025-05-29 11:39:15.921 [info] > git config --get commit.template [5ms]
2025-05-29 11:39:15.922 [info] > git for-each-ref --format=%(refname)%00%(upstream:short)%00%(objectname)%00%(upstream:track)%00%(upstream:remotename)%00%(upstream:remoteref) refs/heads/main refs/remotes/main [2ms]
2025-05-29 11:39:15.931 [info] > git for-each-ref --sort -committerdate --format %(refname)%00%(objectname)%00%(*objectname) [2ms]
2025-05-29 11:39:16.002 [info] > git status -z -uall [77ms]
2025-05-29 13:16:53.648 [info] > git config --get commit.template [7ms]
2025-05-29 13:16:53.649 [info] > git for-each-ref --format=%(refname)%00%(upstream:short)%00%(objectname)%00%(upstream:track)%00%(upstream:remotename)%00%(upstream:remoteref) refs/heads/main refs/remotes/main [7ms]
2025-05-29 13:16:53.659 [info] > git for-each-ref --sort -committerdate --format %(refname)%00%(objectname)%00%(*objectname) [2ms]
2025-05-29 13:16:53.827 [info] > git status -z -uall [174ms]
2025-05-29 13:16:58.844 [info] > git config --get commit.template [4ms]
2025-05-29 13:16:58.844 [info] > git for-each-ref --format=%(refname)%00%(upstream:short)%00%(objectname)%00%(upstream:track)%00%(upstream:remotename)%00%(upstream:remoteref) refs/heads/main refs/remotes/main [1ms]
2025-05-29 13:16:58.853 [info] > git for-each-ref --sort -committerdate --format %(refname)%00%(objectname)%00%(*objectname) [1ms]
2025-05-29 13:16:58.923 [info] > git status -z -uall [75ms]
2025-05-29 13:17:03.936 [info] > git config --get commit.template [4ms]
2025-05-29 13:17:03.937 [info] > git for-each-ref --format=%(refname)%00%(upstream:short)%00%(objectname)%00%(upstream:track)%00%(upstream:remotename)%00%(upstream:remoteref) refs/heads/main refs/remotes/main [2ms]
2025-05-29 13:17:03.945 [info] > git for-each-ref --sort -committerdate --format %(refname)%00%(objectname)%00%(*objectname) [1ms]
2025-05-29 13:17:04.011 [info] > git status -z -uall [71ms]
2025-05-29 13:17:09.025 [info] > git config --get commit.template [4ms]
2025-05-29 13:17:09.026 [info] > git for-each-ref --format=%(refname)%00%(upstream:short)%00%(objectname)%00%(upstream:track)%00%(upstream:remotename)%00%(upstream:remoteref) refs/heads/main refs/remotes/main [1ms]
2025-05-29 13:17:09.043 [info] > git for-each-ref --sort -committerdate --format %(refname)%00%(objectname)%00%(*objectname) [0ms]
2025-05-29 13:17:09.105 [info] > git status -z -uall [75ms]
2025-05-29 13:17:12.547 [info] > git show --textconv :shop/api/atelier/minetti/convert_minetti_products.py [7ms]
2025-05-29 13:17:12.549 [info] > git ls-files --stage -- shop/api/atelier/minetti/convert_minetti_products.py [4ms]
2025-05-29 13:17:12.556 [info] > git cat-file -s 89c2a13f89838f43f67cb778e569b6a53338b9ca [2ms]
2025-05-29 13:17:12.602 [info] > git blame --root --incremental 8350507f07504cafa2f10a45b61f77ec61ce5099 -- shop/api/atelier/minetti/convert_minetti_products.py [29ms]
2025-05-29 13:17:12.849 [info] > git check-ignore -v -z --stdin [5ms]
2025-05-29 13:17:14.116 [info] > git config --get commit.template [3ms]
2025-05-29 13:17:14.117 [info] > git for-each-ref --format=%(refname)%00%(upstream:short)%00%(objectname)%00%(upstream:track)%00%(upstream:remotename)%00%(upstream:remoteref) refs/heads/main refs/remotes/main [1ms]
2025-05-29 13:17:14.127 [info] > git for-each-ref --sort -committerdate --format %(refname)%00%(objectname)%00%(*objectname) [2ms]
2025-05-29 13:17:14.199 [info] > git status -z -uall [78ms]
2025-05-29 16:20:38.136 [info] > git config --get commit.template [2ms]
2025-05-29 16:20:38.142 [info] > git for-each-ref --format=%(refname)%00%(upstream:short)%00%(objectname)%00%(upstream:track)%00%(upstream:remotename)%00%(upstream:remoteref) refs/heads/main refs/remotes/main [2ms]
2025-05-29 16:20:38.151 [info] > git for-each-ref --sort -committerdate --format %(refname)%00%(objectname)%00%(*objectname) [1ms]
2025-05-29 16:20:38.224 [info] > git status -z -uall [78ms]
2025-05-29 16:20:43.240 [info] > git config --get commit.template [4ms]
2025-05-29 16:20:43.241 [info] > git for-each-ref --format=%(refname)%00%(upstream:short)%00%(objectname)%00%(upstream:track)%00%(upstream:remotename)%00%(upstream:remoteref) refs/heads/main refs/remotes/main [2ms]
2025-05-29 16:20:43.249 [info] > git for-each-ref --sort -committerdate --format %(refname)%00%(objectname)%00%(*objectname) [1ms]
2025-05-29 16:20:43.315 [info] > git status -z -uall [71ms]
2025-05-29 16:31:24.613 [info] > git config --get commit.template [4ms]
2025-05-29 16:31:24.613 [info] > git for-each-ref --format=%(refname)%00%(upstream:short)%00%(objectname)%00%(upstream:track)%00%(upstream:remotename)%00%(upstream:remoteref) refs/heads/main refs/remotes/main [1ms]
2025-05-29 16:31:24.623 [info] > git for-each-ref --sort -committerdate --format %(refname)%00%(objectname)%00%(*objectname) [2ms]
2025-05-29 16:31:24.697 [info] > git status -z -uall [80ms]
2025-05-29 16:31:27.808 [info] > git show --textconv :shop/api/atelier/minetti/convert_minetti_products.py [7ms]
2025-05-29 16:31:27.812 [info] > git ls-files --stage -- shop/api/atelier/minetti/convert_minetti_products.py [5ms]
2025-05-29 16:31:27.816 [info] > git cat-file -s 89c2a13f89838f43f67cb778e569b6a53338b9ca [1ms]
2025-05-29 16:31:29.711 [info] > git config --get commit.template [1ms]
2025-05-29 16:31:29.717 [info] > git for-each-ref --format=%(refname)%00%(upstream:short)%00%(objectname)%00%(upstream:track)%00%(upstream:remotename)%00%(upstream:remoteref) refs/heads/main refs/remotes/main [2ms]
2025-05-29 16:31:29.734 [info] > git for-each-ref --sort -committerdate --format %(refname)%00%(objectname)%00%(*objectname) [1ms]
2025-05-29 16:31:29.799 [info] > git status -z -uall [77ms]
2025-05-29 16:34:09.912 [info] > git config --get commit.template [4ms]
2025-05-29 16:34:09.913 [info] > git for-each-ref --format=%(refname)%00%(upstream:short)%00%(objectname)%00%(upstream:track)%00%(upstream:remotename)%00%(upstream:remoteref) refs/heads/main refs/remotes/main [2ms]
2025-05-29 16:34:09.923 [info] > git for-each-ref --sort -committerdate --format %(refname)%00%(objectname)%00%(*objectname) [1ms]
2025-05-29 16:34:09.992 [info] > git status -z -uall [75ms]
2025-05-29 16:45:38.395 [info] > git config --get commit.template [4ms]
2025-05-29 16:45:38.395 [info] > git for-each-ref --format=%(refname)%00%(upstream:short)%00%(objectname)%00%(upstream:track)%00%(upstream:remotename)%00%(upstream:remoteref) refs/heads/main refs/remotes/main [1ms]
2025-05-29 16:45:38.408 [info] > git for-each-ref --sort -committerdate --format %(refname)%00%(objectname)%00%(*objectname) [5ms]
2025-05-29 16:45:38.487 [info] > git status -z -uall [88ms]
2025-05-29 16:45:44.756 [info] > git for-each-ref --format=%(refname)%00%(upstream:short)%00%(objectname)%00%(upstream:track)%00%(upstream:remotename)%00%(upstream:remoteref) refs/heads/main refs/remotes/main [2ms]
2025-05-29 16:45:44.757 [info] > git config --get commit.template [6ms]
2025-05-29 16:45:44.766 [info] > git for-each-ref --sort -committerdate --format %(refname)%00%(objectname)%00%(*objectname) [2ms]
2025-05-29 16:45:44.839 [info] > git status -z -uall [79ms]
2025-05-29 16:45:49.853 [info] > git config --get commit.template [5ms]
2025-05-29 16:45:49.854 [info] > git for-each-ref --format=%(refname)%00%(upstream:short)%00%(objectname)%00%(upstream:track)%00%(upstream:remotename)%00%(upstream:remoteref) refs/heads/main refs/remotes/main [2ms]
2025-05-29 16:45:49.864 [info] > git for-each-ref --sort -committerdate --format %(refname)%00%(objectname)%00%(*objectname) [2ms]
2025-05-29 16:45:49.934 [info] > git status -z -uall [76ms]
2025-05-29 16:45:54.948 [info] > git config --get commit.template [4ms]
2025-05-29 16:45:54.949 [info] > git for-each-ref --format=%(refname)%00%(upstream:short)%00%(objectname)%00%(upstream:track)%00%(upstream:remotename)%00%(upstream:remoteref) refs/heads/main refs/remotes/main [2ms]
2025-05-29 16:45:54.958 [info] > git for-each-ref --sort -committerdate --format %(refname)%00%(objectname)%00%(*objectname) [2ms]
2025-05-29 16:45:55.022 [info] > git status -z -uall [70ms]
2025-05-29 16:46:12.464 [info] > git config --get commit.template [4ms]
2025-05-29 16:46:12.465 [info] > git for-each-ref --format=%(refname)%00%(upstream:short)%00%(objectname)%00%(upstream:track)%00%(upstream:remotename)%00%(upstream:remoteref) refs/heads/main refs/remotes/main [1ms]
2025-05-29 16:46:12.476 [info] > git for-each-ref --sort -committerdate --format %(refname)%00%(objectname)%00%(*objectname) [2ms]
2025-05-29 16:46:12.543 [info] > git status -z -uall [74ms]
2025-05-29 16:48:28.434 [info] > git config --get commit.template [4ms]
2025-05-29 16:48:28.435 [info] > git for-each-ref --format=%(refname)%00%(upstream:short)%00%(objectname)%00%(upstream:track)%00%(upstream:remotename)%00%(upstream:remoteref) refs/heads/main refs/remotes/main [2ms]
2025-05-29 16:48:28.444 [info] > git for-each-ref --sort -committerdate --format %(refname)%00%(objectname)%00%(*objectname) [2ms]
2025-05-29 16:48:28.523 [info] > git status -z -uall [85ms]
2025-05-29 17:09:21.392 [info] > git config --get commit.template [2ms]
2025-05-29 17:09:21.396 [info] > git for-each-ref --format=%(refname)%00%(upstream:short)%00%(objectname)%00%(upstream:track)%00%(upstream:remotename)%00%(upstream:remoteref) refs/heads/main refs/remotes/main [1ms]
2025-05-29 17:09:21.405 [info] > git for-each-ref --sort -committerdate --format %(refname)%00%(objectname)%00%(*objectname) [1ms]
2025-05-29 17:09:21.475 [info] > git status -z -uall [75ms]
2025-05-29 17:09:26.491 [info] > git config --get commit.template [5ms]
2025-05-29 17:09:26.492 [info] > git for-each-ref --format=%(refname)%00%(upstream:short)%00%(objectname)%00%(upstream:track)%00%(upstream:remotename)%00%(upstream:remoteref) refs/heads/main refs/remotes/main [1ms]
2025-05-29 17:09:26.502 [info] > git for-each-ref --sort -committerdate --format %(refname)%00%(objectname)%00%(*objectname) [1ms]
2025-05-29 17:09:26.576 [info] > git status -z -uall [80ms]
2025-05-29 17:09:31.586 [info] > git config --get commit.template [2ms]
2025-05-29 17:09:31.591 [info] > git for-each-ref --format=%(refname)%00%(upstream:short)%00%(objectname)%00%(upstream:track)%00%(upstream:remotename)%00%(upstream:remoteref) refs/heads/main refs/remotes/main [2ms]
2025-05-29 17:09:31.601 [info] > git for-each-ref --sort -committerdate --format %(refname)%00%(objectname)%00%(*objectname) [2ms]
2025-05-29 17:09:31.671 [info] > git status -z -uall [75ms]
2025-05-29 17:09:40.369 [info] > git config --get commit.template [3ms]
2025-05-29 17:09:40.370 [info] > git for-each-ref --format=%(refname)%00%(upstream:short)%00%(objectname)%00%(upstream:track)%00%(upstream:remotename)%00%(upstream:remoteref) refs/heads/main refs/remotes/main [1ms]
2025-05-29 17:09:40.378 [info] > git for-each-ref --sort -committerdate --format %(refname)%00%(objectname)%00%(*objectname) [1ms]
2025-05-29 17:09:40.453 [info] > git status -z -uall [80ms]
2025-05-29 17:09:45.475 [info] > git config --get commit.template [4ms]
2025-05-29 17:09:45.476 [info] > git for-each-ref --format=%(refname)%00%(upstream:short)%00%(objectname)%00%(upstream:track)%00%(upstream:remotename)%00%(upstream:remoteref) refs/heads/main refs/remotes/main [2ms]
2025-05-29 17:09:45.495 [info] > git for-each-ref --sort -committerdate --format %(refname)%00%(objectname)%00%(*objectname) [12ms]
2025-05-29 17:09:45.560 [info] > git status -z -uall [81ms]
2025-05-29 17:09:50.573 [info] > git config --get commit.template [4ms]
2025-05-29 17:09:50.574 [info] > git for-each-ref --format=%(refname)%00%(upstream:short)%00%(objectname)%00%(upstream:track)%00%(upstream:remotename)%00%(upstream:remoteref) refs/heads/main refs/remotes/main [1ms]
2025-05-29 17:09:50.582 [info] > git for-each-ref --sort -committerdate --format %(refname)%00%(objectname)%00%(*objectname) [1ms]
2025-05-29 17:09:50.651 [info] > git status -z -uall [74ms]
2025-05-29 17:11:16.750 [info] > git config --get commit.template [6ms]
2025-05-29 17:11:16.750 [info] > git for-each-ref --format=%(refname)%00%(upstream:short)%00%(objectname)%00%(upstream:track)%00%(upstream:remotename)%00%(upstream:remoteref) refs/heads/main refs/remotes/main [1ms]
2025-05-29 17:11:16.762 [info] > git for-each-ref --sort -committerdate --format %(refname)%00%(objectname)%00%(*objectname) [1ms]
2025-05-29 17:11:16.831 [info] > git status -z -uall [76ms]
2025-05-29 17:11:21.844 [info] > git config --get commit.template [1ms]
2025-05-29 17:11:21.849 [info] > git for-each-ref --format=%(refname)%00%(upstream:short)%00%(objectname)%00%(upstream:track)%00%(upstream:remotename)%00%(upstream:remoteref) refs/heads/main refs/remotes/main [2ms]
2025-05-29 17:11:21.858 [info] > git for-each-ref --sort -committerdate --format %(refname)%00%(objectname)%00%(*objectname) [1ms]
2025-05-29 17:11:21.929 [info] > git status -z -uall [76ms]
2025-05-29 17:11:26.940 [info] > git config --get commit.template [1ms]
2025-05-29 17:11:26.945 [info] > git for-each-ref --format=%(refname)%00%(upstream:short)%00%(objectname)%00%(upstream:track)%00%(upstream:remotename)%00%(upstream:remoteref) refs/heads/main refs/remotes/main [1ms]
2025-05-29 17:11:26.957 [info] > git for-each-ref --sort -committerdate --format %(refname)%00%(objectname)%00%(*objectname) [1ms]
2025-05-29 17:11:27.023 [info] > git status -z -uall [73ms]
2025-05-29 17:11:32.039 [info] > git for-each-ref --format=%(refname)%00%(upstream:short)%00%(objectname)%00%(upstream:track)%00%(upstream:remotename)%00%(upstream:remoteref) refs/heads/main refs/remotes/main [1ms]
2025-05-29 17:11:32.039 [info] > git config --get commit.template [6ms]
2025-05-29 17:11:32.051 [info] > git for-each-ref --sort -committerdate --format %(refname)%00%(objectname)%00%(*objectname) [4ms]
2025-05-29 17:11:32.127 [info] > git status -z -uall [84ms]
2025-05-29 17:11:37.147 [info] > git config --get commit.template [6ms]
2025-05-29 17:11:37.148 [info] > git for-each-ref --format=%(refname)%00%(upstream:short)%00%(objectname)%00%(upstream:track)%00%(upstream:remotename)%00%(upstream:remoteref) refs/heads/main refs/remotes/main [1ms]
2025-05-29 17:11:37.161 [info] > git for-each-ref --sort -committerdate --format %(refname)%00%(objectname)%00%(*objectname) [5ms]
2025-05-29 17:11:37.229 [info] > git status -z -uall [77ms]
2025-05-29 17:11:48.404 [info] > git config --get commit.template [1ms]
2025-05-29 17:11:48.409 [info] > git for-each-ref --format=%(refname)%00%(upstream:short)%00%(objectname)%00%(upstream:track)%00%(upstream:remotename)%00%(upstream:remoteref) refs/heads/main refs/remotes/main [2ms]
2025-05-29 17:11:48.418 [info] > git for-each-ref --sort -committerdate --format %(refname)%00%(objectname)%00%(*objectname) [1ms]
2025-05-29 17:11:48.489 [info] > git status -z -uall [77ms]
2025-05-29 17:11:53.503 [info] > git config --get commit.template [5ms]
2025-05-29 17:11:53.504 [info] > git for-each-ref --format=%(refname)%00%(upstream:short)%00%(objectname)%00%(upstream:track)%00%(upstream:remotename)%00%(upstream:remoteref) refs/heads/main refs/remotes/main [2ms]
2025-05-29 17:11:53.514 [info] > git for-each-ref --sort -committerdate --format %(refname)%00%(objectname)%00%(*objectname) [2ms]
2025-05-29 17:11:53.581 [info] > git status -z -uall [73ms]
2025-05-29 17:11:58.597 [info] > git config --get commit.template [4ms]
2025-05-29 17:11:58.598 [info] > git for-each-ref --format=%(refname)%00%(upstream:short)%00%(objectname)%00%(upstream:track)%00%(upstream:remotename)%00%(upstream:remoteref) refs/heads/main refs/remotes/main [1ms]
2025-05-29 17:11:58.607 [info] > git for-each-ref --sort -committerdate --format %(refname)%00%(objectname)%00%(*objectname) [2ms]
2025-05-29 17:11:58.674 [info] > git status -z -uall [72ms]
2025-05-29 17:12:03.687 [info] > git config --get commit.template [4ms]
2025-05-29 17:12:03.687 [info] > git for-each-ref --format=%(refname)%00%(upstream:short)%00%(objectname)%00%(upstream:track)%00%(upstream:remotename)%00%(upstream:remoteref) refs/heads/main refs/remotes/main [1ms]
2025-05-29 17:12:03.697 [info] > git for-each-ref --sort -committerdate --format %(refname)%00%(objectname)%00%(*objectname) [1ms]
2025-05-29 17:12:03.761 [info] > git status -z -uall [69ms]
2025-05-29 17:12:08.772 [info] > git config --get commit.template [1ms]
2025-05-29 17:12:08.778 [info] > git for-each-ref --format=%(refname)%00%(upstream:short)%00%(objectname)%00%(upstream:track)%00%(upstream:remotename)%00%(upstream:remoteref) refs/heads/main refs/remotes/main [2ms]
2025-05-29 17:12:08.788 [info] > git for-each-ref --sort -committerdate --format %(refname)%00%(objectname)%00%(*objectname) [2ms]
2025-05-29 17:12:08.855 [info] > git status -z -uall [73ms]
2025-05-29 17:12:13.868 [info] > git config --get commit.template [4ms]
2025-05-29 17:12:13.869 [info] > git for-each-ref --format=%(refname)%00%(upstream:short)%00%(objectname)%00%(upstream:track)%00%(upstream:remotename)%00%(upstream:remoteref) refs/heads/main refs/remotes/main [2ms]
2025-05-29 17:12:13.878 [info] > git for-each-ref --sort -committerdate --format %(refname)%00%(objectname)%00%(*objectname) [1ms]
2025-05-29 17:12:13.948 [info] > git status -z -uall [75ms]
2025-05-29 17:12:18.960 [info] > git config --get commit.template [4ms]
2025-05-29 17:12:18.961 [info] > git for-each-ref --format=%(refname)%00%(upstream:short)%00%(objectname)%00%(upstream:track)%00%(upstream:remotename)%00%(upstream:remoteref) refs/heads/main refs/remotes/main [2ms]
2025-05-29 17:12:18.970 [info] > git for-each-ref --sort -committerdate --format %(refname)%00%(objectname)%00%(*objectname) [2ms]
2025-05-29 17:12:19.042 [info] > git status -z -uall [77ms]
2025-05-29 17:12:24.057 [info] > git config --get commit.template [5ms]
2025-05-29 17:12:24.059 [info] > git for-each-ref --format=%(refname)%00%(upstream:short)%00%(objectname)%00%(upstream:track)%00%(upstream:remotename)%00%(upstream:remoteref) refs/heads/main refs/remotes/main [3ms]
2025-05-29 17:12:24.081 [info] > git for-each-ref --sort -committerdate --format %(refname)%00%(objectname)%00%(*objectname) [1ms]
2025-05-29 17:12:24.147 [info] > git status -z -uall [82ms]
2025-05-29 17:12:29.161 [info] > git config --get commit.template [5ms]
2025-05-29 17:12:29.161 [info] > git for-each-ref --format=%(refname)%00%(upstream:short)%00%(objectname)%00%(upstream:track)%00%(upstream:remotename)%00%(upstream:remoteref) refs/heads/main refs/remotes/main [1ms]
2025-05-29 17:12:29.170 [info] > git for-each-ref --sort -committerdate --format %(refname)%00%(objectname)%00%(*objectname) [1ms]
2025-05-29 17:12:29.236 [info] > git status -z -uall [71ms]
2025-05-29 17:12:34.247 [info] > git config --get commit.template [1ms]
2025-05-29 17:12:34.253 [info] > git for-each-ref --format=%(refname)%00%(upstream:short)%00%(objectname)%00%(upstream:track)%00%(upstream:remotename)%00%(upstream:remoteref) refs/heads/main refs/remotes/main [1ms]
2025-05-29 17:12:34.263 [info] > git for-each-ref --sort -committerdate --format %(refname)%00%(objectname)%00%(*objectname) [2ms]
2025-05-29 17:12:34.331 [info] > git status -z -uall [74ms]
2025-05-29 17:15:12.110 [info] > git config --get commit.template [5ms]
2025-05-29 17:15:12.110 [info] > git for-each-ref --format=%(refname)%00%(upstream:short)%00%(objectname)%00%(upstream:track)%00%(upstream:remotename)%00%(upstream:remoteref) refs/heads/main refs/remotes/main [1ms]
2025-05-29 17:15:12.120 [info] > git for-each-ref --sort -committerdate --format %(refname)%00%(objectname)%00%(*objectname) [1ms]
2025-05-29 17:15:12.192 [info] > git status -z -uall [78ms]
2025-05-29 17:15:17.208 [info] > git config --get commit.template [5ms]
2025-05-29 17:15:17.208 [info] > git for-each-ref --format=%(refname)%00%(upstream:short)%00%(objectname)%00%(upstream:track)%00%(upstream:remotename)%00%(upstream:remoteref) refs/heads/main refs/remotes/main [1ms]
2025-05-29 17:15:17.219 [info] > git for-each-ref --sort -committerdate --format %(refname)%00%(objectname)%00%(*objectname) [3ms]
2025-05-29 17:15:17.287 [info] > git status -z -uall [75ms]
2025-05-29 17:16:31.892 [info] > git config --get commit.template [5ms]
2025-05-29 17:16:31.892 [info] > git for-each-ref --format=%(refname)%00%(upstream:short)%00%(objectname)%00%(upstream:track)%00%(upstream:remotename)%00%(upstream:remoteref) refs/heads/main refs/remotes/main [1ms]
2025-05-29 17:16:31.902 [info] > git for-each-ref --sort -committerdate --format %(refname)%00%(objectname)%00%(*objectname) [2ms]
2025-05-29 17:16:31.971 [info] > git status -z -uall [75ms]
2025-05-29 17:16:36.987 [info] > git config --get commit.template [4ms]
2025-05-29 17:16:36.988 [info] > git for-each-ref --format=%(refname)%00%(upstream:short)%00%(objectname)%00%(upstream:track)%00%(upstream:remotename)%00%(upstream:remoteref) refs/heads/main refs/remotes/main [2ms]
2025-05-29 17:16:36.998 [info] > git for-each-ref --sort -committerdate --format %(refname)%00%(objectname)%00%(*objectname) [1ms]
2025-05-29 17:16:37.071 [info] > git status -z -uall [79ms]
2025-05-29 17:16:42.090 [info] > git config --get commit.template [4ms]
2025-05-29 17:16:42.090 [info] > git for-each-ref --format=%(refname)%00%(upstream:short)%00%(objectname)%00%(upstream:track)%00%(upstream:remotename)%00%(upstream:remoteref) refs/heads/main refs/remotes/main [1ms]
2025-05-29 17:16:42.099 [info] > git for-each-ref --sort -committerdate --format %(refname)%00%(objectname)%00%(*objectname) [1ms]
2025-05-29 17:16:42.168 [info] > git status -z -uall [74ms]
2025-05-29 17:21:25.050 [info] > git config --get commit.template [2ms]
2025-05-29 17:21:25.055 [info] > git for-each-ref --format=%(refname)%00%(upstream:short)%00%(objectname)%00%(upstream:track)%00%(upstream:remotename)%00%(upstream:remoteref) refs/heads/main refs/remotes/main [1ms]
2025-05-29 17:21:25.065 [info] > git for-each-ref --sort -committerdate --format %(refname)%00%(objectname)%00%(*objectname) [1ms]
2025-05-29 17:21:25.143 [info] > git status -z -uall [83ms]
2025-05-29 17:21:30.157 [info] > git config --get commit.template [1ms]
2025-05-29 17:21:30.163 [info] > git for-each-ref --format=%(refname)%00%(upstream:short)%00%(objectname)%00%(upstream:track)%00%(upstream:remotename)%00%(upstream:remoteref) refs/heads/main refs/remotes/main [2ms]
2025-05-29 17:21:30.176 [info] > git for-each-ref --sort -committerdate --format %(refname)%00%(objectname)%00%(*objectname) [1ms]
2025-05-29 17:21:30.242 [info] > git status -z -uall [74ms]
2025-05-29 17:21:35.257 [info] > git config --get commit.template [5ms]
2025-05-29 17:21:35.258 [info] > git for-each-ref --format=%(refname)%00%(upstream:short)%00%(objectname)%00%(upstream:track)%00%(upstream:remotename)%00%(upstream:remoteref) refs/heads/main refs/remotes/main [2ms]
2025-05-29 17:21:35.267 [info] > git for-each-ref --sort -committerdate --format %(refname)%00%(objectname)%00%(*objectname) [1ms]
2025-05-29 17:21:35.336 [info] > git status -z -uall [74ms]
2025-05-29 17:22:20.972 [info] > git config --get commit.template [4ms]
2025-05-29 17:22:20.973 [info] > git for-each-ref --format=%(refname)%00%(upstream:short)%00%(objectname)%00%(upstream:track)%00%(upstream:remotename)%00%(upstream:remoteref) refs/heads/main refs/remotes/main [2ms]
2025-05-29 17:22:20.981 [info] > git for-each-ref --sort -committerdate --format %(refname)%00%(objectname)%00%(*objectname) [1ms]
2025-05-29 17:22:21.060 [info] > git status -z -uall [84ms]
2025-05-29 17:23:08.984 [info] > git config --get commit.template [1ms]
2025-05-29 17:23:08.989 [info] > git for-each-ref --format=%(refname)%00%(upstream:short)%00%(objectname)%00%(upstream:track)%00%(upstream:remotename)%00%(upstream:remoteref) refs/heads/main refs/remotes/main [2ms]
2025-05-29 17:23:09.010 [info] > git for-each-ref --sort -committerdate --format %(refname)%00%(objectname)%00%(*objectname) [2ms]
2025-05-29 17:23:09.076 [info] > git status -z -uall [79ms]
2025-05-29 17:25:57.892 [info] > git config --get commit.template [4ms]
2025-05-29 17:25:57.892 [info] > git for-each-ref --format=%(refname)%00%(upstream:short)%00%(objectname)%00%(upstream:track)%00%(upstream:remotename)%00%(upstream:remoteref) refs/heads/main refs/remotes/main [1ms]
2025-05-29 17:25:57.902 [info] > git for-each-ref --sort -committerdate --format %(refname)%00%(objectname)%00%(*objectname) [2ms]
2025-05-29 17:25:57.971 [info] > git status -z -uall [75ms]
2025-05-29 17:26:02.988 [info] > git config --get commit.template [5ms]
2025-05-29 17:26:02.989 [info] > git for-each-ref --format=%(refname)%00%(upstream:short)%00%(objectname)%00%(upstream:track)%00%(upstream:remotename)%00%(upstream:remoteref) refs/heads/main refs/remotes/main [2ms]
2025-05-29 17:26:03.001 [info] > git for-each-ref --sort -committerdate --format %(refname)%00%(objectname)%00%(*objectname) [2ms]
2025-05-29 17:26:03.073 [info] > git status -z -uall [80ms]
2025-05-29 17:26:08.088 [info] > git config --get commit.template [4ms]
2025-05-29 17:26:08.088 [info] > git for-each-ref --format=%(refname)%00%(upstream:short)%00%(objectname)%00%(upstream:track)%00%(upstream:remotename)%00%(upstream:remoteref) refs/heads/main refs/remotes/main [1ms]
2025-05-29 17:26:08.098 [info] > git for-each-ref --sort -committerdate --format %(refname)%00%(objectname)%00%(*objectname) [0ms]
2025-05-29 17:26:08.164 [info] > git status -z -uall [72ms]
2025-05-29 17:26:23.441 [info] > git config --get commit.template [5ms]
2025-05-29 17:26:23.442 [info] > git for-each-ref --format=%(refname)%00%(upstream:short)%00%(objectname)%00%(upstream:track)%00%(upstream:remotename)%00%(upstream:remoteref) refs/heads/main refs/remotes/main [2ms]
2025-05-29 17:26:23.451 [info] > git for-each-ref --sort -committerdate --format %(refname)%00%(objectname)%00%(*objectname) [1ms]
2025-05-29 17:26:23.534 [info] > git status -z -uall [88ms]
2025-05-29 17:26:28.548 [info] > git config --get commit.template [4ms]
2025-05-29 17:26:28.549 [info] > git for-each-ref --format=%(refname)%00%(upstream:short)%00%(objectname)%00%(upstream:track)%00%(upstream:remotename)%00%(upstream:remoteref) refs/heads/main refs/remotes/main [2ms]
2025-05-29 17:26:28.559 [info] > git for-each-ref --sort -committerdate --format %(refname)%00%(objectname)%00%(*objectname) [1ms]
2025-05-29 17:26:28.631 [info] > git status -z -uall [78ms]
2025-05-29 17:26:33.642 [info] > git config --get commit.template [1ms]
2025-05-29 17:26:33.648 [info] > git for-each-ref --format=%(refname)%00%(upstream:short)%00%(objectname)%00%(upstream:track)%00%(upstream:remotename)%00%(upstream:remoteref) refs/heads/main refs/remotes/main [2ms]
2025-05-29 17:26:33.658 [info] > git for-each-ref --sort -committerdate --format %(refname)%00%(objectname)%00%(*objectname) [2ms]
2025-05-29 17:26:33.725 [info] > git status -z -uall [73ms]
2025-05-29 17:57:21.442 [info] > git config --get commit.template [1ms]
2025-05-29 17:57:21.447 [info] > git for-each-ref --format=%(refname)%00%(upstream:short)%00%(objectname)%00%(upstream:track)%00%(upstream:remotename)%00%(upstream:remoteref) refs/heads/main refs/remotes/main [2ms]
2025-05-29 17:57:21.459 [info] > git for-each-ref --sort -committerdate --format %(refname)%00%(objectname)%00%(*objectname) [1ms]
2025-05-29 17:57:21.542 [info] > git status -z -uall [91ms]
2025-05-29 18:03:10.840 [info] > git config --get commit.template [4ms]
2025-05-29 18:03:10.841 [info] > git for-each-ref --format=%(refname)%00%(upstream:short)%00%(objectname)%00%(upstream:track)%00%(upstream:remotename)%00%(upstream:remoteref) refs/heads/main refs/remotes/main [2ms]
2025-05-29 18:03:10.850 [info] > git for-each-ref --sort -committerdate --format %(refname)%00%(objectname)%00%(*objectname) [2ms]
2025-05-29 18:03:10.923 [info] > git status -z -uall [78ms]
2025-05-29 18:03:15.934 [info] > git config --get commit.template [0ms]
2025-05-29 18:03:15.940 [info] > git for-each-ref --format=%(refname)%00%(upstream:short)%00%(objectname)%00%(upstream:track)%00%(upstream:remotename)%00%(upstream:remoteref) refs/heads/main refs/remotes/main [2ms]
2025-05-29 18:03:15.950 [info] > git for-each-ref --sort -committerdate --format %(refname)%00%(objectname)%00%(*objectname) [0ms]
2025-05-29 18:03:16.022 [info] > git status -z -uall [78ms]
2025-05-29 18:03:21.034 [info] > git config --get commit.template [1ms]
2025-05-29 18:03:21.040 [info] > git for-each-ref --format=%(refname)%00%(upstream:short)%00%(objectname)%00%(upstream:track)%00%(upstream:remotename)%00%(upstream:remoteref) refs/heads/main refs/remotes/main [1ms]
2025-05-29 18:03:21.049 [info] > git for-each-ref --sort -committerdate --format %(refname)%00%(objectname)%00%(*objectname) [2ms]
2025-05-29 18:03:21.115 [info] > git status -z -uall [71ms]
2025-05-29 18:03:35.983 [info] > git config --get commit.template [4ms]
2025-05-29 18:03:35.983 [info] > git for-each-ref --format=%(refname)%00%(upstream:short)%00%(objectname)%00%(upstream:track)%00%(upstream:remotename)%00%(upstream:remoteref) refs/heads/main refs/remotes/main [1ms]
2025-05-29 18:03:35.994 [info] > git for-each-ref --sort -committerdate --format %(refname)%00%(objectname)%00%(*objectname) [1ms]
2025-05-29 18:03:36.066 [info] > git status -z -uall [77ms]
2025-05-29 18:12:02.649 [info] > git config --get commit.template [4ms]
2025-05-29 18:12:02.649 [info] > git for-each-ref --format=%(refname)%00%(upstream:short)%00%(objectname)%00%(upstream:track)%00%(upstream:remotename)%00%(upstream:remoteref) refs/heads/main refs/remotes/main [1ms]
2025-05-29 18:12:02.665 [info] > git for-each-ref --sort -committerdate --format %(refname)%00%(objectname)%00%(*objectname) [6ms]
2025-05-29 18:12:02.732 [info] > git status -z -uall [79ms]
2025-05-29 18:12:07.747 [info] > git config --get commit.template [4ms]
2025-05-29 18:12:07.747 [info] > git for-each-ref --format=%(refname)%00%(upstream:short)%00%(objectname)%00%(upstream:track)%00%(upstream:remotename)%00%(upstream:remoteref) refs/heads/main refs/remotes/main [1ms]
2025-05-29 18:12:07.756 [info] > git for-each-ref --sort -committerdate --format %(refname)%00%(objectname)%00%(*objectname) [1ms]
2025-05-29 18:12:07.830 [info] > git status -z -uall [79ms]
2025-05-29 18:12:12.845 [info] > git for-each-ref --format=%(refname)%00%(upstream:short)%00%(objectname)%00%(upstream:track)%00%(upstream:remotename)%00%(upstream:remoteref) refs/heads/main refs/remotes/main [2ms]
2025-05-29 18:12:12.845 [info] > git config --get commit.template [6ms]
2025-05-29 18:12:12.855 [info] > git for-each-ref --sort -committerdate --format %(refname)%00%(objectname)%00%(*objectname) [2ms]
2025-05-29 18:12:12.925 [info] > git status -z -uall [76ms]
2025-05-29 18:12:56.785 [info] > git config --get commit.template [5ms]
2025-05-29 18:12:56.786 [info] > git for-each-ref --format=%(refname)%00%(upstream:short)%00%(objectname)%00%(upstream:track)%00%(upstream:remotename)%00%(upstream:remoteref) refs/heads/main refs/remotes/main [2ms]
2025-05-29 18:12:56.803 [info] > git for-each-ref --sort -committerdate --format %(refname)%00%(objectname)%00%(*objectname) [2ms]
2025-05-29 18:12:56.866 [info] > git status -z -uall [75ms]
2025-05-29 18:14:20.192 [info] > git config --get commit.template [1ms]
2025-05-29 18:14:20.197 [info] > git for-each-ref --format=%(refname)%00%(upstream:short)%00%(objectname)%00%(upstream:track)%00%(upstream:remotename)%00%(upstream:remoteref) refs/heads/main refs/remotes/main [2ms]
2025-05-29 18:14:20.208 [info] > git for-each-ref --sort -committerdate --format %(refname)%00%(objectname)%00%(*objectname) [1ms]
2025-05-29 18:14:20.490 [info] > git status -z -uall [289ms]
2025-05-29 18:14:25.507 [info] > git config --get commit.template [4ms]
2025-05-29 18:14:25.507 [info] > git for-each-ref --format=%(refname)%00%(upstream:short)%00%(objectname)%00%(upstream:track)%00%(upstream:remotename)%00%(upstream:remoteref) refs/heads/main refs/remotes/main [1ms]
2025-05-29 18:14:25.516 [info] > git for-each-ref --sort -committerdate --format %(refname)%00%(objectname)%00%(*objectname) [1ms]
2025-05-29 18:14:25.584 [info] > git status -z -uall [73ms]
2025-05-29 18:14:30.598 [info] > git config --get commit.template [2ms]
2025-05-29 18:14:30.605 [info] > git for-each-ref --format=%(refname)%00%(upstream:short)%00%(objectname)%00%(upstream:track)%00%(upstream:remotename)%00%(upstream:remoteref) refs/heads/main refs/remotes/main [2ms]
2025-05-29 18:14:30.615 [info] > git for-each-ref --sort -committerdate --format %(refname)%00%(objectname)%00%(*objectname) [2ms]
2025-05-29 18:14:30.688 [info] > git status -z -uall [79ms]
2025-05-29 18:14:32.781 [info] > git check-ignore -v -z --stdin [6ms]
2025-05-29 18:14:35.699 [info] > git config --get commit.template [2ms]
2025-05-29 18:14:35.704 [info] > git for-each-ref --format=%(refname)%00%(upstream:short)%00%(objectname)%00%(upstream:track)%00%(upstream:remotename)%00%(upstream:remoteref) refs/heads/main refs/remotes/main [2ms]
2025-05-29 18:14:35.713 [info] > git for-each-ref --sort -committerdate --format %(refname)%00%(objectname)%00%(*objectname) [2ms]
2025-05-29 18:14:35.780 [info] > git status -z -uall [73ms]
2025-05-29 18:14:40.792 [info] > git config --get commit.template [4ms]
2025-05-29 18:14:40.793 [info] > git for-each-ref --format=%(refname)%00%(upstream:short)%00%(objectname)%00%(upstream:track)%00%(upstream:remotename)%00%(upstream:remoteref) refs/heads/main refs/remotes/main [2ms]
2025-05-29 18:14:40.801 [info] > git for-each-ref --sort -committerdate --format %(refname)%00%(objectname)%00%(*objectname) [1ms]
2025-05-29 18:14:40.868 [info] > git status -z -uall [72ms]
2025-05-29 18:14:41.395 [info] > git check-ignore -v -z --stdin [7ms]
2025-05-29 18:14:42.558 [info] > git ls-files --stage -- shop/api/atelier/__init__.py [4ms]
2025-05-29 18:14:42.563 [info] > git show --textconv :shop/api/atelier/__init__.py [13ms]
2025-05-29 18:14:42.564 [info] > git cat-file -s e69de29bb2d1d6434b8b29ae775ad8c2e48c5391 [2ms]
2025-05-29 18:14:45.546 [info] > git check-ignore -v -z --stdin [10ms]
2025-05-29 18:14:45.886 [info] > git for-each-ref --format=%(refname)%00%(upstream:short)%00%(objectname)%00%(upstream:track)%00%(upstream:remotename)%00%(upstream:remoteref) refs/heads/main refs/remotes/main [0ms]
2025-05-29 18:14:45.886 [info] > git config --get commit.template [10ms]
2025-05-29 18:14:45.895 [info] > git for-each-ref --sort -committerdate --format %(refname)%00%(objectname)%00%(*objectname) [2ms]
2025-05-29 18:14:45.964 [info] > git status -z -uall [75ms]
2025-05-29 18:14:50.977 [info] > git config --get commit.template [4ms]
2025-05-29 18:14:50.979 [info] > git for-each-ref --format=%(refname)%00%(upstream:short)%00%(objectname)%00%(upstream:track)%00%(upstream:remotename)%00%(upstream:remoteref) refs/heads/main refs/remotes/main [2ms]
2025-05-29 18:14:51.078 [info] > git for-each-ref --sort -committerdate --format %(refname)%00%(objectname)%00%(*objectname) [1ms]
2025-05-29 18:14:51.162 [info] > git status -z -uall [121ms]
2025-05-29 18:14:56.178 [info] > git config --get commit.template [5ms]
2025-05-29 18:14:56.178 [info] > git for-each-ref --format=%(refname)%00%(upstream:short)%00%(objectname)%00%(upstream:track)%00%(upstream:remotename)%00%(upstream:remoteref) refs/heads/main refs/remotes/main [2ms]
2025-05-29 18:14:56.188 [info] > git for-each-ref --sort -committerdate --format %(refname)%00%(objectname)%00%(*objectname) [2ms]
2025-05-29 18:14:56.260 [info] > git status -z -uall [78ms]
2025-05-29 18:15:01.275 [info] > git config --get commit.template [5ms]
2025-05-29 18:15:01.275 [info] > git for-each-ref --format=%(refname)%00%(upstream:short)%00%(objectname)%00%(upstream:track)%00%(upstream:remotename)%00%(upstream:remoteref) refs/heads/main refs/remotes/main [1ms]
2025-05-29 18:15:01.284 [info] > git for-each-ref --sort -committerdate --format %(refname)%00%(objectname)%00%(*objectname) [1ms]
2025-05-29 18:15:01.386 [info] > git status -z -uall [107ms]
2025-05-29 18:15:03.365 [info] > git show --textconv :shop/management/__init__.py [4ms]
2025-05-29 18:15:03.369 [info] > git ls-files --stage -- shop/management/__init__.py [5ms]
2025-05-29 18:15:03.374 [info] > git cat-file -s e69de29bb2d1d6434b8b29ae775ad8c2e48c5391 [2ms]
2025-05-29 18:15:05.500 [info] > git show --textconv :shop/management/commands/fetch_and_register_bini.py [18ms]
2025-05-29 18:15:05.500 [info] > git ls-files --stage -- shop/management/commands/fetch_and_register_bini.py [14ms]
2025-05-29 18:15:05.509 [info] > git cat-file -s 20d257244830878bbf86ee9dfd06a233132b5b57 [4ms]
2025-05-29 18:15:05.575 [info] > git blame --root --incremental 8350507f07504cafa2f10a45b61f77ec61ce5099 -- shop/management/commands/fetch_and_register_bini.py [5ms]
2025-05-29 18:15:06.402 [info] > git config --get commit.template [5ms]
2025-05-29 18:15:06.403 [info] > git for-each-ref --format=%(refname)%00%(upstream:short)%00%(objectname)%00%(upstream:track)%00%(upstream:remotename)%00%(upstream:remoteref) refs/heads/main refs/remotes/main [2ms]
2025-05-29 18:15:06.420 [info] > git for-each-ref --sort -committerdate --format %(refname)%00%(objectname)%00%(*objectname) [3ms]
2025-05-29 18:15:06.522 [info] > git status -z -uall [108ms]
2025-05-29 18:15:06.897 [info] > git show --textconv :shop/management/__init__.py [5ms]
2025-05-29 18:15:06.899 [info] > git ls-files --stage -- shop/management/__init__.py [4ms]
2025-05-29 18:15:06.904 [info] > git cat-file -s e69de29bb2d1d6434b8b29ae775ad8c2e48c5391 [1ms]
2025-05-29 18:15:07.804 [info] > git show --textconv :shop/management/commands/fetch_and_register_latti.py [4ms]
2025-05-29 18:15:07.807 [info] > git ls-files --stage -- shop/management/commands/fetch_and_register_latti.py [3ms]
2025-05-29 18:15:07.814 [info] > git cat-file -s c0843363835dd108c9df9a70afcb4cc107b01dee [1ms]
2025-05-29 18:15:11.536 [info] > git config --get commit.template [5ms]
2025-05-29 18:15:11.537 [info] > git for-each-ref --format=%(refname)%00%(upstream:short)%00%(objectname)%00%(upstream:track)%00%(upstream:remotename)%00%(upstream:remoteref) refs/heads/main refs/remotes/main [2ms]
2025-05-29 18:15:11.548 [info] > git for-each-ref --sort -committerdate --format %(refname)%00%(objectname)%00%(*objectname) [4ms]
2025-05-29 18:15:11.619 [info] > git status -z -uall [78ms]
2025-05-29 18:15:16.626 [info] > git config --get commit.template [1ms]
2025-05-29 18:15:16.631 [info] > git for-each-ref --format=%(refname)%00%(upstream:short)%00%(objectname)%00%(upstream:track)%00%(upstream:remotename)%00%(upstream:remoteref) refs/heads/main refs/remotes/main [2ms]
2025-05-29 18:15:16.643 [info] > git for-each-ref --sort -committerdate --format %(refname)%00%(objectname)%00%(*objectname) [2ms]
2025-05-29 18:15:16.708 [info] > git status -z -uall [71ms]
2025-05-29 18:15:21.720 [info] > git config --get commit.template [4ms]
2025-05-29 18:15:21.721 [info] > git for-each-ref --format=%(refname)%00%(upstream:short)%00%(objectname)%00%(upstream:track)%00%(upstream:remotename)%00%(upstream:remoteref) refs/heads/main refs/remotes/main [2ms]
2025-05-29 18:15:21.736 [info] > git for-each-ref --sort -committerdate --format %(refname)%00%(objectname)%00%(*objectname) [2ms]
2025-05-29 18:15:21.805 [info] > git status -z -uall [80ms]
2025-05-29 18:15:26.820 [info] > git config --get commit.template [4ms]
2025-05-29 18:15:26.821 [info] > git for-each-ref --format=%(refname)%00%(upstream:short)%00%(objectname)%00%(upstream:track)%00%(upstream:remotename)%00%(upstream:remoteref) refs/heads/main refs/remotes/main [1ms]
2025-05-29 18:15:26.832 [info] > git for-each-ref --sort -committerdate --format %(refname)%00%(objectname)%00%(*objectname) [4ms]
2025-05-29 18:15:26.902 [info] > git status -z -uall [78ms]
2025-05-29 18:15:27.809 [info] > git ls-files --stage -- shop/services/product/latti.py [3ms]
2025-05-29 18:15:27.813 [info] > git show --textconv :shop/services/product/latti.py [13ms]
2025-05-29 18:15:27.814 [info] > git cat-file -s e1287d3538cc5d7e809bdcd72b33cea7a00b39df [2ms]
2025-05-29 18:15:28.248 [info] > git blame --root --incremental 8350507f07504cafa2f10a45b61f77ec61ce5099 -- shop/services/product/latti.py [35ms]
2025-05-29 18:15:44.317 [info] > git config --get commit.template [5ms]
2025-05-29 18:15:44.318 [info] > git for-each-ref --format=%(refname)%00%(upstream:short)%00%(objectname)%00%(upstream:track)%00%(upstream:remotename)%00%(upstream:remoteref) refs/heads/main refs/remotes/main [2ms]
2025-05-29 18:15:44.332 [info] > git for-each-ref --sort -committerdate --format %(refname)%00%(objectname)%00%(*objectname) [3ms]
2025-05-29 18:15:44.399 [info] > git status -z -uall [77ms]
2025-05-29 18:19:20.906 [info] > git config --get commit.template [5ms]
2025-05-29 18:19:20.907 [info] > git for-each-ref --format=%(refname)%00%(upstream:short)%00%(objectname)%00%(upstream:track)%00%(upstream:remotename)%00%(upstream:remoteref) refs/heads/main refs/remotes/main [2ms]
2025-05-29 18:19:20.917 [info] > git for-each-ref --sort -committerdate --format %(refname)%00%(objectname)%00%(*objectname) [2ms]
2025-05-29 18:19:20.984 [info] > git status -z -uall [73ms]
2025-05-29 18:20:31.272 [info] > git config --get commit.template [4ms]
2025-05-29 18:20:31.272 [info] > git for-each-ref --format=%(refname)%00%(upstream:short)%00%(objectname)%00%(upstream:track)%00%(upstream:remotename)%00%(upstream:remoteref) refs/heads/main refs/remotes/main [1ms]
2025-05-29 18:20:31.285 [info] > git for-each-ref --sort -committerdate --format %(refname)%00%(objectname)%00%(*objectname) [4ms]
2025-05-29 18:20:31.354 [info] > git status -z -uall [78ms]
2025-05-29 18:20:56.263 [info] > git config --get commit.template [4ms]
2025-05-29 18:20:56.264 [info] > git for-each-ref --format=%(refname)%00%(upstream:short)%00%(objectname)%00%(upstream:track)%00%(upstream:remotename)%00%(upstream:remoteref) refs/heads/main refs/remotes/main [2ms]
2025-05-29 18:20:56.276 [info] > git for-each-ref --sort -committerdate --format %(refname)%00%(objectname)%00%(*objectname) [2ms]
2025-05-29 18:20:56.342 [info] > git status -z -uall [72ms]
2025-05-29 18:21:01.354 [info] > git config --get commit.template [2ms]
2025-05-29 18:21:01.359 [info] > git for-each-ref --format=%(refname)%00%(upstream:short)%00%(objectname)%00%(upstream:track)%00%(upstream:remotename)%00%(upstream:remoteref) refs/heads/main refs/remotes/main [2ms]
2025-05-29 18:21:01.369 [info] > git for-each-ref --sort -committerdate --format %(refname)%00%(objectname)%00%(*objectname) [2ms]
2025-05-29 18:21:01.438 [info] > git status -z -uall [74ms]
2025-05-29 18:21:06.453 [info] > git config --get commit.template [5ms]
2025-05-29 18:21:06.454 [info] > git for-each-ref --format=%(refname)%00%(upstream:short)%00%(objectname)%00%(upstream:track)%00%(upstream:remotename)%00%(upstream:remoteref) refs/heads/main refs/remotes/main [2ms]
2025-05-29 18:21:06.463 [info] > git for-each-ref --sort -committerdate --format %(refname)%00%(objectname)%00%(*objectname) [2ms]
2025-05-29 18:21:06.533 [info] > git status -z -uall [76ms]
2025-05-29 18:21:43.444 [info] > git config --get commit.template [1ms]
2025-05-29 18:21:43.449 [info] > git for-each-ref --format=%(refname)%00%(upstream:short)%00%(objectname)%00%(upstream:track)%00%(upstream:remotename)%00%(upstream:remoteref) refs/heads/main refs/remotes/main [1ms]
2025-05-29 18:21:43.459 [info] > git for-each-ref --sort -committerdate --format %(refname)%00%(objectname)%00%(*objectname) [2ms]
2025-05-29 18:21:43.530 [info] > git status -z -uall [77ms]
2025-05-29 18:21:48.544 [info] > git config --get commit.template [4ms]
2025-05-29 18:21:48.545 [info] > git for-each-ref --format=%(refname)%00%(upstream:short)%00%(objectname)%00%(upstream:track)%00%(upstream:remotename)%00%(upstream:remoteref) refs/heads/main refs/remotes/main [1ms]
2025-05-29 18:21:48.555 [info] > git for-each-ref --sort -committerdate --format %(refname)%00%(objectname)%00%(*objectname) [1ms]
2025-05-29 18:21:48.627 [info] > git status -z -uall [78ms]
2025-05-29 18:21:53.642 [info] > git config --get commit.template [5ms]
2025-05-29 18:21:53.643 [info] > git for-each-ref --format=%(refname)%00%(upstream:short)%00%(objectname)%00%(upstream:track)%00%(upstream:remotename)%00%(upstream:remoteref) refs/heads/main refs/remotes/main [1ms]
2025-05-29 18:21:53.651 [info] > git for-each-ref --sort -committerdate --format %(refname)%00%(objectname)%00%(*objectname) [2ms]
2025-05-29 18:21:53.728 [info] > git status -z -uall [81ms]
2025-05-29 18:21:58.743 [info] > git config --get commit.template [5ms]
2025-05-29 18:21:58.745 [info] > git for-each-ref --format=%(refname)%00%(upstream:short)%00%(objectname)%00%(upstream:track)%00%(upstream:remotename)%00%(upstream:remoteref) refs/heads/main refs/remotes/main [2ms]
2025-05-29 18:21:58.755 [info] > git for-each-ref --sort -committerdate --format %(refname)%00%(objectname)%00%(*objectname) [2ms]
2025-05-29 18:21:58.846 [info] > git status -z -uall [97ms]
2025-05-29 18:24:44.771 [info] > git config --get commit.template [1ms]
2025-05-29 18:24:44.775 [info] > git for-each-ref --format=%(refname)%00%(upstream:short)%00%(objectname)%00%(upstream:track)%00%(upstream:remotename)%00%(upstream:remoteref) refs/heads/main refs/remotes/main [1ms]
2025-05-29 18:24:44.785 [info] > git for-each-ref --sort -committerdate --format %(refname)%00%(objectname)%00%(*objectname) [2ms]
2025-05-29 18:24:44.862 [info] > git status -z -uall [83ms]
2025-05-29 18:24:49.878 [info] > git config --get commit.template [6ms]
2025-05-29 18:24:49.880 [info] > git for-each-ref --format=%(refname)%00%(upstream:short)%00%(objectname)%00%(upstream:track)%00%(upstream:remotename)%00%(upstream:remoteref) refs/heads/main refs/remotes/main [3ms]
2025-05-29 18:24:49.889 [info] > git for-each-ref --sort -committerdate --format %(refname)%00%(objectname)%00%(*objectname) [1ms]
2025-05-29 18:24:49.955 [info] > git status -z -uall [71ms]
2025-05-29 18:24:54.969 [info] > git config --get commit.template [4ms]
2025-05-29 18:24:54.970 [info] > git for-each-ref --format=%(refname)%00%(upstream:short)%00%(objectname)%00%(upstream:track)%00%(upstream:remotename)%00%(upstream:remoteref) refs/heads/main refs/remotes/main [2ms]
2025-05-29 18:24:54.982 [info] > git for-each-ref --sort -committerdate --format %(refname)%00%(objectname)%00%(*objectname) [1ms]
2025-05-29 18:24:55.054 [info] > git status -z -uall [81ms]
2025-05-29 18:25:00.063 [info] > git config --get commit.template [2ms]
2025-05-29 18:25:00.067 [info] > git for-each-ref --format=%(refname)%00%(upstream:short)%00%(objectname)%00%(upstream:track)%00%(upstream:remotename)%00%(upstream:remoteref) refs/heads/main refs/remotes/main [1ms]
2025-05-29 18:25:00.076 [info] > git for-each-ref --sort -committerdate --format %(refname)%00%(objectname)%00%(*objectname) [2ms]
2025-05-29 18:25:00.146 [info] > git status -z -uall [75ms]
2025-05-29 18:25:05.156 [info] > git config --get commit.template [2ms]
2025-05-29 18:25:05.161 [info] > git for-each-ref --format=%(refname)%00%(upstream:short)%00%(objectname)%00%(upstream:track)%00%(upstream:remotename)%00%(upstream:remoteref) refs/heads/main refs/remotes/main [2ms]
2025-05-29 18:25:05.171 [info] > git for-each-ref --sort -committerdate --format %(refname)%00%(objectname)%00%(*objectname) [1ms]
2025-05-29 18:25:05.238 [info] > git status -z -uall [71ms]
2025-05-29 18:25:15.929 [info] > git config --get commit.template [4ms]
2025-05-29 18:25:15.930 [info] > git for-each-ref --format=%(refname)%00%(upstream:short)%00%(objectname)%00%(upstream:track)%00%(upstream:remotename)%00%(upstream:remoteref) refs/heads/main refs/remotes/main [1ms]
2025-05-29 18:25:15.939 [info] > git for-each-ref --sort -committerdate --format %(refname)%00%(objectname)%00%(*objectname) [2ms]
2025-05-29 18:25:16.017 [info] > git status -z -uall [84ms]
2025-05-29 18:25:21.035 [info] > git config --get commit.template [4ms]
2025-05-29 18:25:21.036 [info] > git for-each-ref --format=%(refname)%00%(upstream:short)%00%(objectname)%00%(upstream:track)%00%(upstream:remotename)%00%(upstream:remoteref) refs/heads/main refs/remotes/main [1ms]
2025-05-29 18:25:21.054 [info] > git for-each-ref --sort -committerdate --format %(refname)%00%(objectname)%00%(*objectname) [9ms]
2025-05-29 18:25:21.117 [info] > git status -z -uall [77ms]
2025-05-29 18:26:47.634 [info] > git config --get commit.template [7ms]
2025-05-29 18:26:47.634 [info] > git for-each-ref --format=%(refname)%00%(upstream:short)%00%(objectname)%00%(upstream:track)%00%(upstream:remotename)%00%(upstream:remoteref) refs/heads/main refs/remotes/main [1ms]
2025-05-29 18:26:47.644 [info] > git for-each-ref --sort -committerdate --format %(refname)%00%(objectname)%00%(*objectname) [1ms]
2025-05-29 18:26:47.710 [info] > git status -z -uall [72ms]
2025-05-29 18:28:30.480 [info] > git config --get commit.template [5ms]
2025-05-29 18:28:30.482 [info] > git for-each-ref --format=%(refname)%00%(upstream:short)%00%(objectname)%00%(upstream:track)%00%(upstream:remotename)%00%(upstream:remoteref) refs/heads/main refs/remotes/main [1ms]
2025-05-29 18:28:30.505 [info] > git for-each-ref --sort -committerdate --format %(refname)%00%(objectname)%00%(*objectname) [15ms]
2025-05-29 18:28:30.510 [info] > git ls-files --stage -- shop/services/product/latti.py [6ms]
2025-05-29 18:28:30.511 [warning] [GitFileSystemProvider][stat] File not found - git:/root/shop/services/product/latti.py.git?%7B%22path%22%3A%22%2Froot%2Fshop%2Fservices%2Fproduct%2Flatti.py%22%2C%22ref%22%3A%22%22%7D
2025-05-29 18:28:30.671 [info] > git status -z -uall [185ms]
2025-05-29 18:28:30.690 [info] > git blame --root --incremental bf3f9957eca7950829b39d7ea34609b7f49fc1fa -- shop/services/product/latti.py [7ms]
2025-05-29 18:28:30.690 [info] fatal: no such path shop/services/product/latti.py in bf3f9957eca7950829b39d7ea34609b7f49fc1fa
2025-05-29 18:28:30.691 [info] > git merge-base refs/heads/main refs/remotes/origin/main [4ms]
2025-05-29 18:28:30.697 [info] > git diff --name-status -z --diff-filter=ADMR bf3f9957eca7950829b39d7ea34609b7f49fc1fa...refs/remotes/origin/main [2ms]
2025-05-29 18:28:35.831 [info] > git config --get commit.template [4ms]
2025-05-29 18:28:35.832 [info] > git for-each-ref --format=%(refname)%00%(upstream:short)%00%(objectname)%00%(upstream:track)%00%(upstream:remotename)%00%(upstream:remoteref) refs/heads/main refs/remotes/main [2ms]
2025-05-29 18:28:35.841 [info] > git for-each-ref --sort -committerdate --format %(refname)%00%(objectname)%00%(*objectname) [1ms]
2025-05-29 18:28:35.983 [info] > git status -z -uall [147ms]
2025-05-29 18:28:40.998 [info] > git config --get commit.template [3ms]
2025-05-29 18:28:41.004 [info] > git for-each-ref --format=%(refname)%00%(upstream:short)%00%(objectname)%00%(upstream:track)%00%(upstream:remotename)%00%(upstream:remoteref) refs/heads/main refs/remotes/main [3ms]
2025-05-29 18:28:41.025 [info] > git for-each-ref --sort -committerdate --format %(refname)%00%(objectname)%00%(*objectname) [6ms]
2025-05-29 18:28:41.179 [info] > git status -z -uall [171ms]
2025-05-29 18:28:42.640 [info] > git check-ignore -v -z --stdin [11ms]
2025-05-29 18:28:45.352 [info] > git show --textconv :fetch_latti_cron.log [7ms]
2025-05-29 18:28:45.356 [info] > git ls-files --stage -- fetch_latti_cron.log [5ms]
2025-05-29 18:28:45.361 [info] > git cat-file -s a261638d8a6d7dd4aa502143cb055f5f90fdf2fb [2ms]
2025-05-29 18:28:46.192 [info] > git config --get commit.template [4ms]
2025-05-29 18:28:46.193 [info] > git for-each-ref --format=%(refname)%00%(upstream:short)%00%(objectname)%00%(upstream:track)%00%(upstream:remotename)%00%(upstream:remoteref) refs/heads/main refs/remotes/main [2ms]
2025-05-29 18:28:46.215 [info] > git for-each-ref --sort -committerdate --format %(refname)%00%(objectname)%00%(*objectname) [3ms]
2025-05-29 18:28:46.337 [info] > git status -z -uall [141ms]
2025-05-29 18:28:51.353 [info] > git config --get commit.template [4ms]
2025-05-29 18:28:51.354 [info] > git for-each-ref --format=%(refname)%00%(upstream:short)%00%(objectname)%00%(upstream:track)%00%(upstream:remotename)%00%(upstream:remoteref) refs/heads/main refs/remotes/main [2ms]
2025-05-29 18:28:51.363 [info] > git for-each-ref --sort -committerdate --format %(refname)%00%(objectname)%00%(*objectname) [1ms]
2025-05-29 18:28:51.496 [info] > git status -z -uall [138ms]
2025-05-29 18:28:56.508 [info] > git config --get commit.template [1ms]
2025-05-29 18:28:56.512 [info] > git for-each-ref --format=%(refname)%00%(upstream:short)%00%(objectname)%00%(upstream:track)%00%(upstream:remotename)%00%(upstream:remoteref) refs/heads/main refs/remotes/main [1ms]
2025-05-29 18:28:56.521 [info] > git for-each-ref --sort -committerdate --format %(refname)%00%(objectname)%00%(*objectname) [1ms]
2025-05-29 18:28:56.658 [info] > git status -z -uall [142ms]
2025-05-29 18:28:59.237 [info] > git blame --root --incremental bf3f9957eca7950829b39d7ea34609b7f49fc1fa -- fetch_latti_cron.log [14ms]
2025-05-29 18:29:01.672 [info] > git config --get commit.template [4ms]
2025-05-29 18:29:01.673 [info] > git for-each-ref --format=%(refname)%00%(upstream:short)%00%(objectname)%00%(upstream:track)%00%(upstream:remotename)%00%(upstream:remoteref) refs/heads/main refs/remotes/main [1ms]
2025-05-29 18:29:01.699 [info] > git for-each-ref --sort -committerdate --format %(refname)%00%(objectname)%00%(*objectname) [1ms]
2025-05-29 18:29:01.822 [info] > git status -z -uall [143ms]
2025-05-29 18:29:06.835 [info] > git config --get commit.template [4ms]
2025-05-29 18:29:06.836 [info] > git for-each-ref --format=%(refname)%00%(upstream:short)%00%(objectname)%00%(upstream:track)%00%(upstream:remotename)%00%(upstream:remoteref) refs/heads/main refs/remotes/main [2ms]
2025-05-29 18:29:06.848 [info] > git for-each-ref --sort -committerdate --format %(refname)%00%(objectname)%00%(*objectname) [6ms]
2025-05-29 18:29:06.977 [info] > git status -z -uall [138ms]
2025-05-29 18:29:11.991 [info] > git config --get commit.template [5ms]
2025-05-29 18:29:11.992 [info] > git for-each-ref --format=%(refname)%00%(upstream:short)%00%(objectname)%00%(upstream:track)%00%(upstream:remotename)%00%(upstream:remoteref) refs/heads/main refs/remotes/main [2ms]
2025-05-29 18:29:12.008 [info] > git for-each-ref --sort -committerdate --format %(refname)%00%(objectname)%00%(*objectname) [8ms]
2025-05-29 18:29:12.135 [info] > git status -z -uall [139ms]
2025-05-29 18:29:17.146 [info] > git config --get commit.template [4ms]
2025-05-29 18:29:17.147 [info] > git for-each-ref --format=%(refname)%00%(upstream:short)%00%(objectname)%00%(upstream:track)%00%(upstream:remotename)%00%(upstream:remoteref) refs/heads/main refs/remotes/main [1ms]
2025-05-29 18:29:17.155 [info] > git for-each-ref --sort -committerdate --format %(refname)%00%(objectname)%00%(*objectname) [1ms]
2025-05-29 18:29:17.287 [info] > git status -z -uall [136ms]
2025-05-29 18:29:18.387 [info] > git show --textconv :.bash_history [5ms]
2025-05-29 18:29:18.390 [info] > git ls-files --stage -- .bash_history [6ms]
2025-05-29 18:29:18.395 [info] > git cat-file -s 58d38082e4afb1ae5ae76a28dcebd1d53bb6fc95 [2ms]
2025-05-29 18:29:22.296 [info] > git config --get commit.template [1ms]
2025-05-29 18:29:22.301 [info] > git for-each-ref --format=%(refname)%00%(upstream:short)%00%(objectname)%00%(upstream:track)%00%(upstream:remotename)%00%(upstream:remoteref) refs/heads/main refs/remotes/main [1ms]
2025-05-29 18:29:22.310 [info] > git for-each-ref --sort -committerdate --format %(refname)%00%(objectname)%00%(*objectname) [2ms]
2025-05-29 18:29:22.443 [info] > git status -z -uall [138ms]
2025-05-29 18:29:29.257 [info] > git config --get commit.template [2ms]
2025-05-29 18:29:29.262 [info] > git for-each-ref --format=%(refname)%00%(upstream:short)%00%(objectname)%00%(upstream:track)%00%(upstream:remotename)%00%(upstream:remoteref) refs/heads/main refs/remotes/main [2ms]
2025-05-29 18:29:29.272 [info] > git for-each-ref --sort -committerdate --format %(refname)%00%(objectname)%00%(*objectname) [3ms]
2025-05-29 18:29:29.403 [info] > git status -z -uall [137ms]
2025-05-29 18:29:31.007 [info] > git config --get commit.template [4ms]
2025-05-29 18:29:31.008 [info] > git for-each-ref --format=%(refname)%00%(upstream:short)%00%(objectname)%00%(upstream:track)%00%(upstream:remotename)%00%(upstream:remoteref) refs/heads/main refs/remotes/main [1ms]
2025-05-29 18:29:31.016 [info] > git for-each-ref --sort -committerdate --format %(refname)%00%(objectname)%00%(*objectname) [1ms]
2025-05-29 18:29:31.083 [info] > git status -z -uall [72ms]
2025-05-29 18:29:32.274 [info] > git ls-files --stage -- .bash_history [6ms]
2025-05-29 18:29:32.279 [info] > git cat-file -s 58d38082e4afb1ae5ae76a28dcebd1d53bb6fc95 [1ms]
2025-05-29 18:29:32.331 [info] > git show --textconv :.bash_history [4ms]
2025-05-29 18:29:34.420 [info] > git config --get commit.template [5ms]
2025-05-29 18:29:34.420 [info] > git for-each-ref --format=%(refname)%00%(upstream:short)%00%(objectname)%00%(upstream:track)%00%(upstream:remotename)%00%(upstream:remoteref) refs/heads/main refs/remotes/main [1ms]
2025-05-29 18:29:34.432 [info] > git for-each-ref --sort -committerdate --format %(refname)%00%(objectname)%00%(*objectname) [1ms]
2025-05-29 18:29:34.502 [info] > git status -z -uall [77ms]
2025-05-29 18:30:03.628 [info] > git config --get commit.template [4ms]
2025-05-29 18:30:03.629 [info] > git for-each-ref --format=%(refname)%00%(upstream:short)%00%(objectname)%00%(upstream:track)%00%(upstream:remotename)%00%(upstream:remoteref) refs/heads/main refs/remotes/main [1ms]
2025-05-29 18:30:03.638 [info] > git for-each-ref --sort -committerdate --format %(refname)%00%(objectname)%00%(*objectname) [2ms]
2025-05-29 18:30:03.710 [info] > git status -z -uall [77ms]
2025-05-29 18:30:19.909 [info] > git check-ignore -v -z --stdin [8ms]
2025-05-29 18:30:21.379 [info] > git check-ignore -v -z --stdin [5ms]
2025-05-29 18:30:22.323 [info] > git show --textconv :shop/api/latti/latti.py [16ms]
2025-05-29 18:30:22.328 [info] > git ls-files --stage -- shop/api/latti/latti.py [6ms]
2025-05-29 18:30:22.333 [info] > git cat-file -s e6b9a58eee6eadfbeb3b882d3bbf24fb5a948523 [2ms]
2025-05-29 18:30:23.248 [info] > git config --get commit.template [1ms]
2025-05-29 18:30:23.252 [info] > git for-each-ref --format=%(refname)%00%(upstream:short)%00%(objectname)%00%(upstream:track)%00%(upstream:remotename)%00%(upstream:remoteref) refs/heads/main refs/remotes/main [1ms]
2025-05-29 18:30:23.264 [info] > git for-each-ref --sort -committerdate --format %(refname)%00%(objectname)%00%(*objectname) [3ms]
2025-05-29 18:30:23.333 [info] > git status -z -uall [76ms]
2025-05-29 18:30:27.448 [info] > git show --textconv :shop/management/commands/fetch_and_register_latti.py [7ms]
2025-05-29 18:30:27.450 [info] > git ls-files --stage -- shop/management/commands/fetch_and_register_latti.py [6ms]
2025-05-29 18:30:27.461 [info] > git cat-file -s a808b7b1591c3f099a33103d0acbf477e63f06df [3ms]
2025-05-29 18:30:28.671 [info] > git blame --root --incremental bf3f9957eca7950829b39d7ea34609b7f49fc1fa -- shop/management/commands/fetch_and_register_latti.py [4ms]
2025-05-29 18:30:47.761 [info] > git config --get commit.template [4ms]
2025-05-29 18:30:47.762 [info] > git for-each-ref --format=%(refname)%00%(upstream:short)%00%(objectname)%00%(upstream:track)%00%(upstream:remotename)%00%(upstream:remoteref) refs/heads/main refs/remotes/main [2ms]
2025-05-29 18:30:47.772 [info] > git for-each-ref --sort -committerdate --format %(refname)%00%(objectname)%00%(*objectname) [1ms]
2025-05-29 18:30:47.839 [info] > git status -z -uall [72ms]
2025-05-29 18:31:09.647 [info] > git config --get commit.template [5ms]
2025-05-29 18:31:09.648 [info] > git for-each-ref --format=%(refname)%00%(upstream:short)%00%(objectname)%00%(upstream:track)%00%(upstream:remotename)%00%(upstream:remoteref) refs/heads/main refs/remotes/main [2ms]
2025-05-29 18:31:09.663 [info] > git for-each-ref --sort -committerdate --format %(refname)%00%(objectname)%00%(*objectname) [7ms]
2025-05-29 18:31:09.931 [info] > git status -z -uall [279ms]
2025-05-29 18:31:37.899 [info] > git config --get commit.template [4ms]
2025-05-29 18:31:37.900 [info] > git for-each-ref --format=%(refname)%00%(upstream:short)%00%(objectname)%00%(upstream:track)%00%(upstream:remotename)%00%(upstream:remoteref) refs/heads/main refs/remotes/main [2ms]
2025-05-29 18:31:37.909 [info] > git for-each-ref --sort -committerdate --format %(refname)%00%(objectname)%00%(*objectname) [1ms]
2025-05-29 18:31:37.977 [info] > git status -z -uall [72ms]
2025-05-29 18:31:38.113 [info] > git check-ignore -v -z --stdin [9ms]
2025-05-29 18:31:47.734 [info] > git show --textconv :shop/api/latti/latti.py [5ms]
2025-05-29 18:31:47.738 [info] > git ls-files --stage -- shop/api/latti/latti.py [6ms]
2025-05-29 18:31:47.806 [info] > git cat-file -s e6b9a58eee6eadfbeb3b882d3bbf24fb5a948523 [2ms]
2025-05-29 18:31:48.710 [info] > git config --get commit.template [2ms]
2025-05-29 18:31:48.716 [info] > git for-each-ref --format=%(refname)%00%(upstream:short)%00%(objectname)%00%(upstream:track)%00%(upstream:remotename)%00%(upstream:remoteref) refs/heads/main refs/remotes/main [2ms]
2025-05-29 18:31:48.732 [info] > git for-each-ref --sort -committerdate --format %(refname)%00%(objectname)%00%(*objectname) [5ms]
2025-05-29 18:31:48.931 [info] > git status -z -uall [211ms]
2025-05-29 18:34:03.771 [info] > git blame --root --incremental bf3f9957eca7950829b39d7ea34609b7f49fc1fa -- shop/api/latti/latti.py [22ms]
2025-05-29 18:34:28.921 [info] > git show --textconv :shop/management/commands/fetch_and_register_cuccuini.py [7ms]
2025-05-29 18:34:28.934 [info] > git ls-files --stage -- shop/management/commands/fetch_and_register_cuccuini.py [15ms]
2025-05-29 18:34:29.002 [info] > git cat-file -s 8a70832a0b043aba26989589f8dc085da015865f [64ms]
2025-05-29 18:34:30.008 [info] > git config --get commit.template [91ms]
2025-05-29 18:34:30.107 [info] > git for-each-ref --format=%(refname)%00%(upstream:short)%00%(objectname)%00%(upstream:track)%00%(upstream:remotename)%00%(upstream:remoteref) refs/heads/main refs/remotes/main [100ms]
2025-05-29 18:34:30.119 [info] > git for-each-ref --sort -committerdate --format %(refname)%00%(objectname)%00%(*objectname) [2ms]
2025-05-29 18:34:33.425 [info] > git status -z -uall [3313ms]
2025-05-29 18:34:57.480 [info] > git config --get commit.template [5ms]
2025-05-29 18:34:57.481 [info] > git for-each-ref --format=%(refname)%00%(upstream:short)%00%(objectname)%00%(upstream:track)%00%(upstream:remotename)%00%(upstream:remoteref) refs/heads/main refs/remotes/main [2ms]
2025-05-29 18:34:57.497 [info] > git for-each-ref --sort -committerdate --format %(refname)%00%(objectname)%00%(*objectname) [1ms]
2025-05-29 18:34:57.690 [info] > git status -z -uall [204ms]
2025-05-29 18:35:02.111 [info] > git show --textconv :shop/management/commands/fetch_and_register_bini.py [10ms]
2025-05-29 18:35:02.192 [info] > git ls-files --stage -- shop/management/commands/fetch_and_register_bini.py [83ms]
2025-05-29 18:35:02.199 [info] > git cat-file -s 3a1c4f3bfce54cd08fd7091ad48d3fe56696daa7 [1ms]
2025-05-29 18:35:02.492 [info] > git blame --root --incremental bf3f9957eca7950829b39d7ea34609b7f49fc1fa -- shop/management/commands/fetch_and_register_bini.py [202ms]
2025-05-29 18:35:03.293 [info] > git show --textconv :shop/management/commands/fetch_and_register_latti.py [284ms]
2025-05-29 18:35:03.294 [info] > git ls-files --stage -- shop/management/commands/fetch_and_register_latti.py [98ms]
2025-05-29 18:35:03.305 [info] > git config --get commit.template [95ms]
2025-05-29 18:35:03.306 [info] > git cat-file -s a808b7b1591c3f099a33103d0acbf477e63f06df [5ms]
2025-05-29 18:35:03.397 [info] > git for-each-ref --format=%(refname)%00%(upstream:short)%00%(objectname)%00%(upstream:track)%00%(upstream:remotename)%00%(upstream:remoteref) refs/heads/main refs/remotes/main [87ms]
2025-05-29 18:35:03.412 [info] > git for-each-ref --sort -committerdate --format %(refname)%00%(objectname)%00%(*objectname) [3ms]
2025-05-29 18:35:03.999 [info] > git status -z -uall [596ms]
2025-05-29 18:35:10.128 [info] > git show --textconv :shop/api/latti/latti.py [8ms]
2025-05-29 18:35:10.213 [info] > git ls-files --stage -- shop/api/latti/latti.py [85ms]
2025-05-29 18:35:10.218 [info] > git cat-file -s e6b9a58eee6eadfbeb3b882d3bbf24fb5a948523 [1ms]
2025-05-29 18:35:24.566 [info] > git show --textconv :fetch_latti_cron.log [6ms]
2025-05-29 18:35:24.568 [info] > git ls-files --stage -- fetch_latti_cron.log [5ms]
2025-05-29 18:35:24.575 [info] > git cat-file -s a261638d8a6d7dd4aa502143cb055f5f90fdf2fb [1ms]
