2025-06-02 10:31:48.855 [info] 실험 'pythonRecommendTensorboardExt'이(가) 활성 상태입니다.
2025-06-02 10:31:48.855 [info] 실험 'pythonTerminalEnvVarActivation'이(가) 활성 상태입니다.
2025-06-02 10:31:48.855 [info] Native locator: Refresh started
2025-06-02 10:31:48.855 [info] Native locator: Refresh started
2025-06-02 10:31:49.154 [info] > pyenv which python
2025-06-02 10:31:49.154 [info] cwd: .
2025-06-02 10:31:50.348 [info] Native locator: Refresh finished in 3397 ms
2025-06-02 10:31:50.354 [info] Python 인터프리터 경로: ./venv/bin/python
2025-06-02 10:31:56.474 [info] > . ./venv/bin/activate && echo 'e8b39361-0157-4923-80e1-22d70d46dee6' && python ./.vscode-server/extensions/ms-python.python-2025.6.1-linux-x64/python_files/printEnvVariables.py
2025-06-02 10:31:56.474 [info] shell: bash
2025-06-02 10:31:56.972 [info] > /bin/python2 ./.vscode-server/extensions/ms-python.python-2025.6.1-linux-x64/python_files/printEnvVariables.py
2025-06-02 10:31:56.972 [info] shell: bash
2025-06-02 10:31:57.180 [info] Setting environment variable VIRTUAL_ENV in collection to /root/venv {"applyAtShellIntegration":true,"applyAtProcessCreation":true}
2025-06-02 10:31:57.180 [info] Setting environment variable VIRTUAL_ENV_PROMPT in collection to (venv)  {"applyAtShellIntegration":true,"applyAtProcessCreation":true}
2025-06-02 10:31:57.180 [info] Prepending environment variable PS1 in collection with (venv)  {"applyAtShellIntegration":true,"applyAtProcessCreation":false}
2025-06-02 10:31:57.180 [info] Prepending environment variable PATH in collection with /root/.vscode-server/extensions/ms-python.python-2025.6.1-linux-x64/python_files/deactivate/bash:/root/venv/bin: {"applyAtShellIntegration":true,"applyAtProcessCreation":true}
2025-06-02 10:31:57.181 [info] Send text to terminal: /bin/python2 /root/.vscode-server/extensions/ms-python.python-2025.6.1-linux-x64/python_files/printEnvVariablesToFile.py /root/.vscode-server/extensions/ms-python.python-2025.6.1-linux-x64/python_files/deactivate/bash/envVars.txt
2025-06-02 10:32:10.104 [info] Pylance 언어 서버를 시작하는 중입니다.
2025-06-02 10:32:27.182 [error] Failed to initialize deactivate script /bin/bash [Error: "/root/.vscode-server/extensions/ms-python.python-2025.6.1-linux-x64/python_files/deactivate/bash/envVars.txt" file not created
	at Timeout.<anonymous> (/root/.vscode-server/extensions/ms-python.python-2025.6.1-linux-x64/out/client/extension.js:2:310824)
	at listOnTimeout (node:internal/timers:581:17)
	at process.processTimers (node:internal/timers:519:7)]
