2025-05-25 10:11:11.836 [info] 실험 'pythonRecommendTensorboardExt'이(가) 활성 상태입니다.
2025-05-25 10:11:11.836 [info] 실험 'pythonSurveyNotificationcf'이(가) 활성 상태입니다.
2025-05-25 10:11:11.836 [info] 실험 'pythonTerminalEnvVarActivation'이(가) 활성 상태입니다.
2025-05-25 10:11:11.836 [info] Native locator: Refresh started
2025-05-25 10:11:11.836 [info] Native locator: Refresh started
2025-05-25 10:11:11.836 [info] > pyenv which python
2025-05-25 10:11:11.836 [info] cwd: .
2025-05-25 10:11:12.928 [info] Native locator: Refresh finished in 7111 ms
2025-05-25 10:11:13.827 [info] Python 인터프리터 경로: ./venv/bin/python
2025-05-25 10:11:16.933 [info] > . ./venv/bin/activate && echo 'e8b39361-0157-4923-80e1-22d70d46dee6' && python ./.vscode-server/extensions/ms-python.python-2025.6.1-linux-x64/python_files/printEnvVariables.py
2025-05-25 10:11:16.934 [info] shell: bash
2025-05-25 10:11:17.348 [info] > /usr/bin/python2 ./.vscode-server/extensions/ms-python.python-2025.6.1-linux-x64/python_files/printEnvVariables.py
2025-05-25 10:11:17.348 [info] shell: bash
2025-05-25 10:11:17.642 [info] Setting environment variable VIRTUAL_ENV in collection to /root/venv {"applyAtShellIntegration":true,"applyAtProcessCreation":true}
2025-05-25 10:11:17.642 [info] Setting environment variable VIRTUAL_ENV_PROMPT in collection to (venv)  {"applyAtShellIntegration":true,"applyAtProcessCreation":true}
2025-05-25 10:11:17.642 [info] Prepending environment variable PS1 in collection with (venv)  {"applyAtShellIntegration":true,"applyAtProcessCreation":false}
2025-05-25 10:11:17.642 [info] Prepending environment variable PATH in collection with /root/.vscode-server/extensions/ms-python.python-2025.6.1-linux-x64/python_files/deactivate/bash:/root/venv/bin: {"applyAtShellIntegration":true,"applyAtProcessCreation":true}
2025-05-25 10:11:17.643 [info] Send text to terminal: /usr/bin/python2 /root/.vscode-server/extensions/ms-python.python-2025.6.1-linux-x64/python_files/printEnvVariablesToFile.py /root/.vscode-server/extensions/ms-python.python-2025.6.1-linux-x64/python_files/deactivate/bash/envVars.txt
2025-05-25 10:11:26.159 [info] Pylance 언어 서버를 시작하는 중입니다.
2025-05-25 10:11:47.643 [error] Failed to initialize deactivate script /bin/bash [Error: "/root/.vscode-server/extensions/ms-python.python-2025.6.1-linux-x64/python_files/deactivate/bash/envVars.txt" file not created
	at Timeout.<anonymous> (/root/.vscode-server/extensions/ms-python.python-2025.6.1-linux-x64/out/client/extension.js:2:310824)
	at listOnTimeout (node:internal/timers:581:17)
	at process.processTimers (node:internal/timers:519:7)]
2025-05-25 10:57:32.875 [info] Discover tests for workspace name: root - uri: /root/dictionary/admin.py
2025-05-25 10:57:34.383 [info] Discover tests for workspace name: root - uri: /root/dictionary/admin.py
2025-05-25 10:58:38.062 [info] Discover tests for workspace name: root - uri: /root/dictionary/admin.py
2025-05-25 10:58:55.636 [info] Discover tests for workspace name: root - uri: /root/dictionary/admin.py
2025-05-25 11:10:36.095 [info] Discover tests for workspace name: root - uri: /root/dictionary/admin.py
2025-05-25 11:10:39.634 [info] Discover tests for workspace name: root - uri: /root/dictionary/admin.py
2025-05-25 11:10:45.044 [info] Discover tests for workspace name: root - uri: /root/dictionary/admin.py
2025-05-25 11:10:47.161 [info] Discover tests for workspace name: root - uri: /root/dictionary/admin.py
2025-05-25 11:10:49.240 [info] Discover tests for workspace name: root - uri: /root/dictionary/admin.py
2025-05-25 11:10:52.659 [info] Discover tests for workspace name: root - uri: /root/dictionary/admin.py
2025-05-25 11:10:53.533 [info] Discover tests for workspace name: root - uri: /root/dictionary/admin.py
2025-05-25 11:14:08.647 [info] Discover tests for workspace name: root - uri: /root/dictionary/admin.py
2025-05-25 11:14:11.836 [info] Discover tests for workspace name: root - uri: /root/dictionary/admin.py
2025-05-25 11:14:20.779 [info] Discover tests for workspace name: root - uri: /root/dictionary/admin.py
2025-05-25 11:14:24.400 [info] Discover tests for workspace name: root - uri: /root/dictionary/admin.py
2025-05-25 11:14:25.588 [info] Discover tests for workspace name: root - uri: /root/dictionary/admin.py
2025-05-25 11:14:26.882 [info] Discover tests for workspace name: root - uri: /root/dictionary/admin.py
2025-05-25 11:14:27.984 [info] Discover tests for workspace name: root - uri: /root/dictionary/admin.py
2025-05-25 11:16:01.298 [info] Discover tests for workspace name: root - uri: /root/dictionary/admin.py
